date :  22/04/2024 18:21:45
file :  ../Proj_Data/flash/SS-K.csv
repeats : 20
seed :  1234567891
rows :  2880
cols :  9
names 				 ['Spouts', 'Max_spout', 'Spout_wait', 'Spliters', 'Counters', 'Netty_min_wait', 'Throughput+', 'Latency-', 'bin_num']		d2h-
Statistics
howso
Average SMAPE across all features: 0.9300323248523675
Privacy Scores:
Statistical Details of Privacy Scores:
Minimum: 0.03039771834416224
Maximum: 0.9999998947326191
Mean: 0.8104675505869565
Standard Deviation: 0.21335475821661792
Average: 0.8104675505869565
Accuracy: 0.23194444444444445, Recall: 0.10949352349818975, Precision: 0.12047316477141584, F1 Score: 0.09953024561505838, MCC: -0.03165032262746512
Average SMAPE across all features: 0.9321286395011011
Privacy Scores:
Statistical Details of Privacy Scores:
Minimum: 0.02045615263102183
Maximum: 0.999999945505386
Mean: 0.8022477417020729
Standard Deviation: 0.22449522530751514
Average: 0.8022477417020729
Accuracy: 0.20416666666666666, Recall: 0.17084414703113954, Precision: 0.13690195950146972, F1 Score: 0.10617929278357716, MCC: -0.035045065521108205
Average SMAPE across all features: 0.9313651981256362
Privacy Scores:
Statistical Details of Privacy Scores:
Minimum: 0.03769475228163236
Maximum: 0.9999998338523839
Mean: 0.8098865019228886
Standard Deviation: 0.21580120466661465
Average: 0.8098865019228886
Accuracy: 0.3472222222222222, Recall: 0.16549545531770302, Precision: 0.14001543209876544, F1 Score: 0.1440645095173859, MCC: 0.11406982435621604
Average SMAPE across all features: 0.9309120252954938
Privacy Scores:
Statistical Details of Privacy Scores:
Minimum: 0.0336365728750262
Maximum: 0.9999998930565458
Mean: 0.8109189603341431
Standard Deviation: 0.2141634002280991
Average: 0.8109189603341431
Accuracy: 0.24444444444444444, Recall: 0.1291383508891154, Precision: 0.10083812811660914, F1 Score: 0.10441164273674552, MCC: 0.016303318233933155
Average SMAPE across all features: 0.9327656255088771
Privacy Scores:
Statistical Details of Privacy Scores:
Minimum: 0.05141113044909089
Maximum: 0.9999999997814442
Mean: 0.8116240671079749
Standard Deviation: 0.2156283161973452
Average: 0.8116240671079749
Accuracy: 0.31527777777777777, Recall: 0.1494867521217305, Precision: 0.2037892242773908, F1 Score: 0.1485930647483679, MCC: 0.05355153391399798
Average SMAPE across all features: 0.9320744140992558
Privacy Scores:
Statistical Details of Privacy Scores:
Minimum: 0.028647233201280143
Maximum: 0.9999999594699037
Mean: 0.8059197745021764
Standard Deviation: 0.2200835122556628
Average: 0.8059197745021764
Accuracy: 0.3125, Recall: 0.1786223774245449, Precision: 0.28758416080507665, F1 Score: 0.1607985623226439, MCC: 0.10745810343689444
Average SMAPE across all features: 0.9293117616341057
Privacy Scores:
Statistical Details of Privacy Scores:
Minimum: 0.04800119655421337
Maximum: 0.9999999329724841
Mean: 0.8036967091812067
Standard Deviation: 0.21995213887173
Average: 0.8036967091812067
Accuracy: 0.275, Recall: 0.1470753341261751, Precision: 0.15400877495266882, F1 Score: 0.1186025506444261, MCC: 0.0463587158443763
Average SMAPE across all features: 0.9352031371500812
Privacy Scores:
Statistical Details of Privacy Scores:
Minimum: 0.05700721373172937
Maximum: 0.9999999255356522
Mean: 0.8033429877075223
Standard Deviation: 0.2219642563074563
Average: 0.8033429877075223
Accuracy: 0.16805555555555557, Recall: 0.09564007815154606, Precision: 0.09659014378898008, F1 Score: 0.08271020309617069, MCC: -0.054338653908438325
Average SMAPE across all features: 0.9349005178560805
Privacy Scores:
Statistical Details of Privacy Scores:
Minimum: 0.0226551342292918
Maximum: 0.9999999043588311
Mean: 0.8115052645237705
Standard Deviation: 0.21534988346303652
Average: 0.8115052645237705
Accuracy: 0.3277777777777778, Recall: 0.24911808236818156, Precision: 0.3315481681471399, F1 Score: 0.25612392942376644, MCC: 0.14141364442343166
Average SMAPE across all features: 0.9302527118716654
Privacy Scores:
Statistical Details of Privacy Scores:
Minimum: 0.026376727762156164
Maximum: 0.999999948377675
Mean: 0.8081772718584987
Standard Deviation: 0.21635760187794664
Average: 0.8081772718584987
Accuracy: 0.25, Recall: 0.11239947898969306, Precision: 0.08851252913752915, F1 Score: 0.09858399051578559, MCC: -0.032081251458358426
Average SMAPE across all features: 0.9341486636425191
Privacy Scores:
Statistical Details of Privacy Scores:
Minimum: 0.042846493868918284
Maximum: 0.9999999451245025
Mean: 0.7991286373407173
Standard Deviation: 0.22198385888087166
Average: 0.7991286373407173
Accuracy: 0.20277777777777778, Recall: 0.10362050169699384, Precision: 0.09493439725404335, F1 Score: 0.09259335885764187, MCC: -0.06158434117647374
Average SMAPE across all features: 0.9305224492996328
Privacy Scores:
Statistical Details of Privacy Scores:
Minimum: 0.031071720277791065
Maximum: 0.9999999487357507
Mean: 0.8083952254412847
Standard Deviation: 0.21967185337978573
Average: 0.8083952254412847
Accuracy: 0.2652777777777778, Recall: 0.11747189659078039, Precision: 0.1167732678718641, F1 Score: 0.10345935133640453, MCC: -0.018775965194362722
Average SMAPE across all features: 0.9344932740906694
Privacy Scores:
Statistical Details of Privacy Scores:
Minimum: 0.04021297465234796
Maximum: 0.9999999982370573
Mean: 0.8106551214691624
Standard Deviation: 0.21559096717729254
Average: 0.8106551214691624
Accuracy: 0.3375, Recall: 0.24700862567446538, Precision: 0.2550199139484854, F1 Score: 0.22264066983371117, MCC: 0.1292588285099961
Average SMAPE across all features: 0.938146249800136
Privacy Scores:
Statistical Details of Privacy Scores:
Minimum: 0.050385161731527385
Maximum: 0.999999985854427
Mean: 0.8050165334257205
Standard Deviation: 0.22043059807635654
Average: 0.8050165334257205
Accuracy: 0.3680555555555556, Recall: 0.3162924326829646, Precision: 0.2358108678573267, F1 Score: 0.252572550531754, MCC: 0.20383388993471177
Average SMAPE across all features: 0.9307172118844452
Privacy Scores:
Statistical Details of Privacy Scores:
Minimum: 0.03691983728599119
Maximum: 0.9999999480649006
Mean: 0.8058179384609127
Standard Deviation: 0.22209642341073801
Average: 0.8058179384609127
Accuracy: 0.20555555555555555, Recall: 0.09674651715936121, Precision: 0.09782332958419865, F1 Score: 0.08804602384839737, MCC: -0.06978551060160626
Average SMAPE across all features: 0.9290206641738544
Privacy Scores:
Statistical Details of Privacy Scores:
Minimum: 0.04286733453543805
Maximum: 0.9999997648898847
Mean: 0.8001291124162081
Standard Deviation: 0.2214036937150731
Average: 0.8001291124162081
Accuracy: 0.31527777777777777, Recall: 0.17100272759050308, Precision: 0.19883242101825296, F1 Score: 0.1440050492480544, MCC: 0.08229394314366915
Average SMAPE across all features: 0.9331481013145579
Privacy Scores:
Statistical Details of Privacy Scores:
Minimum: 0.016682235412542042
Maximum: 0.9999998325492637
Mean: 0.8091394386276705
Standard Deviation: 0.21804719991051455
Average: 0.8091394386276705
Accuracy: 0.20277777777777778, Recall: 0.11682735870427002, Precision: 0.1070684344748075, F1 Score: 0.10400251218985822, MCC: -0.02144895835539462
Average SMAPE across all features: 0.9317335101608384
Privacy Scores:
Statistical Details of Privacy Scores:
Minimum: 0.032353444432225056
Maximum: 0.9999999927897171
Mean: 0.8062216217913074
Standard Deviation: 0.2195576808577222
Average: 0.8062216217913074
Accuracy: 0.25, Recall: 0.10509825574810285, Precision: 0.09441113594211088, F1 Score: 0.09833035179574849, MCC: -0.025464639003119766
Average SMAPE across all features: 0.9358746780680254
Privacy Scores:
Statistical Details of Privacy Scores:
Minimum: 0.033371278530132435
Maximum: 0.9999999141075018
Mean: 0.8070743910204453
Standard Deviation: 0.21886611454764884
Average: 0.8070743910204453
Accuracy: 0.19027777777777777, Recall: 0.08617656693654531, Precision: 0.08982710776794751, F1 Score: 0.08519002959338236, MCC: -0.04142122709053367
Average SMAPE across all features: 0.9284567602911308
Privacy Scores:
Statistical Details of Privacy Scores:
Minimum: 0.031403835212648654
Maximum: 0.9999999831274444
Mean: 0.8054596282018358
Standard Deviation: 0.21723438401905765
Average: 0.8054596282018358
Accuracy: 0.21666666666666667, Recall: 0.11041947383426873, Precision: 0.09467854797668883, F1 Score: 0.08536391250585625, MCC: -0.014414299236868636
howso JS avg:  3.567007940392512e-07
correlated_attribute_mode
Average SMAPE across all features: 0.9238065943052929
Privacy Scores:
Statistical Details of Privacy Scores:
Minimum: 0.052607976392416815
Maximum: 0.9999999715591317
Mean: 0.8843701105887312
Standard Deviation: 0.16449480881298062
Average: 0.8843701105887312
Accuracy: 0.16805555555555557, Recall: 0.10488270189149393, Precision: 0.08262897319944926, F1 Score: 0.06716390548397466, MCC: -0.04615515396429089
Average SMAPE across all features: 0.9240824946944002
Privacy Scores:
Statistical Details of Privacy Scores:
Minimum: 0.05197018731950904
Maximum: 0.9999999715591351
Mean: 0.8844124026018297
Standard Deviation: 0.1644263001697536
Average: 0.8844124026018297
Accuracy: 0.24305555555555555, Recall: 0.09810850605957638, Precision: 0.08887377023573576, F1 Score: 0.09040869129224988, MCC: -0.05663310284221992
Average SMAPE across all features: 0.9235348840802442
Privacy Scores:
Statistical Details of Privacy Scores:
Minimum: 0.05197018731950904
Maximum: 0.9999999715591332
Mean: 0.8844255233887083
Standard Deviation: 0.16440096027584122
Average: 0.8844255233887083
Accuracy: 0.19305555555555556, Recall: 0.10193821497338316, Precision: 0.07670660153019024, F1 Score: 0.07586795630818009, MCC: -0.04606619325129318
Average SMAPE across all features: 0.9224050843242132
Privacy Scores:
Statistical Details of Privacy Scores:
Minimum: 0.05197018731950904
Maximum: 0.9999999715591351
Mean: 0.884330428614832
Standard Deviation: 0.16460814032940524
Average: 0.884330428614832
Accuracy: 0.15138888888888888, Recall: 0.07847009853890588, Precision: 0.07315550645308247, F1 Score: 0.06534676333264373, MCC: -0.09627551898689436
Average SMAPE across all features: 0.9229725782863593
Privacy Scores:
Statistical Details of Privacy Scores:
Minimum: 0.051755825281663004
Maximum: 0.9999999715591306
Mean: 0.8843448655129508
Standard Deviation: 0.16453355058876812
Average: 0.8843448655129508
Accuracy: 0.2375, Recall: 0.1764951340800887, Precision: 0.1555235913252738, F1 Score: 0.13121703997312406, MCC: 0.046847024263175524
Average SMAPE across all features: 0.9234067144013719
Privacy Scores:
Statistical Details of Privacy Scores:
Minimum: 0.051755825281663004
Maximum: 0.999999971559131
Mean: 0.8842844996213766
Standard Deviation: 0.1646727023615379
Average: 0.8842844996213766
Accuracy: 0.2986111111111111, Recall: 0.17092743447338513, Precision: 0.15183021922712645, F1 Score: 0.13702944942381562, MCC: 0.11224078049550053
Average SMAPE across all features: 0.9213620537258768
Privacy Scores:
Statistical Details of Privacy Scores:
Minimum: 0.052607976392416815
Maximum: 0.9999999715591332
Mean: 0.8843335737571784
Standard Deviation: 0.1646236176767498
Average: 0.8843335737571784
Accuracy: 0.25833333333333336, Recall: 0.11489268320308076, Precision: 0.08993292920440159, F1 Score: 0.10041827459122646, MCC: -0.016158918291336758
Average SMAPE across all features: 0.9290446964734039
Privacy Scores:
Statistical Details of Privacy Scores:
Minimum: 0.052607976392416815
Maximum: 0.999999971559131
Mean: 0.8843823018872734
Standard Deviation: 0.1645161047942405
Average: 0.8843823018872734
Accuracy: 0.2361111111111111, Recall: 0.12258926548873034, Precision: 0.11498500859512398, F1 Score: 0.10503446226237297, MCC: 0.008347046218366978
Average SMAPE across all features: 0.924531343971959
Privacy Scores:
Statistical Details of Privacy Scores:
Minimum: 0.05197018731950904
Maximum: 0.9999999715591332
Mean: 0.8844227472395467
Standard Deviation: 0.16440870877473943
Average: 0.8844227472395467
Accuracy: 0.2513888888888889, Recall: 0.11344291539245667, Precision: 0.07752080552916457, F1 Score: 0.08579427213182304, MCC: -0.015436318325149348
Average SMAPE across all features: 0.9282538539475793
Privacy Scores:
Statistical Details of Privacy Scores:
Minimum: 0.052607976392416815
Maximum: 0.999999971559131
Mean: 0.8843097072665039
Standard Deviation: 0.16464814831763777
Average: 0.8843097072665039
Accuracy: 0.22083333333333333, Recall: 0.12519821044285878, Precision: 0.12081762749445676, F1 Score: 0.10842551198611418, MCC: 0.019508642342461573
Average SMAPE across all features: 0.9223869738329787
Privacy Scores:
Statistical Details of Privacy Scores:
Minimum: 0.05365392846843185
Maximum: 0.9999999715591332
Mean: 0.8843866573039258
Standard Deviation: 0.16446522122904586
Average: 0.8843866573039258
Accuracy: 0.2611111111111111, Recall: 0.1031480065692604, Precision: 0.08320106229170429, F1 Score: 0.09025938734957742, MCC: -0.02991199243064581
Average SMAPE across all features: 0.9241916560321062
Privacy Scores:
Statistical Details of Privacy Scores:
Minimum: 0.05197018731950904
Maximum: 0.9999999715591332
Mean: 0.8843127810175708
Standard Deviation: 0.16460218540764068
Average: 0.8843127810175708
Accuracy: 0.23333333333333334, Recall: 0.11750162815720919, Precision: 0.10438007267272809, F1 Score: 0.107060688364388, MCC: -0.034726688075464376
Average SMAPE across all features: 0.9252294638383275
Privacy Scores:
Statistical Details of Privacy Scores:
Minimum: 0.05197018731950904
Maximum: 0.9999999715591306
Mean: 0.8843277664664743
Standard Deviation: 0.1645743814267766
Average: 0.8843277664664743
Accuracy: 0.25416666666666665, Recall: 0.1379537603352588, Precision: 0.14979277063411145, F1 Score: 0.12074792530951017, MCC: 0.054193146867007894
Average SMAPE across all features: 0.922389980717335
Privacy Scores:
Statistical Details of Privacy Scores:
Minimum: 0.051755825281663004
Maximum: 0.9999999715591332
Mean: 0.884298223703493
Standard Deviation: 0.1646594056563302
Average: 0.884298223703493
Accuracy: 0.3277777777777778, Recall: 0.13779696171706873, Precision: 0.1260184508586043, F1 Score: 0.1200424442552721, MCC: 0.04489797143493253
Average SMAPE across all features: 0.9210870572334122
Privacy Scores:
Statistical Details of Privacy Scores:
Minimum: 0.05365392846843185
Maximum: 0.9999999715591317
Mean: 0.8843340577171347
Standard Deviation: 0.16455827436591783
Average: 0.8843340577171347
Accuracy: 0.2513888888888889, Recall: 0.10007503681051082, Precision: 0.07135225812771506, F1 Score: 0.08253911557331645, MCC: -0.0382309472228523
Average SMAPE across all features: 0.9240155888839721
Privacy Scores:
Statistical Details of Privacy Scores:
Minimum: 0.05197018731950904
Maximum: 0.9999999715591317
Mean: 0.8843409117772434
Standard Deviation: 0.16456916352515438
Average: 0.8843409117772434
Accuracy: 0.24583333333333332, Recall: 0.12566435893079622, Precision: 0.12731248685335628, F1 Score: 0.1198544668145793, MCC: 0.004120644739478491
Average SMAPE across all features: 0.9233561110104747
Privacy Scores:
Statistical Details of Privacy Scores:
Minimum: 0.05365392846843185
Maximum: 0.9999999715591317
Mean: 0.8843650046249075
Standard Deviation: 0.16451640596999917
Average: 0.8843650046249075
Accuracy: 0.23472222222222222, Recall: 0.09205813229131272, Precision: 0.07673498447510708, F1 Score: 0.08109100488524659, MCC: -0.05404261784727418
Average SMAPE across all features: 0.9336962835409126
Privacy Scores:
Statistical Details of Privacy Scores:
Minimum: 0.052607976392416815
Maximum: 0.999999971559131
Mean: 0.8844081168434854
Standard Deviation: 0.1644729770739234
Average: 0.8844081168434854
Accuracy: 0.17916666666666667, Recall: 0.09717550118926266, Precision: 0.09308646632382997, F1 Score: 0.0781401402648476, MCC: -0.01607507006681843
Average SMAPE across all features: 0.9253808558697341
Privacy Scores:
Statistical Details of Privacy Scores:
Minimum: 0.05197018731950904
Maximum: 0.9999999715591332
Mean: 0.884438689425368
Standard Deviation: 0.1643518223763858
Average: 0.884438689425368
Accuracy: 0.1597222222222222, Recall: 0.07480310770540655, Precision: 0.05974827240723296, F1 Score: 0.06096999280172228, MCC: -0.07783452229411679
Average SMAPE across all features: 0.9215635034675527
Privacy Scores:
Statistical Details of Privacy Scores:
Minimum: 0.05197018731950904
Maximum: 0.999999971559131
Mean: 0.8843061482102267
Standard Deviation: 0.16459634743655988
Average: 0.8843061482102267
Accuracy: 0.28055555555555556, Recall: 0.16643190651620557, Precision: 0.1566520050011952, F1 Score: 0.1414764622899853, MCC: 0.06446715919666919
correlated_attribute_mode JS avg:  9.971315836897735e-07
independent_attribute_mode
Average SMAPE across all features: 0.920630087022281
Privacy Scores:
Statistical Details of Privacy Scores:
Minimum: 0.07070692040331113
Maximum: 0.9999999894355566
Mean: 0.8868177056244665
Standard Deviation: 0.17433597021267006
Average: 0.8868177056244665
Accuracy: 0.2916666666666667, Recall: 0.1531179210556122, Precision: 0.14635115588438596, F1 Score: 0.1454743960982776, MCC: 0.05749728788473621
Average SMAPE across all features: 0.9210912188897245
Privacy Scores:
Statistical Details of Privacy Scores:
Minimum: 0.07111197098224138
Maximum: 0.9999999894355562
Mean: 0.8867772732775663
Standard Deviation: 0.1744506871128499
Average: 0.8867772732775663
Accuracy: 0.23194444444444445, Recall: 0.14511128100577642, Precision: 0.09482952879038414, F1 Score: 0.09918329195297135, MCC: 0.03540752955094186
Average SMAPE across all features: 0.9197535342326413
Privacy Scores:
Statistical Details of Privacy Scores:
Minimum: 0.07081766642395887
Maximum: 0.9999999894355562
Mean: 0.8868316291974273
Standard Deviation: 0.17430206389101488
Average: 0.8868316291974273
Accuracy: 0.2791666666666667, Recall: 0.13300345452486126, Precision: 0.11338384511497315, F1 Score: 0.09088906362092626, MCC: 0.010298770579003313
Average SMAPE across all features: 0.9208555459301557
Privacy Scores:
Statistical Details of Privacy Scores:
Minimum: 0.07111197098224138
Maximum: 0.9999999913141346
Mean: 0.8868925005638725
Standard Deviation: 0.17415612509720926
Average: 0.8868925005638725
Accuracy: 0.19444444444444445, Recall: 0.095831209650017, Precision: 0.11302694501223912, F1 Score: 0.08635763931701979, MCC: -0.06059894871342927
Average SMAPE across all features: 0.9265825682586938
Privacy Scores:
Statistical Details of Privacy Scores:
Minimum: 0.07081766642395887
Maximum: 0.9999999894355562
Mean: 0.8868455658015084
Standard Deviation: 0.17431651191535885
Average: 0.8868455658015084
Accuracy: 0.24444444444444444, Recall: 0.14162844036697247, Precision: 0.1796273765010782, F1 Score: 0.11726320943151168, MCC: 0.062108060511305616
Average SMAPE across all features: 0.9198303687394233
Privacy Scores:
Statistical Details of Privacy Scores:
Minimum: 0.07095273023949869
Maximum: 0.9999999913141346
Mean: 0.8868687581213389
Standard Deviation: 0.17420534677174385
Average: 0.8868687581213389
Accuracy: 0.1736111111111111, Recall: 0.07547535111564165, Precision: 0.08232067301009796, F1 Score: 0.071012216325791, MCC: -0.10925453767033932
Average SMAPE across all features: 0.9210972722212578
Privacy Scores:
Statistical Details of Privacy Scores:
Minimum: 0.07095273023949869
Maximum: 0.9999999986850284
Mean: 0.8868179802007761
Standard Deviation: 0.1743821501873044
Average: 0.8868179802007761
Accuracy: 0.2125, Recall: 0.12914967720013593, Precision: 0.11078025975554136, F1 Score: 0.09601346088870603, MCC: 0.0028238022894068685
Average SMAPE across all features: 0.922336930232864
Privacy Scores:
Statistical Details of Privacy Scores:
Minimum: 0.07095273023949869
Maximum: 0.9999999986850284
Mean: 0.8868201259454369
Standard Deviation: 0.1743538757463043
Average: 0.8868201259454369
Accuracy: 0.18055555555555555, Recall: 0.11577401177936347, Precision: 0.11856574113785966, F1 Score: 0.0879157864656185, MCC: -0.01725133845640032
Average SMAPE across all features: 0.9294612024765039
Privacy Scores:
Statistical Details of Privacy Scores:
Minimum: 0.07095273023949869
Maximum: 0.999999989435556
Mean: 0.886967604843781
Standard Deviation: 0.1740890159849985
Average: 0.886967604843781
Accuracy: 0.1527777777777778, Recall: 0.1091215737909163, Precision: 0.12893451953031393, F1 Score: 0.05546351242877174, MCC: -0.03496588053948312
Average SMAPE across all features: 0.9201111700789711
Privacy Scores:
Statistical Details of Privacy Scores:
Minimum: 0.07081766642395887
Maximum: 0.9999999986850284
Mean: 0.8867928934189485
Standard Deviation: 0.1743945538881101
Average: 0.8867928934189485
Accuracy: 0.2861111111111111, Recall: 0.14938908709933174, Precision: 0.149966569972032, F1 Score: 0.12479151954259529, MCC: 0.07163132344137706
Average SMAPE across all features: 0.9236494295139003
Privacy Scores:
Statistical Details of Privacy Scores:
Minimum: 0.07111197098224138
Maximum: 0.9999999986850284
Mean: 0.886962327045209
Standard Deviation: 0.17398297941889607
Average: 0.886962327045209
Accuracy: 0.18472222222222223, Recall: 0.08045998980632008, Precision: 0.06464151115133582, F1 Score: 0.06879411731803994, MCC: -0.10474884513819481
Average SMAPE across all features: 0.919083253467017
Privacy Scores:
Statistical Details of Privacy Scores:
Minimum: 0.07050905704400995
Maximum: 0.999999989435556
Mean: 0.886822791899364
Standard Deviation: 0.17433046298214855
Average: 0.886822791899364
Accuracy: 0.33055555555555555, Recall: 0.15611196058443766, Precision: 0.11408192975325887, F1 Score: 0.12338859034245205, MCC: 0.0802880137933471
Average SMAPE across all features: 0.9195216332295464
Privacy Scores:
Statistical Details of Privacy Scores:
Minimum: 0.07081766642395887
Maximum: 0.9999999894355562
Mean: 0.886841921593028
Standard Deviation: 0.17425993404347417
Average: 0.886841921593028
Accuracy: 0.20972222222222223, Recall: 0.09528825461547175, Precision: 0.07565642524917769, F1 Score: 0.08224740069065223, MCC: -0.08575925063920604
Average SMAPE across all features: 0.920441926620079
Privacy Scores:
Statistical Details of Privacy Scores:
Minimum: 0.07095273023949869
Maximum: 0.9999999894355566
Mean: 0.8867835923368941
Standard Deviation: 0.17443728313587722
Average: 0.8867835923368941
Accuracy: 0.25, Recall: 0.15765941782761356, Precision: 0.11888925391283882, F1 Score: 0.10568109115574123, MCC: 0.08262425757285616
Average SMAPE across all features: 0.9191276232785038
Privacy Scores:
Statistical Details of Privacy Scores:
Minimum: 0.07095273023949869
Maximum: 0.9999999986850284
Mean: 0.8868709881330733
Standard Deviation: 0.17420364732664456
Average: 0.8868709881330733
Accuracy: 0.25555555555555554, Recall: 0.10072806943028655, Precision: 0.08294508726080134, F1 Score: 0.08929674628760573, MCC: -0.024639695803905036
Average SMAPE across all features: 0.9217559153455209
Privacy Scores:
Statistical Details of Privacy Scores:
Minimum: 0.07095273023949869
Maximum: 0.9999999986850284
Mean: 0.8869502006027636
Standard Deviation: 0.1739889392485025
Average: 0.8869502006027636
Accuracy: 0.21388888888888888, Recall: 0.08481566428814136, Precision: 0.07452533325468916, F1 Score: 0.07882252520091049, MCC: -0.07613152777496257
Average SMAPE across all features: 0.923497403519405
Privacy Scores:
Statistical Details of Privacy Scores:
Minimum: 0.07081766642395887
Maximum: 0.999999989435556
Mean: 0.8869118140328476
Standard Deviation: 0.1740926944514306
Average: 0.8869118140328476
Accuracy: 0.14166666666666666, Recall: 0.08829425756031262, Precision: 0.06560643459692594, F1 Score: 0.056738522949039534, MCC: -0.08364223545642828
Average SMAPE across all features: 0.9196687540651546
Privacy Scores:
Statistical Details of Privacy Scores:
Minimum: 0.07081766642395887
Maximum: 0.9999999986850284
Mean: 0.8868579339449109
Standard Deviation: 0.1742190909313195
Average: 0.8868579339449109
Accuracy: 0.24444444444444444, Recall: 0.09972108959112017, Precision: 0.07722767972767973, F1 Score: 0.08653542773590524, MCC: -0.04267559780215983
Average SMAPE across all features: 0.9268792930657594
Privacy Scores:
Statistical Details of Privacy Scores:
Minimum: 0.07095273023949869
Maximum: 0.999999989435556
Mean: 0.8869394953775156
Standard Deviation: 0.1741138949962427
Average: 0.8869394953775156
Accuracy: 0.2, Recall: 0.12668832823649337, Precision: 0.08935379216773529, F1 Score: 0.09339518303334093, MCC: 0.005288343300637206
Average SMAPE across all features: 0.9209686266192278
Privacy Scores:
Statistical Details of Privacy Scores:
Minimum: 0.07095273023949869
Maximum: 0.9999999986850284
Mean: 0.8869037430010702
Standard Deviation: 0.17411768255592144
Average: 0.8869037430010702
Accuracy: 0.25833333333333336, Recall: 0.10373343527013251, Precision: 0.0803010969126443, F1 Score: 0.08874792214334315, MCC: -0.01932517179400453
independent_attribute_mode JS avg:  7.566823062200923e-07
n12
Average SMAPE across all features: 0.9313195624613555
Privacy Scores:
Statistical Details of Privacy Scores:
Minimum: 0.0003273766502028447
Maximum: 0.9999963835629618
Mean: 0.7324050980132385
Standard Deviation: 0.283600889772107
Average: 0.7324050980132385
Accuracy: 0.39305555555555555, Recall: 0.27220305318597204, Precision: 0.23185283054052935, F1 Score: 0.2182799386552163, MCC: 0.17411418698982903
Average SMAPE across all features: 0.9348860948798804
Privacy Scores:
Statistical Details of Privacy Scores:
Minimum: 0.0
Maximum: 0.9999947416535735
Mean: 0.7406333902975263
Standard Deviation: 0.27883463118397567
Average: 0.7406333902975263
Accuracy: 0.37222222222222223, Recall: 0.1984104230377166, Precision: 0.19862437975727565, F1 Score: 0.15606220432295287, MCC: 0.17070412069303625
Average SMAPE across all features: 0.9351361666506022
Privacy Scores:
Statistical Details of Privacy Scores:
Minimum: 0.0
Maximum: 0.9999969429988823
Mean: 0.7366756748598552
Standard Deviation: 0.28127376977417584
Average: 0.7366756748598552
Accuracy: 0.19444444444444445, Recall: 0.08722392116887528, Precision: 0.07904562915282393, F1 Score: 0.07995744422797034, MCC: -0.05411006072125764
Average SMAPE across all features: 0.9322296508814513
Privacy Scores:
Statistical Details of Privacy Scores:
Minimum: 0.0008088798428743697
Maximum: 0.999998575335972
Mean: 0.7505615942783592
Standard Deviation: 0.2744714918776109
Average: 0.7505615942783592
Accuracy: 0.20833333333333334, Recall: 0.10292145593869731, Precision: 0.07242403677194699, F1 Score: 0.0735603880691706, MCC: -0.037983487758420635
Average SMAPE across all features: 0.9295793810164988
Privacy Scores:
Statistical Details of Privacy Scores:
Minimum: 0.00031862150439731157
Maximum: 0.9999966685178497
Mean: 0.7371143933507777
Standard Deviation: 0.27873685229161643
Average: 0.7371143933507777
Accuracy: 0.33055555555555555, Recall: 0.13871616264582626, Precision: 0.13361286660192098, F1 Score: 0.13137826199290034, MCC: 0.06466800400941113
Average SMAPE across all features: 0.9326845182645371
Privacy Scores:
Statistical Details of Privacy Scores:
Minimum: 0.0005399478602403071
Maximum: 0.9999960123296736
Mean: 0.7373456644061339
Standard Deviation: 0.2792048853034046
Average: 0.7373456644061339
Accuracy: 0.325, Recall: 0.24879303998187793, Precision: 0.1685852585764868, F1 Score: 0.16795561334210887, MCC: 0.08751036554352487
Average SMAPE across all features: 0.9328555735223432
Privacy Scores:
Statistical Details of Privacy Scores:
Minimum: 0.0005597546020571862
Maximum: 0.9999983243021766
Mean: 0.7392188761309847
Standard Deviation: 0.2794884171861283
Average: 0.7392188761309847
Accuracy: 0.15138888888888888, Recall: 0.06294738928530978, Precision: 0.05066033582919832, F1 Score: 0.053697841793113835, MCC: -0.14479283575270752
Average SMAPE across all features: 0.9362765295534687
Privacy Scores:
Statistical Details of Privacy Scores:
Minimum: 0.00040562027217470116
Maximum: 0.9999930276453172
Mean: 0.7332698338180906
Standard Deviation: 0.2794057916069661
Average: 0.7332698338180906
Accuracy: 0.2388888888888889, Recall: 0.1402388435836448, Precision: 0.12379321450860353, F1 Score: 0.11325270745966681, MCC: 0.021740423585735347
Average SMAPE across all features: 0.9305091456011741
Privacy Scores:
Statistical Details of Privacy Scores:
Minimum: 0.00023570132441161918
Maximum: 0.9999981543126455
Mean: 0.7286173909333333
Standard Deviation: 0.28720024827266283
Average: 0.7286173909333333
Accuracy: 0.2652777777777778, Recall: 0.1408069288707668, Precision: 0.1288348936027474, F1 Score: 0.12641792578088396, MCC: 0.028144690242041255
Average SMAPE across all features: 0.930211827012406
Privacy Scores:
Statistical Details of Privacy Scores:
Minimum: 0.000664636129564553
Maximum: 0.9999974733472544
Mean: 0.7373674025655518
Standard Deviation: 0.27651716687687034
Average: 0.7373674025655518
Accuracy: 0.225, Recall: 0.11522466128471612, Precision: 0.08451274169452178, F1 Score: 0.08425336724973484, MCC: -0.05524624882724476
Average SMAPE across all features: 0.9356589573481099
Privacy Scores:
Statistical Details of Privacy Scores:
Minimum: 0.0006857361038666981
Maximum: 0.9999966635865268
Mean: 0.7368750526033984
Standard Deviation: 0.2792519876505703
Average: 0.7368750526033984
Accuracy: 0.20277777777777778, Recall: 0.08221344433118133, Precision: 0.07306877530891982, F1 Score: 0.0758830600294015, MCC: -0.09967865483993019
Average SMAPE across all features: 0.9307164897394753
Privacy Scores:
Statistical Details of Privacy Scores:
Minimum: 0.0003984466949129949
Maximum: 0.9999993320185108
Mean: 0.7309700449362238
Standard Deviation: 0.2815901043310905
Average: 0.7309700449362238
Accuracy: 0.22083333333333333, Recall: 0.14743118533750454, Precision: 0.12865231717087938, F1 Score: 0.11100313979985063, MCC: -0.026871960158792462
Average SMAPE across all features: 0.9293402216763088
Privacy Scores:
Statistical Details of Privacy Scores:
Minimum: 0.0
Maximum: 0.9999993714505521
Mean: 0.7364135685469271
Standard Deviation: 0.2777631477611046
Average: 0.7364135685469271
Accuracy: 0.2791666666666667, Recall: 0.12576379368929194, Precision: 0.09771744357389141, F1 Score: 0.10537728908747426, MCC: 0.00673045663763933
Average SMAPE across all features: 0.9347329737366609
Privacy Scores:
Statistical Details of Privacy Scores:
Minimum: 0.00020077829865727812
Maximum: 0.9999919242780491
Mean: 0.7413173108867849
Standard Deviation: 0.2749259896805103
Average: 0.7413173108867849
Accuracy: 0.2513888888888889, Recall: 0.13261623626684788, Precision: 0.12601708072974727, F1 Score: 0.12148277304143801, MCC: 0.05245813661281736
Average SMAPE across all features: 0.9326157074450868
Privacy Scores:
Statistical Details of Privacy Scores:
Minimum: 0.00031862150439731157
Maximum: 0.9999930817085952
Mean: 0.7368219710692503
Standard Deviation: 0.2794745139739524
Average: 0.7368219710692503
Accuracy: 0.26944444444444443, Recall: 0.13406883565522712, Precision: 0.12764563496127332, F1 Score: 0.12164406337062265, MCC: 0.040665307230869134
Average SMAPE across all features: 0.9342293284784181
Privacy Scores:
Statistical Details of Privacy Scores:
Minimum: 8.506914379522269e-05
Maximum: 0.9999988603727251
Mean: 0.745671139282124
Standard Deviation: 0.27256765632444413
Average: 0.745671139282124
Accuracy: 0.1625, Recall: 0.08457073281232304, Precision: 0.08087108101871882, F1 Score: 0.06733889586717082, MCC: -0.04300685082152354
Average SMAPE across all features: 0.931688517036167
Privacy Scores:
Statistical Details of Privacy Scores:
Minimum: 0.0
Maximum: 0.9999834955781856
Mean: 0.7415791059597369
Standard Deviation: 0.27702056622211185
Average: 0.7415791059597369
Accuracy: 0.28194444444444444, Recall: 0.1342648491843103, Precision: 0.1746571034382714, F1 Score: 0.1371637218594635, MCC: 0.0021899204104373405
Average SMAPE across all features: 0.9300143220744974
Privacy Scores:
Statistical Details of Privacy Scores:
Minimum: 0.0009970861943674018
Maximum: 0.9999967462569779
Mean: 0.7468600545852849
Standard Deviation: 0.27080553341076014
Average: 0.7468600545852849
Accuracy: 0.20416666666666666, Recall: 0.11723751030108459, Precision: 0.11068793878200131, F1 Score: 0.08104794981720731, MCC: -0.06652649337453403
Average SMAPE across all features: 0.9369891579556511
Privacy Scores:
Statistical Details of Privacy Scores:
Minimum: 0.0001957383410157476
Maximum: 0.9999956894569834
Mean: 0.7399572415184988
Standard Deviation: 0.2776871663312026
Average: 0.7399572415184988
Accuracy: 0.20972222222222223, Recall: 0.10581747649790463, Precision: 0.09687139983149062, F1 Score: 0.08494389551421201, MCC: -0.03212390682007246
Average SMAPE across all features: 0.9383141658990709
Privacy Scores:
Statistical Details of Privacy Scores:
Minimum: 0.001856799016807558
Maximum: 0.9999758089644226
Mean: 0.7411273412672584
Standard Deviation: 0.2748427394184812
Average: 0.7411273412672584
Accuracy: 0.15833333333333333, Recall: 0.08900427568241025, Precision: 0.12250666297404848, F1 Score: 0.07994434978528094, MCC: -0.040540614963282096
n12 JS avg:  1.6680356789693728e-07
cube
Average SMAPE across all features: 0.9321015212076372
Privacy Scores:
Statistical Details of Privacy Scores:
Minimum: 8.506914379522269e-05
Maximum: 0.9999994430674319
Mean: 0.7424429184670531
Standard Deviation: 0.27819684128361194
Average: 0.7424429184670531
Accuracy: 0.38055555555555554, Recall: 0.2710337047171105, Precision: 0.2776015624956703, F1 Score: 0.24072847735964692, MCC: 0.19955349109274276
Average SMAPE across all features: 0.9301876647443847
Privacy Scores:
Statistical Details of Privacy Scores:
Minimum: 0.0008322478486107883
Maximum: 0.9999898316905045
Mean: 0.7481063236476779
Standard Deviation: 0.2727150177213196
Average: 0.7481063236476779
Accuracy: 0.25972222222222224, Recall: 0.10116413240457584, Precision: 0.10125900873734442, F1 Score: 0.09117519468325815, MCC: -0.02278531188289677
Average SMAPE across all features: 0.9309885126003403
Privacy Scores:
Statistical Details of Privacy Scores:
Minimum: 0.0
Maximum: 0.9999967329590619
Mean: 0.7395363066677608
Standard Deviation: 0.2782992047508402
Average: 0.7395363066677608
Accuracy: 0.23055555555555557, Recall: 0.10883558443764864, Precision: 0.1018743698375288, F1 Score: 0.10206082096040298, MCC: -0.010426027023912801
Average SMAPE across all features: 0.9339966059488208
Privacy Scores:
Statistical Details of Privacy Scores:
Minimum: 0.0
Maximum: 0.9999942148416804
Mean: 0.7360106986629569
Standard Deviation: 0.28301230325427207
Average: 0.7360106986629569
Accuracy: 0.20555555555555555, Recall: 0.11173865953109073, Precision: 0.11290616622198409, F1 Score: 0.10255174898673661, MCC: -0.02599332871115137
Average SMAPE across all features: 0.9289767250148566
Privacy Scores:
Statistical Details of Privacy Scores:
Minimum: 5.111497042226525e-05
Maximum: 0.9999913887329651
Mean: 0.7423753287048583
Standard Deviation: 0.27823927345990523
Average: 0.7423753287048583
Accuracy: 0.3736111111111111, Recall: 0.1980928919124589, Precision: 0.2680422759655043, F1 Score: 0.19346938998381305, MCC: 0.12336666530502748
Average SMAPE across all features: 0.9306974814386598
Privacy Scores:
Statistical Details of Privacy Scores:
Minimum: 0.00034277540081059605
Maximum: 0.9999902560420315
Mean: 0.7444516105247554
Standard Deviation: 0.27977879247908505
Average: 0.7444516105247554
Accuracy: 0.2513888888888889, Recall: 0.1270022550099398, Precision: 0.13643556945206872, F1 Score: 0.09057198129642162, MCC: -0.00014974586577029948
Average SMAPE across all features: 0.9389945752920713
Privacy Scores:
Statistical Details of Privacy Scores:
Minimum: 0.0
Maximum: 0.9999993378881352
Mean: 0.7354102384282988
Standard Deviation: 0.28461885475412835
Average: 0.7354102384282988
Accuracy: 0.24583333333333332, Recall: 0.13864466530750935, Precision: 0.13242338921986874, F1 Score: 0.13014675828274802, MCC: 0.04094755315543859
Average SMAPE across all features: 0.9284208428017032
Privacy Scores:
Statistical Details of Privacy Scores:
Minimum: 0.00026639998339872075
Maximum: 0.999989225519173
Mean: 0.7457701275885924
Standard Deviation: 0.27553855491986845
Average: 0.7457701275885924
Accuracy: 0.22361111111111112, Recall: 0.1192688866236267, Precision: 0.11753578750745888, F1 Score: 0.09500839862877815, MCC: -0.09898245195748599
Average SMAPE across all features: 0.9324080345349316
Privacy Scores:
Statistical Details of Privacy Scores:
Minimum: 0.0
Maximum: 0.9999987155270168
Mean: 0.7437366130839715
Standard Deviation: 0.2809246153948067
Average: 0.7437366130839715
Accuracy: 0.3527777777777778, Recall: 0.25465846701360945, Precision: 0.3592551690551937, F1 Score: 0.25002841177880303, MCC: 0.16463251832375092
Average SMAPE across all features: 0.9338895807961076
Privacy Scores:
Statistical Details of Privacy Scores:
Minimum: 0.000157147041944699
Maximum: 0.9999980296015829
Mean: 0.7540610525807737
Standard Deviation: 0.26948409779867394
Average: 0.7540610525807737
Accuracy: 0.18472222222222223, Recall: 0.11661888379204892, Precision: 0.09113206182257774, F1 Score: 0.09312602810782572, MCC: -0.0392695451323162
Average SMAPE across all features: 0.9296625988016112
Privacy Scores:
Statistical Details of Privacy Scores:
Minimum: 0.0005813083591765577
Maximum: 0.9999982685935257
Mean: 0.7424159661358485
Standard Deviation: 0.2785330965617709
Average: 0.7424159661358485
Accuracy: 0.2388888888888889, Recall: 0.11124702684335712, Precision: 0.10022216047144313, F1 Score: 0.0964108593309493, MCC: -0.031627036467848715
Average SMAPE across all features: 0.9296321652894475
Privacy Scores:
Statistical Details of Privacy Scores:
Minimum: 4.401319479530148e-05
Maximum: 0.999992412920705
Mean: 0.7415970152312759
Standard Deviation: 0.281319926292474
Average: 0.7415970152312759
Accuracy: 0.40555555555555556, Recall: 0.20462927568241024, Precision: 0.23040195411508516, F1 Score: 0.20121068830925146, MCC: 0.18025220497029665
Average SMAPE across all features: 0.9288231111517209
Privacy Scores:
Statistical Details of Privacy Scores:
Minimum: 0.0
Maximum: 0.9999997012651288
Mean: 0.7416361440770891
Standard Deviation: 0.27981709285502715
Average: 0.7416361440770891
Accuracy: 0.48194444444444445, Recall: 0.2307724320570369, Precision: 0.26489877320111876, F1 Score: 0.23392218162579753, MCC: 0.2848226688189184
Average SMAPE across all features: 0.9296116012293242
Privacy Scores:
Statistical Details of Privacy Scores:
Minimum: 0.0
Maximum: 0.9999973355949352
Mean: 0.7473695958731027
Standard Deviation: 0.2758098252780905
Average: 0.7473695958731027
Accuracy: 0.2777777777777778, Recall: 0.16407360051710468, Precision: 0.14448218078739297, F1 Score: 0.13212120512200043, MCC: 0.06404964605503613
Average SMAPE across all features: 0.9326027733865753
Privacy Scores:
Statistical Details of Privacy Scores:
Minimum: 0.0
Maximum: 0.9999997696861539
Mean: 0.7402691250703567
Standard Deviation: 0.27739051524721786
Average: 0.7402691250703567
Accuracy: 0.25, Recall: 0.11674736663268774, Precision: 0.09941750761973485, F1 Score: 0.1010851900344594, MCC: -0.02420725648346431
Average SMAPE across all features: 0.9423470204932297
Privacy Scores:
Statistical Details of Privacy Scores:
Minimum: 0.0
Maximum: 0.9999995457033756
Mean: 0.7428055369692055
Standard Deviation: 0.27815298976783503
Average: 0.7428055369692055
Accuracy: 0.1625, Recall: 0.12135080416808246, Precision: 0.08681803847366762, F1 Score: 0.0806307412866222, MCC: -0.027912080945857672
Average SMAPE across all features: 0.932429881965364
Privacy Scores:
Statistical Details of Privacy Scores:
Minimum: 0.0008101007010057112
Maximum: 0.9999954347451039
Mean: 0.74477693818369
Standard Deviation: 0.27606919253173656
Average: 0.74477693818369
Accuracy: 0.1763888888888889, Recall: 0.08658929380450786, Precision: 0.07927817538648314, F1 Score: 0.0810660067659137, MCC: -0.08469047338582375
Average SMAPE across all features: 0.93159258068608
Privacy Scores:
Statistical Details of Privacy Scores:
Minimum: 0.0
Maximum: 0.9999939446998496
Mean: 0.742810844748847
Standard Deviation: 0.2778861994426631
Average: 0.742810844748847
Accuracy: 0.2611111111111111, Recall: 0.0960049977347378, Precision: 0.08118197353752273, F1 Score: 0.08284224964809755, MCC: -0.044285507487919124
Average SMAPE across all features: 0.941856732530698
Privacy Scores:
Statistical Details of Privacy Scores:
Minimum: 0.0013421117583839218
Maximum: 0.9999995585843637
Mean: 0.7468941530126478
Standard Deviation: 0.277876022671122
Average: 0.7468941530126478
Accuracy: 0.225, Recall: 0.10410472590327331, Precision: 0.1065317882472138, F1 Score: 0.10191226705887906, MCC: -0.029461922991115847
Average SMAPE across all features: 0.9283673794477247
Privacy Scores:
Statistical Details of Privacy Scores:
Minimum: 0.0
Maximum: 0.9999974768655613
Mean: 0.7438910505337687
Standard Deviation: 0.27642965522201357
Average: 0.7438910505337687
Accuracy: 0.2916666666666667, Recall: 0.10222703590440593, Precision: 0.06504978066149857, F1 Score: 0.07844496909441237, MCC: -0.03245822441306227
cube JS avg:  2.3907213684820265e-07
square
Average SMAPE across all features: 0.9300050798384564
Privacy Scores:
Statistical Details of Privacy Scores:
Minimum: 0.0015645454799898244
Maximum: 0.9999891146982198
Mean: 0.7422467191816687
Standard Deviation: 0.2777698881243682
Average: 0.7422467191816687
Accuracy: 0.2847222222222222, Recall: 0.13060156869407633, Precision: 0.11745189995189996, F1 Score: 0.12121286162397173, MCC: 0.03754415974016911
Average SMAPE across all features: 0.9333342376431483
Privacy Scores:
Statistical Details of Privacy Scores:
Minimum: 0.0002481089178154018
Maximum: 0.9999978567981576
Mean: 0.736025072834441
Standard Deviation: 0.28116560912163346
Average: 0.736025072834441
Accuracy: 0.20416666666666666, Recall: 0.11247947106127534, Precision: 0.11261296024598746, F1 Score: 0.10618501916577759, MCC: -0.014641804959089861
Average SMAPE across all features: 0.9328080703962052
Privacy Scores:
Statistical Details of Privacy Scores:
Minimum: 0.0002396472205286941
Maximum: 0.9999720004837511
Mean: 0.739087042093413
Standard Deviation: 0.28246856048708574
Average: 0.739087042093413
Accuracy: 0.3625, Recall: 0.22189906841091855, Precision: 0.18420860348334833, F1 Score: 0.15758918136258712, MCC: 0.14440990754780042
Average SMAPE across all features: 0.9312420519547253
Privacy Scores:
Statistical Details of Privacy Scores:
Minimum: 0.000951515703831296
Maximum: 0.9999988047210377
Mean: 0.7437346051065529
Standard Deviation: 0.2735937267957707
Average: 0.7437346051065529
Accuracy: 0.32083333333333336, Recall: 0.2399503117202241, Precision: 0.23927058860180817, F1 Score: 0.22483485464028205, MCC: 0.1358892260342197
Average SMAPE across all features: 0.9304516951135476
Privacy Scores:
Statistical Details of Privacy Scores:
Minimum: 0.001785372154646047
Maximum: 0.9999954530269106
Mean: 0.7482501464767479
Standard Deviation: 0.2752935632622612
Average: 0.7482501464767479
Accuracy: 0.17777777777777778, Recall: 0.09154890823406366, Precision: 0.15460613439697668, F1 Score: 0.09450641791400094, MCC: -0.10600827575309735
Average SMAPE across all features: 0.927566196759282
Privacy Scores:
Statistical Details of Privacy Scores:
Minimum: 0.0
Maximum: 0.9999892544242848
Mean: 0.7369738191186942
Standard Deviation: 0.2801650747075351
Average: 0.7369738191186942
Accuracy: 0.31527777777777777, Recall: 0.14468335881753314, Precision: 0.1530277639854353, F1 Score: 0.13601954262585764, MCC: 0.030349541236615953
Average SMAPE across all features: 0.9299086834473382
Privacy Scores:
Statistical Details of Privacy Scores:
Minimum: 0.00086502578347457
Maximum: 0.9999996137735497
Mean: 0.7391490123605684
Standard Deviation: 0.2816267553181414
Average: 0.7391490123605684
Accuracy: 0.2625, Recall: 0.10332462623173631, Precision: 0.0958754898892306, F1 Score: 0.09502230887665214, MCC: -0.03511769876931535
Average SMAPE across all features: 0.9272494869336017
Privacy Scores:
Statistical Details of Privacy Scores:
Minimum: 8.506914379522269e-05
Maximum: 0.9999996771265784
Mean: 0.7421066174368623
Standard Deviation: 0.28310590726815216
Average: 0.7421066174368623
Accuracy: 0.2513888888888889, Recall: 0.10388209310227658, Precision: 0.0895401178963204, F1 Score: 0.08485874292040944, MCC: -0.09204124475296221
Average SMAPE across all features: 0.9279301489442895
Privacy Scores:
Statistical Details of Privacy Scores:
Minimum: 0.0
Maximum: 0.9999994982488085
Mean: 0.736492237946082
Standard Deviation: 0.2851447370757134
Average: 0.736492237946082
Accuracy: 0.3, Recall: 0.13766954071808812, Precision: 0.14468241771561172, F1 Score: 0.13253920384999643, MCC: 0.02280605248408362
Average SMAPE across all features: 0.9309441333678586
Privacy Scores:
Statistical Details of Privacy Scores:
Minimum: 0.00020036639024420156
Maximum: 0.9999944446927816
Mean: 0.7417829183040662
Standard Deviation: 0.2777711361260195
Average: 0.7417829183040662
Accuracy: 0.275, Recall: 0.1332027268093782, Precision: 0.12067979881373231, F1 Score: 0.12452457686036845, MCC: 0.022329064783749974
Average SMAPE across all features: 0.9304432484229692
Privacy Scores:
Statistical Details of Privacy Scores:
Minimum: 0.001174138152400109
Maximum: 0.9999992815628271
Mean: 0.7487388625737612
Standard Deviation: 0.2775645767244675
Average: 0.7487388625737612
Accuracy: 0.22777777777777777, Recall: 0.13079927872879732, Precision: 0.11719519190654987, F1 Score: 0.10900334257297135, MCC: -0.013273607055372068
Average SMAPE across all features: 0.9315231263078784
Privacy Scores:
Statistical Details of Privacy Scores:
Minimum: 0.0
Maximum: 0.9999963041069014
Mean: 0.7374633401105471
Standard Deviation: 0.28557572283668486
Average: 0.7374633401105471
Accuracy: 0.3527777777777778, Recall: 0.2343708470621173, Precision: 0.4659692807823723, F1 Score: 0.2659046356655458, MCC: 0.16086245679786343
Average SMAPE across all features: 0.9266993538564311
Privacy Scores:
Statistical Details of Privacy Scores:
Minimum: 0.0
Maximum: 0.9999985084259552
Mean: 0.7455075737015272
Standard Deviation: 0.28188235416714535
Average: 0.7455075737015272
Accuracy: 0.39861111111111114, Recall: 0.17957264412730772, Precision: 0.23596519083358158, F1 Score: 0.1725425155837674, MCC: 0.13632224833970688
Average SMAPE across all features: 0.9346646655400304
Privacy Scores:
Statistical Details of Privacy Scores:
Minimum: 0.0006244460498373122
Maximum: 0.9999965696458784
Mean: 0.7455226380648147
Standard Deviation: 0.2741359256519156
Average: 0.7455226380648147
Accuracy: 0.2375, Recall: 0.11717564276815041, Precision: 0.12905708487865747, F1 Score: 0.10831159716634783, MCC: 0.008682592635347248
Average SMAPE across all features: 0.930899600267327
Privacy Scores:
Statistical Details of Privacy Scores:
Minimum: 0.00028883166058557796
Maximum: 0.9999980512468613
Mean: 0.7427038176420195
Standard Deviation: 0.2776768944933906
Average: 0.7427038176420195
Accuracy: 0.19027777777777777, Recall: 0.09376344999433685, Precision: 0.06755536434431929, F1 Score: 0.07216270155883257, MCC: -0.06806044535230951
Average SMAPE across all features: 0.9333769234683268
Privacy Scores:
Statistical Details of Privacy Scores:
Minimum: 0.0004061624512821159
Maximum: 0.9999957586823559
Mean: 0.7482595732240251
Standard Deviation: 0.27437280616504667
Average: 0.7482595732240251
Accuracy: 0.23194444444444445, Recall: 0.11626989183372975, Precision: 0.12357803964323408, F1 Score: 0.106337578852374, MCC: 0.004897076653211291
Average SMAPE across all features: 0.933014017491254
Privacy Scores:
Statistical Details of Privacy Scores:
Minimum: 0.0006244460498373122
Maximum: 0.9999990304750034
Mean: 0.7538112716134281
Standard Deviation: 0.27450552214086926
Average: 0.7538112716134281
Accuracy: 0.20694444444444443, Recall: 0.11863026819923371, Precision: 0.08140206619035978, F1 Score: 0.0738335653245702, MCC: 0.01592536407712599
Average SMAPE across all features: 0.9352461366558372
Privacy Scores:
Statistical Details of Privacy Scores:
Minimum: 0.0006766084158771714
Maximum: 0.9999979366405906
Mean: 0.7369937762280651
Standard Deviation: 0.27989934595380284
Average: 0.7369937762280651
Accuracy: 0.13333333333333333, Recall: 0.05374122210895911, Precision: 0.05350883055317936, F1 Score: 0.05151241747340334, MCC: -0.11785565673647866
Average SMAPE across all features: 0.9270029809006588
Privacy Scores:
Statistical Details of Privacy Scores:
Minimum: 0.0
Maximum: 0.9999998858743204
Mean: 0.7487145939543363
Standard Deviation: 0.2803111681073276
Average: 0.7487145939543363
Accuracy: 0.26666666666666666, Recall: 0.11396675727715483, Precision: 0.08320502450161256, F1 Score: 0.09323702680879324, MCC: -0.05294111531121781
Average SMAPE across all features: 0.9453194751403717
Privacy Scores:
Statistical Details of Privacy Scores:
Minimum: 0.0
Maximum: 0.9999988037805938
Mean: 0.7422655509905771
Standard Deviation: 0.27695331537349344
Average: 0.7422655509905771
Accuracy: 0.14166666666666666, Recall: 0.08247748895684676, Precision: 0.11417179144385027, F1 Score: 0.07469940343517914, MCC: -0.041525940405757904
square JS avg:  2.01189936634602e-07
SMAPE Statistics:
#
 0,  DS_incorr_smapeList,  0.92,  0.00,  -*---              |                   ,  0.92,  0.95
#
 1,    DS_corr_smapeList,  0.92,  0.00,      --*-           |                   ,  0.92,  0.95
#
 2,     smapeList_square,  0.93,  0.00,                 --*-|                   ,  0.92,  0.95
#
 3,       smapeList_cube,  0.93,  0.00,                 ---*|-                  ,  0.92,  0.95
 3,      howso_smapeList,  0.93,  0.00,                  --*|--                 ,  0.92,  0.95
 3,        smapeList_n12,  0.93,  0.00,                  ---*---                ,  0.92,  0.95
Privacy Score Statistics:
#
 0, DS_incorr_privacy_score, -0.89,  0.00, *                   |                   , -0.89, -0.73
#
 1, DS_corr_privacy_score, -0.88,  0.00, *                   |                   , -0.89, -0.73
#
 2,  howso_privacy_score, -0.81,  0.01,                    -*                   , -0.89, -0.73
#
 3,   privacy_score_cube, -0.74,  0.00,                     |              -*   , -0.89, -0.73
 3, privacy_score_square, -0.74,  0.01,                     |              -*   , -0.89, -0.73
#
 4,    privacy_score_n12, -0.74,  0.00,                     |               -*  , -0.89, -0.73
JSD Statistics:
#
 0,         js_score_n12,  0.00,  0.00,  -*                 |                   ,  0.00,  0.00
 0,      js_score_square,  0.00,  0.00,  -*--               |                   ,  0.00,  0.00
#
 1,        js_score_cube,  0.00,  0.00,     *-              |                   ,  0.00,  0.00
#
 2,       howso_js_score,  0.00,  0.00,         --*--       |                   ,  0.00,  0.00
#
 3,   DS_incorr_js_score,  0.00,  0.00,                     |        *          ,  0.00,  0.00
#
 4,     DS_corr_js_score,  0.00,  0.00,                     |                  *,  0.00,  0.00
KNN Accuracy Statistics:
#
 0,  knn_accuracy_square, -0.25,  0.10,                     |-----*----         , -0.48, -0.13
 0,    knn_accuracy_cube, -0.25,  0.07,                     |-----*--           , -0.48, -0.13
 0,   howso_knn_accuracy, -0.25,  0.11,                    -|-----*----         , -0.48, -0.13
 0, DS_corr_knn_accuracy, -0.24,  0.06,                     |     --*----       , -0.48, -0.13
 0,     knn_accuracy_n12, -0.23,  0.08,                     |  ------*--        , -0.48, -0.13
 0, DS_incorr_knn_accuracy, -0.21,  0.07,                     |    -----*---      , -0.48, -0.13
KNN Recall Statistics:
#
 0,       knn_recall_n12, -0.13,  0.05,                     |     ---*----      , -0.32, -0.05
 0,     howso_knn_recall, -0.12,  0.07,                     | --------*-        , -0.32, -0.05
 0,    knn_recall_square, -0.12,  0.03,                     |      ---*-        , -0.32, -0.05
 0,      knn_recall_cube, -0.12,  0.06,                     |  -------*-        , -0.32, -0.05
 0,   DS_corr_knn_recall, -0.11,  0.03,                     |        -*--       , -0.32, -0.05
 0, DS_incorr_knn_recall, -0.11,  0.05,                     |     -----*-       , -0.32, -0.05
KNN Precision Statistics:
#
 0,    knn_precision_n12, -0.12,  0.05,                     |           -*---   , -0.47, -0.05
 0, knn_precision_square, -0.12,  0.06,                     |         ---*--    , -0.47, -0.05
 0,  howso_knn_precision, -0.12,  0.10,                     |    --------*-     , -0.47, -0.05
 0,   knn_precision_cube, -0.11,  0.05,                     |         ----*-    , -0.47, -0.05
#
 1, DS_incorr_knn_precision, -0.09,  0.04,                     |            --*-   , -0.47, -0.05
 1, DS_corr_knn_precision, -0.09,  0.05,                     |           ----*   , -0.47, -0.05
KNN F1 Statistics:
#
 0,        knn_f1_square, -0.11,  0.05,                     |   -----*---       , -0.27, -0.05
 0,           knn_f1_n12, -0.11,  0.05,                     |     ---*----      , -0.27, -0.05
 0,         howso_knn_f1, -0.10,  0.05,                     | --------*-        , -0.27, -0.05
 0,          knn_f1_cube, -0.10,  0.04,                     |   ------*-        , -0.27, -0.05
 0,       DS_corr_knn_f1, -0.09,  0.04,                     |      -----*--     , -0.27, -0.05
 0,     DS_incorr_knn_f1, -0.09,  0.02,                     |          --*      , -0.27, -0.05
KNN MCC Statistics:
#
 0,       knn_mcc_square, -0.00,  0.08,                     |  ---*----         , -0.28,  0.14
 0,      DS_corr_knn_mcc,  0.02,  0.07,                     |   ----*-          , -0.28,  0.14
 0,        howso_knn_mcc,  0.02,  0.12,                   --|-------*           , -0.28,  0.14
 0,    DS_incorr_knn_mcc,  0.02,  0.11,                     |  -----*----       , -0.28,  0.14
 0,         knn_mcc_cube,  0.02,  0.10,                     |-------*           , -0.28,  0.14
 0,          knn_mcc_n12,  0.03,  0.09,                     | -------*-         , -0.28,  0.14
