date :  22/04/2024 16:47:51
file :  ../Proj_Data/Process/pom3b.csv
repeats : 20
seed :  1234567891
rows :  500
cols :  13
names 				 ['Culture', 'Criticality', 'CriticalityModifier', 'InitialKnown', 'Inter-Dependency', 'Dynamism', 'Size', 'Plan', 'TeamSize', 'Cost-', 'Score-', 'Idle-', 'bin_num']		d2h-
Statistics
n12
Average SMAPE across all features: 0.6384586544573889
Privacy Scores:
Statistical Details of Privacy Scores:
Minimum: 0.22620457369980332
Maximum: 0.9998389929914195
Mean: 0.8689552867705709
Standard Deviation: 0.15310360860065994
Average: 0.8689552867705709
Accuracy: 0.24, Recall: 0.13707482993197279, Precision: 0.14658385093167703, F1 Score: 0.11738816738816739, MCC: 0.018327399996004082
Average SMAPE across all features: 0.6352533472796376
Privacy Scores:
Statistical Details of Privacy Scores:
Minimum: 0.271044186476596
Maximum: 0.9998871725058366
Mean: 0.8534659931813715
Standard Deviation: 0.15321738476234378
Average: 0.8534659931813715
Accuracy: 0.312, Recall: 0.14709595959595959, Precision: 0.17159244264507423, F1 Score: 0.14980209619708051, MCC: 0.01374150191159878
Average SMAPE across all features: 0.6321679044504278
Privacy Scores:
Statistical Details of Privacy Scores:
Minimum: 0.23939856321072153
Maximum: 0.9999044448172351
Mean: 0.8426672379709087
Standard Deviation: 0.16218973430568046
Average: 0.8426672379709087
Accuracy: 0.352, Recall: 0.17420634920634917, Precision: 0.162960247637667, F1 Score: 0.146245917587381, MCC: -0.03367328786870888
Average SMAPE across all features: 0.634102844392334
Privacy Scores:
Statistical Details of Privacy Scores:
Minimum: 0.14114163663126023
Maximum: 0.9999528688808774
Mean: 0.8787600924513804
Standard Deviation: 0.14633698590542454
Average: 0.8787600924513804
Accuracy: 0.296, Recall: 0.10289115646258504, Precision: 0.07929666119321291, F1 Score: 0.08955357142857143, MCC: -0.06682847615129218
Average SMAPE across all features: 0.6352540956967543
Privacy Scores:
Statistical Details of Privacy Scores:
Minimum: 0.27737465225636654
Maximum: 0.9998289750328128
Mean: 0.8674699417067604
Standard Deviation: 0.15710160763909634
Average: 0.8674699417067604
Accuracy: 0.168, Recall: 0.1067099567099567, Precision: 0.12077651515151515, F1 Score: 0.08160843520038921, MCC: -0.05800812412487988
Average SMAPE across all features: 0.6367744975130616
Privacy Scores:
Statistical Details of Privacy Scores:
Minimum: 0.1762151026345645
Maximum: 0.9999788379678092
Mean: 0.8614450979187643
Standard Deviation: 0.1497800843610149
Average: 0.8614450979187643
Accuracy: 0.304, Recall: 0.13628633271490415, Precision: 0.1460362637485773, F1 Score: 0.13228867293204893, MCC: -0.007199586790134054
Average SMAPE across all features: 0.6363706434530044
Privacy Scores:
Statistical Details of Privacy Scores:
Minimum: 0.20261225384649187
Maximum: 0.9998613020781357
Mean: 0.849903529556276
Standard Deviation: 0.1578378518205281
Average: 0.849903529556276
Accuracy: 0.304, Recall: 0.15225468975468978, Precision: 0.15407309816582002, F1 Score: 0.1480012740882306, MCC: -0.00169964624285933
Average SMAPE across all features: 0.6349667307429977
Privacy Scores:
Statistical Details of Privacy Scores:
Minimum: 0.13980465682462856
Maximum: 0.999991249868434
Mean: 0.851587947930108
Standard Deviation: 0.15672604496735887
Average: 0.851587947930108
Accuracy: 0.24, Recall: 0.1394712430426716, Precision: 0.1491402082612603, F1 Score: 0.1259561868552112, MCC: 0.018428547062673516
Average SMAPE across all features: 0.6373932608613762
Privacy Scores:
Statistical Details of Privacy Scores:
Minimum: 0.1886613887958468
Maximum: 0.9999521377604094
Mean: 0.8543663608824684
Standard Deviation: 0.1609421397790003
Average: 0.8543663608824684
Accuracy: 0.256, Recall: 0.14935064935064934, Precision: 0.12087912087912088, F1 Score: 0.12735042735042734, MCC: -0.00581812452995878
Average SMAPE across all features: 0.6347988985083738
Privacy Scores:
Statistical Details of Privacy Scores:
Minimum: 0.2634425793773402
Maximum: 0.9999733239904082
Mean: 0.8498237674136638
Standard Deviation: 0.16503671286572577
Average: 0.8498237674136638
Accuracy: 0.32, Recall: 0.1304421768707483, Precision: 0.131600740982892, F1 Score: 0.12749968407024265, MCC: -0.009912877805801181
Average SMAPE across all features: 0.635363801968917
Privacy Scores:
Statistical Details of Privacy Scores:
Minimum: 0.31041860504469115
Maximum: 0.9999152931482057
Mean: 0.8602397437110835
Standard Deviation: 0.15512024495123655
Average: 0.8602397437110835
Accuracy: 0.28, Recall: 0.15499381570810142, Precision: 0.13266747376916868, F1 Score: 0.12040816326530611, MCC: -0.0034720387092040533
Average SMAPE across all features: 0.6359107295851608
Privacy Scores:
Statistical Details of Privacy Scores:
Minimum: 0.21098096942641165
Maximum: 0.9996407972914358
Mean: 0.8451294335492887
Standard Deviation: 0.16191831539845863
Average: 0.8451294335492887
Accuracy: 0.248, Recall: 0.11964285714285712, Precision: 0.13566468253968253, F1 Score: 0.12508261379383862, MCC: -0.054841427926446355
Average SMAPE across all features: 0.6332797556339606
Privacy Scores:
Statistical Details of Privacy Scores:
Minimum: 0.2505337932528706
Maximum: 0.999685526581831
Mean: 0.8413811455879106
Standard Deviation: 0.16863978113460154
Average: 0.8413811455879106
Accuracy: 0.28, Recall: 0.13055555555555556, Precision: 0.13150503444621092, F1 Score: 0.13062732881314518, MCC: -0.04512753610889947
Average SMAPE across all features: 0.6372589466028947
Privacy Scores:
Statistical Details of Privacy Scores:
Minimum: 0.11905183341425879
Maximum: 0.9999305271519228
Mean: 0.8363578490138807
Standard Deviation: 0.1692166800588334
Average: 0.8363578490138807
Accuracy: 0.224, Recall: 0.13362708719851576, Precision: 0.1364403917595407, F1 Score: 0.12381911914793393, MCC: -0.0758217944168329
Average SMAPE across all features: 0.6332136816225141
Privacy Scores:
Statistical Details of Privacy Scores:
Minimum: 0.1543340072374552
Maximum: 0.9991500381016132
Mean: 0.8308377473054632
Standard Deviation: 0.16945432465036916
Average: 0.8308377473054632
Accuracy: 0.304, Recall: 0.22943722943722944, Precision: 0.26739032112166444, F1 Score: 0.15537128037128037, MCC: 0.019542323554054906
Average SMAPE across all features: 0.6366868054275258
Privacy Scores:
Statistical Details of Privacy Scores:
Minimum: 0.2491220224797869
Maximum: 0.9999383628407099
Mean: 0.8692491276744467
Standard Deviation: 0.15346228219302308
Average: 0.8692491276744467
Accuracy: 0.256, Recall: 0.1326530612244898, Precision: 0.08392857142857144, F1 Score: 0.09424449024892977, MCC: -0.019196189851887355
Average SMAPE across all features: 0.6376175118923634
Privacy Scores:
Statistical Details of Privacy Scores:
Minimum: 0.2836367956782998
Maximum: 0.999934560908479
Mean: 0.8660319482571193
Standard Deviation: 0.15662542180154046
Average: 0.8660319482571193
Accuracy: 0.2, Recall: 0.120578231292517, Precision: 0.1613462371804131, F1 Score: 0.08221796013112705, MCC: -0.0055718062799220225
Average SMAPE across all features: 0.6349295854455458
Privacy Scores:
Statistical Details of Privacy Scores:
Minimum: 0.20956907411251538
Maximum: 0.9997644627904164
Mean: 0.8308556086664443
Standard Deviation: 0.16909101036630658
Average: 0.8308556086664443
Accuracy: 0.432, Recall: 0.2258039579468151, Precision: 0.21651855390985825, F1 Score: 0.2032569048581072, MCC: 0.22407187070024154
Average SMAPE across all features: 0.6349872176253913
Privacy Scores:
Statistical Details of Privacy Scores:
Minimum: 0.17923553604664794
Maximum: 0.999990360196354
Mean: 0.8315529219065356
Standard Deviation: 0.16542555463653172
Average: 0.8315529219065356
Accuracy: 0.368, Recall: 0.17880333951762523, Precision: 0.13666666666666666, F1 Score: 0.1429694986946895, MCC: 0.060795159893371455
Average SMAPE across all features: 0.6348159500970995
Privacy Scores:
Statistical Details of Privacy Scores:
Minimum: 0.2835361571317844
Maximum: 0.9998831937587594
Mean: 0.8615963991088369
Standard Deviation: 0.15392176714685948
Average: 0.8615963991088369
Accuracy: 0.312, Recall: 0.17680375180375182, Precision: 0.17174688057041, F1 Score: 0.16986941571299663, MCC: 0.03315604321136349
n12 JS avg:  0.003919364595029691
cube
Average SMAPE across all features: 0.6355009494445559
Privacy Scores:
Statistical Details of Privacy Scores:
Minimum: 0.19351307697904377
Maximum: 0.99985859849583
Mean: 0.8579397598455059
Standard Deviation: 0.1557702255843662
Average: 0.8579397598455059
Accuracy: 0.232, Recall: 0.11468253968253968, Precision: 0.1300817539947975, F1 Score: 0.10174184509823388, MCC: -0.12902168758647106
Average SMAPE across all features: 0.6327804129980029
Privacy Scores:
Statistical Details of Privacy Scores:
Minimum: 0.31362108175662495
Maximum: 0.9997818463043141
Mean: 0.857981652137276
Standard Deviation: 0.15231136423247824
Average: 0.857981652137276
Accuracy: 0.28, Recall: 0.13520408163265304, Precision: 0.135258358662614, F1 Score: 0.12110957004160887, MCC: 0.0036292303326922494
Average SMAPE across all features: 0.6349954677273905
Privacy Scores:
Statistical Details of Privacy Scores:
Minimum: 0.20432342863184946
Maximum: 0.9993187882011991
Mean: 0.8701038682007696
Standard Deviation: 0.13923099705309536
Average: 0.8701038682007696
Accuracy: 0.304, Recall: 0.12312925170068027, Precision: 0.12603586889301174, F1 Score: 0.12236432037165398, MCC: -0.00844045220177504
Average SMAPE across all features: 0.6339882901191134
Privacy Scores:
Statistical Details of Privacy Scores:
Minimum: 0.27746884888614626
Maximum: 0.9998969948545466
Mean: 0.8603641930089084
Standard Deviation: 0.1580664628130409
Average: 0.8603641930089084
Accuracy: 0.288, Recall: 0.09183673469387756, Precision: 0.0767590618336887, F1 Score: 0.08362369337979093, MCC: -0.047300507806120065
Average SMAPE across all features: 0.6352602901116751
Privacy Scores:
Statistical Details of Privacy Scores:
Minimum: 0.2957812828631703
Maximum: 0.9999894514634795
Mean: 0.8494138928014013
Standard Deviation: 0.15397651647624078
Average: 0.8494138928014013
Accuracy: 0.272, Recall: 0.15483405483405482, Precision: 0.16055555555555556, F1 Score: 0.13591699993781972, MCC: 0.014862591398258913
Average SMAPE across all features: 0.6339555484368764
Privacy Scores:
Statistical Details of Privacy Scores:
Minimum: 0.32027283596889167
Maximum: 0.9997438333517625
Mean: 0.840854843394261
Standard Deviation: 0.16576773348713686
Average: 0.840854843394261
Accuracy: 0.296, Recall: 0.13418367346938775, Precision: 0.11327046429633406, F1 Score: 0.10737951342850975, MCC: -0.0027739722774005305
Average SMAPE across all features: 0.6372762091681987
Privacy Scores:
Statistical Details of Privacy Scores:
Minimum: 0.10568079249873533
Maximum: 0.9999354693283252
Mean: 0.8647545291159053
Standard Deviation: 0.14971600110175448
Average: 0.8647545291159053
Accuracy: 0.192, Recall: 0.09625850340136055, Precision: 0.10414165666266506, F1 Score: 0.08895073180787468, MCC: -0.09018511329664947
Average SMAPE across all features: 0.6344415617187121
Privacy Scores:
Statistical Details of Privacy Scores:
Minimum: 0.24595751883858666
Maximum: 0.9998171833361075
Mean: 0.8561203212147118
Standard Deviation: 0.15561936353405478
Average: 0.8561203212147118
Accuracy: 0.24, Recall: 0.1201917130488559, Precision: 0.10478927203065135, F1 Score: 0.10557865779540657, MCC: -0.0753961117422988
Average SMAPE across all features: 0.6346060523374317
Privacy Scores:
Statistical Details of Privacy Scores:
Minimum: 0.27219876411430227
Maximum: 0.9997867037690288
Mean: 0.8596323260382662
Standard Deviation: 0.1525852539828127
Average: 0.8596323260382662
Accuracy: 0.344, Recall: 0.18293650793650795, Precision: 0.1769554841223456, F1 Score: 0.15264177886576907, MCC: 0.06295831260532896
Average SMAPE across all features: 0.6335008350211958
Privacy Scores:
Statistical Details of Privacy Scores:
Minimum: 0.27066472060371916
Maximum: 0.999813140703567
Mean: 0.8748696709373582
Standard Deviation: 0.14048888667798595
Average: 0.8748696709373582
Accuracy: 0.208, Recall: 0.08978625541125541, Precision: 0.11021773802094169, F1 Score: 0.09220317620032528, MCC: -0.03074031820630859
Average SMAPE across all features: 0.6364619131417255
Privacy Scores:
Statistical Details of Privacy Scores:
Minimum: 0.24992707706909145
Maximum: 0.9999441108228351
Mean: 0.8696444137607857
Standard Deviation: 0.1414783912457623
Average: 0.8696444137607857
Accuracy: 0.288, Recall: 0.1393630179344465, Precision: 0.1285959868829724, F1 Score: 0.12012840267077556, MCC: -0.00018948333813389114
Average SMAPE across all features: 0.6324164777456571
Privacy Scores:
Statistical Details of Privacy Scores:
Minimum: 0.28459071818987297
Maximum: 0.9999985716657124
Mean: 0.8440963526333668
Standard Deviation: 0.15898182634540114
Average: 0.8440963526333668
Accuracy: 0.328, Recall: 0.15622294372294374, Precision: 0.15773809523809523, F1 Score: 0.1517176780334675, MCC: -0.052535954761889166
Average SMAPE across all features: 0.6359345847277761
Privacy Scores:
Statistical Details of Privacy Scores:
Minimum: 0.28431547293412035
Maximum: 0.9999331684307619
Mean: 0.8446368471128931
Standard Deviation: 0.1587810323801292
Average: 0.8446368471128931
Accuracy: 0.304, Recall: 0.13673469387755102, Precision: 0.12429138321995466, F1 Score: 0.12563830727096034, MCC: 0.0066556103319570644
Average SMAPE across all features: 0.6333497090809647
Privacy Scores:
Statistical Details of Privacy Scores:
Minimum: 0.31852085279323966
Maximum: 0.9999945738791809
Mean: 0.8577408787665126
Standard Deviation: 0.1580806061577999
Average: 0.8577408787665126
Accuracy: 0.288, Recall: 0.11768707482993197, Precision: 0.15647111509180475, F1 Score: 0.11106117805716446, MCC: -0.004136407564358158
Average SMAPE across all features: 0.6364049300101735
Privacy Scores:
Statistical Details of Privacy Scores:
Minimum: 0.3301569712022384
Maximum: 0.9998657965388751
Mean: 0.8691115037646941
Standard Deviation: 0.14735246795315074
Average: 0.8691115037646941
Accuracy: 0.264, Recall: 0.1282312925170068, Precision: 0.10924369747899158, F1 Score: 0.10098700304611709, MCC: -0.025683234320197274
Average SMAPE across all features: 0.6350413211837823
Privacy Scores:
Statistical Details of Privacy Scores:
Minimum: 0.24278409078170585
Maximum: 0.9994493533597549
Mean: 0.8470747693683164
Standard Deviation: 0.166106595413313
Average: 0.8470747693683164
Accuracy: 0.24, Recall: 0.11852453102453103, Precision: 0.12113397082971118, F1 Score: 0.11700409031236098, MCC: -0.09076591441083925
Average SMAPE across all features: 0.6346538671241957
Privacy Scores:
Statistical Details of Privacy Scores:
Minimum: 0.29222103421970347
Maximum: 0.9996497733503004
Mean: 0.8564092481086902
Standard Deviation: 0.15874748677904954
Average: 0.8564092481086902
Accuracy: 0.256, Recall: 0.34498556998557, Precision: 0.21159495038805387, F1 Score: 0.2116912798874824, MCC: -0.0016126230883116962
Average SMAPE across all features: 0.6359534669548723
Privacy Scores:
Statistical Details of Privacy Scores:
Minimum: 0.21803009300952195
Maximum: 0.9998817708955401
Mean: 0.8684970451757997
Standard Deviation: 0.14959859549959825
Average: 0.8684970451757997
Accuracy: 0.2, Recall: 0.10318491032776747, Precision: 0.12097413383958233, F1 Score: 0.1053929040673034, MCC: -0.08985989474246527
Average SMAPE across all features: 0.6314296278533371
Privacy Scores:
Statistical Details of Privacy Scores:
Minimum: 0.2762097322755271
Maximum: 0.9995337588338297
Mean: 0.8490810063352849
Standard Deviation: 0.16231267854878195
Average: 0.8490810063352849
Accuracy: 0.296, Recall: 0.137987012987013, Precision: 0.13458687076889075, F1 Score: 0.13275129827519977, MCC: 0.0007390792995814852
Average SMAPE across all features: 0.6334433064665469
Privacy Scores:
Statistical Details of Privacy Scores:
Minimum: 0.2392181364034628
Maximum: 0.9997534152989009
Mean: 0.8284729121704383
Standard Deviation: 0.16904820070005278
Average: 0.8284729121704383
Accuracy: 0.336, Recall: 0.16911976911976911, Precision: 0.1843240093240093, F1 Score: 0.1644867159943388, MCC: 0.04545201393783606
cube JS avg:  0.003847380750438986
square
Average SMAPE across all features: 0.6360733456054228
Privacy Scores:
Statistical Details of Privacy Scores:
Minimum: 0.27279845516222717
Maximum: 0.9995610448843724
Mean: 0.8685759569029279
Standard Deviation: 0.1497682481951603
Average: 0.8685759569029279
Accuracy: 0.192, Recall: 0.1179808286951144, Precision: 0.1395995771111405, F1 Score: 0.10837843998358838, MCC: -0.0067165647241834775
Average SMAPE across all features: 0.635590273159276
Privacy Scores:
Statistical Details of Privacy Scores:
Minimum: 0.2062578322478767
Maximum: 0.99945815618348
Mean: 0.8737849655207397
Standard Deviation: 0.15003076387563166
Average: 0.8737849655207397
Accuracy: 0.192, Recall: 0.11376262626262627, Precision: 0.12281820622986038, F1 Score: 0.10771996741959196, MCC: -0.08503711252114032
Average SMAPE across all features: 0.6369899628444279
Privacy Scores:
Statistical Details of Privacy Scores:
Minimum: 0.19345829961303193
Maximum: 0.9994282827855648
Mean: 0.8407402871936771
Standard Deviation: 0.16160475742519692
Average: 0.8407402871936771
Accuracy: 0.304, Recall: 0.17474747474747476, Precision: 0.17698124621899577, F1 Score: 0.16884504639762035, MCC: 0.005960732048693078
Average SMAPE across all features: 0.6368916353133927
Privacy Scores:
Statistical Details of Privacy Scores:
Minimum: 0.2579150633103789
Maximum: 0.9998615362712174
Mean: 0.8438695911093658
Standard Deviation: 0.1636366606097283
Average: 0.8438695911093658
Accuracy: 0.272, Recall: 0.21067821067821066, Precision: 0.1815032349515108, F1 Score: 0.1768726060434104, MCC: 0.033786569835248116
Average SMAPE across all features: 0.6346696720861337
Privacy Scores:
Statistical Details of Privacy Scores:
Minimum: 0.2615781947727331
Maximum: 0.9997185982943898
Mean: 0.8647723060031222
Standard Deviation: 0.14998784588663136
Average: 0.8647723060031222
Accuracy: 0.24, Recall: 0.12716450216450217, Precision: 0.11459255030683602, F1 Score: 0.1131973460740584, MCC: -0.05627807691399666
Average SMAPE across all features: 0.6347966011508255
Privacy Scores:
Statistical Details of Privacy Scores:
Minimum: 0.22940902142551967
Maximum: 0.999949493103216
Mean: 0.840049930953322
Standard Deviation: 0.17279334985312825
Average: 0.840049930953322
Accuracy: 0.264, Recall: 0.1552721088435374, Precision: 0.15304023508137435, F1 Score: 0.10870129870129872, MCC: 0.053097787427747
Average SMAPE across all features: 0.6344433831229528
Privacy Scores:
Statistical Details of Privacy Scores:
Minimum: 0.24380297935588055
Maximum: 0.9998485200103961
Mean: 0.865273750852683
Standard Deviation: 0.1520383524215323
Average: 0.865273750852683
Accuracy: 0.248, Recall: 0.1115800865800866, Precision: 0.18196248196248196, F1 Score: 0.12024077649077648, MCC: -0.04524602571748804
Average SMAPE across all features: 0.6341775544227137
Privacy Scores:
Statistical Details of Privacy Scores:
Minimum: 0.2685007583624405
Maximum: 0.9996280589831594
Mean: 0.8586372805326393
Standard Deviation: 0.15884199921003497
Average: 0.8586372805326393
Accuracy: 0.28, Recall: 0.11972789115646257, Precision: 0.11825964732941477, F1 Score: 0.11486918213613129, MCC: -0.0295606004652723
Average SMAPE across all features: 0.6353732837268381
Privacy Scores:
Statistical Details of Privacy Scores:
Minimum: 0.19509529405532058
Maximum: 0.9999716997738514
Mean: 0.85793393209123
Standard Deviation: 0.15505505929270166
Average: 0.85793393209123
Accuracy: 0.232, Recall: 0.14200680272108843, Precision: 0.08093578894972622, F1 Score: 0.0851991281949673, MCC: -0.022990093024006203
Average SMAPE across all features: 0.6343193400566053
Privacy Scores:
Statistical Details of Privacy Scores:
Minimum: 0.15926438959657507
Maximum: 0.9996155937980926
Mean: 0.8559575370862939
Standard Deviation: 0.16098710035268302
Average: 0.8559575370862939
Accuracy: 0.256, Recall: 0.1496598639455782, Precision: 0.09770114942528736, F1 Score: 0.09427609427609428, MCC: 0.04403603278950123
Average SMAPE across all features: 0.6362269228227213
Privacy Scores:
Statistical Details of Privacy Scores:
Minimum: 0.24207916652463707
Maximum: 0.9999769352637298
Mean: 0.8558736694279241
Standard Deviation: 0.16361770618986923
Average: 0.8558736694279241
Accuracy: 0.208, Recall: 0.11808905380333952, Precision: 0.13143466341760585, F1 Score: 0.10059019655292947, MCC: -0.05128037870411569
Average SMAPE across all features: 0.636851466231841
Privacy Scores:
Statistical Details of Privacy Scores:
Minimum: 0.24274640694791128
Maximum: 0.9999995546439836
Mean: 0.8514338859197285
Standard Deviation: 0.16583627187570404
Average: 0.8514338859197285
Accuracy: 0.24, Recall: 0.08843537414965986, Precision: 0.10035014005602241, F1 Score: 0.09021762551174316, MCC: -0.11306486302685892
Average SMAPE across all features: 0.636397894146058
Privacy Scores:
Statistical Details of Privacy Scores:
Minimum: 0.27104137526339744
Maximum: 0.9999437450276191
Mean: 0.8567405930726323
Standard Deviation: 0.16402239056633428
Average: 0.8567405930726323
Accuracy: 0.264, Recall: 0.13945578231292519, Precision: 0.08214501771670556, F1 Score: 0.09758517499079837, MCC: -0.033774947527427046
Average SMAPE across all features: 0.6399187974923108
Privacy Scores:
Statistical Details of Privacy Scores:
Minimum: 0.23526245400741874
Maximum: 0.9997840930672737
Mean: 0.8635599663767737
Standard Deviation: 0.15356617635976932
Average: 0.8635599663767737
Accuracy: 0.16, Recall: 0.08849721706864565, Precision: 0.10190476190476191, F1 Score: 0.08075168764823937, MCC: -0.06885511559250575
Average SMAPE across all features: 0.6354978965113021
Privacy Scores:
Statistical Details of Privacy Scores:
Minimum: 0.23644583490741278
Maximum: 0.9997419988023647
Mean: 0.8485488894072691
Standard Deviation: 0.1630163213643407
Average: 0.8485488894072691
Accuracy: 0.272, Recall: 0.3147031539888682, Precision: 0.23450903934774905, F1 Score: 0.22963265281404155, MCC: 0.07223003364037599
Average SMAPE across all features: 0.634772716749818
Privacy Scores:
Statistical Details of Privacy Scores:
Minimum: 0.1837372872301466
Maximum: 0.9998915207768311
Mean: 0.847653135616634
Standard Deviation: 0.15582480250954212
Average: 0.847653135616634
Accuracy: 0.328, Recall: 0.18454184704184703, Precision: 0.17497911445279865, F1 Score: 0.17556838237147973, MCC: 0.0311544749611731
Average SMAPE across all features: 0.6324817246727633
Privacy Scores:
Statistical Details of Privacy Scores:
Minimum: 0.2362234718281529
Maximum: 0.9996095261415987
Mean: 0.8318400945949529
Standard Deviation: 0.16799043454839296
Average: 0.8318400945949529
Accuracy: 0.4, Recall: 0.23214285714285712, Precision: 0.26971163541036497, F1 Score: 0.1924371209658103, MCC: 0.16498714231168066
Average SMAPE across all features: 0.6349871220292038
Privacy Scores:
Statistical Details of Privacy Scores:
Minimum: 0.2421865464572481
Maximum: 0.9998947534454874
Mean: 0.8368070850163039
Standard Deviation: 0.1684598960268703
Average: 0.8368070850163039
Accuracy: 0.272, Recall: 0.1422387136672851, Precision: 0.16703772418058133, F1 Score: 0.1420691353464463, MCC: 0.015001599429334773
Average SMAPE across all features: 0.6385202580082111
Privacy Scores:
Statistical Details of Privacy Scores:
Minimum: 0.2606063902347038
Maximum: 0.9995328980656843
Mean: 0.8841568623011694
Standard Deviation: 0.13268416060542165
Average: 0.8841568623011694
Accuracy: 0.216, Recall: 0.0773809523809524, Precision: 0.0672649365348856, F1 Score: 0.07009580674150458, MCC: -0.11962044045541959
Average SMAPE across all features: 0.6363260179786625
Privacy Scores:
Statistical Details of Privacy Scores:
Minimum: 0.25388797637396726
Maximum: 0.9999421423920851
Mean: 0.8624283373312706
Standard Deviation: 0.1546711999870219
Average: 0.8624283373312706
Accuracy: 0.224, Recall: 0.12278911564625851, Precision: 0.1606413994169096, F1 Score: 0.10975992648466516, MCC: 0.0019108161600489607
square JS avg:  0.0041927174911490315
howso
Average SMAPE across all features: 0.6573686561529538
Privacy Scores:
Statistical Details of Privacy Scores:
Minimum: 0.5449557096436335
Maximum: 0.9999800836824564
Mean: 0.9090971151767969
Standard Deviation: 0.08128376317303167
Average: 0.9090971151767969
Accuracy: 0.416, Recall: 0.18860544217687078, Precision: 0.20321151716500552, F1 Score: 0.16743326118326118, MCC: 0.13918679670547524
Average SMAPE across all features: 0.6565464531611391
Privacy Scores:
Statistical Details of Privacy Scores:
Minimum: 0.6240906330184778
Maximum: 0.9998018397688414
Mean: 0.919132406375072
Standard Deviation: 0.07432495653261288
Average: 0.919132406375072
Accuracy: 0.272, Recall: 0.10374149659863945, Precision: 0.08425826470939253, F1 Score: 0.08945879236650413, MCC: -0.042744688247098615
Average SMAPE across all features: 0.6637000333995792
Privacy Scores:
Statistical Details of Privacy Scores:
Minimum: 0.5692579065044787
Maximum: 0.9999959626237762
Mean: 0.9096374514951457
Standard Deviation: 0.07801348011426616
Average: 0.9096374514951457
Accuracy: 0.232, Recall: 0.0967687074829932, Precision: 0.09039769754055468, F1 Score: 0.08434687006115578, MCC: -0.09494848378968629
Average SMAPE across all features: 0.6619664100349908
Privacy Scores:
Statistical Details of Privacy Scores:
Minimum: 0.56392284735149
Maximum: 0.9999884445127157
Mean: 0.9037462585241074
Standard Deviation: 0.08639989857280665
Average: 0.9037462585241074
Accuracy: 0.248, Recall: 0.12142857142857144, Precision: 0.12891954381316084, F1 Score: 0.12457047893941098, MCC: -0.06671585554358067
Average SMAPE across all features: 0.653740133042152
Privacy Scores:
Statistical Details of Privacy Scores:
Minimum: 0.5776573666575641
Maximum: 0.9999707060625138
Mean: 0.9138304108597076
Standard Deviation: 0.07918228230173356
Average: 0.9138304108597076
Accuracy: 0.36, Recall: 0.18975468975468976, Precision: 0.1941894910644911, F1 Score: 0.18006796233288655, MCC: 0.06391235831267937
Average SMAPE across all features: 0.6553158769131554
Privacy Scores:
Statistical Details of Privacy Scores:
Minimum: 0.40332720359982455
Maximum: 0.9998554049882243
Mean: 0.8982129903192988
Standard Deviation: 0.08789744474465945
Average: 0.8982129903192988
Accuracy: 0.392, Recall: 0.2060760667903525, Precision: 0.20040378724589253, F1 Score: 0.19468007460870976, MCC: 0.1409431737620622
Average SMAPE across all features: 0.6591133810858891
Privacy Scores:
Statistical Details of Privacy Scores:
Minimum: 0.35836753349715295
Maximum: 0.9999336532794005
Mean: 0.9043615890139756
Standard Deviation: 0.08891515470805163
Average: 0.9043615890139756
Accuracy: 0.416, Recall: 0.22948361162646874, Precision: 0.20926860070793504, F1 Score: 0.21355905998763142, MCC: 0.1766719321034087
Average SMAPE across all features: 0.6645378642020485
Privacy Scores:
Statistical Details of Privacy Scores:
Minimum: 0.5691841081339124
Maximum: 0.9997341284683654
Mean: 0.911139963732729
Standard Deviation: 0.0784274904435695
Average: 0.911139963732729
Accuracy: 0.264, Recall: 0.09693877551020409, Precision: 0.07428571428571429, F1 Score: 0.08406429282632402, MCC: -0.11532673928145955
Average SMAPE across all features: 0.6653705958971815
Privacy Scores:
Statistical Details of Privacy Scores:
Minimum: 0.5156619579233878
Maximum: 0.9998771167276919
Mean: 0.9178278263025991
Standard Deviation: 0.07882522670401784
Average: 0.9178278263025991
Accuracy: 0.248, Recall: 0.11496598639455782, Precision: 0.13082706766917293, F1 Score: 0.1092884420543995, MCC: -0.004974703774861642
Average SMAPE across all features: 0.657643340691299
Privacy Scores:
Statistical Details of Privacy Scores:
Minimum: 0.5536348119353934
Maximum: 0.9998899960794565
Mean: 0.90435254901945
Standard Deviation: 0.08488252993731722
Average: 0.90435254901945
Accuracy: 0.376, Recall: 0.16972789115646258, Precision: 0.1617074974979331, F1 Score: 0.13816160610585698, MCC: 0.09528264503727907
Average SMAPE across all features: 0.6561609777311863
Privacy Scores:
Statistical Details of Privacy Scores:
Minimum: 0.4155055004874004
Maximum: 0.9999815948793462
Mean: 0.9016431701100275
Standard Deviation: 0.08530842164633134
Average: 0.9016431701100275
Accuracy: 0.392, Recall: 0.20142238713667288, Precision: 0.20243902439024392, F1 Score: 0.18674766094120931, MCC: 0.13110939533538296
Average SMAPE across all features: 0.6603190478899211
Privacy Scores:
Statistical Details of Privacy Scores:
Minimum: 0.5351070947034386
Maximum: 0.9996579084838353
Mean: 0.9020956350777908
Standard Deviation: 0.08426524325814728
Average: 0.9020956350777908
Accuracy: 0.352, Recall: 0.17705627705627705, Precision: 0.17019740125996333, F1 Score: 0.1698230668414155, MCC: 0.08083929738281463
Average SMAPE across all features: 0.6637934222026172
Privacy Scores:
Statistical Details of Privacy Scores:
Minimum: 0.5661042440473895
Maximum: 0.9999791593285925
Mean: 0.9056586243939581
Standard Deviation: 0.08477942473105404
Average: 0.9056586243939581
Accuracy: 0.36, Recall: 0.15646258503401358, Precision: 0.1580100626174604, F1 Score: 0.13950321110701605, MCC: 0.05349736770719182
Average SMAPE across all features: 0.6618591261982265
Privacy Scores:
Statistical Details of Privacy Scores:
Minimum: 0.5410403162287309
Maximum: 0.9998278388103454
Mean: 0.9058245532093652
Standard Deviation: 0.08638653672474796
Average: 0.9058245532093652
Accuracy: 0.224, Recall: 0.11768707482993197, Precision: 0.12127363022503689, F1 Score: 0.10798029556650247, MCC: -0.03595415211318813
Average SMAPE across all features: 0.654283343747896
Privacy Scores:
Statistical Details of Privacy Scores:
Minimum: 0.38915213523061415
Maximum: 0.9996610032404188
Mean: 0.8890608168415753
Standard Deviation: 0.09117236635155467
Average: 0.8890608168415753
Accuracy: 0.416, Recall: 0.20131416202844774, Precision: 0.2642668178382464, F1 Score: 0.20801445578231292, MCC: 0.1137231929518655
Average SMAPE across all features: 0.6566238080725344
Privacy Scores:
Statistical Details of Privacy Scores:
Minimum: 0.5891456479862699
Maximum: 0.9999250035677247
Mean: 0.9123098029713594
Standard Deviation: 0.0789298796213252
Average: 0.9123098029713594
Accuracy: 0.288, Recall: 0.12738095238095237, Precision: 0.13452967393854093, F1 Score: 0.10487257103798456, MCC: -0.002946685841824867
Average SMAPE across all features: 0.6571291577610258
Privacy Scores:
Statistical Details of Privacy Scores:
Minimum: 0.5322753410628184
Maximum: 0.999403683414238
Mean: 0.9095894646667165
Standard Deviation: 0.08135953097423912
Average: 0.9095894646667165
Accuracy: 0.312, Recall: 0.1265422077922078, Precision: 0.13251839637456814, F1 Score: 0.125362802484991, MCC: 0.008994688202329477
Average SMAPE across all features: 0.6558142662292644
Privacy Scores:
Statistical Details of Privacy Scores:
Minimum: 0.5552223631683152
Maximum: 0.9999571878903739
Mean: 0.9034389420819318
Standard Deviation: 0.09070978641327328
Average: 0.9034389420819318
Accuracy: 0.256, Recall: 0.11989795918367345, Precision: 0.08854166666666667, F1 Score: 0.09343891402714932, MCC: -0.03487097803107285
Average SMAPE across all features: 0.6588276575148385
Privacy Scores:
Statistical Details of Privacy Scores:
Minimum: 0.5064090986955491
Maximum: 0.9999347811432802
Mean: 0.9045632636231846
Standard Deviation: 0.08618949804552316
Average: 0.9045632636231846
Accuracy: 0.32, Recall: 0.16611008039579467, Precision: 0.1678004535147392, F1 Score: 0.16162158643361652, MCC: 0.03579814851697157
Average SMAPE across all features: 0.6608548309151027
Privacy Scores:
Statistical Details of Privacy Scores:
Minimum: 0.3426959823256459
Maximum: 0.9998323650768637
Mean: 0.901795190500079
Standard Deviation: 0.08927337551894884
Average: 0.901795190500079
Accuracy: 0.28, Recall: 0.3068645640074212, Precision: 0.29645116533649013, F1 Score: 0.2715057334693025, MCC: 0.04151273651365925
howso JS avg:  0.004724976785931367
correlated_attribute_mode
Average SMAPE across all features: 0.6649367603510653
Privacy Scores:
Statistical Details of Privacy Scores:
Minimum: 0.2881986696237411
Maximum: 0.9997192918709806
Mean: 0.9095587307916463
Standard Deviation: 0.0877153560180227
Average: 0.9095587307916463
Accuracy: 0.2, Recall: 0.12636054421768708, Precision: 0.10509382118785372, F1 Score: 0.08249789803561873, MCC: -0.06689660431126512
Average SMAPE across all features: 0.6651451904167245
Privacy Scores:
Statistical Details of Privacy Scores:
Minimum: 0.48079968373365295
Maximum: 0.9998696486658006
Mean: 0.9015726649400114
Standard Deviation: 0.0911729601990032
Average: 0.9015726649400114
Accuracy: 0.336, Recall: 0.14030612244897958, Precision: 0.15196687370600412, F1 Score: 0.13233617052563404, MCC: 0.04613701999252145
Average SMAPE across all features: 0.6636141001428892
Privacy Scores:
Statistical Details of Privacy Scores:
Minimum: 0.6218655786175644
Maximum: 0.9998696486658006
Mean: 0.9074902294834576
Standard Deviation: 0.07800483432551729
Average: 0.9074902294834576
Accuracy: 0.288, Recall: 0.12959183673469388, Precision: 0.12631281761716545, F1 Score: 0.1224105499967569, MCC: -0.03179299064472373
Average SMAPE across all features: 0.664534620695846
Privacy Scores:
Statistical Details of Privacy Scores:
Minimum: 0.5166776645799102
Maximum: 0.999938648480132
Mean: 0.9069916393550624
Standard Deviation: 0.08103065392484339
Average: 0.9069916393550624
Accuracy: 0.272, Recall: 0.1613017934446506, Precision: 0.13211233211233211, F1 Score: 0.14014131764891644, MCC: -0.026111236369197058
Average SMAPE across all features: 0.6642477249659471
Privacy Scores:
Statistical Details of Privacy Scores:
Minimum: 0.5770645436887873
Maximum: 0.9999259914711783
Mean: 0.9142168184433217
Standard Deviation: 0.08050382103187116
Average: 0.9142168184433217
Accuracy: 0.248, Recall: 0.12784992784992785, Precision: 0.164272030651341, F1 Score: 0.1269786472318118, MCC: -0.07298285044410376
Average SMAPE across all features: 0.6646055748767189
Privacy Scores:
Statistical Details of Privacy Scores:
Minimum: 0.48079968373365295
Maximum: 0.9999259914711783
Mean: 0.9042074950998147
Standard Deviation: 0.08360579232371908
Average: 0.9042074950998147
Accuracy: 0.28, Recall: 0.1282312925170068, Precision: 0.14268136195046494, F1 Score: 0.12337827988338192, MCC: -0.013446419461747376
Average SMAPE across all features: 0.6643942214779892
Privacy Scores:
Statistical Details of Privacy Scores:
Minimum: 0.5005308668458337
Maximum: 0.999938648480132
Mean: 0.9046366659754366
Standard Deviation: 0.08197376360714738
Average: 0.9046366659754366
Accuracy: 0.328, Recall: 0.14693877551020407, Precision: 0.14022266731626337, F1 Score: 0.14343774494150432, MCC: 0.004674325692347384
Average SMAPE across all features: 0.6643119937228306
Privacy Scores:
Statistical Details of Privacy Scores:
Minimum: 0.48255031484938743
Maximum: 0.9997268185210693
Mean: 0.9031757100720221
Standard Deviation: 0.09021839815033575
Average: 0.9031757100720221
Accuracy: 0.32, Recall: 0.13792517006802724, Precision: 0.13904761904761903, F1 Score: 0.12516682776765106, MCC: 0.025648110933864543
Average SMAPE across all features: 0.6651011333319321
Privacy Scores:
Statistical Details of Privacy Scores:
Minimum: 0.5005308668458337
Maximum: 0.9998696486658006
Mean: 0.9090322368411347
Standard Deviation: 0.0853215733756133
Average: 0.9090322368411347
Accuracy: 0.296, Recall: 0.15119047619047618, Precision: 0.16316526610644258, F1 Score: 0.11087077536725756, MCC: 0.02617452514884063
Average SMAPE across all features: 0.6649170014057424
Privacy Scores:
Statistical Details of Privacy Scores:
Minimum: 0.48079968373365295
Maximum: 0.9998696486658006
Mean: 0.9002578071875241
Standard Deviation: 0.09377101650550301
Average: 0.9002578071875241
Accuracy: 0.304, Recall: 0.14478973407544835, Precision: 0.14894957983193277, F1 Score: 0.13943744719918608, MCC: 0.02989451473818448
Average SMAPE across all features: 0.664941963226815
Privacy Scores:
Statistical Details of Privacy Scores:
Minimum: 0.48079968373365295
Maximum: 0.9994109454116118
Mean: 0.9085853911651868
Standard Deviation: 0.0866008754907108
Average: 0.9085853911651868
Accuracy: 0.28, Recall: 0.1630952380952381, Precision: 0.13563238563238564, F1 Score: 0.10721804511278196, MCC: 0.026922769620955116
Average SMAPE across all features: 0.6645038003469731
Privacy Scores:
Statistical Details of Privacy Scores:
Minimum: 0.5005308668458337
Maximum: 0.9999259914711783
Mean: 0.904110411178529
Standard Deviation: 0.08053386853843911
Average: 0.904110411178529
Accuracy: 0.344, Recall: 0.24282106782106783, Precision: 0.21785714285714283, F1 Score: 0.2219065955579916, MCC: 0.10030576531327497
Average SMAPE across all features: 0.6641959489368375
Privacy Scores:
Statistical Details of Privacy Scores:
Minimum: 0.5770645436887873
Maximum: 0.999938648480132
Mean: 0.9091316007873254
Standard Deviation: 0.07756300866478283
Average: 0.9091316007873254
Accuracy: 0.296, Recall: 0.13673469387755102, Precision: 0.13264023558141205, F1 Score: 0.1341442970809546, MCC: -0.009502637574140393
Average SMAPE across all features: 0.6650881457827307
Privacy Scores:
Statistical Details of Privacy Scores:
Minimum: 0.2881986696237411
Maximum: 0.9997192918709806
Mean: 0.9054312741128049
Standard Deviation: 0.08834794019539552
Average: 0.9054312741128049
Accuracy: 0.208, Recall: 0.13390538033395177, Precision: 0.13835691671512565, F1 Score: 0.10975825672454885, MCC: -0.0562090866525961
Average SMAPE across all features: 0.6647926418917501
Privacy Scores:
Statistical Details of Privacy Scores:
Minimum: 0.48079968373365295
Maximum: 0.9996069062163787
Mean: 0.9112835492608322
Standard Deviation: 0.08369845521250978
Average: 0.9112835492608322
Accuracy: 0.248, Recall: 0.12346938775510205, Precision: 0.11413461252956877, F1 Score: 0.10786110786110788, MCC: -0.03034405124604818
Average SMAPE across all features: 0.6651839889481285
Privacy Scores:
Statistical Details of Privacy Scores:
Minimum: 0.48255031484938743
Maximum: 0.9998696486658006
Mean: 0.9100563274565224
Standard Deviation: 0.08644412045002542
Average: 0.9100563274565224
Accuracy: 0.248, Recall: 0.11139455782312924, Precision: 0.11278833778833779, F1 Score: 0.10890971020281366, MCC: -0.05260135844178716
Average SMAPE across all features: 0.6639831935930285
Privacy Scores:
Statistical Details of Privacy Scores:
Minimum: 0.48079968373365295
Maximum: 0.999938648480132
Mean: 0.9059722829937105
Standard Deviation: 0.08459664367782675
Average: 0.9059722829937105
Accuracy: 0.336, Recall: 0.16547619047619047, Precision: 0.16739223218096458, F1 Score: 0.155777194517352, MCC: 0.0010051647380121662
Average SMAPE across all features: 0.665370878533744
Privacy Scores:
Statistical Details of Privacy Scores:
Minimum: 0.461579879345092
Maximum: 0.9999375352568003
Mean: 0.9111230122454517
Standard Deviation: 0.07734259573372283
Average: 0.9111230122454517
Accuracy: 0.28, Recall: 0.17031539888682742, Precision: 0.1797924297924298, F1 Score: 0.17005189028910303, MCC: 0.0011874181400238402
Average SMAPE across all features: 0.6639107744805295
Privacy Scores:
Statistical Details of Privacy Scores:
Minimum: 0.48079968373365295
Maximum: 0.9998696486658006
Mean: 0.8967980100757564
Standard Deviation: 0.09104494406328234
Average: 0.8967980100757564
Accuracy: 0.336, Recall: 0.16151824366110082, Precision: 0.16465214679500395, F1 Score: 0.16211307321955423, MCC: 0.04601609193229592
Average SMAPE across all features: 0.6635213601922523
Privacy Scores:
Statistical Details of Privacy Scores:
Minimum: 0.48079968373365295
Maximum: 0.9999259914711783
Mean: 0.9001747416456685
Standard Deviation: 0.08944175931728525
Average: 0.9001747416456685
Accuracy: 0.304, Recall: 0.16984126984126982, Precision: 0.16292735042735043, F1 Score: 0.14405451085292983, MCC: -0.02548707346138891
correlated_attribute_mode JS avg:  0.002584137951185865
independent_attribute_mode
Average SMAPE across all features: 0.6574654247125236
Privacy Scores:
Statistical Details of Privacy Scores:
Minimum: 0.45293756347197245
Maximum: 0.9997048273526047
Mean: 0.9144826728072815
Standard Deviation: 0.07989524107125641
Average: 0.9144826728072815
Accuracy: 0.256, Recall: 0.13075396825396826, Precision: 0.13639981125032574, F1 Score: 0.1257670244448442, MCC: -0.06563256174759101
Average SMAPE across all features: 0.6573026822140138
Privacy Scores:
Statistical Details of Privacy Scores:
Minimum: 0.4933986026374831
Maximum: 0.9995371017721578
Mean: 0.9069731964041169
Standard Deviation: 0.0857942707569115
Average: 0.9069731964041169
Accuracy: 0.352, Recall: 0.15816326530612246, Precision: 0.14047619047619048, F1 Score: 0.1439212048455746, MCC: 0.04955395456897968
Average SMAPE across all features: 0.6579342349621242
Privacy Scores:
Statistical Details of Privacy Scores:
Minimum: 0.45293756347197245
Maximum: 0.999574369059854
Mean: 0.9056085812886245
Standard Deviation: 0.08264378886685005
Average: 0.9056085812886245
Accuracy: 0.272, Recall: 0.12795299938157081, Precision: 0.13769759111374016, F1 Score: 0.13003383171450397, MCC: -0.03977795772360942
Average SMAPE across all features: 0.6596542072155028
Privacy Scores:
Statistical Details of Privacy Scores:
Minimum: 0.5935140616185726
Maximum: 0.9996638916019287
Mean: 0.9098598525993838
Standard Deviation: 0.07910190583503293
Average: 0.9098598525993838
Accuracy: 0.368, Recall: 0.20347866419294994, Precision: 0.20256991685563114, F1 Score: 0.19341991341991344, MCC: 0.11350096461177174
Average SMAPE across all features: 0.6577702017132921
Privacy Scores:
Statistical Details of Privacy Scores:
Minimum: 0.4933986026374831
Maximum: 0.9997924285927269
Mean: 0.9110687940113232
Standard Deviation: 0.07962062331122331
Average: 0.9110687940113232
Accuracy: 0.32, Recall: 0.15187074829931974, Precision: 0.18825289029024175, F1 Score: 0.12117135786475464, MCC: 0.03969890274308584
Average SMAPE across all features: 0.6583441515002643
Privacy Scores:
Statistical Details of Privacy Scores:
Minimum: 0.4933986026374831
Maximum: 0.9995371017721578
Mean: 0.9092548323860998
Standard Deviation: 0.08299981397887976
Average: 0.9092548323860998
Accuracy: 0.312, Recall: 0.15119047619047615, Precision: 0.13765414126994563, F1 Score: 0.13698352972440825, MCC: 0.01989506449813167
Average SMAPE across all features: 0.6591637129336937
Privacy Scores:
Statistical Details of Privacy Scores:
Minimum: 0.4933986026374831
Maximum: 0.999688824371855
Mean: 0.9059839250457107
Standard Deviation: 0.0841842858239882
Average: 0.9059839250457107
Accuracy: 0.368, Recall: 0.16655844155844154, Precision: 0.220995670995671, F1 Score: 0.16953201836922768, MCC: 0.10830311232770258
Average SMAPE across all features: 0.6577009048187389
Privacy Scores:
Statistical Details of Privacy Scores:
Minimum: 0.4933986026374831
Maximum: 0.9997924285927269
Mean: 0.908862120490131
Standard Deviation: 0.0865268137604314
Average: 0.908862120490131
Accuracy: 0.216, Recall: 0.11145382395382397, Precision: 0.12151988108509848, F1 Score: 0.11537575776352614, MCC: -0.1072533646704157
Average SMAPE across all features: 0.6575836785304966
Privacy Scores:
Statistical Details of Privacy Scores:
Minimum: 0.3461475619077937
Maximum: 0.9995371017721578
Mean: 0.9108009352193981
Standard Deviation: 0.08263671700525001
Average: 0.9108009352193981
Accuracy: 0.432, Recall: 0.2736832611832612, Precision: 0.2515873015873016, F1 Score: 0.24759783368273935, MCC: 0.1913278091481988
Average SMAPE across all features: 0.6565210132026659
Privacy Scores:
Statistical Details of Privacy Scores:
Minimum: 0.40553032200083966
Maximum: 0.9995371017721578
Mean: 0.9030346691121925
Standard Deviation: 0.08358923557440852
Average: 0.9030346691121925
Accuracy: 0.448, Recall: 0.2567460317460317, Precision: 0.24182771044873894, F1 Score: 0.21701662292213475, MCC: 0.18415154012217255
Average SMAPE across all features: 0.6593441033979498
Privacy Scores:
Statistical Details of Privacy Scores:
Minimum: 0.5364299637419288
Maximum: 0.9998241493968095
Mean: 0.911642995931174
Standard Deviation: 0.08140327472457773
Average: 0.911642995931174
Accuracy: 0.272, Recall: 0.1153061224489796, Precision: 0.12301587301587302, F1 Score: 0.1027891156462585, MCC: -0.030750609084482225
Average SMAPE across all features: 0.6580603530184006
Privacy Scores:
Statistical Details of Privacy Scores:
Minimum: 0.45293756347197245
Maximum: 0.9998855338525271
Mean: 0.9127781600921576
Standard Deviation: 0.08020542088572497
Average: 0.9127781600921576
Accuracy: 0.352, Recall: 0.13705357142857144, Precision: 0.13185564435564434, F1 Score: 0.12150300292592782, MCC: 0.05653549046610448
Average SMAPE across all features: 0.6575927801980711
Privacy Scores:
Statistical Details of Privacy Scores:
Minimum: 0.49659729206725567
Maximum: 0.999574369059854
Mean: 0.9106056893912107
Standard Deviation: 0.0836643107320108
Average: 0.9106056893912107
Accuracy: 0.432, Recall: 0.22569573283858999, Precision: 0.23399387497748153, F1 Score: 0.22689902613657184, MCC: 0.17296401641544382
Average SMAPE across all features: 0.6590050530568281
Privacy Scores:
Statistical Details of Privacy Scores:
Minimum: 0.48050679869809293
Maximum: 0.9990829787976676
Mean: 0.9141331100466912
Standard Deviation: 0.07704519804180744
Average: 0.9141331100466912
Accuracy: 0.304, Recall: 0.13129251700680272, Precision: 0.12888198757763975, F1 Score: 0.11951639976409743, MCC: 0.016283778888301684
Average SMAPE across all features: 0.656603452896311
Privacy Scores:
Statistical Details of Privacy Scores:
Minimum: 0.45293756347197245
Maximum: 0.9995371017721578
Mean: 0.904778024034177
Standard Deviation: 0.08777829286414003
Average: 0.904778024034177
Accuracy: 0.424, Recall: 0.2121031746031746, Precision: 0.21296457797351706, F1 Score: 0.2021889940525111, MCC: 0.12782799703095254
Average SMAPE across all features: 0.6576927289433351
Privacy Scores:
Statistical Details of Privacy Scores:
Minimum: 0.5927231568796612
Maximum: 0.9998855338525271
Mean: 0.915655288222395
Standard Deviation: 0.07679887277573083
Average: 0.915655288222395
Accuracy: 0.312, Recall: 0.15119047619047615, Precision: 0.13826685689473356, F1 Score: 0.1352140856342537, MCC: 0.03436682960894774
Average SMAPE across all features: 0.6589106539584962
Privacy Scores:
Statistical Details of Privacy Scores:
Minimum: 0.45293756347197245
Maximum: 0.9997924285927269
Mean: 0.9204939231839279
Standard Deviation: 0.07627141008363934
Average: 0.9204939231839279
Accuracy: 0.208, Recall: 0.1010204081632653, Precision: 0.1072698152271573, F1 Score: 0.09472672291762194, MCC: -0.10475805801403779
Average SMAPE across all features: 0.6585757799572779
Privacy Scores:
Statistical Details of Privacy Scores:
Minimum: 0.5963440366361628
Maximum: 0.999683179960916
Mean: 0.905683147632152
Standard Deviation: 0.083959881354768
Average: 0.905683147632152
Accuracy: 0.256, Recall: 0.11553803339517625, Precision: 0.1306910569105691, F1 Score: 0.12001445111768028, MCC: -0.04127029992906462
Average SMAPE across all features: 0.6579583730804043
Privacy Scores:
Statistical Details of Privacy Scores:
Minimum: 0.5154777500497135
Maximum: 0.9997924285927269
Mean: 0.9079902017708796
Standard Deviation: 0.07803849850964668
Average: 0.9079902017708796
Accuracy: 0.384, Recall: 0.19921150278293134, Precision: 0.21388976876781757, F1 Score: 0.18848391690694274, MCC: 0.1127026850162556
Average SMAPE across all features: 0.6568574388454053
Privacy Scores:
Statistical Details of Privacy Scores:
Minimum: 0.45293756347197245
Maximum: 0.9997924285927269
Mean: 0.9078186407845098
Standard Deviation: 0.082229899612835
Average: 0.9078186407845098
Accuracy: 0.336, Recall: 0.2029761904761905, Precision: 0.16005291005291006, F1 Score: 0.15256769374416432, MCC: 0.03546698971451884
independent_attribute_mode JS avg:  0.002216593423602781
SMAPE Statistics:
#
 0,       smapeList_cube,  0.63,  0.00,   -*-               |                   ,  0.63,  0.67
#
 1,        smapeList_n12,  0.64,  0.00,    -*-              |                   ,  0.63,  0.67
#
 2,     smapeList_square,  0.64,  0.00,    -*-              |                   ,  0.63,  0.67
#
 3,  DS_incorr_smapeList,  0.66,  0.00,                     |         -*        ,  0.63,  0.67
#
 4,      howso_smapeList,  0.66,  0.01,                     |        ---*--     ,  0.63,  0.67
#
 5,    DS_corr_smapeList,  0.66,  0.00,                     |                 -*,  0.63,  0.67
Privacy Score Statistics:
#
 0, DS_incorr_privacy_score, -0.91,  0.01,    -*-              |                   , -0.92, -0.83
#
 1, DS_corr_privacy_score, -0.91,  0.01,     --*             |                   , -0.92, -0.83
 1,  howso_privacy_score, -0.90,  0.01,     --*             |                   , -0.92, -0.83
#
 2,   privacy_score_cube, -0.86,  0.02,                     |   ---*---         , -0.92, -0.83
 2, privacy_score_square, -0.86,  0.02,                     |   ----*----       , -0.92, -0.83
 2,    privacy_score_n12, -0.85,  0.02,                     |    ----*----      , -0.92, -0.83
JSD Statistics:
#
 0,   DS_incorr_js_score,  0.00,  0.00,  -*-                |                   ,  0.00,  0.02
 0,     DS_corr_js_score,  0.00,  0.00,  --*                |                   ,  0.00,  0.02
 0,       howso_js_score,  0.00,  0.01,   --*--------       |                   ,  0.00,  0.02
 0,      js_score_square,  0.00,  0.00,    -*----           |                   ,  0.00,  0.02
 0,        js_score_cube,  0.00,  0.00,    --*--            |                   ,  0.00,  0.02
 0,         js_score_n12,  0.00,  0.00,   ---*---           |                   ,  0.00,  0.02
KNN Accuracy Statistics:
#
 0, DS_incorr_knn_accuracy, -0.32,  0.10,            ------*--|---                , -0.45, -0.16
 0,   howso_knn_accuracy, -0.31,  0.12,           --------*-|-----              , -0.45, -0.16
#
 1, DS_corr_knn_accuracy, -0.29,  0.07,                  ---|-*----             , -0.45, -0.16
 1,     knn_accuracy_n12, -0.28,  0.07,                   --|--*----            , -0.45, -0.16
#
 2,    knn_accuracy_cube, -0.28,  0.06,                     |--*----            , -0.45, -0.16
 2,  knn_accuracy_square, -0.25,  0.06,                     |   ---*----        , -0.45, -0.16
KNN Recall Statistics:
#
 0,     howso_knn_recall, -0.16,  0.07,                     |  -----*----       , -0.34, -0.08
 0, DS_incorr_knn_recall, -0.15,  0.08,                     |-------*---        , -0.34, -0.08
 0,   DS_corr_knn_recall, -0.14,  0.03,                     |      ---*-        , -0.34, -0.08
 0,       knn_recall_n12, -0.14,  0.02,                     |       ---*        , -0.34, -0.08
 0,      knn_recall_cube, -0.13,  0.02,                     |         --*-      , -0.34, -0.08
 0,    knn_recall_square, -0.13,  0.04,                     |       ----*-      , -0.34, -0.08
KNN Precision Statistics:
#
 0,  howso_knn_precision, -0.16,  0.08,                 ----|---*-----          , -0.30, -0.07
 0, DS_corr_knn_precision, -0.14,  0.03,                     |  ----*            , -0.30, -0.07
 0, DS_incorr_knn_precision, -0.14,  0.08,               ------|------*            , -0.30, -0.07
 0,    knn_precision_n12, -0.14,  0.03,                     |  ----*            , -0.30, -0.07
 0, knn_precision_square, -0.13,  0.07,                     |-------*-----      , -0.30, -0.07
 0,   knn_precision_cube, -0.13,  0.05,                     |   -----*--        , -0.30, -0.07
KNN F1 Statistics:
#
 0,         howso_knn_f1, -0.14,  0.08,                   --|-----*------       , -0.27, -0.07
 0,     DS_incorr_knn_f1, -0.14,  0.07,                 ----|------*--          , -0.27, -0.07
 0,           knn_f1_n12, -0.13,  0.03,                     |   ----*-          , -0.27, -0.07
 0,       DS_corr_knn_f1, -0.13,  0.03,                     |    ---*---        , -0.27, -0.07
#
 1,          knn_f1_cube, -0.12,  0.03,                     |      ---*--       , -0.27, -0.07
 1,        knn_f1_square, -0.11,  0.05,                     |    -------*--     , -0.27, -0.07
KNN MCC Statistics:
#
 0,        howso_knn_mcc, -0.04,  0.13,               ------|*-------           , -0.22,  0.13
 0,    DS_incorr_knn_mcc, -0.04,  0.15,             --------|*-------           , -0.22,  0.13
#
 1,          knn_mcc_n12,  0.01,  0.06,                     |  ---*---          , -0.22,  0.13
 1,         knn_mcc_cube,  0.01,  0.08,                     |    -*------       , -0.22,  0.13
 1,      DS_corr_knn_mcc,  0.01,  0.06,                     | ----*-            , -0.22,  0.13
 1,       knn_mcc_square,  0.02,  0.09,                     |------*---         , -0.22,  0.13
