date :  22/04/2024 16:36:19
file :  ../Proj_Data/flash/SS-I.csv
repeats : 20
seed :  1234567891
rows :  1080
cols :  8
names 				 ['Spout', 'Split', 'Count', 'Buffer_size', 'Heap', 'Throughput+', 'Latency-', 'bin_num']		d2h-
Statistics
n12
Average SMAPE across all features: 0.6069849647704877
Privacy Scores:
Statistical Details of Privacy Scores:
Minimum: 0.00037678172761972925
Maximum: 0.999999999999938
Mean: 0.7942171188682499
Standard Deviation: 0.3046253178820396
Average: 0.7942171188682499
Accuracy: 0.2037037037037037, Recall: 0.1348696767814415, Precision: 0.12257351875995942, F1 Score: 0.09814598393515664, MCC: -0.004687141888487692
Average SMAPE across all features: 0.6063307460505734
Privacy Scores:
Statistical Details of Privacy Scores:
Minimum: 0.0016976032073479027
Maximum: 0.9999999999998885
Mean: 0.8011605855332488
Standard Deviation: 0.3056105512721209
Average: 0.8011605855332488
Accuracy: 0.2962962962962963, Recall: 0.1495326017384841, Precision: 0.10507282265756843, F1 Score: 0.11866614964007206, MCC: 0.0683123841659471
Average SMAPE across all features: 0.6068519883269445
Privacy Scores:
Statistical Details of Privacy Scores:
Minimum: 0.00033782194617180245
Maximum: 0.9999999999999853
Mean: 0.7903792952181988
Standard Deviation: 0.3106385960351736
Average: 0.7903792952181988
Accuracy: 0.1925925925925926, Recall: 0.11109057873763757, Precision: 0.1011634145333688, F1 Score: 0.09991589405320735, MCC: -0.030000462588776578
Average SMAPE across all features: 0.6073062423683768
Privacy Scores:
Statistical Details of Privacy Scores:
Minimum: 0.0014635622042781075
Maximum: 0.999999999999928
Mean: 0.8135378453293207
Standard Deviation: 0.2966146562389139
Average: 0.8135378453293207
Accuracy: 0.3037037037037037, Recall: 0.22286070447835155, Precision: 0.17181746910164175, F1 Score: 0.19137460854808516, MCC: 0.08395440908396054
Average SMAPE across all features: 0.6081868747147512
Privacy Scores:
Statistical Details of Privacy Scores:
Minimum: 0.0019703225158127424
Maximum: 0.9999999999999589
Mean: 0.804325144313775
Standard Deviation: 0.30051856249678505
Average: 0.804325144313775
Accuracy: 0.25555555555555554, Recall: 0.13946032473509254, Precision: 0.22116578590198965, F1 Score: 0.12363691161159517, MCC: 0.024291430186956814
Average SMAPE across all features: 0.6043554840172438
Privacy Scores:
Statistical Details of Privacy Scores:
Minimum: 0.0010165190615636054
Maximum: 0.9999999999999868
Mean: 0.8052533076144986
Standard Deviation: 0.30101898149292416
Average: 0.8052533076144986
Accuracy: 0.3111111111111111, Recall: 0.1590341296223649, Precision: 0.11188449474718465, F1 Score: 0.12984188822242038, MCC: 0.08698483079320883
Average SMAPE across all features: 0.6070649052082547
Privacy Scores:
Statistical Details of Privacy Scores:
Minimum: 0.0008921743761310135
Maximum: 0.9999999999999902
Mean: 0.8101290359386236
Standard Deviation: 0.29163711722591895
Average: 0.8101290359386236
Accuracy: 0.25555555555555554, Recall: 0.1401867147997179, Precision: 0.12692972350230414, F1 Score: 0.1167484093319194, MCC: 0.017730312459690117
Average SMAPE across all features: 0.6072053901674621
Privacy Scores:
Statistical Details of Privacy Scores:
Minimum: 0.0007191342415459154
Maximum: 0.9999999999999817
Mean: 0.8023333113822925
Standard Deviation: 0.3015700084716325
Average: 0.8023333113822925
Accuracy: 0.18518518518518517, Recall: 0.09798497408791526, Precision: 0.10780510418191577, F1 Score: 0.09056423198790506, MCC: -0.03023185985835807
Average SMAPE across all features: 0.6083791927474429
Privacy Scores:
Statistical Details of Privacy Scores:
Minimum: 0.0003683037644824979
Maximum: 0.9999999999999688
Mean: 0.8043051246222178
Standard Deviation: 0.29407781997860266
Average: 0.8043051246222178
Accuracy: 0.1962962962962963, Recall: 0.12953718137541667, Precision: 0.14028038847117794, F1 Score: 0.11686217151637139, MCC: 0.013293581568587556
Average SMAPE across all features: 0.6044490658633718
Privacy Scores:
Statistical Details of Privacy Scores:
Minimum: 0.0001679327424331659
Maximum: 0.9999999999999667
Mean: 0.8004450542786157
Standard Deviation: 0.30560088385926193
Average: 0.8004450542786157
Accuracy: 0.3, Recall: 0.15111984597278716, Precision: 0.10336716656212579, F1 Score: 0.12126376703777811, MCC: 0.0762028002004012
Average SMAPE across all features: 0.607118017506428
Privacy Scores:
Statistical Details of Privacy Scores:
Minimum: 0.00133470823308982
Maximum: 0.9999999999999749
Mean: 0.8119902526016296
Standard Deviation: 0.29712323389914164
Average: 0.8119902526016296
Accuracy: 0.25925925925925924, Recall: 0.13891380876674994, Precision: 0.12584830582950884, F1 Score: 0.13140767278698312, MCC: 0.03811327676897388
Average SMAPE across all features: 0.6085122667429018
Privacy Scores:
Statistical Details of Privacy Scores:
Minimum: 0.0005867117306509553
Maximum: 0.9999999999999933
Mean: 0.804657115049105
Standard Deviation: 0.30078434307079915
Average: 0.804657115049105
Accuracy: 0.22962962962962963, Recall: 0.13277762579233168, Precision: 0.11753121137403316, F1 Score: 0.11738399742796422, MCC: 0.01753349018611775
Average SMAPE across all features: 0.6090321658799677
Privacy Scores:
Statistical Details of Privacy Scores:
Minimum: 0.0027509957289315614
Maximum: 0.9999999999999589
Mean: 0.8101013820070703
Standard Deviation: 0.29474870244685336
Average: 0.8101013820070703
Accuracy: 0.12962962962962962, Recall: 0.09966689378454084, Precision: 0.057820926019548365, F1 Score: 0.06636851117519826, MCC: -0.08537923050348384
Average SMAPE across all features: 0.6088561326293093
Privacy Scores:
Statistical Details of Privacy Scores:
Minimum: 0.0
Maximum: 0.9999999999999907
Mean: 0.8136476626804646
Standard Deviation: 0.29619713903576644
Average: 0.8136476626804646
Accuracy: 0.2518518518518518, Recall: 0.16195406812666874, Precision: 0.19420319264069263, F1 Score: 0.15120442573894186, MCC: 0.042654992897710305
Average SMAPE across all features: 0.6051918317766419
Privacy Scores:
Statistical Details of Privacy Scores:
Minimum: 0.0027509957289315614
Maximum: 0.9999999999999579
Mean: 0.8164283696317095
Standard Deviation: 0.29232284243377454
Average: 0.8164283696317095
Accuracy: 0.28888888888888886, Recall: 0.19754694056164643, Precision: 0.19528949129852743, F1 Score: 0.17498677129811277, MCC: 0.07434884303898652
Average SMAPE across all features: 0.6049497295487224
Privacy Scores:
Statistical Details of Privacy Scores:
Minimum: 0.0016205227408304513
Maximum: 0.9999999999999812
Mean: 0.7809646367238526
Standard Deviation: 0.31626651278436885
Average: 0.7809646367238526
Accuracy: 0.2518518518518518, Recall: 0.14459407841760782, Precision: 0.10967747153209109, F1 Score: 0.09580370609782374, MCC: 0.034642565171052485
Average SMAPE across all features: 0.6092857783021112
Privacy Scores:
Statistical Details of Privacy Scores:
Minimum: 0.0002519679956447235
Maximum: 0.9999999999999871
Mean: 0.8168774071822184
Standard Deviation: 0.29563643134233
Average: 0.8168774071822184
Accuracy: 0.2111111111111111, Recall: 0.11987384634443458, Precision: 0.10485251805871695, F1 Score: 0.10320035422540302, MCC: -0.004350510496995661
Average SMAPE across all features: 0.6072226019306064
Privacy Scores:
Statistical Details of Privacy Scores:
Minimum: 0.002145226628892922
Maximum: 0.9999999999999932
Mean: 0.7991220571857791
Standard Deviation: 0.3060848904238704
Average: 0.7991220571857791
Accuracy: 0.26296296296296295, Recall: 0.182750741574271, Precision: 0.15778990262994605, F1 Score: 0.15137964559645056, MCC: 0.03951786120730042
Average SMAPE across all features: 0.6093755941271175
Privacy Scores:
Statistical Details of Privacy Scores:
Minimum: 0.0001033925476675646
Maximum: 0.9999999999999752
Mean: 0.8031650838019274
Standard Deviation: 0.2995267216174477
Average: 0.8031650838019274
Accuracy: 0.15555555555555556, Recall: 0.12319244856009562, Precision: 0.095847074162129, F1 Score: 0.0772791976420326, MCC: -0.04994504062588986
Average SMAPE across all features: 0.6102308289820988
Privacy Scores:
Statistical Details of Privacy Scores:
Minimum: 0.0008990236531481365
Maximum: 0.9999999999999764
Mean: 0.7988982925813193
Standard Deviation: 0.3045750202889255
Average: 0.7988982925813193
Accuracy: 0.14814814814814814, Recall: 0.11624033315209786, Precision: 0.08800074164493907, F1 Score: 0.07060900495223446, MCC: 0.0026612602980819475
n12 JS avg:  4.321271511460332e-08
cube
Average SMAPE across all features: 0.6102191696840997
Privacy Scores:
Statistical Details of Privacy Scores:
Minimum: 0.0003708808596405666
Maximum: 0.9999999999999831
Mean: 0.8143810701970098
Standard Deviation: 0.29438723985247467
Average: 0.8143810701970098
Accuracy: 0.2222222222222222, Recall: 0.11868936278766001, Precision: 0.09911803770614784, F1 Score: 0.10738622026527374, MCC: 0.019652062597344675
Average SMAPE across all features: 0.6074513483897265
Privacy Scores:
Statistical Details of Privacy Scores:
Minimum: 0.0025454000506521
Maximum: 0.9999999999999973
Mean: 0.8063316233436747
Standard Deviation: 0.2938948524979151
Average: 0.8063316233436747
Accuracy: 0.17407407407407408, Recall: 0.09898301587543074, Precision: 0.08338617149758454, F1 Score: 0.08452917841745275, MCC: -0.06312845365047909
Average SMAPE across all features: 0.6090090226074724
Privacy Scores:
Statistical Details of Privacy Scores:
Minimum: 0.0005247799663663971
Maximum: 0.999999999999877
Mean: 0.8180576294923233
Standard Deviation: 0.2905627432993968
Average: 0.8180576294923233
Accuracy: 0.21481481481481482, Recall: 0.10615850762909586, Precision: 0.0953040839847272, F1 Score: 0.09294412085437825, MCC: -0.013915639544147446
Average SMAPE across all features: 0.6107395645379219
Privacy Scores:
Statistical Details of Privacy Scores:
Minimum: 0.0039567881890137544
Maximum: 0.9999999999998898
Mean: 0.8113592336001308
Standard Deviation: 0.2914453430498337
Average: 0.8113592336001308
Accuracy: 0.15555555555555556, Recall: 0.13021245558010264, Precision: 0.1351840994371482, F1 Score: 0.07689148063828519, MCC: 0.003970306690853653
Average SMAPE across all features: 0.6098836658049207
Privacy Scores:
Statistical Details of Privacy Scores:
Minimum: 0.0024346474626652562
Maximum: 0.9999999999999765
Mean: 0.8013647150333866
Standard Deviation: 0.30231196537789445
Average: 0.8013647150333866
Accuracy: 0.18518518518518517, Recall: 0.16351338446926683, Precision: 0.16273211050724637, F1 Score: 0.09933849002439477, MCC: -0.0236957072925405
Average SMAPE across all features: 0.6088254091271936
Privacy Scores:
Statistical Details of Privacy Scores:
Minimum: 0.0014259878748760153
Maximum: 0.9999999999999831
Mean: 0.7978437839988778
Standard Deviation: 0.299274202636573
Average: 0.7978437839988778
Accuracy: 0.16296296296296298, Recall: 0.10652860652860653, Precision: 0.05336898395721925, F1 Score: 0.06179511278195489, MCC: -0.02112395188757271
Average SMAPE across all features: 0.6075663367009747
Privacy Scores:
Statistical Details of Privacy Scores:
Minimum: 0.00124060091618276
Maximum: 0.9999999999999508
Mean: 0.793071030948703
Standard Deviation: 0.3089451244830394
Average: 0.793071030948703
Accuracy: 0.26666666666666666, Recall: 0.20968410964540996, Precision: 0.17637038024164892, F1 Score: 0.17943427935126227, MCC: 0.07381629878344853
Average SMAPE across all features: 0.6089204959218153
Privacy Scores:
Statistical Details of Privacy Scores:
Minimum: 0.0036454361119050882
Maximum: 0.9999999999999502
Mean: 0.7891748138281848
Standard Deviation: 0.31152444315903255
Average: 0.7891748138281848
Accuracy: 0.2037037037037037, Recall: 0.16726454149054767, Precision: 0.14680584539802616, F1 Score: 0.14914024558177785, MCC: 0.0034461624456547527
Average SMAPE across all features: 0.6069949945252754
Privacy Scores:
Statistical Details of Privacy Scores:
Minimum: 0.0008990236531481365
Maximum: 0.9999999999999762
Mean: 0.8115960772673926
Standard Deviation: 0.29694421764285434
Average: 0.8115960772673926
Accuracy: 0.25925925925925924, Recall: 0.18743171974596123, Precision: 0.20195299326733152, F1 Score: 0.1802760475321905, MCC: 0.02777465666084953
Average SMAPE across all features: 0.6114572268119534
Privacy Scores:
Statistical Details of Privacy Scores:
Minimum: 0.0009935801165252883
Maximum: 0.9999999999998435
Mean: 0.808435753977547
Standard Deviation: 0.2944286298640021
Average: 0.808435753977547
Accuracy: 0.26296296296296295, Recall: 0.14030750021462093, Precision: 0.11576086956521738, F1 Score: 0.12246604199476334, MCC: 0.03575439172059386
Average SMAPE across all features: 0.6065160414397928
Privacy Scores:
Statistical Details of Privacy Scores:
Minimum: 0.0021589039461932923
Maximum: 0.9999999999999707
Mean: 0.8074262297956596
Standard Deviation: 0.2951686189053118
Average: 0.8074262297956596
Accuracy: 0.24444444444444444, Recall: 0.16055771202830027, Precision: 0.1276681676205439, F1 Score: 0.1351133946112112, MCC: 0.014002862264735006
Average SMAPE across all features: 0.6074507614925476
Privacy Scores:
Statistical Details of Privacy Scores:
Minimum: 0.0016205269961847358
Maximum: 0.9999999999999224
Mean: 0.8037840202976454
Standard Deviation: 0.3002879071246677
Average: 0.8037840202976454
Accuracy: 0.26296296296296295, Recall: 0.1853547525954647, Precision: 0.20590722837245, F1 Score: 0.17596300427943756, MCC: 0.05681446739931727
Average SMAPE across all features: 0.6078335489637688
Privacy Scores:
Statistical Details of Privacy Scores:
Minimum: 0.0008990236531481365
Maximum: 0.999999999999989
Mean: 0.8014024898217602
Standard Deviation: 0.30701901641427454
Average: 0.8014024898217602
Accuracy: 0.21481481481481482, Recall: 0.13482270467564583, Precision: 0.10159569113057486, F1 Score: 0.11139061720977202, MCC: 0.025551888731404016
Average SMAPE across all features: 0.6113056209982637
Privacy Scores:
Statistical Details of Privacy Scores:
Minimum: 0.0002519679956447235
Maximum: 0.9999999999998705
Mean: 0.8127136614389938
Standard Deviation: 0.29019409194296814
Average: 0.8127136614389938
Accuracy: 0.16296296296296298, Recall: 0.14384856037332816, Precision: 0.13299237623627394, F1 Score: 0.11243173607042325, MCC: -0.021151366074374022
Average SMAPE across all features: 0.6071777117708569
Privacy Scores:
Statistical Details of Privacy Scores:
Minimum: 0.0023234273924183737
Maximum: 0.9999999999999971
Mean: 0.8077515742143268
Standard Deviation: 0.29904722072773177
Average: 0.8077515742143268
Accuracy: 0.1925925925925926, Recall: 0.14711507248271954, Precision: 0.15118174095485695, F1 Score: 0.09971798357248911, MCC: 0.003251522303872303
Average SMAPE across all features: 0.6073948646058834
Privacy Scores:
Statistical Details of Privacy Scores:
Minimum: 2.4389109747687215e-05
Maximum: 0.9999999999999978
Mean: 0.7948164803416596
Standard Deviation: 0.3018776172184832
Average: 0.7948164803416596
Accuracy: 0.2074074074074074, Recall: 0.1686716271275095, Precision: 0.12313988095238096, F1 Score: 0.1299772416203868, MCC: -0.02061241632013933
Average SMAPE across all features: 0.6075272359881513
Privacy Scores:
Statistical Details of Privacy Scores:
Minimum: 0.0006064489743269227
Maximum: 0.9999999999999254
Mean: 0.8102389350365778
Standard Deviation: 0.29180733827227007
Average: 0.8102389350365778
Accuracy: 0.1962962962962963, Recall: 0.1144542317336435, Precision: 0.1148931547290586, F1 Score: 0.10565635875071583, MCC: -0.0288602184893943
Average SMAPE across all features: 0.6059281026158156
Privacy Scores:
Statistical Details of Privacy Scores:
Minimum: 0.0025382396056782912
Maximum: 0.9999999999999594
Mean: 0.8126026443029851
Standard Deviation: 0.30113075843500103
Average: 0.8126026443029851
Accuracy: 0.18518518518518517, Recall: 0.10325475399004812, Precision: 0.10841277438594014, F1 Score: 0.09044586137012324, MCC: -0.03910145542514281
Average SMAPE across all features: 0.6084490741879276
Privacy Scores:
Statistical Details of Privacy Scores:
Minimum: 0.0017697492980577865
Maximum: 0.9999999999999735
Mean: 0.8202065803461437
Standard Deviation: 0.28951776637512866
Average: 0.8202065803461437
Accuracy: 0.1814814814814815, Recall: 0.18389780079021567, Precision: 0.17589214513556617, F1 Score: 0.13803483834028515, MCC: -0.004913694089192889
Average SMAPE across all features: 0.6082658431166288
Privacy Scores:
Statistical Details of Privacy Scores:
Minimum: 0.0021785818789200133
Maximum: 0.9999999999999902
Mean: 0.8079827088195188
Standard Deviation: 0.29409630919486685
Average: 0.8079827088195188
Accuracy: 0.18518518518518517, Recall: 0.14608115488533446, Precision: 0.14143855465186989, F1 Score: 0.13033039758200016, MCC: -0.01505122973345748
cube JS avg:  3.7596063326246543e-08
square
Average SMAPE across all features: 0.6092184474193019
Privacy Scores:
Statistical Details of Privacy Scores:
Minimum: 0.0024149643480156557
Maximum: 0.9999999999999944
Mean: 0.8117137726427479
Standard Deviation: 0.2961848792994032
Average: 0.8117137726427479
Accuracy: 0.2037037037037037, Recall: 0.09956950839303781, Precision: 0.07340189265377448, F1 Score: 0.07757912240607381, MCC: -0.03237963684106468
Average SMAPE across all features: 0.606981934963728
Privacy Scores:
Statistical Details of Privacy Scores:
Minimum: 0.0001033925476675646
Maximum: 0.9999999999999566
Mean: 0.8099879656881422
Standard Deviation: 0.2986619621136361
Average: 0.8099879656881422
Accuracy: 0.18888888888888888, Recall: 0.16233386270150976, Precision: 0.0873611816234767, F1 Score: 0.1064816547275384, MCC: -0.026020132595829013
Average SMAPE across all features: 0.6097486222835606
Privacy Scores:
Statistical Details of Privacy Scores:
Minimum: 0.0029225148601522825
Maximum: 0.9999999999999378
Mean: 0.8040431314547323
Standard Deviation: 0.3005846049145995
Average: 0.8040431314547323
Accuracy: 0.2518518518518518, Recall: 0.14165351849175378, Precision: 0.11619068979266348, F1 Score: 0.11614333130637478, MCC: 0.011736784936016808
Average SMAPE across all features: 0.6072204716085421
Privacy Scores:
Statistical Details of Privacy Scores:
Minimum: 0.0029350052202459804
Maximum: 0.9999999999999905
Mean: 0.7944900017997883
Standard Deviation: 0.3097700937784684
Average: 0.7944900017997883
Accuracy: 0.24444444444444444, Recall: 0.1360291536762125, Precision: 0.10444915254237289, F1 Score: 0.11435663292501701, MCC: 0.012598543235654477
Average SMAPE across all features: 0.6054016014564068
Privacy Scores:
Statistical Details of Privacy Scores:
Minimum: 0.0019462215290567955
Maximum: 0.9999999999999949
Mean: 0.8072919700554213
Standard Deviation: 0.2965900992779737
Average: 0.8072919700554213
Accuracy: 0.26666666666666666, Recall: 0.14062041892924246, Precision: 0.13076655313497418, F1 Score: 0.13241428002916134, MCC: 0.03589499111451533
Average SMAPE across all features: 0.6080348431876677
Privacy Scores:
Statistical Details of Privacy Scores:
Minimum: 0.0005376096378239638
Maximum: 0.9999999999999855
Mean: 0.7969741563519045
Standard Deviation: 0.307003697068441
Average: 0.7969741563519045
Accuracy: 0.21481481481481482, Recall: 0.11463413375178083, Precision: 0.11473042296097324, F1 Score: 0.10826265238029945, MCC: -0.0125917060138281
Average SMAPE across all features: 0.6070426175179902
Privacy Scores:
Statistical Details of Privacy Scores:
Minimum: 0.000650125149150242
Maximum: 0.9999999999998032
Mean: 0.8033449685578057
Standard Deviation: 0.3034902990011969
Average: 0.8033449685578057
Accuracy: 0.25555555555555554, Recall: 0.18764062804310483, Precision: 0.1758262063140112, F1 Score: 0.17156768074650552, MCC: 0.020201026110960262
Average SMAPE across all features: 0.607372413667875
Privacy Scores:
Statistical Details of Privacy Scores:
Minimum: 0.0
Maximum: 0.9999999999999982
Mean: 0.7946406876592286
Standard Deviation: 0.3117520537530925
Average: 0.7946406876592286
Accuracy: 0.2777777777777778, Recall: 0.16394040546517327, Precision: 0.14521155100300367, F1 Score: 0.13863727464676595, MCC: 0.06737065093501783
Average SMAPE across all features: 0.6061506511649563
Privacy Scores:
Statistical Details of Privacy Scores:
Minimum: 0.00192855188656403
Maximum: 0.9999999999999845
Mean: 0.803590225615721
Standard Deviation: 0.30266839681087954
Average: 0.803590225615721
Accuracy: 0.22962962962962963, Recall: 0.11304082443788327, Precision: 0.08530769591301088, F1 Score: 0.09605235114640821, MCC: -0.022414658107266748
Average SMAPE across all features: 0.6084333049008434
Privacy Scores:
Statistical Details of Privacy Scores:
Minimum: 0.0018479213152712624
Maximum: 0.999999999999999
Mean: 0.8110135507244243
Standard Deviation: 0.29554665667759844
Average: 0.8110135507244243
Accuracy: 0.24074074074074073, Recall: 0.1511011345570169, Precision: 0.1486128894579599, F1 Score: 0.10672741172338272, MCC: 0.03798035079003718
Average SMAPE across all features: 0.6091816555714402
Privacy Scores:
Statistical Details of Privacy Scores:
Minimum: 0.006542088203895981
Maximum: 0.9999999999999684
Mean: 0.8203170260405253
Standard Deviation: 0.28315529241328574
Average: 0.8203170260405253
Accuracy: 0.22962962962962963, Recall: 0.1391966737554973, Precision: 0.15818803677010057, F1 Score: 0.11001242275099579, MCC: 0.031032976340663196
Average SMAPE across all features: 0.6118423962208976
Privacy Scores:
Statistical Details of Privacy Scores:
Minimum: 0.0020622546170843453
Maximum: 0.9999999999999905
Mean: 0.7991327870399668
Standard Deviation: 0.3049195899851338
Average: 0.7991327870399668
Accuracy: 0.22592592592592592, Recall: 0.11546041764695016, Precision: 0.11937188331653878, F1 Score: 0.10714408336063112, MCC: -0.019353975193095233
Average SMAPE across all features: 0.6100105004730976
Privacy Scores:
Statistical Details of Privacy Scores:
Minimum: 0.0008179936472677413
Maximum: 0.9999999999999855
Mean: 0.8122414047547049
Standard Deviation: 0.3005017305872145
Average: 0.8122414047547049
Accuracy: 0.21851851851851853, Recall: 0.14472801200742377, Precision: 0.15317632394838276, F1 Score: 0.12458056486662036, MCC: 0.05214613609411635
Average SMAPE across all features: 0.606886506820118
Privacy Scores:
Statistical Details of Privacy Scores:
Minimum: 0.0027361826548878685
Maximum: 0.9999999999999729
Mean: 0.8181340308629019
Standard Deviation: 0.28870675142211766
Average: 0.8181340308629019
Accuracy: 0.24444444444444444, Recall: 0.12884745421510127, Precision: 0.10162378673048797, F1 Score: 0.08959053052713455, MCC: 0.047396799621193815
Average SMAPE across all features: 0.6092621219779115
Privacy Scores:
Statistical Details of Privacy Scores:
Minimum: 0.0008103510333084873
Maximum: 0.9999999999999885
Mean: 0.8129020339799494
Standard Deviation: 0.2902956710152745
Average: 0.8129020339799494
Accuracy: 0.16666666666666666, Recall: 0.11028831065595772, Precision: 0.08941312123493976, F1 Score: 0.08123260667903524, MCC: -0.0420313941934488
Average SMAPE across all features: 0.6087170227910249
Privacy Scores:
Statistical Details of Privacy Scores:
Minimum: 0.0023945013124298843
Maximum: 0.9999999999996829
Mean: 0.8108852129042229
Standard Deviation: 0.2939639391883708
Average: 0.8108852129042229
Accuracy: 0.1962962962962963, Recall: 0.1439061835346665, Precision: 0.172498995505471, F1 Score: 0.14140263411443027, MCC: -0.008369766500588873
Average SMAPE across all features: 0.6057096683987372
Privacy Scores:
Statistical Details of Privacy Scores:
Minimum: 0.0034868990996998993
Maximum: 0.9999999999999716
Mean: 0.7857582826636614
Standard Deviation: 0.3138101601872099
Average: 0.7857582826636614
Accuracy: 0.27037037037037037, Recall: 0.13860345735345733, Precision: 0.11479326657898087, F1 Score: 0.11727515872180716, MCC: 0.04401962892032102
Average SMAPE across all features: 0.6079907758089571
Privacy Scores:
Statistical Details of Privacy Scores:
Minimum: 0.000650125149150242
Maximum: 0.9999999999999335
Mean: 0.8011715071899737
Standard Deviation: 0.30410529396647373
Average: 0.8011715071899737
Accuracy: 0.2111111111111111, Recall: 0.1875602063102063, Precision: 0.1482798837952487, F1 Score: 0.1453226933414055, MCC: 0.020296525828885126
Average SMAPE across all features: 0.6062877497543832
Privacy Scores:
Statistical Details of Privacy Scores:
Minimum: 0.0021785818789200133
Maximum: 0.9999999999999267
Mean: 0.8122070858642552
Standard Deviation: 0.2972279088300882
Average: 0.8122070858642552
Accuracy: 0.2111111111111111, Recall: 0.1731508819744114, Precision: 0.20155432402846193, F1 Score: 0.143106695225703, MCC: 0.00663799829745352
Average SMAPE across all features: 0.6103189466386184
Privacy Scores:
Statistical Details of Privacy Scores:
Minimum: 0.0028440101675625044
Maximum: 0.9999999999998753
Mean: 0.8338510803472555
Standard Deviation: 0.27851464763745754
Average: 0.8338510803472555
Accuracy: 0.16296296296296298, Recall: 0.10674346519934755, Precision: 0.08894230769230768, F1 Score: 0.06345153115091197, MCC: -0.032617474153752844
square JS avg:  6.443240997071083e-08
howso
Average SMAPE across all features: 0.6107678026513789
Privacy Scores:
Statistical Details of Privacy Scores:
Minimum: 0.03371988080256095
Maximum: 0.9999999999999888
Mean: 0.9418048555862223
Standard Deviation: 0.17546861871405917
Average: 0.9418048555862223
Accuracy: 0.24074074074074073, Recall: 0.1322380917969153, Precision: 0.0847943722943723, F1 Score: 0.09953931757453231, MCC: -0.0030405420608119508
Average SMAPE across all features: 0.6136467842732352
Privacy Scores:
Statistical Details of Privacy Scores:
Minimum: 0.02891722454038468
Maximum: 0.9999999999999972
Mean: 0.9350997335847527
Standard Deviation: 0.18589097239025582
Average: 0.9350997335847527
Accuracy: 0.21481481481481482, Recall: 0.10676695125224538, Precision: 0.09099048546003495, F1 Score: 0.09505662480045782, MCC: -0.018594906424365825
Average SMAPE across all features: 0.6153045250337041
Privacy Scores:
Statistical Details of Privacy Scores:
Minimum: 0.023523363788533636
Maximum: 0.9999999999999959
Mean: 0.9303923114222296
Standard Deviation: 0.19722507954067717
Average: 0.9303923114222296
Accuracy: 0.2518518518518518, Recall: 0.12657821113703466, Precision: 0.09599655215386532, F1 Score: 0.09981229584125591, MCC: 0.009690201655726515
Average SMAPE across all features: 0.6134176201786896
Privacy Scores:
Statistical Details of Privacy Scores:
Minimum: 0.022692123386218236
Maximum: 0.9999999999999957
Mean: 0.9388798357777374
Standard Deviation: 0.1804867628694698
Average: 0.9388798357777374
Accuracy: 0.2222222222222222, Recall: 0.1221295397765986, Precision: 0.11064878847725564, F1 Score: 0.10255324803631327, MCC: -0.0017312480165754159
Average SMAPE across all features: 0.6182887221786334
Privacy Scores:
Statistical Details of Privacy Scores:
Minimum: 0.02312007310903791
Maximum: 0.9999999999999627
Mean: 0.9403618433013055
Standard Deviation: 0.1788443014793215
Average: 0.9403618433013055
Accuracy: 0.22592592592592592, Recall: 0.13356839459780637, Precision: 0.09793471534653465, F1 Score: 0.11249262293740633, MCC: -0.002481599104917987
Average SMAPE across all features: 0.6131506598166844
Privacy Scores:
Statistical Details of Privacy Scores:
Minimum: 0.028453984054371065
Maximum: 0.9999999999999092
Mean: 0.9270562694068114
Standard Deviation: 0.2031805903568428
Average: 0.9270562694068114
Accuracy: 0.2777777777777778, Recall: 0.14005907645613527, Precision: 0.16045751633986927, F1 Score: 0.11697791103573436, MCC: 0.039155710331220284
Average SMAPE across all features: 0.6109670054343157
Privacy Scores:
Statistical Details of Privacy Scores:
Minimum: 0.021935272752569665
Maximum: 0.9999999999999757
Mean: 0.9455467487305074
Standard Deviation: 0.17100992250539299
Average: 0.9455467487305074
Accuracy: 0.17037037037037037, Recall: 0.10966128390663993, Precision: 0.08283325294642623, F1 Score: 0.07707768682107868, MCC: -0.04206540704525563
Average SMAPE across all features: 0.6113006863583723
Privacy Scores:
Statistical Details of Privacy Scores:
Minimum: 0.03854549457080281
Maximum: 0.999999999999999
Mean: 0.932861074382704
Standard Deviation: 0.19044239943579097
Average: 0.932861074382704
Accuracy: 0.23333333333333334, Recall: 0.12860398847240953, Precision: 0.1075678956593279, F1 Score: 0.10896859241919456, MCC: 0.026643417252652162
Average SMAPE across all features: 0.6177007965436893
Privacy Scores:
Statistical Details of Privacy Scores:
Minimum: 0.030593718704768454
Maximum: 0.9999999999999847
Mean: 0.9418661892914827
Standard Deviation: 0.178239664191
Average: 0.9418661892914827
Accuracy: 0.24074074074074073, Recall: 0.12672209547209545, Precision: 0.09450518547818887, F1 Score: 0.10242466377576673, MCC: 0.020301759839886264
Average SMAPE across all features: 0.6083547887142474
Privacy Scores:
Statistical Details of Privacy Scores:
Minimum: 0.05678804860642338
Maximum: 0.9999999999999872
Mean: 0.9442027990296543
Standard Deviation: 0.17381618199748183
Average: 0.9442027990296543
Accuracy: 0.337037037037037, Recall: 0.1626970505646976, Precision: 0.1391130639247569, F1 Score: 0.1288538958159, MCC: 0.11365209561088313
Average SMAPE across all features: 0.6177438438562207
Privacy Scores:
Statistical Details of Privacy Scores:
Minimum: 0.0464174561938856
Maximum: 0.9999999999999745
Mean: 0.9313046588611604
Standard Deviation: 0.19442433347161034
Average: 0.9313046588611604
Accuracy: 0.2074074074074074, Recall: 0.14677915597033245, Precision: 0.10424855870020965, F1 Score: 0.11475879186325434, MCC: -0.008675211566544196
Average SMAPE across all features: 0.614396001675198
Privacy Scores:
Statistical Details of Privacy Scores:
Minimum: 0.017899754325937534
Maximum: 0.9999999999999991
Mean: 0.9395321763563453
Standard Deviation: 0.1795904466929728
Average: 0.9395321763563453
Accuracy: 0.2037037037037037, Recall: 0.10432775690128632, Precision: 0.08588267543859648, F1 Score: 0.09393451143451144, MCC: -0.010899582601705564
Average SMAPE across all features: 0.6144993324470082
Privacy Scores:
Statistical Details of Privacy Scores:
Minimum: 0.028249686253110917
Maximum: 0.999999999999917
Mean: 0.9352449401966751
Standard Deviation: 0.18402550937239612
Average: 0.9352449401966751
Accuracy: 0.25555555555555554, Recall: 0.17533667493032817, Precision: 0.2157763058915944, F1 Score: 0.17230703603952607, MCC: 0.03107287611859079
Average SMAPE across all features: 0.6148830757196168
Privacy Scores:
Statistical Details of Privacy Scores:
Minimum: 0.01095454871087531
Maximum: 0.9999999999999942
Mean: 0.9354276719941281
Standard Deviation: 0.18957686097658158
Average: 0.9354276719941281
Accuracy: 0.26296296296296295, Recall: 0.1359385646150352, Precision: 0.15183069190246223, F1 Score: 0.1225997432907871, MCC: 0.013085209218847704
Average SMAPE across all features: 0.6177537060726338
Privacy Scores:
Statistical Details of Privacy Scores:
Minimum: 0.05979981327677975
Maximum: 0.9999999999999967
Mean: 0.9312192227023095
Standard Deviation: 0.1839384161883094
Average: 0.9312192227023095
Accuracy: 0.2518518518518518, Recall: 0.15736303304027763, Precision: 0.13170601358356923, F1 Score: 0.14001773371218992, MCC: 0.06181309822988482
Average SMAPE across all features: 0.6172330983973017
Privacy Scores:
Statistical Details of Privacy Scores:
Minimum: 0.08355576318085715
Maximum: 0.999999999999987
Mean: 0.9382080909437531
Standard Deviation: 0.17924605460654894
Average: 0.9382080909437531
Accuracy: 0.17777777777777778, Recall: 0.10682540829599654, Precision: 0.07961289166829522, F1 Score: 0.08279572306188844, MCC: -0.023909922773270965
Average SMAPE across all features: 0.6119509545594445
Privacy Scores:
Statistical Details of Privacy Scores:
Minimum: 0.030917936167458714
Maximum: 0.9999999999999991
Mean: 0.9401276557124753
Standard Deviation: 0.18059718751806209
Average: 0.9401276557124753
Accuracy: 0.2037037037037037, Recall: 0.1089986424545248, Precision: 0.07355381697486961, F1 Score: 0.08326662169655566, MCC: -0.03897671770459963
Average SMAPE across all features: 0.6162276613491597
Privacy Scores:
Statistical Details of Privacy Scores:
Minimum: 0.03656794613574883
Maximum: 0.9999999999999953
Mean: 0.9240448062934241
Standard Deviation: 0.20264387146550228
Average: 0.9240448062934241
Accuracy: 0.2962962962962963, Recall: 0.18077003690393784, Precision: 0.14248031874039938, F1 Score: 0.15491500128860203, MCC: 0.09065795070469544
Average SMAPE across all features: 0.612882427370034
Privacy Scores:
Statistical Details of Privacy Scores:
Minimum: 0.036582691066234296
Maximum: 0.9999999999999969
Mean: 0.9434935740580339
Standard Deviation: 0.17216875219359037
Average: 0.9434935740580339
Accuracy: 0.2111111111111111, Recall: 0.1575393670981906, Precision: 0.10842461071997533, F1 Score: 0.10977804534082695, MCC: 0.01139607489301155
Average SMAPE across all features: 0.6104042518814219
Privacy Scores:
Statistical Details of Privacy Scores:
Minimum: 0.015728492808601044
Maximum: 0.9999999999999701
Mean: 0.9401813802609997
Standard Deviation: 0.1754834212157516
Average: 0.9401813802609997
Accuracy: 0.21851851851851853, Recall: 0.1163011273305391, Precision: 0.09209967320261438, F1 Score: 0.10180627755478056, MCC: -0.003938213634249784
howso JS avg:  1.2453644975680386e-07
correlated_attribute_mode
Average SMAPE across all features: 0.6163104022790151
Privacy Scores:
Statistical Details of Privacy Scores:
Minimum: 0.01997362376820176
Maximum: 0.9999573387691589
Mean: 0.6684632559391784
Standard Deviation: 0.2466921775461264
Average: 0.6684632559391784
Accuracy: 0.1925925925925926, Recall: 0.10316068073421016, Precision: 0.09605833139838627, F1 Score: 0.09669628467424213, MCC: -0.04011163808758575
Average SMAPE across all features: 0.6134647808472675
Privacy Scores:
Statistical Details of Privacy Scores:
Minimum: 0.01997362376820176
Maximum: 0.9999573585945568
Mean: 0.668391889640079
Standard Deviation: 0.24679562498070384
Average: 0.668391889640079
Accuracy: 0.2740740740740741, Recall: 0.15506085726673965, Precision: 0.16234180117388114, F1 Score: 0.14685618260747793, MCC: 0.050741291711605255
Average SMAPE across all features: 0.6149270841059284
Privacy Scores:
Statistical Details of Privacy Scores:
Minimum: 0.01997362376820176
Maximum: 0.9999573585945568
Mean: 0.6684601536317846
Standard Deviation: 0.2466835197570498
Average: 0.6684601536317846
Accuracy: 0.16666666666666666, Recall: 0.10439098858216506, Precision: 0.06700417893187553, F1 Score: 0.07417964445858596, MCC: -0.05637569567411073
Average SMAPE across all features: 0.6162404303853957
Privacy Scores:
Statistical Details of Privacy Scores:
Minimum: 0.01997362376820176
Maximum: 0.9999573387691589
Mean: 0.6684978494636183
Standard Deviation: 0.24662464103605483
Average: 0.6684978494636183
Accuracy: 0.14444444444444443, Recall: 0.08455043565337683, Precision: 0.06890757973435138, F1 Score: 0.06603415676933547, MCC: -0.08017774623876472
Average SMAPE across all features: 0.614855556985499
Privacy Scores:
Statistical Details of Privacy Scores:
Minimum: 0.01997362376820176
Maximum: 0.9999573387691589
Mean: 0.6684766098791229
Standard Deviation: 0.24663091229099143
Average: 0.6684766098791229
Accuracy: 0.14814814814814814, Recall: 0.08291479982656454, Precision: 0.055094844955526065, F1 Score: 0.058488809173698975, MCC: -0.08305731433328468
Average SMAPE across all features: 0.6133747378289489
Privacy Scores:
Statistical Details of Privacy Scores:
Minimum: 0.020763428826835108
Maximum: 0.9999573585945568
Mean: 0.6684299859812902
Standard Deviation: 0.24673103742561328
Average: 0.6684299859812902
Accuracy: 0.22592592592592592, Recall: 0.11868844589432825, Precision: 0.08825549450549451, F1 Score: 0.09749628400119886, MCC: -0.027998559906891055
Average SMAPE across all features: 0.6173101140441409
Privacy Scores:
Statistical Details of Privacy Scores:
Minimum: 0.019484354084182576
Maximum: 0.9999573387691589
Mean: 0.6684753087455171
Standard Deviation: 0.2467341874459334
Average: 0.6684753087455171
Accuracy: 0.21851851851851853, Recall: 0.12171309965427612, Precision: 0.13173471338990678, F1 Score: 0.11787164343987262, MCC: -0.011904837275744476
Average SMAPE across all features: 0.6130063753660129
Privacy Scores:
Statistical Details of Privacy Scores:
Minimum: 0.019484354084182576
Maximum: 0.9999573387691589
Mean: 0.6683923380370583
Standard Deviation: 0.24675191595768073
Average: 0.6683923380370583
Accuracy: 0.23333333333333334, Recall: 0.13769614725497079, Precision: 0.11891984253937558, F1 Score: 0.12030724404983847, MCC: 0.02264261142379165
Average SMAPE across all features: 0.6142583571792996
Privacy Scores:
Statistical Details of Privacy Scores:
Minimum: 0.020763428826835108
Maximum: 0.9999573585945568
Mean: 0.6684363661822883
Standard Deviation: 0.24670475461097124
Average: 0.6684363661822883
Accuracy: 0.2074074074074074, Recall: 0.12110634794458323, Precision: 0.11097969643209146, F1 Score: 0.10060758500633521, MCC: -0.0065688905414488874
Average SMAPE across all features: 0.6130893106479482
Privacy Scores:
Statistical Details of Privacy Scores:
Minimum: 0.01997362376820176
Maximum: 0.9999573585945568
Mean: 0.6683898668700118
Standard Deviation: 0.246784203351314
Average: 0.6683898668700118
Accuracy: 0.23333333333333334, Recall: 0.13248184204066557, Precision: 0.09648461657390228, F1 Score: 0.1102945183803779, MCC: -0.005434040929848911
Average SMAPE across all features: 0.6144801682007905
Privacy Scores:
Statistical Details of Privacy Scores:
Minimum: 0.020763428826835108
Maximum: 0.9999573321565955
Mean: 0.6684269361122706
Standard Deviation: 0.24671693408115092
Average: 0.6684269361122706
Accuracy: 0.21851851851851853, Recall: 0.12114596452831747, Precision: 0.13098800149981252, F1 Score: 0.10584793433905931, MCC: -0.0010447370174074117
Average SMAPE across all features: 0.6195989313273479
Privacy Scores:
Statistical Details of Privacy Scores:
Minimum: 0.019484354084182576
Maximum: 0.9999573321565955
Mean: 0.6684113694919844
Standard Deviation: 0.2467443661085768
Average: 0.6684113694919844
Accuracy: 0.24814814814814815, Recall: 0.13278110998699233, Precision: 0.1437215307628152, F1 Score: 0.12386650309689157, MCC: 0.046121787405470877
Average SMAPE across all features: 0.6142926363598961
Privacy Scores:
Statistical Details of Privacy Scores:
Minimum: 0.020763428826835108
Maximum: 0.9999573321565955
Mean: 0.6684688898524508
Standard Deviation: 0.24670680901299785
Average: 0.6684688898524508
Accuracy: 0.2037037037037037, Recall: 0.11151423099952512, Precision: 0.10008131217210087, F1 Score: 0.10320081912324859, MCC: -0.017943997419068467
Average SMAPE across all features: 0.6116097705752348
Privacy Scores:
Statistical Details of Privacy Scores:
Minimum: 0.01997362376820176
Maximum: 0.9999573585945568
Mean: 0.6683957722183204
Standard Deviation: 0.24679464427305375
Average: 0.6683957722183204
Accuracy: 0.29259259259259257, Recall: 0.16726432717144793, Precision: 0.22899375466673572, F1 Score: 0.16194099922170097, MCC: 0.07293456783599006
Average SMAPE across all features: 0.6128290631223293
Privacy Scores:
Statistical Details of Privacy Scores:
Minimum: 0.020763428826835108
Maximum: 0.9999573387691589
Mean: 0.6684952434875387
Standard Deviation: 0.24665248749471017
Average: 0.6684952434875387
Accuracy: 0.23333333333333334, Recall: 0.10768032643032643, Precision: 0.082171682626539, F1 Score: 0.08805499263080326, MCC: -0.012997376813843041
Average SMAPE across all features: 0.6121244344652809
Privacy Scores:
Statistical Details of Privacy Scores:
Minimum: 0.020763428826835108
Maximum: 0.9999573321565955
Mean: 0.6684522906685543
Standard Deviation: 0.24671196836007134
Average: 0.6684522906685543
Accuracy: 0.22962962962962963, Recall: 0.12269436644436646, Precision: 0.11279038393964817, F1 Score: 0.11109994647833624, MCC: 0.016600844542911955
Average SMAPE across all features: 0.614397240156093
Privacy Scores:
Statistical Details of Privacy Scores:
Minimum: 0.01997362376820176
Maximum: 0.9999573387691589
Mean: 0.6684294747181182
Standard Deviation: 0.24672101359974483
Average: 0.6684294747181182
Accuracy: 0.2222222222222222, Recall: 0.1196938296203002, Precision: 0.13043711086993773, F1 Score: 0.10498617574599506, MCC: 0.005766535577767918
Average SMAPE across all features: 0.6153758153003519
Privacy Scores:
Statistical Details of Privacy Scores:
Minimum: 0.020763428826835108
Maximum: 0.9999573585945568
Mean: 0.6684324460426017
Standard Deviation: 0.24673478086970274
Average: 0.6684324460426017
Accuracy: 0.2074074074074074, Recall: 0.1129854644560527, Precision: 0.12263531095498309, F1 Score: 0.10289040893092184, MCC: -0.027525318220379732
Average SMAPE across all features: 0.6127876278926311
Privacy Scores:
Statistical Details of Privacy Scores:
Minimum: 0.01997362376820176
Maximum: 0.9999573321565955
Mean: 0.668421776287909
Standard Deviation: 0.24672110228156724
Average: 0.668421776287909
Accuracy: 0.23333333333333334, Recall: 0.13062040670399805, Precision: 0.1463329791540174, F1 Score: 0.11813202267300021, MCC: -0.00046994045682588074
Average SMAPE across all features: 0.6171359322220125
Privacy Scores:
Statistical Details of Privacy Scores:
Minimum: 0.01997362376820176
Maximum: 0.9999573585945568
Mean: 0.6684800241937203
Standard Deviation: 0.24665180464099373
Average: 0.6684800241937203
Accuracy: 0.12962962962962962, Recall: 0.09080779117543823, Precision: 0.05422401209467209, F1 Score: 0.05619813654087848, MCC: -0.07635386483937547
correlated_attribute_mode JS avg:  8.59598860131304e-08
independent_attribute_mode
Average SMAPE across all features: 0.6287848904261301
Privacy Scores:
Statistical Details of Privacy Scores:
Minimum: 0.022790649735228166
Maximum: 0.9990173511786482
Mean: 0.6474993739288819
Standard Deviation: 0.25261394760517564
Average: 0.6474993739288819
Accuracy: 0.25555555555555554, Recall: 0.18778656425715248, Precision: 0.3085944912148765, F1 Score: 0.1740095483812136, MCC: 0.032310372231753134
Average SMAPE across all features: 0.6304073929652809
Privacy Scores:
Statistical Details of Privacy Scores:
Minimum: 0.02253652038409845
Maximum: 0.9995051481966643
Mean: 0.6476692373467384
Standard Deviation: 0.2525284121235661
Average: 0.6476692373467384
Accuracy: 0.1962962962962963, Recall: 0.09560113971878678, Precision: 0.07469696969696969, F1 Score: 0.0825943196201515, MCC: -0.04256528018598219
Average SMAPE across all features: 0.6303260454468945
Privacy Scores:
Statistical Details of Privacy Scores:
Minimum: 0.02279012497052481
Maximum: 0.9991391653411387
Mean: 0.6474763453306128
Standard Deviation: 0.2526435453454177
Average: 0.6474763453306128
Accuracy: 0.3148148148148148, Recall: 0.19756940859882036, Precision: 0.18030753968253968, F1 Score: 0.1802728804770547, MCC: 0.09388437692270092
Average SMAPE across all features: 0.6288340289852643
Privacy Scores:
Statistical Details of Privacy Scores:
Minimum: 0.02353607206691267
Maximum: 0.9991391653411387
Mean: 0.6475850764290932
Standard Deviation: 0.2525822864515128
Average: 0.6475850764290932
Accuracy: 0.16666666666666666, Recall: 0.11798178526119701, Precision: 0.08175361372805005, F1 Score: 0.08406432748538012, MCC: -0.044948045862181714
Average SMAPE across all features: 0.6312805276859637
Privacy Scores:
Statistical Details of Privacy Scores:
Minimum: 0.02353607206691267
Maximum: 0.9992610993026784
Mean: 0.6476230652521509
Standard Deviation: 0.2525868105324244
Average: 0.6476230652521509
Accuracy: 0.16296296296296298, Recall: 0.10955326028855442, Precision: 0.08565398859986689, F1 Score: 0.07965992340992341, MCC: -0.0476058691322525
Average SMAPE across all features: 0.6339560204697215
Privacy Scores:
Statistical Details of Privacy Scores:
Minimum: 0.022790649735228166
Maximum: 0.9993831084677331
Mean: 0.6477221979929085
Standard Deviation: 0.25247113401206245
Average: 0.6477221979929085
Accuracy: 0.14814814814814814, Recall: 0.0993543916338034, Precision: 0.07993434965703673, F1 Score: 0.06764896011236851, MCC: -0.03553698357859855
Average SMAPE across all features: 0.6323642901704124
Privacy Scores:
Statistical Details of Privacy Scores:
Minimum: 0.022790649735228166
Maximum: 0.9991391653411387
Mean: 0.6475378131748439
Standard Deviation: 0.2526225908802944
Average: 0.6475378131748439
Accuracy: 0.23333333333333334, Recall: 0.16559498287439464, Precision: 0.12348414769814364, F1 Score: 0.13022654103457393, MCC: 0.04761403404079505
Average SMAPE across all features: 0.6304716707418723
Privacy Scores:
Statistical Details of Privacy Scores:
Minimum: 0.02279012497052481
Maximum: 0.9991391653411387
Mean: 0.6476088223374806
Standard Deviation: 0.25260321657101353
Average: 0.6476088223374806
Accuracy: 0.25925925925925924, Recall: 0.13689078211137035, Precision: 0.127106524427953, F1 Score: 0.12970901096755366, MCC: 0.035835102094193765
Average SMAPE across all features: 0.6268865423559926
Privacy Scores:
Statistical Details of Privacy Scores:
Minimum: 0.02279012497052481
Maximum: 0.9991391653411387
Mean: 0.6475859465253859
Standard Deviation: 0.2525858279015094
Average: 0.6475859465253859
Accuracy: 0.22592592592592592, Recall: 0.11400530113765409, Precision: 0.09038980406661355, F1 Score: 0.09873555517368227, MCC: -0.028079109748237456
Average SMAPE across all features: 0.6324457607308235
Privacy Scores:
Statistical Details of Privacy Scores:
Minimum: 0.02353607206691267
Maximum: 0.9993831084677331
Mean: 0.6476194163397417
Standard Deviation: 0.25252884626703115
Average: 0.6476194163397417
Accuracy: 0.13703703703703704, Recall: 0.10645978293037117, Precision: 0.09731568132303427, F1 Score: 0.07961848702855896, MCC: -0.016916889256967278
Average SMAPE across all features: 0.6285777150093411
Privacy Scores:
Statistical Details of Privacy Scores:
Minimum: 0.02279012497052481
Maximum: 0.9992610993026784
Mean: 0.6476100341603411
Standard Deviation: 0.2525881160436591
Average: 0.6476100341603411
Accuracy: 0.2777777777777778, Recall: 0.14323562963268846, Precision: 0.134364456571531, F1 Score: 0.13612062862423596, MCC: 0.05417421574007743
Average SMAPE across all features: 0.6318927599514448
Privacy Scores:
Statistical Details of Privacy Scores:
Minimum: 0.022790649735228166
Maximum: 0.9993831084677331
Mean: 0.6476124745495503
Standard Deviation: 0.25253944398799927
Average: 0.6476124745495503
Accuracy: 0.1259259259259259, Recall: 0.09793992330757037, Precision: 0.07374845545577252, F1 Score: 0.06244372574258246, MCC: -0.04414127479327689
Average SMAPE across all features: 0.6314693393113324
Privacy Scores:
Statistical Details of Privacy Scores:
Minimum: 0.022790649735228166
Maximum: 0.9992610993026784
Mean: 0.6476210917038423
Standard Deviation: 0.2525077633071643
Average: 0.6476210917038423
Accuracy: 0.12962962962962962, Recall: 0.11728917611270553, Precision: 0.06674566183899633, F1 Score: 0.07059946404596157, MCC: -0.06933058708251388
Average SMAPE across all features: 0.6294915348132004
Privacy Scores:
Statistical Details of Privacy Scores:
Minimum: 0.022790649735228166
Maximum: 0.9991391653411387
Mean: 0.6476020119543953
Standard Deviation: 0.2525949157952256
Average: 0.6476020119543953
Accuracy: 0.23703703703703705, Recall: 0.13784958086428675, Precision: 0.10153990088624343, F1 Score: 0.10321969696969696, MCC: 0.0292158413237129
Average SMAPE across all features: 0.6300976388452991
Privacy Scores:
Statistical Details of Privacy Scores:
Minimum: 0.022790649735228166
Maximum: 0.9992610993026784
Mean: 0.6477090793594831
Standard Deviation: 0.2525008366087059
Average: 0.6477090793594831
Accuracy: 0.2037037037037037, Recall: 0.10966502694443869, Precision: 0.07516628108733373, F1 Score: 0.0805597771023303, MCC: -0.01925846513432291
Average SMAPE across all features: 0.6323896004570988
Privacy Scores:
Statistical Details of Privacy Scores:
Minimum: 0.02279012497052481
Maximum: 0.9993831084677331
Mean: 0.647629234641333
Standard Deviation: 0.25249565159546705
Average: 0.647629234641333
Accuracy: 0.17407407407407408, Recall: 0.11111161294984825, Precision: 0.08140756302521009, F1 Score: 0.08377112498890106, MCC: -0.03929488266057075
Average SMAPE across all features: 0.6308192379468356
Privacy Scores:
Statistical Details of Privacy Scores:
Minimum: 0.022790649735228166
Maximum: 0.9991391653411387
Mean: 0.6474990161819054
Standard Deviation: 0.25260107421820593
Average: 0.6474990161819054
Accuracy: 0.24074074074074073, Recall: 0.19031428296134179, Precision: 0.20279649820135898, F1 Score: 0.16486268854790198, MCC: 0.025137566026459758
Average SMAPE across all features: 0.6306676867065096
Privacy Scores:
Statistical Details of Privacy Scores:
Minimum: 0.022790649735228166
Maximum: 0.9991391653411387
Mean: 0.6474890668877694
Standard Deviation: 0.25262114539475594
Average: 0.6474890668877694
Accuracy: 0.3111111111111111, Recall: 0.22656332803391627, Precision: 0.2698012995556951, F1 Score: 0.21042969123667146, MCC: 0.12527779458681884
Average SMAPE across all features: 0.634190261517034
Privacy Scores:
Statistical Details of Privacy Scores:
Minimum: 0.02630420721381544
Maximum: 0.9992610993026784
Mean: 0.6476984041346516
Standard Deviation: 0.2524723385253886
Average: 0.6476984041346516
Accuracy: 0.18888888888888888, Recall: 0.09663402345290889, Precision: 0.1006734227782022, F1 Score: 0.08927744660491224, MCC: -0.023061315230993865
Average SMAPE across all features: 0.6307320406945722
Privacy Scores:
Statistical Details of Privacy Scores:
Minimum: 0.02279012497052481
Maximum: 0.9992610993026784
Mean: 0.647625634358276
Standard Deviation: 0.2525781283089404
Average: 0.647625634358276
Accuracy: 0.26296296296296295, Recall: 0.13610709640121404, Precision: 0.13228994640011588, F1 Score: 0.1297323905516883, MCC: 0.04531313135533892
independent_attribute_mode JS avg:  7.622293041585635e-08
SMAPE Statistics:
#
 0,        smapeList_n12,  0.61,  0.00,    *--              |                   ,  0.60,  0.63
 0,     smapeList_square,  0.61,  0.00,    -*-              |                   ,  0.60,  0.63
 0,       smapeList_cube,  0.61,  0.00,     -*-             |                   ,  0.60,  0.63
#
 1,      howso_smapeList,  0.61,  0.01,           ---*---   |                   ,  0.60,  0.63
#
 2,    DS_corr_smapeList,  0.61,  0.00,            --*-     |                   ,  0.60,  0.63
#
 3,  DS_incorr_smapeList,  0.63,  0.00,                     |             -*-   ,  0.60,  0.63
Privacy Score Statistics:
#
 0,  howso_privacy_score, -0.94,  0.01, *                   |                   , -0.95, -0.65
#
 1,   privacy_score_cube, -0.81,  0.01,                  -* |                   , -0.95, -0.65
#
 2, privacy_score_square, -0.81,  0.01,                  -* |                   , -0.95, -0.65
#
 3,    privacy_score_n12, -0.80,  0.01,                   * |                   , -0.95, -0.65
#
 4, DS_corr_privacy_score, -0.67,  0.00,                     |                *  , -0.95, -0.65
#
 5, DS_incorr_privacy_score, -0.65,  0.00,                     |                  *, -0.95, -0.65
JSD Statistics:
#
 0,        js_score_cube,  0.00,  0.00,    --*--            |                   ,  0.00,  0.00
#
 1,         js_score_n12,  0.00,  0.00,         -*          |                   ,  0.00,  0.00
#
 2,      js_score_square,  0.00,  0.00,              ---*-  |                   ,  0.00,  0.00
#
 3,   DS_incorr_js_score,  0.00,  0.00,                   * |                   ,  0.00,  0.00
#
 4,     DS_corr_js_score,  0.00,  0.00,                     |*                  ,  0.00,  0.00
#
 5,       howso_js_score,  0.00,  0.00,                     |         --*---    ,  0.00,  0.00
KNN Accuracy Statistics:
#
 0,     knn_accuracy_n12, -0.25,  0.07,               --*---|------             , -0.34, -0.13
 0,  knn_accuracy_square, -0.23,  0.04,                  ---|*---               , -0.34, -0.13
 0,   howso_knn_accuracy, -0.23,  0.04,                 ----|*--                , -0.34, -0.13
#
 1, DS_corr_knn_accuracy, -0.22,  0.04,                    -|-*----             , -0.34, -0.13
 1, DS_incorr_knn_accuracy, -0.20,  0.09,                -----|----*------        , -0.34, -0.13
 1,    knn_accuracy_cube, -0.20,  0.04,                     |-----*--           , -0.34, -0.13
KNN Recall Statistics:
#
 0,      knn_recall_cube, -0.14,  0.05,                 ----|--*-------         , -0.23, -0.08
 0,    knn_recall_square, -0.14,  0.04,                     |---*------         , -0.23, -0.08
 0,       knn_recall_n12, -0.14,  0.03,                     |---*----           , -0.23, -0.08
#
 1,     howso_knn_recall, -0.13,  0.04,                     | -----*----        , -0.23, -0.08
 1,   DS_corr_knn_recall, -0.12,  0.03,                     |     ---*----      , -0.23, -0.08
 1, DS_incorr_knn_recall, -0.12,  0.04,                     |  -------*--       , -0.23, -0.08
KNN Precision Statistics:
#
 0,   knn_precision_cube, -0.13,  0.05,                     |   ----*---        , -0.31, -0.05
 0, knn_precision_square, -0.12,  0.06,                     |    -----*---      , -0.31, -0.05
 0,    knn_precision_n12, -0.11,  0.04,                     |     ----*-        , -0.31, -0.05
 0, DS_corr_knn_precision, -0.11,  0.05,                     |      ---*----     , -0.31, -0.05
 0,  howso_knn_precision, -0.10,  0.05,                     |      ------*      , -0.31, -0.05
 0, DS_incorr_knn_precision, -0.10,  0.05,                     |      ------*-     , -0.31, -0.05
KNN F1 Statistics:
#
 0,           knn_f1_n12, -0.12,  0.03,                     |---*----           , -0.21, -0.06
 0,          knn_f1_cube, -0.11,  0.04,                    -|----*----          , -0.21, -0.06
 0,        knn_f1_square, -0.11,  0.04,                     |-----*--           , -0.21, -0.06
 0,       DS_corr_knn_f1, -0.10,  0.03,                     |   ---*---         , -0.21, -0.06
 0,         howso_knn_f1, -0.10,  0.02,                     |   ---*-           , -0.21, -0.06
 0,     DS_incorr_knn_f1, -0.09,  0.05,                     |----------*-       , -0.21, -0.06
KNN MCC Statistics:
#
 0,          knn_mcc_n12, -0.02,  0.05,                -----*---                , -0.13,  0.09
 0,       knn_mcc_square, -0.01,  0.06,                 ----|*------            , -0.13,  0.09
 0,        howso_knn_mcc,  0.00,  0.04,                   --|---*               , -0.13,  0.09
#
 1,         knn_mcc_cube,  0.00,  0.04,                     |---*--             , -0.13,  0.09
 1,      DS_corr_knn_mcc,  0.01,  0.05,                     | ----*----         , -0.13,  0.09
 1,    DS_incorr_knn_mcc,  0.02,  0.08,                 ----|------*---         , -0.13,  0.09
