date :  22/04/2024 16:35:15
file :  ../Proj_Data/Dtlz/dtlz4.csv
repeats : 20
seed :  1234567891
rows :  1000
cols :  14
names 				 ['X0', 'X1', 'X2', 'X3', 'X4', 'X5', 'X6', 'X7', 'X8', 'X9', 'Y0-', 'Y1-', 'Y2-', 'bin_num']		d2h-
Statistics
n12
Average SMAPE across all features: 0.741380869004401
Privacy Scores:
Statistical Details of Privacy Scores:
Minimum: 0.2689093429513032
Maximum: 0.9999799132040633
Mean: 0.8657913071742314
Standard Deviation: 0.14467827219480067
Average: 0.8657913071742314
Accuracy: 0.24, Recall: 0.13161438808430234, Precision: 0.123823155216285, F1 Score: 0.10999072871827047, MCC: -0.0626312215498922
Average SMAPE across all features: 0.7364837803494744
Privacy Scores:
Statistical Details of Privacy Scores:
Minimum: 0.25073627764182077
Maximum: 0.9999653205704037
Mean: 0.8487260567272201
Standard Deviation: 0.15601319531794897
Average: 0.8487260567272201
Accuracy: 0.256, Recall: 0.1380357256521841, Precision: 0.12719193368404272, F1 Score: 0.11949564772145417, MCC: -0.07355098737394301
Average SMAPE across all features: 0.7415091820432311
Privacy Scores:
Statistical Details of Privacy Scores:
Minimum: 0.22467502465433514
Maximum: 0.9998448010727593
Mean: 0.8532390554569104
Standard Deviation: 0.15471237558529674
Average: 0.8532390554569104
Accuracy: 0.24, Recall: 0.12436808410134777, Precision: 0.15291521486643436, F1 Score: 0.1365662400643145, MCC: -0.009960946700401574
Average SMAPE across all features: 0.7402620988944482
Privacy Scores:
Statistical Details of Privacy Scores:
Minimum: 0.23926999753007633
Maximum: 0.99997008463161
Mean: 0.8546725493110617
Standard Deviation: 0.15700964930091393
Average: 0.8546725493110617
Accuracy: 0.232, Recall: 0.1475841884508052, Precision: 0.14144446053960896, F1 Score: 0.14064550615645507, MCC: -0.04315590712531548
Average SMAPE across all features: 0.7430843896803361
Privacy Scores:
Statistical Details of Privacy Scores:
Minimum: 0.1398550099421246
Maximum: 0.999785881362127
Mean: 0.8660103400896323
Standard Deviation: 0.15211666000234939
Average: 0.8660103400896323
Accuracy: 0.18, Recall: 0.11758189780801816, Precision: 0.13270693952512133, F1 Score: 0.10931038789190478, MCC: -0.07233080598296925
Average SMAPE across all features: 0.7402535732280352
Privacy Scores:
Statistical Details of Privacy Scores:
Minimum: 0.2213911721682864
Maximum: 0.9998938229373526
Mean: 0.8498034998893997
Standard Deviation: 0.1606028298915198
Average: 0.8498034998893997
Accuracy: 0.272, Recall: 0.1459872293523888, Precision: 0.1498604055992865, F1 Score: 0.14251700680272109, MCC: -0.01061728801151452
Average SMAPE across all features: 0.7418968181160371
Privacy Scores:
Statistical Details of Privacy Scores:
Minimum: 0.3228694295174715
Maximum: 0.9998990384321031
Mean: 0.8645048933203026
Standard Deviation: 0.14740617055959446
Average: 0.8645048933203026
Accuracy: 0.164, Recall: 0.08990123853841077, Precision: 0.10082083061535117, F1 Score: 0.09284202692748021, MCC: -0.12488364726223494
Average SMAPE across all features: 0.7407240844696601
Privacy Scores:
Statistical Details of Privacy Scores:
Minimum: 0.12708129811707797
Maximum: 0.9997544580215235
Mean: 0.8551148907540129
Standard Deviation: 0.1601182875643183
Average: 0.8551148907540129
Accuracy: 0.216, Recall: 0.15205994532608366, Precision: 0.15290433442453286, F1 Score: 0.11541616907996217, MCC: -0.0408752726003712
Average SMAPE across all features: 0.7384433918421875
Privacy Scores:
Statistical Details of Privacy Scores:
Minimum: 0.23041432493431718
Maximum: 0.9997877873574569
Mean: 0.868570118435019
Standard Deviation: 0.1545526058573669
Average: 0.868570118435019
Accuracy: 0.22, Recall: 0.12403809753531862, Precision: 0.14693223443223444, F1 Score: 0.12545616895721715, MCC: -0.03306507362324747
Average SMAPE across all features: 0.7411300199977735
Privacy Scores:
Statistical Details of Privacy Scores:
Minimum: 0.19431736507331657
Maximum: 0.999841487454606
Mean: 0.8609613111788635
Standard Deviation: 0.154745382957664
Average: 0.8609613111788635
Accuracy: 0.196, Recall: 0.12204341668425478, Precision: 0.14315869086908692, F1 Score: 0.1197425171565188, MCC: -0.04123186509143775
Average SMAPE across all features: 0.7420563891944603
Privacy Scores:
Statistical Details of Privacy Scores:
Minimum: 0.17874692604076445
Maximum: 0.9999790223463361
Mean: 0.8526251631198398
Standard Deviation: 0.1581233659168724
Average: 0.8526251631198398
Accuracy: 0.296, Recall: 0.19203103381273512, Precision: 0.19789997894253344, F1 Score: 0.17915987268557299, MCC: 0.08317421268185936
Average SMAPE across all features: 0.7404945816140496
Privacy Scores:
Statistical Details of Privacy Scores:
Minimum: 0.2142008687680449
Maximum: 0.9997648850877866
Mean: 0.844935605695347
Standard Deviation: 0.16001168088440504
Average: 0.844935605695347
Accuracy: 0.332, Recall: 0.31271639664720247, Precision: 0.23625622695218995, F1 Score: 0.24728999956272682, MCC: 0.07550220271104609
Average SMAPE across all features: 0.7399764923567801
Privacy Scores:
Statistical Details of Privacy Scores:
Minimum: 0.18463468180525677
Maximum: 0.9998768380953844
Mean: 0.8502618929440319
Standard Deviation: 0.1639594585091936
Average: 0.8502618929440319
Accuracy: 0.244, Recall: 0.19977014904193816, Precision: 0.3270916094859757, F1 Score: 0.20574072688579648, MCC: -0.0300646266370702
Average SMAPE across all features: 0.7402819347421583
Privacy Scores:
Statistical Details of Privacy Scores:
Minimum: 0.17153538467290444
Maximum: 0.9999465690255194
Mean: 0.8566905940891202
Standard Deviation: 0.160763389439349
Average: 0.8566905940891202
Accuracy: 0.248, Recall: 0.14514551235020787, Precision: 0.1085177733065057, F1 Score: 0.11447811447811447, MCC: 0.0012481253628686482
Average SMAPE across all features: 0.7397049471212563
Privacy Scores:
Statistical Details of Privacy Scores:
Minimum: 0.10366558119871092
Maximum: 0.9999081306666732
Mean: 0.8555673739288805
Standard Deviation: 0.15560007273309664
Average: 0.8555673739288805
Accuracy: 0.316, Recall: 0.2006110691092988, Precision: 0.19594017094017094, F1 Score: 0.18634206005634577, MCC: 0.08842673458221124
Average SMAPE across all features: 0.7412774897006326
Privacy Scores:
Statistical Details of Privacy Scores:
Minimum: 0.22001503554855054
Maximum: 0.9999664040639293
Mean: 0.8616838266836472
Standard Deviation: 0.1525436984610427
Average: 0.8616838266836472
Accuracy: 0.236, Recall: 0.14202739056003913, Precision: 0.11109262955570341, F1 Score: 0.10667667667667668, MCC: -0.010885271910865755
Average SMAPE across all features: 0.7404509424072179
Privacy Scores:
Statistical Details of Privacy Scores:
Minimum: 0.194513891684358
Maximum: 0.9999795161053485
Mean: 0.8601306560680209
Standard Deviation: 0.15588859295255703
Average: 0.8601306560680209
Accuracy: 0.268, Recall: 0.12347432063208101, Precision: 0.1301177725228358, F1 Score: 0.12529185693139439, MCC: -0.0012170334147113238
Average SMAPE across all features: 0.7407558897342429
Privacy Scores:
Statistical Details of Privacy Scores:
Minimum: 0.16244960288747093
Maximum: 0.9999824290444528
Mean: 0.8680872774226828
Standard Deviation: 0.15282409414239914
Average: 0.8680872774226828
Accuracy: 0.244, Recall: 0.1297115213888247, Precision: 0.138530115242444, F1 Score: 0.13302786319253385, MCC: -0.0350983193465902
Average SMAPE across all features: 0.7388884559022258
Privacy Scores:
Statistical Details of Privacy Scores:
Minimum: 0.11105229698203535
Maximum: 0.9999734220029243
Mean: 0.8458927842274089
Standard Deviation: 0.1550113422953841
Average: 0.8458927842274089
Accuracy: 0.328, Recall: 0.19324841264257742, Precision: 0.2231708981708982, F1 Score: 0.17074622928945601, MCC: 0.03334990784144416
Average SMAPE across all features: 0.7435658498362612
Privacy Scores:
Statistical Details of Privacy Scores:
Minimum: 0.21933246970573628
Maximum: 0.9999022516509724
Mean: 0.845572835556311
Standard Deviation: 0.16127332622394117
Average: 0.845572835556311
Accuracy: 0.288, Recall: 0.20391864132159263, Precision: 0.23256664734859459, F1 Score: 0.19870364262483095, MCC: 0.05549566054048961
n12 JS avg:  0.0009305476028369933
cube
Average SMAPE across all features: 0.7406974587188443
Privacy Scores:
Statistical Details of Privacy Scores:
Minimum: 0.11755359020305227
Maximum: 0.9999497716061606
Mean: 0.8611872850388113
Standard Deviation: 0.15967112521050722
Average: 0.8611872850388113
Accuracy: 0.248, Recall: 0.1285574059370781, Precision: 0.11316730081863254, F1 Score: 0.11103325937418325, MCC: -0.06072593462094574
Average SMAPE across all features: 0.7435892164720709
Privacy Scores:
Statistical Details of Privacy Scores:
Minimum: 0.20814242153403115
Maximum: 0.999803356670059
Mean: 0.8475008537277394
Standard Deviation: 0.15949310832405605
Average: 0.8475008537277394
Accuracy: 0.252, Recall: 0.15881158353350286, Precision: 0.14403586426058337, F1 Score: 0.14595392998911877, MCC: -0.02854870876936007
Average SMAPE across all features: 0.7437947546376791
Privacy Scores:
Statistical Details of Privacy Scores:
Minimum: 0.1542719663174939
Maximum: 0.9999321943615752
Mean: 0.8437374103019402
Standard Deviation: 0.16668715811996296
Average: 0.8437374103019402
Accuracy: 0.268, Recall: 0.19569598749257588, Precision: 0.14200819672131146, F1 Score: 0.14645200328900013, MCC: 0.026575218346023024
Average SMAPE across all features: 0.7440599795682977
Privacy Scores:
Statistical Details of Privacy Scores:
Minimum: 0.18468617899796164
Maximum: 0.9996084377444635
Mean: 0.8737739664348092
Standard Deviation: 0.14446839658015745
Average: 0.8737739664348092
Accuracy: 0.26, Recall: 0.19413765943567748, Precision: 0.17503342614768516, F1 Score: 0.17301424843441648, MCC: 0.023821341560076873
Average SMAPE across all features: 0.7478906042276856
Privacy Scores:
Statistical Details of Privacy Scores:
Minimum: 0.19366022776781314
Maximum: 0.9999630384903161
Mean: 0.8676189604718233
Standard Deviation: 0.14619665909405935
Average: 0.8676189604718233
Accuracy: 0.252, Recall: 0.13170681543102372, Precision: 0.14566375873366755, F1 Score: 0.13299859653991705, MCC: 0.01411529149322835
Average SMAPE across all features: 0.741794100066522
Privacy Scores:
Statistical Details of Privacy Scores:
Minimum: 0.21037682968023294
Maximum: 0.9998759584220962
Mean: 0.8590319385768515
Standard Deviation: 0.15472287303608773
Average: 0.8590319385768515
Accuracy: 0.252, Recall: 0.20707400325631417, Precision: 0.23297720797720797, F1 Score: 0.1430823273124484, MCC: 0.0704600853052564
Average SMAPE across all features: 0.7413487068949266
Privacy Scores:
Statistical Details of Privacy Scores:
Minimum: 0.21011718818671343
Maximum: 0.999960261052049
Mean: 0.8481061884157748
Standard Deviation: 0.1621359068581768
Average: 0.8481061884157748
Accuracy: 0.332, Recall: 0.18237955490339938, Precision: 0.11604804804804804, F1 Score: 0.14074194158493422, MCC: 0.050351108762662716
Average SMAPE across all features: 0.7442269458112599
Privacy Scores:
Statistical Details of Privacy Scores:
Minimum: 0.19974215435254344
Maximum: 0.9999673769504823
Mean: 0.8663499065670137
Standard Deviation: 0.15007166695830412
Average: 0.8663499065670137
Accuracy: 0.216, Recall: 0.13241087850129146, Precision: 0.13813071864182633, F1 Score: 0.10934147678333724, MCC: -0.04144962084593815
Average SMAPE across all features: 0.7438361421585994
Privacy Scores:
Statistical Details of Privacy Scores:
Minimum: 0.20165773356963826
Maximum: 0.9999002120116522
Mean: 0.8530746900521183
Standard Deviation: 0.1571760254710766
Average: 0.8530746900521183
Accuracy: 0.224, Recall: 0.13335456470249282, Precision: 0.13091398532626985, F1 Score: 0.12793144876029253, MCC: -0.08363951706040047
Average SMAPE across all features: 0.7433134651025882
Privacy Scores:
Statistical Details of Privacy Scores:
Minimum: 0.22087124979111872
Maximum: 0.9995698631466181
Mean: 0.849959392702545
Standard Deviation: 0.16293985544177395
Average: 0.849959392702545
Accuracy: 0.252, Recall: 0.15322798470336385, Precision: 0.15240046838407495, F1 Score: 0.15103545092127438, MCC: -0.022030774982320638
Average SMAPE across all features: 0.7438791471737884
Privacy Scores:
Statistical Details of Privacy Scores:
Minimum: 0.23596903746125666
Maximum: 0.9998597409392539
Mean: 0.8416460901413361
Standard Deviation: 0.17013342484169086
Average: 0.8416460901413361
Accuracy: 0.264, Recall: 0.1784350309335485, Precision: 0.20424079400589468, F1 Score: 0.1526878675339526, MCC: 0.0011910779036298717
Average SMAPE across all features: 0.745183246640346
Privacy Scores:
Statistical Details of Privacy Scores:
Minimum: 0.21558164722143308
Maximum: 0.9999743116377741
Mean: 0.8507229499360751
Standard Deviation: 0.15475620105803367
Average: 0.8507229499360751
Accuracy: 0.172, Recall: 0.12882786382223924, Precision: 0.12725199328972914, F1 Score: 0.11014195209279361, MCC: -0.06252776815627147
Average SMAPE across all features: 0.7413396561595409
Privacy Scores:
Statistical Details of Privacy Scores:
Minimum: 0.1771837642742168
Maximum: 0.9998977391930342
Mean: 0.8565061009152444
Standard Deviation: 0.15744603207942165
Average: 0.8565061009152444
Accuracy: 0.236, Recall: 0.17832078295594259, Precision: 0.16851500176971876, F1 Score: 0.15388551338272702, MCC: 0.012183938809262957
Average SMAPE across all features: 0.7443267361305618
Privacy Scores:
Statistical Details of Privacy Scores:
Minimum: 0.11597058028363545
Maximum: 0.9999658330095832
Mean: 0.8691087199954596
Standard Deviation: 0.1504788317318604
Average: 0.8691087199954596
Accuracy: 0.208, Recall: 0.11734958810306302, Precision: 0.11937028907831827, F1 Score: 0.10561544936544938, MCC: -0.07902984663514198
Average SMAPE across all features: 0.743932244372395
Privacy Scores:
Statistical Details of Privacy Scores:
Minimum: 0.1986153054897896
Maximum: 0.9999595859403235
Mean: 0.8399241095864557
Standard Deviation: 0.16274350489767203
Average: 0.8399241095864557
Accuracy: 0.328, Recall: 0.23010543238290504, Precision: 0.22861064320918334, F1 Score: 0.19377177615163887, MCC: 0.14178014175188602
Average SMAPE across all features: 0.743656267803773
Privacy Scores:
Statistical Details of Privacy Scores:
Minimum: 0.2405056452100384
Maximum: 0.9997849510621015
Mean: 0.8681187500323934
Standard Deviation: 0.14619372247150572
Average: 0.8681187500323934
Accuracy: 0.236, Recall: 0.15730204156155672, Precision: 0.17169369213961247, F1 Score: 0.1417907912933705, MCC: 0.01645488291993032
Average SMAPE across all features: 0.7436751770861777
Privacy Scores:
Statistical Details of Privacy Scores:
Minimum: 0.19978260687192537
Maximum: 0.9999462905765396
Mean: 0.8467869316563911
Standard Deviation: 0.16815278187850163
Average: 0.8467869316563911
Accuracy: 0.22, Recall: 0.23920487475586016, Precision: 0.13604971018764123, F1 Score: 0.13950460100277887, MCC: 0.003985652998460352
Average SMAPE across all features: 0.745405811423584
Privacy Scores:
Statistical Details of Privacy Scores:
Minimum: 0.12300747580606539
Maximum: 0.9996718265176164
Mean: 0.8732798594667198
Standard Deviation: 0.1435046810203361
Average: 0.8732798594667198
Accuracy: 0.212, Recall: 0.12591447736493164, Precision: 0.13378287707997852, F1 Score: 0.12240196144944843, MCC: -0.06387159211348299
Average SMAPE across all features: 0.7441037038258512
Privacy Scores:
Statistical Details of Privacy Scores:
Minimum: 0.20752271871662342
Maximum: 0.9998587807902226
Mean: 0.8516137607230825
Standard Deviation: 0.1576038498264072
Average: 0.8516137607230825
Accuracy: 0.284, Recall: 0.16601506882816244, Precision: 0.1907209540769521, F1 Score: 0.1270595457335789, MCC: 0.02465212169178126
Average SMAPE across all features: 0.7425859534329935
Privacy Scores:
Statistical Details of Privacy Scores:
Minimum: 0.2078445499607491
Maximum: 0.9997551533963227
Mean: 0.8662610098976873
Standard Deviation: 0.14659392311150563
Average: 0.8662610098976873
Accuracy: 0.216, Recall: 0.1149911054382456, Precision: 0.13656474244709538, F1 Score: 0.12172861591466243, MCC: -0.05638159237286084
cube JS avg:  0.000700303036509265
square
Average SMAPE across all features: 0.7436426274586976
Privacy Scores:
Statistical Details of Privacy Scores:
Minimum: 0.21064047065410374
Maximum: 0.9999858902200917
Mean: 0.8330006981387953
Standard Deviation: 0.16722569015803126
Average: 0.8330006981387953
Accuracy: 0.288, Recall: 0.20529006572930383, Precision: 0.19819797334398245, F1 Score: 0.1936645962732919, MCC: 0.045714410966691384
Average SMAPE across all features: 0.741867206655218
Privacy Scores:
Statistical Details of Privacy Scores:
Minimum: 0.2158189381397885
Maximum: 0.9996530581369762
Mean: 0.8611832242144131
Standard Deviation: 0.15028447613350102
Average: 0.8611832242144131
Accuracy: 0.212, Recall: 0.11261922230374175, Precision: 0.08012450263124117, F1 Score: 0.07991262244467953, MCC: -0.04739420295716734
Average SMAPE across all features: 0.7436221031302623
Privacy Scores:
Statistical Details of Privacy Scores:
Minimum: 0.14632792033330563
Maximum: 0.9999647261225076
Mean: 0.8466018568592995
Standard Deviation: 0.1634990677773001
Average: 0.8466018568592995
Accuracy: 0.248, Recall: 0.1542184678572984, Precision: 0.1500076010945576, F1 Score: 0.12731932041818253, MCC: 0.009003827355251584
Average SMAPE across all features: 0.744740887211414
Privacy Scores:
Statistical Details of Privacy Scores:
Minimum: 0.22325915288705211
Maximum: 0.9998099369046741
Mean: 0.8449635835207928
Standard Deviation: 0.16781062699385443
Average: 0.8449635835207928
Accuracy: 0.316, Recall: 0.22728236021993997, Precision: 0.22667220311412925, F1 Score: 0.22300356669688126, MCC: 0.0652926306023579
Average SMAPE across all features: 0.7451551170022177
Privacy Scores:
Statistical Details of Privacy Scores:
Minimum: 0.21489220768265815
Maximum: 0.9998981024778876
Mean: 0.8590873883696851
Standard Deviation: 0.1572977654756609
Average: 0.8590873883696851
Accuracy: 0.24, Recall: 0.1514515849405522, Precision: 0.17774111613628438, F1 Score: 0.1416309453074159, MCC: 0.019626728696798067
Average SMAPE across all features: 0.7399493869040911
Privacy Scores:
Statistical Details of Privacy Scores:
Minimum: 0.23269464099656245
Maximum: 0.9999385519096197
Mean: 0.8498603256284661
Standard Deviation: 0.158869240439905
Average: 0.8498603256284661
Accuracy: 0.292, Recall: 0.21524468539765174, Precision: 0.34722222222222215, F1 Score: 0.18550585053395477, MCC: 0.012505145305700571
Average SMAPE across all features: 0.7410599126021792
Privacy Scores:
Statistical Details of Privacy Scores:
Minimum: 0.1828495657811928
Maximum: 0.9997191150605548
Mean: 0.8582106844420607
Standard Deviation: 0.16118241470364458
Average: 0.8582106844420607
Accuracy: 0.308, Recall: 0.178613185392148, Precision: 0.19024080191734682, F1 Score: 0.15623316356510034, MCC: 0.06520871107525511
Average SMAPE across all features: 0.7400897520168391
Privacy Scores:
Statistical Details of Privacy Scores:
Minimum: 0.27784497900348193
Maximum: 0.9999542710838858
Mean: 0.8629734310619117
Standard Deviation: 0.14790584228589485
Average: 0.8629734310619117
Accuracy: 0.272, Recall: 0.15159783850423958, Precision: 0.17367816091954022, F1 Score: 0.1553578360821369, MCC: 0.024435746404797145
Average SMAPE across all features: 0.7404806338853135
Privacy Scores:
Statistical Details of Privacy Scores:
Minimum: 0.22051616049810507
Maximum: 0.9999297632209833
Mean: 0.8630990993084804
Standard Deviation: 0.14866933340468216
Average: 0.8630990993084804
Accuracy: 0.264, Recall: 0.1286445089900401, Precision: 0.12515102278881807, F1 Score: 0.12332369561672256, MCC: -0.043483040867544044
Average SMAPE across all features: 0.740383608958913
Privacy Scores:
Statistical Details of Privacy Scores:
Minimum: 0.09232055229618355
Maximum: 0.9998947806253943
Mean: 0.8415683303226139
Standard Deviation: 0.16433254710111164
Average: 0.8415683303226139
Accuracy: 0.352, Recall: 0.2986531570788699, Precision: 0.283419533345547, F1 Score: 0.22477291781585174, MCC: 0.0932493109224234
Average SMAPE across all features: 0.7429277526386389
Privacy Scores:
Statistical Details of Privacy Scores:
Minimum: 0.22129499387310864
Maximum: 0.9999665369843811
Mean: 0.8500598969083145
Standard Deviation: 0.16445398644261636
Average: 0.8500598969083145
Accuracy: 0.3, Recall: 0.21179013105659353, Precision: 0.19944805194805193, F1 Score: 0.19471222093173313, MCC: 0.07260046130938845
Average SMAPE across all features: 0.740097636203384
Privacy Scores:
Statistical Details of Privacy Scores:
Minimum: 0.19608156316363923
Maximum: 0.9999328421154798
Mean: 0.8378355594795293
Standard Deviation: 0.1708516682451517
Average: 0.8378355594795293
Accuracy: 0.272, Recall: 0.1639974606109944, Precision: 0.13676906720384982, F1 Score: 0.11918979042266713, MCC: 0.006798303583644176
Average SMAPE across all features: 0.7389551931252318
Privacy Scores:
Statistical Details of Privacy Scores:
Minimum: 0.256158035626665
Maximum: 0.9999848286697616
Mean: 0.8499713951116267
Standard Deviation: 0.15941601703694666
Average: 0.8499713951116267
Accuracy: 0.232, Recall: 0.10208860677709611, Precision: 0.091321044546851, F1 Score: 0.09299675195167816, MCC: -0.10826348446493714
Average SMAPE across all features: 0.7433392773957099
Privacy Scores:
Statistical Details of Privacy Scores:
Minimum: 0.18055143243912236
Maximum: 0.9998797856685262
Mean: 0.8590894375457067
Standard Deviation: 0.1531226138125595
Average: 0.8590894375457067
Accuracy: 0.324, Recall: 0.1966583835013417, Precision: 0.1868592047370021, F1 Score: 0.18705947137788567, MCC: 0.06126539742564945
Average SMAPE across all features: 0.7452403470504595
Privacy Scores:
Statistical Details of Privacy Scores:
Minimum: 0.2484055362607648
Maximum: 0.9999926563174055
Mean: 0.8721674652953366
Standard Deviation: 0.1467307364150107
Average: 0.8721674652953366
Accuracy: 0.264, Recall: 0.20165242148880172, Precision: 0.19498327221257158, F1 Score: 0.15933685517528848, MCC: 0.01817356702140471
Average SMAPE across all features: 0.7428596680395032
Privacy Scores:
Statistical Details of Privacy Scores:
Minimum: 0.13411988683641332
Maximum: 0.9999198868959627
Mean: 0.8455084937134488
Standard Deviation: 0.16440027253067493
Average: 0.8455084937134488
Accuracy: 0.328, Recall: 0.280634625306117, Precision: 0.21573494015716474, F1 Score: 0.22638893255237405, MCC: 0.07422744841918427
Average SMAPE across all features: 0.7466218832196525
Privacy Scores:
Statistical Details of Privacy Scores:
Minimum: 0.17831246315348925
Maximum: 0.9999461461309652
Mean: 0.8515526077377787
Standard Deviation: 0.1582275381716792
Average: 0.8515526077377787
Accuracy: 0.256, Recall: 0.14133372930524787, Precision: 0.1330254515599343, F1 Score: 0.12613369484605041, MCC: -0.011574735486675591
Average SMAPE across all features: 0.7405256170261862
Privacy Scores:
Statistical Details of Privacy Scores:
Minimum: 0.1636104207823067
Maximum: 0.9996169844414626
Mean: 0.8393986287475143
Standard Deviation: 0.17024677733533705
Average: 0.8393986287475143
Accuracy: 0.34, Recall: 0.38089357442692656, Precision: 0.2953620872090581, F1 Score: 0.30969974605387646, MCC: 0.11475495820972732
Average SMAPE across all features: 0.7395338006307521
Privacy Scores:
Statistical Details of Privacy Scores:
Minimum: 0.20955511225557466
Maximum: 0.9997787079788056
Mean: 0.8555698363586693
Standard Deviation: 0.15967860693011354
Average: 0.8555698363586693
Accuracy: 0.284, Recall: 0.15629920484962997, Precision: 0.16039426523297493, F1 Score: 0.14272976428939732, MCC: -0.01138107431906034
Average SMAPE across all features: 0.7397049091353229
Privacy Scores:
Statistical Details of Privacy Scores:
Minimum: 0.19177774721977958
Maximum: 0.9999000256375867
Mean: 0.8371823893144508
Standard Deviation: 0.16852532147408683
Average: 0.8371823893144508
Accuracy: 0.292, Recall: 0.1541539780969323, Precision: 0.14494502834031162, F1 Score: 0.12726044640938258, MCC: -0.010571152974530514
square JS avg:  0.001132056864122896
howso
Average SMAPE across all features: 0.8442300418236837
Privacy Scores:
Statistical Details of Privacy Scores:
Minimum: 0.538204502754887
Maximum: 0.9999776171585688
Mean: 0.9027072627892535
Standard Deviation: 0.08768573964452418
Average: 0.9027072627892535
Accuracy: 0.292, Recall: 0.15130972840598064, Precision: 0.14963665366891174, F1 Score: 0.1495363560088479, MCC: -0.0041339908985966786
Average SMAPE across all features: 0.8447263949955789
Privacy Scores:
Statistical Details of Privacy Scores:
Minimum: 0.5113043510165156
Maximum: 0.9999615545671813
Mean: 0.9046517667315888
Standard Deviation: 0.08944947764638574
Average: 0.9046517667315888
Accuracy: 0.248, Recall: 0.14246238236900202, Precision: 0.1488668115868273, F1 Score: 0.1384122721079243, MCC: -0.015618018424166267
Average SMAPE across all features: 0.8421609283551765
Privacy Scores:
Statistical Details of Privacy Scores:
Minimum: 0.540170137602519
Maximum: 0.9999191406619873
Mean: 0.9047651283719971
Standard Deviation: 0.08406457937025645
Average: 0.9047651283719971
Accuracy: 0.28, Recall: 0.15154591168420453, Precision: 0.1429270581925449, F1 Score: 0.12670296245175472, MCC: -0.008101878762780528
Average SMAPE across all features: 0.8437986758593448
Privacy Scores:
Statistical Details of Privacy Scores:
Minimum: 0.47301021187937686
Maximum: 0.9999690548836521
Mean: 0.9071283141057851
Standard Deviation: 0.08784580474646815
Average: 0.9071283141057851
Accuracy: 0.292, Recall: 0.15004840919674234, Precision: 0.15433459424959914, F1 Score: 0.15046407928847674, MCC: 0.0005246419176797677
Average SMAPE across all features: 0.8461144058054426
Privacy Scores:
Statistical Details of Privacy Scores:
Minimum: 0.519099061797686
Maximum: 0.9999334679698794
Mean: 0.9098097793698439
Standard Deviation: 0.08228921255692846
Average: 0.9098097793698439
Accuracy: 0.248, Recall: 0.1379799252588803, Precision: 0.1422805589472256, F1 Score: 0.135728436014957, MCC: -0.07179585763337189
Average SMAPE across all features: 0.8439651783338638
Privacy Scores:
Statistical Details of Privacy Scores:
Minimum: 0.5362228754159849
Maximum: 0.9999540120518499
Mean: 0.9115277655102525
Standard Deviation: 0.08081598288684678
Average: 0.9115277655102525
Accuracy: 0.26, Recall: 0.11143902379492686, Precision: 0.11161019536019537, F1 Score: 0.10944374225033526, MCC: -0.052749450102367985
Average SMAPE across all features: 0.8502780040879436
Privacy Scores:
Statistical Details of Privacy Scores:
Minimum: 0.3804923280174668
Maximum: 0.9997838362896502
Mean: 0.9063876733416071
Standard Deviation: 0.085966006158969
Average: 0.9063876733416071
Accuracy: 0.292, Recall: 0.1779918433016077, Precision: 0.16656083696178037, F1 Score: 0.17044222153711205, MCC: 0.006895449687349727
Average SMAPE across all features: 0.8440130718935153
Privacy Scores:
Statistical Details of Privacy Scores:
Minimum: 0.48015907008769565
Maximum: 0.9999891292844215
Mean: 0.902510681938318
Standard Deviation: 0.09133344996241824
Average: 0.902510681938318
Accuracy: 0.368, Recall: 0.20287504983299665, Precision: 0.197765837843491, F1 Score: 0.1978459035450056, MCC: 0.08968123749268248
Average SMAPE across all features: 0.8456134467773533
Privacy Scores:
Statistical Details of Privacy Scores:
Minimum: 0.49423600928050515
Maximum: 0.9998613015569389
Mean: 0.9019361456858107
Standard Deviation: 0.08952405413779947
Average: 0.9019361456858107
Accuracy: 0.28, Recall: 0.14749310713340502, Precision: 0.1331471613035458, F1 Score: 0.13704421762242372, MCC: -0.024364098368309543
Average SMAPE across all features: 0.8492356070804528
Privacy Scores:
Statistical Details of Privacy Scores:
Minimum: 0.5087314678832419
Maximum: 0.9999636243417201
Mean: 0.8991197998206882
Standard Deviation: 0.08817058268941304
Average: 0.8991197998206882
Accuracy: 0.308, Recall: 0.18049291533918263, Precision: 0.17778541623018365, F1 Score: 0.16996194097885678, MCC: 0.028448492211254384
Average SMAPE across all features: 0.8436843795146697
Privacy Scores:
Statistical Details of Privacy Scores:
Minimum: 0.38193104759271673
Maximum: 0.9993632384884072
Mean: 0.8969095960492728
Standard Deviation: 0.09217211901089574
Average: 0.8969095960492728
Accuracy: 0.316, Recall: 0.208143662846097, Precision: 0.34470871385965723, F1 Score: 0.22225122322982957, MCC: 0.03428102592645657
Average SMAPE across all features: 0.8441260511317477
Privacy Scores:
Statistical Details of Privacy Scores:
Minimum: 0.5537086650981641
Maximum: 0.9999866386603301
Mean: 0.9080450360752023
Standard Deviation: 0.08589253426570365
Average: 0.9080450360752023
Accuracy: 0.292, Recall: 0.13659676048431213, Precision: 0.1459736740224545, F1 Score: 0.13620182221943283, MCC: -0.01417298893088522
Average SMAPE across all features: 0.8448535208026995
Privacy Scores:
Statistical Details of Privacy Scores:
Minimum: 0.45931007554210146
Maximum: 0.9998471053831981
Mean: 0.9056902767855746
Standard Deviation: 0.09000750915562758
Average: 0.9056902767855746
Accuracy: 0.268, Recall: 0.1409930418061153, Precision: 0.13347371872710412, F1 Score: 0.13357181953241068, MCC: -0.03056359613526255
Average SMAPE across all features: 0.8442004025376151
Privacy Scores:
Statistical Details of Privacy Scores:
Minimum: 0.44949861407978087
Maximum: 0.999918905213003
Mean: 0.9025643236216458
Standard Deviation: 0.08691145662585885
Average: 0.9025643236216458
Accuracy: 0.424, Recall: 0.24836660837462352, Precision: 0.26076736587572497, F1 Score: 0.24502694104966835, MCC: 0.1794804256063818
Average SMAPE across all features: 0.8455469489867977
Privacy Scores:
Statistical Details of Privacy Scores:
Minimum: 0.43651481103500744
Maximum: 0.9999364464028098
Mean: 0.9097078038959158
Standard Deviation: 0.08610399563155453
Average: 0.9097078038959158
Accuracy: 0.272, Recall: 0.16319374650331495, Precision: 0.18216726084373144, F1 Score: 0.16239164467215236, MCC: 0.029253133576285235
Average SMAPE across all features: 0.844142400592975
Privacy Scores:
Statistical Details of Privacy Scores:
Minimum: 0.3684128994345641
Maximum: 0.9999680239621606
Mean: 0.9042762813464048
Standard Deviation: 0.08776037156734941
Average: 0.9042762813464048
Accuracy: 0.292, Recall: 0.17748147385065846, Precision: 0.19262820512820514, F1 Score: 0.1777700831349666, MCC: 0.022420180830186723
Average SMAPE across all features: 0.8445724135864611
Privacy Scores:
Statistical Details of Privacy Scores:
Minimum: 0.4567896328261084
Maximum: 0.9999578853486037
Mean: 0.9061181918655616
Standard Deviation: 0.08673818460909787
Average: 0.9061181918655616
Accuracy: 0.292, Recall: 0.1348477299843645, Precision: 0.14064573197700134, F1 Score: 0.13590848142040288, MCC: 0.0036643277806948818
Average SMAPE across all features: 0.8470896366204831
Privacy Scores:
Statistical Details of Privacy Scores:
Minimum: 0.5379416147115647
Maximum: 0.9999260269101649
Mean: 0.9087161643818528
Standard Deviation: 0.08647652626619272
Average: 0.9087161643818528
Accuracy: 0.208, Recall: 0.11356563047534816, Precision: 0.11804746387544847, F1 Score: 0.11427759509600943, MCC: -0.08874505577326668
Average SMAPE across all features: 0.84088960899306
Privacy Scores:
Statistical Details of Privacy Scores:
Minimum: 0.47167005088237063
Maximum: 0.9999713963186149
Mean: 0.8999332648284976
Standard Deviation: 0.08826720007870453
Average: 0.8999332648284976
Accuracy: 0.356, Recall: 0.20415723249671328, Precision: 0.23289569819219413, F1 Score: 0.19935095229690925, MCC: 0.060167789456571995
Average SMAPE across all features: 0.8460091291597744
Privacy Scores:
Statistical Details of Privacy Scores:
Minimum: 0.4922933283177774
Maximum: 0.9997658334178983
Mean: 0.9083838718579654
Standard Deviation: 0.08470897551721208
Average: 0.9083838718579654
Accuracy: 0.248, Recall: 0.12968587205231544, Precision: 0.12370268620268621, F1 Score: 0.1225520993343574, MCC: -0.06908994198891037
howso JS avg:  0.0005286787873861902
correlated_attribute_mode
Average SMAPE across all features: 0.882364053048798
Privacy Scores:
Statistical Details of Privacy Scores:
Minimum: 0.5111257745130964
Maximum: 0.9998999767432041
Mean: 0.9476182949997364
Standard Deviation: 0.058500240287584486
Average: 0.9476182949997364
Accuracy: 0.344, Recall: 0.18635729588572078, Precision: 0.18467477570738441, F1 Score: 0.15773383226980733, MCC: 0.04877767356936693
Average SMAPE across all features: 0.8818684563946608
Privacy Scores:
Statistical Details of Privacy Scores:
Minimum: 0.5287413519155509
Maximum: 0.9999459371113496
Mean: 0.9440642175430626
Standard Deviation: 0.05950256418920584
Average: 0.9440642175430626
Accuracy: 0.416, Recall: 0.2725182928375925, Precision: 0.2768988187828116, F1 Score: 0.2613678167326236, MCC: 0.15499119595083138
Average SMAPE across all features: 0.8832997114792689
Privacy Scores:
Statistical Details of Privacy Scores:
Minimum: 0.640275785904645
Maximum: 0.9999448467937364
Mean: 0.9486643316573895
Standard Deviation: 0.0548093581998146
Average: 0.9486643316573895
Accuracy: 0.2, Recall: 0.11324066908545144, Precision: 0.11823928944618599, F1 Score: 0.1132679556170736, MCC: -0.09542330751430911
Average SMAPE across all features: 0.8823514312570847
Privacy Scores:
Statistical Details of Privacy Scores:
Minimum: 0.5111257745130964
Maximum: 0.9999114931668356
Mean: 0.9503595235501632
Standard Deviation: 0.05584786301865102
Average: 0.9503595235501632
Accuracy: 0.352, Recall: 0.19382303255979125, Precision: 0.18998095394691772, F1 Score: 0.18685610877158507, MCC: 0.06406585906145291
Average SMAPE across all features: 0.8821574252860916
Privacy Scores:
Statistical Details of Privacy Scores:
Minimum: 0.5597510818569654
Maximum: 0.9999431565646908
Mean: 0.9481373386467693
Standard Deviation: 0.055087444457374506
Average: 0.9481373386467693
Accuracy: 0.264, Recall: 0.12617463492095396, Precision: 0.10388771435283063, F1 Score: 0.1115198255381527, MCC: -0.07683313101804269
Average SMAPE across all features: 0.8826714350334477
Privacy Scores:
Statistical Details of Privacy Scores:
Minimum: 0.5111257745130964
Maximum: 0.9998969339755406
Mean: 0.9499117116056883
Standard Deviation: 0.056977710399462526
Average: 0.9499117116056883
Accuracy: 0.304, Recall: 0.16837462831643676, Precision: 0.1619543650793651, F1 Score: 0.1607469134811636, MCC: 0.01196000329140194
Average SMAPE across all features: 0.8822476289252962
Privacy Scores:
Statistical Details of Privacy Scores:
Minimum: 0.5287413519155509
Maximum: 0.9999172109882839
Mean: 0.9460583398914969
Standard Deviation: 0.05680640388584413
Average: 0.9460583398914969
Accuracy: 0.224, Recall: 0.11563767810061742, Precision: 0.09797909565532575, F1 Score: 0.10232281034210489, MCC: -0.12163262720829851
Average SMAPE across all features: 0.8824678635105588
Privacy Scores:
Statistical Details of Privacy Scores:
Minimum: 0.5287413519155509
Maximum: 0.9999870414318289
Mean: 0.9507625269490247
Standard Deviation: 0.053845329509122755
Average: 0.9507625269490247
Accuracy: 0.296, Recall: 0.15112295935972556, Precision: 0.1346023880196542, F1 Score: 0.13921217415524073, MCC: -0.03952202193114843
Average SMAPE across all features: 0.8822062479824146
Privacy Scores:
Statistical Details of Privacy Scores:
Minimum: 0.7040330282113186
Maximum: 0.9999870414318289
Mean: 0.9507590058532267
Standard Deviation: 0.051489205178013316
Average: 0.9507590058532267
Accuracy: 0.368, Recall: 0.17592471616130145, Precision: 0.17532192351156842, F1 Score: 0.149774800848976, MCC: 0.0451589028161961
Average SMAPE across all features: 0.8819488214581759
Privacy Scores:
Statistical Details of Privacy Scores:
Minimum: 0.6661819893758436
Maximum: 0.9999851051758564
Mean: 0.9498272444007574
Standard Deviation: 0.051569080631519645
Average: 0.9498272444007574
Accuracy: 0.304, Recall: 0.14237496524253176, Precision: 0.10312500000000001, F1 Score: 0.10974266518565652, MCC: -0.05146307987597572
Average SMAPE across all features: 0.8826128191882283
Privacy Scores:
Statistical Details of Privacy Scores:
Minimum: 0.45212028691191875
Maximum: 0.9999448467937364
Mean: 0.9486361857358995
Standard Deviation: 0.0584268463194843
Average: 0.9486361857358995
Accuracy: 0.416, Recall: 0.23813639668070366, Precision: 0.21715038247296312, F1 Score: 0.22379312870851953, MCC: 0.1720125602918216
Average SMAPE across all features: 0.8826575499328534
Privacy Scores:
Statistical Details of Privacy Scores:
Minimum: 0.6664394126920712
Maximum: 0.9999448467937364
Mean: 0.9508836379964021
Standard Deviation: 0.049471002985356935
Average: 0.9508836379964021
Accuracy: 0.368, Recall: 0.20405628029762443, Precision: 0.21163742690058482, F1 Score: 0.1959772272272272, MCC: 0.08877682840747321
Average SMAPE across all features: 0.8830787484613432
Privacy Scores:
Statistical Details of Privacy Scores:
Minimum: 0.6521916012261001
Maximum: 0.9999114931668356
Mean: 0.9492518336070346
Standard Deviation: 0.05306237931150154
Average: 0.9492518336070346
Accuracy: 0.224, Recall: 0.13002475736774574, Precision: 0.11974982381959128, F1 Score: 0.1054005495666878, MCC: -0.06907030799717662
Average SMAPE across all features: 0.8827244459432126
Privacy Scores:
Statistical Details of Privacy Scores:
Minimum: 0.5111257745130964
Maximum: 0.9999172109882839
Mean: 0.9479018432002042
Standard Deviation: 0.05962598126378513
Average: 0.9479018432002042
Accuracy: 0.324, Recall: 0.16965528548025607, Precision: 0.17373087138768464, F1 Score: 0.16327747584541064, MCC: 0.004127721600411059
Average SMAPE across all features: 0.8820844950219127
Privacy Scores:
Statistical Details of Privacy Scores:
Minimum: 0.6521916012261001
Maximum: 0.9999431565646908
Mean: 0.9511854513738001
Standard Deviation: 0.053386141537258264
Average: 0.9511854513738001
Accuracy: 0.312, Recall: 0.1501899516578056, Precision: 0.1204538572185631, F1 Score: 0.13152685823493276, MCC: -0.026263710045692723
Average SMAPE across all features: 0.8829234226719925
Privacy Scores:
Statistical Details of Privacy Scores:
Minimum: 0.7040330282113186
Maximum: 0.9999114931668356
Mean: 0.9468405356853925
Standard Deviation: 0.053696689986591696
Average: 0.9468405356853925
Accuracy: 0.288, Recall: 0.15224807535754128, Precision: 0.15242598221321627, F1 Score: 0.1464850709496681, MCC: -0.04177078420043257
Average SMAPE across all features: 0.8828222750585318
Privacy Scores:
Statistical Details of Privacy Scores:
Minimum: 0.5111257745130964
Maximum: 0.9999114931668356
Mean: 0.9509931883790873
Standard Deviation: 0.054632432156518064
Average: 0.9509931883790873
Accuracy: 0.272, Recall: 0.15213584642391717, Precision: 0.16346535743392385, F1 Score: 0.14306950470071036, MCC: -0.03952960295432888
Average SMAPE across all features: 0.8822326265570215
Privacy Scores:
Statistical Details of Privacy Scores:
Minimum: 0.5287413519155509
Maximum: 0.9999114931668356
Mean: 0.9493157219937925
Standard Deviation: 0.05387638865268387
Average: 0.9493157219937925
Accuracy: 0.264, Recall: 0.14064211700620108, Precision: 0.11931818181818181, F1 Score: 0.1227111629766497, MCC: -0.03389682417449523
Average SMAPE across all features: 0.8834962209372776
Privacy Scores:
Statistical Details of Privacy Scores:
Minimum: 0.6482725493125469
Maximum: 0.9998918233010223
Mean: 0.9458314731269184
Standard Deviation: 0.05573855983060638
Average: 0.9458314731269184
Accuracy: 0.348, Recall: 0.22415426285691312, Precision: 0.22472030777091215, F1 Score: 0.20505659160215808, MCC: 0.09840691522018279
Average SMAPE across all features: 0.8821552962310094
Privacy Scores:
Statistical Details of Privacy Scores:
Minimum: 0.5597510818569654
Maximum: 0.9999431565646908
Mean: 0.9500008385599497
Standard Deviation: 0.05351091972146554
Average: 0.9500008385599497
Accuracy: 0.268, Recall: 0.13030951734858306, Precision: 0.09620397523623331, F1 Score: 0.1081796973239522, MCC: -0.06709392959045046
correlated_attribute_mode JS avg:  0.011354054665883578
independent_attribute_mode
Average SMAPE across all features: 0.8652106284064003
Privacy Scores:
Statistical Details of Privacy Scores:
Minimum: 0.5978478503209521
Maximum: 0.9999803168138938
Mean: 0.9405701678065651
Standard Deviation: 0.05992753459567243
Average: 0.9405701678065651
Accuracy: 0.276, Recall: 0.1402263734165311, Precision: 0.14182595182595184, F1 Score: 0.13168825680993726, MCC: -0.007749478558516821
Average SMAPE across all features: 0.8645206109706953
Privacy Scores:
Statistical Details of Privacy Scores:
Minimum: 0.6212300773728614
Maximum: 0.9999438951269135
Mean: 0.9420597973253663
Standard Deviation: 0.05824870947774255
Average: 0.9420597973253663
Accuracy: 0.32, Recall: 0.2227715617146667, Precision: 0.2296623268533381, F1 Score: 0.21729654614919736, MCC: 0.050075573894657374
Average SMAPE across all features: 0.8653405218986515
Privacy Scores:
Statistical Details of Privacy Scores:
Minimum: 0.5919469530867301
Maximum: 0.9999890491734522
Mean: 0.943386989091425
Standard Deviation: 0.05960696712054568
Average: 0.943386989091425
Accuracy: 0.256, Recall: 0.16796661691742298, Precision: 0.16785542499828213, F1 Score: 0.1593124397522446, MCC: -0.00044604375266945684
Average SMAPE across all features: 0.864115185442256
Privacy Scores:
Statistical Details of Privacy Scores:
Minimum: 0.6034760462257792
Maximum: 0.9999803168138938
Mean: 0.9425914971496677
Standard Deviation: 0.05823460532108344
Average: 0.9425914971496677
Accuracy: 0.26, Recall: 0.14705822001561153, Precision: 0.1321752500997784, F1 Score: 0.13757628568712568, MCC: -0.04582952612590109
Average SMAPE across all features: 0.8640285805233476
Privacy Scores:
Statistical Details of Privacy Scores:
Minimum: 0.6906465976935615
Maximum: 0.9998626711295326
Mean: 0.9401383174322282
Standard Deviation: 0.057025385424736036
Average: 0.9401383174322282
Accuracy: 0.284, Recall: 0.15095712854735557, Precision: 0.1344106085485396, F1 Score: 0.13403705040298328, MCC: -0.020541273822618458
Average SMAPE across all features: 0.864887364550432
Privacy Scores:
Statistical Details of Privacy Scores:
Minimum: 0.6783794067263075
Maximum: 0.9999867094869638
Mean: 0.9416747167222974
Standard Deviation: 0.05689006741105936
Average: 0.9416747167222974
Accuracy: 0.24, Recall: 0.1150672009625366, Precision: 0.11212357531522255, F1 Score: 0.10475819490564109, MCC: -0.035261676079965
Average SMAPE across all features: 0.8659681306296083
Privacy Scores:
Statistical Details of Privacy Scores:
Minimum: 0.6288064590364304
Maximum: 0.9999890491734522
Mean: 0.9423658630933895
Standard Deviation: 0.05800533689929253
Average: 0.9423658630933895
Accuracy: 0.284, Recall: 0.12607951551559024, Precision: 0.13306163306163304, F1 Score: 0.12686203685303596, MCC: -0.009045375572382556
Average SMAPE across all features: 0.8645362367877167
Privacy Scores:
Statistical Details of Privacy Scores:
Minimum: 0.6212300773728614
Maximum: 0.9999890491734522
Mean: 0.9409347516244022
Standard Deviation: 0.058836407983336905
Average: 0.9409347516244022
Accuracy: 0.256, Recall: 0.17636664749920913, Precision: 0.18035072984038872, F1 Score: 0.1684380501317835, MCC: -0.021073697402306947
Average SMAPE across all features: 0.8632480840911592
Privacy Scores:
Statistical Details of Privacy Scores:
Minimum: 0.5484557016696213
Maximum: 0.9998768923125383
Mean: 0.9364186732733596
Standard Deviation: 0.06258566608806171
Average: 0.9364186732733596
Accuracy: 0.272, Recall: 0.12628195832549646, Precision: 0.146133112170848, F1 Score: 0.10783514845844303, MCC: -0.053917096094226326
Average SMAPE across all features: 0.8641808206673378
Privacy Scores:
Statistical Details of Privacy Scores:
Minimum: 0.6034760462257792
Maximum: 0.9999147260079518
Mean: 0.9439034374338657
Standard Deviation: 0.057863183508871666
Average: 0.9439034374338657
Accuracy: 0.264, Recall: 0.13771575952665713, Precision: 0.13034509350298823, F1 Score: 0.13258571694649174, MCC: -0.04170827965274761
Average SMAPE across all features: 0.8651149091518999
Privacy Scores:
Statistical Details of Privacy Scores:
Minimum: 0.5978478503209521
Maximum: 0.9998724995791302
Mean: 0.9378968205064809
Standard Deviation: 0.06411265404837771
Average: 0.9378968205064809
Accuracy: 0.272, Recall: 0.15479133793639466, Precision: 0.14566162294291812, F1 Score: 0.14377275647890342, MCC: -0.0030087518223275013
Average SMAPE across all features: 0.8641443813185844
Privacy Scores:
Statistical Details of Privacy Scores:
Minimum: 0.6856323452540178
Maximum: 0.9999867094869638
Mean: 0.9420513973627567
Standard Deviation: 0.05591521688347366
Average: 0.9420513973627567
Accuracy: 0.24, Recall: 0.10671535823044884, Precision: 0.08161179225788676, F1 Score: 0.08898600227714151, MCC: -0.08838704108732222
Average SMAPE across all features: 0.8638095875242799
Privacy Scores:
Statistical Details of Privacy Scores:
Minimum: 0.6212300773728614
Maximum: 0.9999803168138938
Mean: 0.9411829616567635
Standard Deviation: 0.059509818930100426
Average: 0.9411829616567635
Accuracy: 0.32, Recall: 0.18447034224799577, Precision: 0.22419263053065872, F1 Score: 0.18639979912418767, MCC: 0.03957193605167912
Average SMAPE across all features: 0.8651660964986334
Privacy Scores:
Statistical Details of Privacy Scores:
Minimum: 0.4797742468439463
Maximum: 0.9999890491734522
Mean: 0.9407794967578692
Standard Deviation: 0.061067105121959134
Average: 0.9407794967578692
Accuracy: 0.284, Recall: 0.15708359595860977, Precision: 0.1654243965219575, F1 Score: 0.14945445642959454, MCC: 0.023442003929615873
Average SMAPE across all features: 0.8653476822747757
Privacy Scores:
Statistical Details of Privacy Scores:
Minimum: 0.5978478503209521
Maximum: 0.9999803168138938
Mean: 0.9406440730862257
Standard Deviation: 0.06219503807515803
Average: 0.9406440730862257
Accuracy: 0.332, Recall: 0.18723890022345283, Precision: 0.18334914093842666, F1 Score: 0.1763618326118326, MCC: 0.0690014613529641
Average SMAPE across all features: 0.8645599219858827
Privacy Scores:
Statistical Details of Privacy Scores:
Minimum: 0.5978478503209521
Maximum: 0.9999803168138938
Mean: 0.9382990566077235
Standard Deviation: 0.06391845066721993
Average: 0.9382990566077235
Accuracy: 0.296, Recall: 0.16881157934585608, Precision: 0.1574522464352973, F1 Score: 0.14758207070707072, MCC: 0.009827559917200732
Average SMAPE across all features: 0.8635595594507949
Privacy Scores:
Statistical Details of Privacy Scores:
Minimum: 0.6212300773728614
Maximum: 0.9998768923125383
Mean: 0.9410434746353865
Standard Deviation: 0.059178347030752046
Average: 0.9410434746353865
Accuracy: 0.324, Recall: 0.16503683454105064, Precision: 0.11927460639428185, F1 Score: 0.13319717042123622, MCC: 0.016060196741491787
Average SMAPE across all features: 0.8633114803203794
Privacy Scores:
Statistical Details of Privacy Scores:
Minimum: 0.6783794067263075
Maximum: 0.9999867094869638
Mean: 0.9415774370342309
Standard Deviation: 0.05658630972233964
Average: 0.9415774370342309
Accuracy: 0.264, Recall: 0.13352898019075568, Precision: 0.09000329380764162, F1 Score: 0.10752243741143126, MCC: -0.06984508441752353
Average SMAPE across all features: 0.8648472081330651
Privacy Scores:
Statistical Details of Privacy Scores:
Minimum: 0.6034760462257792
Maximum: 0.9999890491734522
Mean: 0.94503857047084
Standard Deviation: 0.05525519590119126
Average: 0.94503857047084
Accuracy: 0.252, Recall: 0.1304661353380436, Precision: 0.13559006211180125, F1 Score: 0.1325728954761213, MCC: -0.03178310151499736
Average SMAPE across all features: 0.8637108272512526
Privacy Scores:
Statistical Details of Privacy Scores:
Minimum: 0.6034760462257792
Maximum: 0.9998626711295326
Mean: 0.940271279045536
Standard Deviation: 0.05909980390542713
Average: 0.940271279045536
Accuracy: 0.248, Recall: 0.133979570983963, Precision: 0.11108631879004248, F1 Score: 0.11635428284373384, MCC: -0.07486201411076943
independent_attribute_mode JS avg:  0.006635570763315503
SMAPE Statistics:
#
 0,        smapeList_n12,  0.74,  0.00,  *                  |                   ,  0.74,  0.88
#
 1,     smapeList_square,  0.74,  0.00, -*                  |                   ,  0.74,  0.88
#
 2,       smapeList_cube,  0.74,  0.00,  -*                 |                   ,  0.74,  0.88
#
 3,      howso_smapeList,  0.84,  0.00,                     |        *          ,  0.74,  0.88
#
 4,  DS_incorr_smapeList,  0.86,  0.00,                     |             *     ,  0.74,  0.88
#
 5,    DS_corr_smapeList,  0.88,  0.00,                     |                  *,  0.74,  0.88
Privacy Score Statistics:
#
 0, DS_corr_privacy_score, -0.95,  0.00, *                   |                   , -0.95, -0.83
#
 1, DS_incorr_privacy_score, -0.94,  0.00,    *                |                   , -0.95, -0.83
#
 2,  howso_privacy_score, -0.90,  0.01,               -*    |                   , -0.95, -0.83
#
 3,    privacy_score_n12, -0.86,  0.01,                     |         --*-      , -0.95, -0.83
 3,   privacy_score_cube, -0.85,  0.02,                     |       -----*-     , -0.95, -0.83
 3, privacy_score_square, -0.85,  0.02,                     |          ---*--   , -0.95, -0.83
JSD Statistics:
#
 0,       howso_js_score,  0.00,  0.00, *                   |                   ,  0.00,  0.01
 0,        js_score_cube,  0.00,  0.00, *--                 |                   ,  0.00,  0.01
#
 1,         js_score_n12,  0.00,  0.00,  *                  |                   ,  0.00,  0.01
#
 2,      js_score_square,  0.00,  0.00, -*                  |                   ,  0.00,  0.01
#
 3,   DS_incorr_js_score,  0.01,  0.00,                  -* |                   ,  0.00,  0.01
#
 4,     DS_corr_js_score,  0.01,  0.00,                     |         --*       ,  0.00,  0.01
KNN Accuracy Statistics:
#
 0, DS_corr_knn_accuracy, -0.30,  0.08,            -------*-|---                , -0.42, -0.16
 0,   howso_knn_accuracy, -0.29,  0.03,                     *----               , -0.42, -0.16
 0,  knn_accuracy_square, -0.28,  0.05,                  ---|*---               , -0.42, -0.16
#
 1, DS_incorr_knn_accuracy, -0.27,  0.03,                     |--*-               , -0.42, -0.16
#
 2,    knn_accuracy_cube, -0.25,  0.04,                     |    --*----        , -0.42, -0.16
 2,     knn_accuracy_n12, -0.24,  0.05,                     |  ----*---         , -0.42, -0.16
KNN Recall Statistics:
#
 0,    knn_recall_square, -0.16,  0.06,                     |  ------*-         , -0.38, -0.09
 0,      knn_recall_cube, -0.16,  0.05,                     |      ---*---      , -0.38, -0.09
 0,   DS_corr_knn_recall, -0.15,  0.06,                     |     -----*--      , -0.38, -0.09
 0,     howso_knn_recall, -0.15,  0.04,                     |      ----*-       , -0.38, -0.09
 0, DS_incorr_knn_recall, -0.15,  0.04,                     |        ---*-      , -0.38, -0.09
 0,       knn_recall_n12, -0.14,  0.07,                     |    -------*--     , -0.38, -0.09
KNN Precision Statistics:
#
 0, knn_precision_square, -0.18,  0.06,                     | ---*-----         , -0.35, -0.08
 0, DS_corr_knn_precision, -0.15,  0.07,                     |   -----*----      , -0.35, -0.08
 0,  howso_knn_precision, -0.15,  0.05,                     |   -----*--        , -0.35, -0.08
 0,    knn_precision_n12, -0.14,  0.07,                     | --------*-        , -0.35, -0.08
 0,   knn_precision_cube, -0.14,  0.04,                     |     ----*-        , -0.35, -0.08
 0, DS_incorr_knn_precision, -0.14,  0.05,                     |      ----*--      , -0.35, -0.08
KNN F1 Statistics:
#
 0,        knn_f1_square, -0.16,  0.07,                     |-----*----         , -0.31, -0.08
 0,       DS_corr_knn_f1, -0.14,  0.05,                     |    ----*----      , -0.31, -0.08
 0,          knn_f1_cube, -0.14,  0.02,                     |       -*--        , -0.31, -0.08
 0,         howso_knn_f1, -0.14,  0.04,                     |   -----*          , -0.31, -0.08
 0,     DS_incorr_knn_f1, -0.13,  0.03,                     |      ---*--       , -0.31, -0.08
 0,           knn_f1_n12, -0.13,  0.06,                     |   --------*       , -0.31, -0.08
KNN MCC Statistics:
#
 0,       knn_mcc_square, -0.02,  0.08,                -----|*---               , -0.18,  0.12
 0,         knn_mcc_cube, -0.00,  0.08,                     |--*-------         , -0.18,  0.12
 0,        howso_knn_mcc,  0.00,  0.06,                    -|---*--             , -0.18,  0.12
 0,    DS_incorr_knn_mcc,  0.02,  0.06,                     | ----*--           , -0.18,  0.12
 0,          knn_mcc_n12,  0.03,  0.04,                     |  ----*-           , -0.18,  0.12
 0,      DS_corr_knn_mcc,  0.03,  0.12,                  ---|-------*---        , -0.18,  0.12
