date :  22/04/2024 16:35:45
file :  ../Proj_Data/flash/SS-B.csv
repeats : 20
seed :  1234567891
rows :  206
cols :  6
names 				 ['A', 'B', 'C', 'A-', 'B-', 'bin_num']		d2h-
Statistics
n12
Average SMAPE across all features: 0.5021395462113447
Privacy Scores:
Statistical Details of Privacy Scores:
Minimum: 0.23528851869169562
Maximum: 0.9986547089824607
Mean: 0.8635019677887609
Standard Deviation: 0.1426469484034005
Average: 0.8635019677887609
Accuracy: 0.1346153846153846, Recall: 0.22480158730158728, Precision: 0.2774725274725275, F1 Score: 0.13692279942279942, MCC: 0.0166650379616804
Average SMAPE across all features: 0.5022381430245723
Privacy Scores:
Statistical Details of Privacy Scores:
Minimum: 0.15377242386825302
Maximum: 0.999443818241586
Mean: 0.851391685034798
Standard Deviation: 0.1624984581857306
Average: 0.851391685034798
Accuracy: 0.17307692307692307, Recall: 0.3041666666666667, Precision: 0.09785714285714286, F1 Score: 0.14523809523809522, MCC: 0.05049900997865253
Average SMAPE across all features: 0.501480952321026
Privacy Scores:
Statistical Details of Privacy Scores:
Minimum: 0.25419422664199154
Maximum: 0.9999812836984101
Mean: 0.8444373371813941
Standard Deviation: 0.15575312124225035
Average: 0.8444373371813941
Accuracy: 0.17307692307692307, Recall: 0.28035714285714286, Precision: 0.1390151515151515, F1 Score: 0.16674107142857142, MCC: 0.03374018667051069
Average SMAPE across all features: 0.5092142293725651
Privacy Scores:
Statistical Details of Privacy Scores:
Minimum: 0.08997550717402657
Maximum: 0.9998879071771276
Mean: 0.8618663351459805
Standard Deviation: 0.16477350709956373
Average: 0.8618663351459805
Accuracy: 0.07692307692307693, Recall: 0.1791666666666667, Precision: 0.12714460784313725, F1 Score: 0.08912811222593832, MCC: -0.06341789965093908
Average SMAPE across all features: 0.4983180636423345
Privacy Scores:
Statistical Details of Privacy Scores:
Minimum: 0.11266048119924232
Maximum: 0.9997461035269802
Mean: 0.8614253104334072
Standard Deviation: 0.17096693532831336
Average: 0.8614253104334072
Accuracy: 0.15384615384615385, Recall: 0.2541666666666667, Precision: 0.10132575757575757, F1 Score: 0.14357235142118863, MCC: -0.0005492986692339409
Average SMAPE across all features: 0.5012930997368854
Privacy Scores:
Statistical Details of Privacy Scores:
Minimum: 0.15377242386825302
Maximum: 0.9998245379077545
Mean: 0.8578621833871504
Standard Deviation: 0.15957072320929508
Average: 0.8578621833871504
Accuracy: 0.15384615384615385, Recall: 0.2625, Precision: 0.09041394335511982, F1 Score: 0.13447414806110458, MCC: 0.013361678561481995
Average SMAPE across all features: 0.5032987008534637
Privacy Scores:
Statistical Details of Privacy Scores:
Minimum: 0.0948153039763744
Maximum: 0.9995727112247341
Mean: 0.8725155253415402
Standard Deviation: 0.1544110057999669
Average: 0.8725155253415402
Accuracy: 0.11538461538461539, Recall: 0.24999999999999997, Precision: 0.10714285714285714, F1 Score: 0.12275132275132275, MCC: -0.028419996320321217
Average SMAPE across all features: 0.4987474984136529
Privacy Scores:
Statistical Details of Privacy Scores:
Minimum: 0.20069798251140897
Maximum: 0.9998421561621684
Mean: 0.8425493314030447
Standard Deviation: 0.17789149474344346
Average: 0.8425493314030447
Accuracy: 0.15384615384615385, Recall: 0.2541666666666667, Precision: 0.11249999999999999, F1 Score: 0.15535714285714286, MCC: 0.0031751205371398842
Average SMAPE across all features: 0.5017397397509368
Privacy Scores:
Statistical Details of Privacy Scores:
Minimum: 0.0948153039763744
Maximum: 0.9999026896699089
Mean: 0.8576934355505167
Standard Deviation: 0.17179908138420602
Average: 0.8576934355505167
Accuracy: 0.17307692307692307, Recall: 0.29861111111111116, Precision: 0.24278846153846154, F1 Score: 0.18451704545454545, MCC: 0.05299945354395442
Average SMAPE across all features: 0.5007171742456404
Privacy Scores:
Statistical Details of Privacy Scores:
Minimum: 0.04414425421673828
Maximum: 0.9998172995927863
Mean: 0.8305125644609773
Standard Deviation: 0.18562666093617458
Average: 0.8305125644609773
Accuracy: 0.23076923076923078, Recall: 0.3055555555555556, Precision: 0.14364613880742913, F1 Score: 0.16651721664275468, MCC: 0.10647242357041022
Average SMAPE across all features: 0.5020323900160131
Privacy Scores:
Statistical Details of Privacy Scores:
Minimum: 0.10642159721408928
Maximum: 0.9991049462585742
Mean: 0.8293767158479515
Standard Deviation: 0.17760975819362215
Average: 0.8293767158479515
Accuracy: 0.17307692307692307, Recall: 0.27202380952380956, Precision: 0.1509469696969697, F1 Score: 0.1545138888888889, MCC: 0.03966091783666206
Average SMAPE across all features: 0.5103146365197392
Privacy Scores:
Statistical Details of Privacy Scores:
Minimum: 0.16470241297425947
Maximum: 0.9999026896699089
Mean: 0.8673139450298162
Standard Deviation: 0.15589235406708996
Average: 0.8673139450298162
Accuracy: 0.09615384615384616, Recall: 0.27083333333333337, Precision: 0.09687499999999999, F1 Score: 0.1311431623931624, MCC: -0.030496796719739826
Average SMAPE across all features: 0.5001068749938018
Privacy Scores:
Statistical Details of Privacy Scores:
Minimum: 0.10540939219318081
Maximum: 0.9998421561621684
Mean: 0.8561411406688746
Standard Deviation: 0.17065310546435583
Average: 0.8561411406688746
Accuracy: 0.15384615384615385, Recall: 0.26785714285714285, Precision: 0.19791666666666666, F1 Score: 0.14375, MCC: 0.012732676535935154
Average SMAPE across all features: 0.5050875351058937
Privacy Scores:
Statistical Details of Privacy Scores:
Minimum: 0.16470241297425947
Maximum: 0.9998879071771276
Mean: 0.8532087552940658
Standard Deviation: 0.16365932852794243
Average: 0.8532087552940658
Accuracy: 0.1346153846153846, Recall: 0.1875, Precision: 0.10648148148148148, F1 Score: 0.12121212121212122, MCC: -0.0010072991455626899
Average SMAPE across all features: 0.5010167565466374
Privacy Scores:
Statistical Details of Privacy Scores:
Minimum: 0.04414425421673828
Maximum: 0.9998421561621684
Mean: 0.8204953391558497
Standard Deviation: 0.1858883756392901
Average: 0.8204953391558497
Accuracy: 0.15384615384615385, Recall: 0.2625, Precision: 0.11229946524064172, F1 Score: 0.15636322463768115, MCC: 0.01200527564341344
Average SMAPE across all features: 0.4950292917731853
Privacy Scores:
Statistical Details of Privacy Scores:
Minimum: 0.15377242386825302
Maximum: 0.9998245379077545
Mean: 0.8466747056166316
Standard Deviation: 0.15930861177940858
Average: 0.8466747056166316
Accuracy: 0.3269230769230769, Recall: 0.3817460317460317, Precision: 0.32859848484848486, F1 Score: 0.31331299419534714, MCC: 0.21507811105020652
Average SMAPE across all features: 0.5049819199676318
Privacy Scores:
Statistical Details of Privacy Scores:
Minimum: 0.286178604803311
Maximum: 0.9992935646650114
Mean: 0.8754290714524433
Standard Deviation: 0.1304981579633554
Average: 0.8754290714524433
Accuracy: 0.038461538461538464, Recall: 0.14583333333333334, Precision: 0.021577380952380952, F1 Score: 0.037037037037037035, MCC: -0.13289474426187506
Average SMAPE across all features: 0.50173441966893
Privacy Scores:
Statistical Details of Privacy Scores:
Minimum: 0.12602333258653406
Maximum: 0.9996323353469906
Mean: 0.8463330529581635
Standard Deviation: 0.16899467619967995
Average: 0.8463330529581635
Accuracy: 0.19230769230769232, Recall: 0.28055555555555556, Precision: 0.16918103448275862, F1 Score: 0.17390248640248643, MCC: 0.054398916530715984
Average SMAPE across all features: 0.4937891649013436
Privacy Scores:
Statistical Details of Privacy Scores:
Minimum: 0.18104317086042596
Maximum: 0.9999026896699089
Mean: 0.8807395540535731
Standard Deviation: 0.15147056990787666
Average: 0.8807395540535731
Accuracy: 0.11538461538461539, Recall: 0.1, Precision: 0.03579545454545455, F1 Score: 0.05228365384615385, MCC: -0.043988785616422096
Average SMAPE across all features: 0.49815490162706494
Privacy Scores:
Statistical Details of Privacy Scores:
Minimum: 0.14292978851287802
Maximum: 0.9998424053273812
Mean: 0.8516719345311822
Standard Deviation: 0.16754020036013306
Average: 0.8516719345311822
Accuracy: 0.21153846153846154, Recall: 0.2982142857142857, Precision: 0.2544956140350877, F1 Score: 0.22074190177638453, MCC: 0.08623480140050395
n12 JS avg:  0.001035883585380286
cube
Average SMAPE across all features: 0.5021532580260332
Privacy Scores:
Statistical Details of Privacy Scores:
Minimum: 0.16416877148068096
Maximum: 0.9980890575054371
Mean: 0.8569082055603182
Standard Deviation: 0.1550619244255061
Average: 0.8569082055603182
Accuracy: 0.11538461538461539, Recall: 0.20694444444444443, Precision: 0.10555555555555556, F1 Score: 0.09363553113553114, MCC: -0.005506543366833286
Average SMAPE across all features: 0.4964136554557214
Privacy Scores:
Statistical Details of Privacy Scores:
Minimum: 0.21522420281504695
Maximum: 0.9996780423559798
Mean: 0.8504958576976761
Standard Deviation: 0.15823405065265364
Average: 0.8504958576976761
Accuracy: 0.17307692307692307, Recall: 0.25, Precision: 0.0918560606060606, F1 Score: 0.12906976744186047, MCC: 0.031905113462944355
Average SMAPE across all features: 0.49813716523838897
Privacy Scores:
Statistical Details of Privacy Scores:
Minimum: 0.23528851869169562
Maximum: 0.9998604022274785
Mean: 0.8423009502867335
Standard Deviation: 0.1628556795182877
Average: 0.8423009502867335
Accuracy: 0.21153846153846154, Recall: 0.2916666666666667, Precision: 0.12384259259259259, F1 Score: 0.16711711711711713, MCC: 0.09063911838873268
Average SMAPE across all features: 0.4998999756138587
Privacy Scores:
Statistical Details of Privacy Scores:
Minimum: 0.15510533921972736
Maximum: 0.9960780792768502
Mean: 0.849971115645525
Standard Deviation: 0.14479881974919406
Average: 0.849971115645525
Accuracy: 0.19230769230769232, Recall: 0.31805555555555554, Precision: 0.20855978260869565, F1 Score: 0.2283216783216783, MCC: 0.0573577175189843
Average SMAPE across all features: 0.5000485333915076
Privacy Scores:
Statistical Details of Privacy Scores:
Minimum: 0.14292978851287802
Maximum: 0.9999732722034052
Mean: 0.8284743747276393
Standard Deviation: 0.18691643545311992
Average: 0.8284743747276393
Accuracy: 0.17307692307692307, Recall: 0.26666666666666666, Precision: 0.18646978021978022, F1 Score: 0.21052631578947367, MCC: 0.032422627491181
Average SMAPE across all features: 0.503357580303738
Privacy Scores:
Statistical Details of Privacy Scores:
Minimum: 0.04414425421673828
Maximum: 0.9999712932284638
Mean: 0.821303251422736
Standard Deviation: 0.19234806980023814
Average: 0.821303251422736
Accuracy: 0.11538461538461539, Recall: 0.11369047619047618, Precision: 0.06875, F1 Score: 0.07659632034632034, MCC: -0.058739729937087856
Average SMAPE across all features: 0.5023498566078196
Privacy Scores:
Statistical Details of Privacy Scores:
Minimum: 0.08997550717402657
Maximum: 0.999496900784464
Mean: 0.8540839907640525
Standard Deviation: 0.15854770147431
Average: 0.8540839907640525
Accuracy: 0.17307692307692307, Recall: 0.30357142857142855, Precision: 0.289828431372549, F1 Score: 0.2366600790513834, MCC: 0.03178559451366984
Average SMAPE across all features: 0.49395189474200824
Privacy Scores:
Statistical Details of Privacy Scores:
Minimum: 0.26483533527397984
Maximum: 0.9984343676416297
Mean: 0.8511899299343573
Standard Deviation: 0.15303741773063284
Average: 0.8511899299343573
Accuracy: 0.11538461538461539, Recall: 0.22916666666666669, Precision: 0.0640625, F1 Score: 0.09848484848484848, MCC: -0.02851387681534869
Average SMAPE across all features: 0.49554801820845207
Privacy Scores:
Statistical Details of Privacy Scores:
Minimum: 0.17443266398671503
Maximum: 0.9994070280015406
Mean: 0.8336849010782493
Standard Deviation: 0.183936480224116
Average: 0.8336849010782493
Accuracy: 0.1346153846153846, Recall: 0.12757936507936507, Precision: 0.19270833333333334, F1 Score: 0.10053475935828877, MCC: -0.020451872294611814
Average SMAPE across all features: 0.49897980149043447
Privacy Scores:
Statistical Details of Privacy Scores:
Minimum: 0.231640745551855
Maximum: 0.9998604022274785
Mean: 0.8631858901139384
Standard Deviation: 0.14433453756251538
Average: 0.8631858901139384
Accuracy: 0.15384615384615385, Recall: 0.2511904761904762, Precision: 0.1189083820662768, F1 Score: 0.14101351351351352, MCC: 0.004182791692956926
Average SMAPE across all features: 0.5051942299699678
Privacy Scores:
Statistical Details of Privacy Scores:
Minimum: 0.14292978851287802
Maximum: 0.9972886637743051
Mean: 0.8314997384603293
Standard Deviation: 0.15263811345041886
Average: 0.8314997384603293
Accuracy: 0.1346153846153846, Recall: 0.13293650793650794, Precision: 0.20441176470588235, F1 Score: 0.11014492753623188, MCC: -0.023754539631652086
Average SMAPE across all features: 0.4982122257368561
Privacy Scores:
Statistical Details of Privacy Scores:
Minimum: 0.13721711321194793
Maximum: 0.9989905578638688
Mean: 0.8447991422715092
Standard Deviation: 0.16904145493535036
Average: 0.8447991422715092
Accuracy: 0.19230769230769232, Recall: 0.2875, Precision: 0.19375, F1 Score: 0.1945970695970696, MCC: 0.06488965378843034
Average SMAPE across all features: 0.4960588817002926
Privacy Scores:
Statistical Details of Privacy Scores:
Minimum: 0.10642159721408928
Maximum: 0.9992218543091924
Mean: 0.8481260070943051
Standard Deviation: 0.15765650005388188
Average: 0.8481260070943051
Accuracy: 0.17307692307692307, Recall: 0.3041666666666667, Precision: 0.14211309523809523, F1 Score: 0.18651960784313726, MCC: 0.040793044130252934
Average SMAPE across all features: 0.5047410030052883
Privacy Scores:
Statistical Details of Privacy Scores:
Minimum: 0.11311922309900924
Maximum: 0.9999026896699089
Mean: 0.8550874386415601
Standard Deviation: 0.157206598585431
Average: 0.8550874386415601
Accuracy: 0.057692307692307696, Recall: 0.07738095238095238, Precision: 0.14583333333333331, F1 Score: 0.1, MCC: -0.07769416634800995
Average SMAPE across all features: 0.49595831154343806
Privacy Scores:
Statistical Details of Privacy Scores:
Minimum: 0.08997550717402657
Maximum: 0.9981442160148728
Mean: 0.8118462242350248
Standard Deviation: 0.19366392638388852
Average: 0.8118462242350248
Accuracy: 0.19230769230769232, Recall: 0.15833333333333333, Precision: 0.07582582582582582, F1 Score: 0.09858156028368795, MCC: 0.04574821812655936
Average SMAPE across all features: 0.49506112907976624
Privacy Scores:
Statistical Details of Privacy Scores:
Minimum: 0.09979121051714994
Maximum: 0.9990850977995128
Mean: 0.8602437809509705
Standard Deviation: 0.16056722739993196
Average: 0.8602437809509705
Accuracy: 0.1346153846153846, Recall: 0.25, Precision: 0.08854166666666666, F1 Score: 0.13068181818181818, MCC: -0.015521015973562178
Average SMAPE across all features: 0.4982224580898391
Privacy Scores:
Statistical Details of Privacy Scores:
Minimum: 0.06709388480337013
Maximum: 0.9980335513566673
Mean: 0.8329231698793127
Standard Deviation: 0.1794737210519581
Average: 0.8329231698793127
Accuracy: 0.11538461538461539, Recall: 0.12202380952380953, Precision: 0.05965909090909091, F1 Score: 0.06737012987012987, MCC: -0.047656292214792235
Average SMAPE across all features: 0.5023352232188608
Privacy Scores:
Statistical Details of Privacy Scores:
Minimum: 0.15349282212654083
Maximum: 0.9994894031537778
Mean: 0.8552865488949248
Standard Deviation: 0.16980808743562917
Average: 0.8552865488949248
Accuracy: 0.11538461538461539, Recall: 0.22083333333333333, Precision: 0.06264367816091954, F1 Score: 0.09569597069597069, MCC: -0.04688049412984638
Average SMAPE across all features: 0.49805697265960475
Privacy Scores:
Statistical Details of Privacy Scores:
Minimum: 0.1856019580319677
Maximum: 0.9992935646650114
Mean: 0.842074604209634
Standard Deviation: 0.1576668325939372
Average: 0.842074604209634
Accuracy: 0.11538461538461539, Recall: 0.12916666666666665, Precision: 0.06767191142191142, F1 Score: 0.0868158769015562, MCC: -0.06084510091646619
Average SMAPE across all features: 0.4974486366164093
Privacy Scores:
Statistical Details of Privacy Scores:
Minimum: 0.21522420281504695
Maximum: 0.9996836822700588
Mean: 0.842947970599139
Standard Deviation: 0.15656925996157975
Average: 0.842947970599139
Accuracy: 0.21153846153846154, Recall: 0.3222222222222222, Precision: 0.2050595238095238, F1 Score: 0.2143391148325359, MCC: 0.08549206172377224
cube JS avg:  0.0006300150035230964
square
Average SMAPE across all features: 0.4957396750038598
Privacy Scores:
Statistical Details of Privacy Scores:
Minimum: 0.3446076302823568
Maximum: 0.9997776747264263
Mean: 0.8466672652519748
Standard Deviation: 0.1488689606598622
Average: 0.8466672652519748
Accuracy: 0.17307692307692307, Recall: 0.1625, Precision: 0.06473214285714285, F1 Score: 0.09237536656891496, MCC: 0.042761388423204226
Average SMAPE across all features: 0.49596639673953047
Privacy Scores:
Statistical Details of Privacy Scores:
Minimum: 0.19667155039027628
Maximum: 0.999932517509967
Mean: 0.844834605773621
Standard Deviation: 0.1667103670790556
Average: 0.844834605773621
Accuracy: 0.21153846153846154, Recall: 0.21666666666666667, Precision: 0.18194444444444446, F1 Score: 0.16964285714285712, MCC: 0.08451528282632942
Average SMAPE across all features: 0.49743930880108367
Privacy Scores:
Statistical Details of Privacy Scores:
Minimum: 0.09664499940373372
Maximum: 0.9997776747264263
Mean: 0.8605465140495342
Standard Deviation: 0.16933394449318517
Average: 0.8605465140495342
Accuracy: 0.19230769230769232, Recall: 0.3458333333333333, Precision: 0.2075892857142857, F1 Score: 0.2448529411764706, MCC: 0.06890532023233126
Average SMAPE across all features: 0.5010643486554086
Privacy Scores:
Statistical Details of Privacy Scores:
Minimum: 0.14292978851287802
Maximum: 0.999932517509967
Mean: 0.8580903141636141
Standard Deviation: 0.15148054146139248
Average: 0.8580903141636141
Accuracy: 0.17307692307692307, Recall: 0.3541666666666667, Precision: 0.14507575757575758, F1 Score: 0.20089285714285715, MCC: 0.04961796988414049
Average SMAPE across all features: 0.4978740885681483
Privacy Scores:
Statistical Details of Privacy Scores:
Minimum: 0.14292978851287802
Maximum: 0.9998421561621684
Mean: 0.8441927012263862
Standard Deviation: 0.17505142566935064
Average: 0.8441927012263862
Accuracy: 0.15384615384615385, Recall: 0.14166666666666666, Precision: 0.05348557692307693, F1 Score: 0.07765151515151515, MCC: 0.007506886974482525
Average SMAPE across all features: 0.49746186726749997
Privacy Scores:
Statistical Details of Privacy Scores:
Minimum: 0.21522420281504695
Maximum: 0.9999140696519739
Mean: 0.8669400921786604
Standard Deviation: 0.13750610380951703
Average: 0.8669400921786604
Accuracy: 0.17307692307692307, Recall: 0.1625, Precision: 0.10500000000000001, F1 Score: 0.1119047619047619, MCC: 0.023088267112788677
Average SMAPE across all features: 0.4993106331401958
Privacy Scores:
Statistical Details of Privacy Scores:
Minimum: 0.09664499940373372
Maximum: 0.9999044711797872
Mean: 0.8592737649027645
Standard Deviation: 0.16684732473779285
Average: 0.8592737649027645
Accuracy: 0.15384615384615385, Recall: 0.2625, Precision: 0.1096014492753623, F1 Score: 0.15340909090909088, MCC: 0.01968227481416255
Average SMAPE across all features: 0.4979495350703683
Privacy Scores:
Statistical Details of Privacy Scores:
Minimum: 0.25762127041453975
Maximum: 0.9995727112247341
Mean: 0.8695733465566367
Standard Deviation: 0.13514359187754071
Average: 0.8695733465566367
Accuracy: 0.15384615384615385, Recall: 0.15, Precision: 0.04873294346978557, F1 Score: 0.07351351351351351, MCC: 0.004185414955486952
Average SMAPE across all features: 0.5034057710074631
Privacy Scores:
Statistical Details of Privacy Scores:
Minimum: 0.19362451036491624
Maximum: 0.999942006872812
Mean: 0.8743757701534146
Standard Deviation: 0.15152825538192433
Average: 0.8743757701534146
Accuracy: 0.1346153846153846, Recall: 0.11249999999999999, Precision: 0.14053030303030303, F1 Score: 0.10401785714285713, MCC: -0.021769880683446402
Average SMAPE across all features: 0.5011598585100159
Privacy Scores:
Statistical Details of Privacy Scores:
Minimum: 0.14292978851287802
Maximum: 0.9999967892204319
Mean: 0.843027923169559
Standard Deviation: 0.15528930622842546
Average: 0.843027923169559
Accuracy: 0.15384615384615385, Recall: 0.15535714285714286, Precision: 0.07367424242424242, F1 Score: 0.08629870129870129, MCC: 0.022763186980119386
Average SMAPE across all features: 0.5028540858616283
Privacy Scores:
Statistical Details of Privacy Scores:
Minimum: 0.11540060566288986
Maximum: 0.9996780423559798
Mean: 0.8459615914702623
Standard Deviation: 0.18525504422315453
Average: 0.8459615914702623
Accuracy: 0.15384615384615385, Recall: 0.13333333333333333, Precision: 0.09567307692307693, F1 Score: 0.10119047619047619, MCC: 0.006286084663230108
Average SMAPE across all features: 0.5005785194630387
Privacy Scores:
Statistical Details of Privacy Scores:
Minimum: 0.20198023686153826
Maximum: 0.9999967892204319
Mean: 0.8463428398351336
Standard Deviation: 0.16227009316987634
Average: 0.8463428398351336
Accuracy: 0.21153846153846154, Recall: 0.26805555555555555, Precision: 0.26964285714285713, F1 Score: 0.15891608391608392, MCC: 0.07653492744121122
Average SMAPE across all features: 0.4989718674622963
Privacy Scores:
Statistical Details of Privacy Scores:
Minimum: 0.2465694874938396
Maximum: 0.9997776747264263
Mean: 0.8658570941222988
Standard Deviation: 0.13956852288195534
Average: 0.8658570941222988
Accuracy: 0.15384615384615385, Recall: 0.2625, Precision: 0.08849329205366357, F1 Score: 0.13175925925925924, MCC: 0.031171105401766045
Average SMAPE across all features: 0.5046888208524003
Privacy Scores:
Statistical Details of Privacy Scores:
Minimum: 0.25205449579725137
Maximum: 0.9973596937006207
Mean: 0.8555240177046052
Standard Deviation: 0.15351353161074946
Average: 0.8555240177046052
Accuracy: 0.1346153846153846, Recall: 0.125, Precision: 0.14423076923076922, F1 Score: 0.09375, MCC: 0.006737213028206712
Average SMAPE across all features: 0.4997006580104445
Privacy Scores:
Statistical Details of Privacy Scores:
Minimum: 0.13721711321194793
Maximum: 0.9996780423559798
Mean: 0.8590633828488711
Standard Deviation: 0.15694481107649016
Average: 0.8590633828488711
Accuracy: 0.17307692307692307, Recall: 0.3333333333333333, Precision: 0.13541666666666666, F1 Score: 0.19128787878787878, MCC: 0.047124384031100905
Average SMAPE across all features: 0.5081981150309322
Privacy Scores:
Statistical Details of Privacy Scores:
Minimum: 0.29008180823619356
Maximum: 0.999942006872812
Mean: 0.8657743005669128
Standard Deviation: 0.13462432510506855
Average: 0.8657743005669128
Accuracy: 0.057692307692307696, Recall: 0.1527777777777778, Precision: 0.09375, F1 Score: 0.060897435897435896, MCC: -0.07171470984547208
Average SMAPE across all features: 0.4985668285226103
Privacy Scores:
Statistical Details of Privacy Scores:
Minimum: 0.10642159721408928
Maximum: 0.9990376419451005
Mean: 0.8115385480705193
Standard Deviation: 0.19219994873714188
Average: 0.8115385480705193
Accuracy: 0.21153846153846154, Recall: 0.21944444444444444, Precision: 0.15773809523809523, F1 Score: 0.14870478983382207, MCC: 0.0910965142275725
Average SMAPE across all features: 0.49660327620675165
Privacy Scores:
Statistical Details of Privacy Scores:
Minimum: 0.23528851869169562
Maximum: 0.9986790254452942
Mean: 0.8538835015778967
Standard Deviation: 0.1625140187001725
Average: 0.8538835015778967
Accuracy: 0.15384615384615385, Recall: 0.14166666666666666, Precision: 0.05555555555555555, F1 Score: 0.07979407979407979, MCC: 0.004055214558733512
Average SMAPE across all features: 0.4984102036529382
Privacy Scores:
Statistical Details of Privacy Scores:
Minimum: 0.10540939219318081
Maximum: 0.9995401292400993
Mean: 0.8549309308992993
Standard Deviation: 0.1711710047566031
Average: 0.8549309308992993
Accuracy: 0.23076923076923078, Recall: 0.3625, Precision: 0.16307471264367818, F1 Score: 0.22387334887334887, MCC: 0.11827107854188881
Average SMAPE across all features: 0.5023492285379918
Privacy Scores:
Statistical Details of Privacy Scores:
Minimum: 0.04414425421673828
Maximum: 0.999942006872812
Mean: 0.8641213543058944
Standard Deviation: 0.15532811065983332
Average: 0.8641213543058944
Accuracy: 0.15384615384615385, Recall: 0.3125, Precision: 0.12007575757575757, F1 Score: 0.16964285714285715, MCC: 0.02450843235134284
square JS avg:  0.0010112657302218235
howso
Average SMAPE across all features: 0.48137944050116216
Privacy Scores:
Statistical Details of Privacy Scores:
Minimum: 0.23797218271004414
Maximum: 0.9995846411303165
Mean: 0.8724561704075042
Standard Deviation: 0.14809794890887915
Average: 0.8724561704075042
Accuracy: 0.1346153846153846, Recall: 0.09583333333333333, Precision: 0.032638888888888884, F1 Score: 0.04666666666666666, MCC: -0.06100376851152376
Average SMAPE across all features: 0.5103055594339765
Privacy Scores:
Statistical Details of Privacy Scores:
Minimum: 0.6509652437499356
Maximum: 0.999270194617052
Mean: 0.9059393329708909
Standard Deviation: 0.08137489051905498
Average: 0.9059393329708909
Accuracy: 0.09615384615384616, Recall: 0.27083333333333337, Precision: 0.05574633699633699, F1 Score: 0.08771008403361344, MCC: 0.019446381048887938
Average SMAPE across all features: 0.4883944003552314
Privacy Scores:
Statistical Details of Privacy Scores:
Minimum: 0.3034533869878828
Maximum: 0.9999355626767796
Mean: 0.8882252427989689
Standard Deviation: 0.10293604129246574
Average: 0.8882252427989689
Accuracy: 0.25, Recall: 0.3458333333333334, Precision: 0.2138480392156863, F1 Score: 0.2512432509235578, MCC: 0.1438285012851554
Average SMAPE across all features: 0.4968933863413943
Privacy Scores:
Statistical Details of Privacy Scores:
Minimum: 0.5372926240947512
Maximum: 0.9997788709033394
Mean: 0.8938171614620122
Standard Deviation: 0.09329286436290804
Average: 0.8938171614620122
Accuracy: 0.15384615384615385, Recall: 0.26666666666666666, Precision: 0.10781926406926406, F1 Score: 0.13802083333333331, MCC: 0.028351867073742616
Average SMAPE across all features: 0.4900838170838033
Privacy Scores:
Statistical Details of Privacy Scores:
Minimum: 0.3202102111480008
Maximum: 0.9999706911819373
Mean: 0.877126365266322
Standard Deviation: 0.11759862146256633
Average: 0.877126365266322
Accuracy: 0.21153846153846154, Recall: 0.30912698412698414, Precision: 0.1449652777777778, F1 Score: 0.17069180819180818, MCC: 0.09229454420162045
Average SMAPE across all features: 0.502390945788477
Privacy Scores:
Statistical Details of Privacy Scores:
Minimum: 0.3234893370829785
Maximum: 0.9986581817760135
Mean: 0.8878625551243563
Standard Deviation: 0.1142733870678147
Average: 0.8878625551243563
Accuracy: 0.1346153846153846, Recall: 0.1261904761904762, Precision: 0.075, F1 Score: 0.08505220269926153, MCC: -0.01898071147113857
Average SMAPE across all features: 0.4817644313948646
Privacy Scores:
Statistical Details of Privacy Scores:
Minimum: 0.18105228214439975
Maximum: 0.9982591058175764
Mean: 0.8562373794900543
Standard Deviation: 0.1525147355859039
Average: 0.8562373794900543
Accuracy: 0.21153846153846154, Recall: 0.175, Precision: 0.18273809523809523, F1 Score: 0.1420250896057348, MCC: 0.10131113259998284
Average SMAPE across all features: 0.4843110271828936
Privacy Scores:
Statistical Details of Privacy Scores:
Minimum: 0.21759452205007232
Maximum: 0.9981747702112943
Mean: 0.8797950400929435
Standard Deviation: 0.13104065070134346
Average: 0.8797950400929435
Accuracy: 0.17307692307692307, Recall: 0.175, Precision: 0.07944072056975282, F1 Score: 0.10821377331420373, MCC: 0.028466667387770185
Average SMAPE across all features: 0.49349791835019263
Privacy Scores:
Statistical Details of Privacy Scores:
Minimum: 0.5747279175926696
Maximum: 0.9999958653759823
Mean: 0.9115599255655312
Standard Deviation: 0.08612903252469874
Average: 0.9115599255655312
Accuracy: 0.09615384615384616, Recall: 0.09583333333333333, Precision: 0.10307017543859649, F1 Score: 0.07166666666666666, MCC: -0.06529877693424295
Average SMAPE across all features: 0.49843602630336264
Privacy Scores:
Statistical Details of Privacy Scores:
Minimum: 0.2633289314795924
Maximum: 0.9998640608388439
Mean: 0.8983919113257021
Standard Deviation: 0.10188669376780739
Average: 0.8983919113257021
Accuracy: 0.07692307692307693, Recall: 0.075, Precision: 0.028645833333333332, F1 Score: 0.04144385026737968, MCC: -0.08573019322954745
Average SMAPE across all features: 0.49282773655330103
Privacy Scores:
Statistical Details of Privacy Scores:
Minimum: 0.36863469766611495
Maximum: 0.999653975960767
Mean: 0.9054168046029019
Standard Deviation: 0.10006376344114765
Average: 0.9054168046029019
Accuracy: 0.057692307692307696, Recall: 0.15, Precision: 0.03298611111111111, F1 Score: 0.03631578947368421, MCC: -0.037563457380315496
Average SMAPE across all features: 0.48588016004682416
Privacy Scores:
Statistical Details of Privacy Scores:
Minimum: 0.2535937358664285
Maximum: 0.9997335851956399
Mean: 0.8873864266763608
Standard Deviation: 0.11276382189149095
Average: 0.8873864266763608
Accuracy: 0.09615384615384616, Recall: 0.20833333333333331, Precision: 0.056818181818181816, F1 Score: 0.08814102564102563, MCC: -0.05085298107554972
Average SMAPE across all features: 0.49967644424781343
Privacy Scores:
Statistical Details of Privacy Scores:
Minimum: 0.2681427348901929
Maximum: 0.9995744346331118
Mean: 0.9019301567293159
Standard Deviation: 0.10422455635172669
Average: 0.9019301567293159
Accuracy: 0.1346153846153846, Recall: 0.12916666666666668, Precision: 0.03759057971014493, F1 Score: 0.05780933062880325, MCC: -0.015268217122880534
Average SMAPE across all features: 0.4813961021558216
Privacy Scores:
Statistical Details of Privacy Scores:
Minimum: 0.2370179908917525
Maximum: 0.9999532377052723
Mean: 0.8245386674430168
Standard Deviation: 0.17794297526573144
Average: 0.8245386674430168
Accuracy: 0.3076923076923077, Recall: 0.22916666666666666, Precision: 0.15955882352941175, F1 Score: 0.1695134575569358, MCC: 0.2044998892551731
Average SMAPE across all features: 0.4900576618278208
Privacy Scores:
Statistical Details of Privacy Scores:
Minimum: 0.39272504030283795
Maximum: 0.9999012991797567
Mean: 0.8938250713517929
Standard Deviation: 0.09506738265547887
Average: 0.8938250713517929
Accuracy: 0.1346153846153846, Recall: 0.2333333333333333, Precision: 0.07007575757575757, F1 Score: 0.10289774824658546, MCC: -0.025924833486320964
Average SMAPE across all features: 0.505498486582853
Privacy Scores:
Statistical Details of Privacy Scores:
Minimum: 0.3182732671559803
Maximum: 0.9998929409698388
Mean: 0.8525072022666209
Standard Deviation: 0.1394991992260344
Average: 0.8525072022666209
Accuracy: 0.19230769230769232, Recall: 0.2732142857142857, Precision: 0.14257246376811594, F1 Score: 0.17813956876456877, MCC: 0.0627123138152103
Average SMAPE across all features: 0.4869886185703416
Privacy Scores:
Statistical Details of Privacy Scores:
Minimum: 0.21380396941185373
Maximum: 0.9995675514282225
Mean: 0.8635743290115813
Standard Deviation: 0.14552490824571088
Average: 0.8635743290115813
Accuracy: 0.15384615384615385, Recall: 0.20535714285714285, Precision: 0.08055555555555556, F1 Score: 0.10977564102564102, MCC: 0.026695011114116075
Average SMAPE across all features: 0.5041939056194609
Privacy Scores:
Statistical Details of Privacy Scores:
Minimum: 0.4212639661284523
Maximum: 0.9996251675052985
Mean: 0.9000599843022441
Standard Deviation: 0.1048646810223818
Average: 0.9000599843022441
Accuracy: 0.17307692307692307, Recall: 0.25277777777777777, Precision: 0.1840277777777778, F1 Score: 0.13877890899949724, MCC: 0.0754231076318696
Average SMAPE across all features: 0.5110734825628389
Privacy Scores:
Statistical Details of Privacy Scores:
Minimum: 0.3810989778451233
Maximum: 0.9988752554811711
Mean: 0.8800807582288045
Standard Deviation: 0.11803057558885315
Average: 0.8800807582288045
Accuracy: 0.19230769230769232, Recall: 0.34305555555555556, Precision: 0.23035714285714287, F1 Score: 0.21427947052947052, MCC: 0.08461116856525704
Average SMAPE across all features: 0.4955956511633821
Privacy Scores:
Statistical Details of Privacy Scores:
Minimum: 0.3565211928660263
Maximum: 0.9991637256397359
Mean: 0.8774700460835886
Standard Deviation: 0.11247886676227557
Average: 0.8774700460835886
Accuracy: 0.15384615384615385, Recall: 0.13313492063492063, Precision: 0.21516798418972333, F1 Score: 0.11471939219784047, MCC: 0.009178447332622498
howso JS avg:  0.0015535247657866029
correlated_attribute_mode
Average SMAPE across all features: 0.5821563168329135
Privacy Scores:
Statistical Details of Privacy Scores:
Minimum: 0.7868049124442464
Maximum: 0.9993976530765034
Mean: 0.9577693464128679
Standard Deviation: 0.04369122261782979
Average: 0.9577693464128679
Accuracy: 0.11538461538461539, Recall: 0.1, Precision: 0.03125, F1 Score: 0.046252371916508536, MCC: -0.04298045838168748
Average SMAPE across all features: 0.5766738217024809
Privacy Scores:
Statistical Details of Privacy Scores:
Minimum: 0.7897174079684592
Maximum: 0.9997504623491664
Mean: 0.9581207816557952
Standard Deviation: 0.04106416725265546
Average: 0.9581207816557952
Accuracy: 0.17307692307692307, Recall: 0.12083333333333333, Precision: 0.04939024390243903, F1 Score: 0.06194295900178253, MCC: 0.004670653993393591
Average SMAPE across all features: 0.5801308333965998
Privacy Scores:
Statistical Details of Privacy Scores:
Minimum: 0.6802584155740917
Maximum: 0.9997504623491664
Mean: 0.9562342735728633
Standard Deviation: 0.047079631327086285
Average: 0.9562342735728633
Accuracy: 0.23076923076923078, Recall: 0.16666666666666666, Precision: 0.20625, F1 Score: 0.13474025974025974, MCC: 0.10898348084263002
Average SMAPE across all features: 0.5743956387640095
Privacy Scores:
Statistical Details of Privacy Scores:
Minimum: 0.6802584155740917
Maximum: 0.9990347675393046
Mean: 0.9562517643418035
Standard Deviation: 0.047857115870654374
Average: 0.9562517643418035
Accuracy: 0.11538461538461539, Recall: 0.09999999999999999, Precision: 0.04702380952380952, F1 Score: 0.06369047619047619, MCC: -0.028868754819352836
Average SMAPE across all features: 0.5782488326527861
Privacy Scores:
Statistical Details of Privacy Scores:
Minimum: 0.7820003824170838
Maximum: 0.9997903449799599
Mean: 0.9552145189847356
Standard Deviation: 0.04635475430408209
Average: 0.9552145189847356
Accuracy: 0.15384615384615385, Recall: 0.10833333333333332, Precision: 0.04217479674796748, F1 Score: 0.05514705882352941, MCC: -0.040784732625797196
Average SMAPE across all features: 0.5756135543671149
Privacy Scores:
Statistical Details of Privacy Scores:
Minimum: 0.6802584155740917
Maximum: 0.9990047505654287
Mean: 0.9541813356322608
Standard Deviation: 0.05530198128626678
Average: 0.9541813356322608
Accuracy: 0.09615384615384616, Recall: 0.09583333333333333, Precision: 0.05585495067592254, F1 Score: 0.06777642647207865, MCC: -0.06113505248159751
Average SMAPE across all features: 0.579934677573147
Privacy Scores:
Statistical Details of Privacy Scores:
Minimum: 0.7820003824170838
Maximum: 0.9993427998578507
Mean: 0.9538002102183726
Standard Deviation: 0.04592338925132786
Average: 0.9538002102183726
Accuracy: 0.15384615384615385, Recall: 0.13333333333333333, Precision: 0.049107142857142856, F1 Score: 0.06787330316742082, MCC: 0.01347637318500079
Average SMAPE across all features: 0.5771992171708489
Privacy Scores:
Statistical Details of Privacy Scores:
Minimum: 0.6802584155740917
Maximum: 0.9997504623491664
Mean: 0.9498257965430015
Standard Deviation: 0.05471802472941589
Average: 0.9498257965430015
Accuracy: 0.1346153846153846, Recall: 0.09583333333333333, Precision: 0.03589527027027027, F1 Score: 0.04977203647416413, MCC: -0.05886678372108911
Average SMAPE across all features: 0.5811148087325438
Privacy Scores:
Statistical Details of Privacy Scores:
Minimum: 0.7452884468769155
Maximum: 0.9993976530765034
Mean: 0.9553503356970555
Standard Deviation: 0.04782489715032134
Average: 0.9553503356970555
Accuracy: 0.19230769230769232, Recall: 0.15000000000000002, Precision: 0.1821759259259259, F1 Score: 0.14629186602870814, MCC: 0.09196361471638151
Average SMAPE across all features: 0.582456346188465
Privacy Scores:
Statistical Details of Privacy Scores:
Minimum: 0.6802584155740917
Maximum: 0.9991804128569163
Mean: 0.9553418597497909
Standard Deviation: 0.04757942984146013
Average: 0.9553418597497909
Accuracy: 0.11538461538461539, Recall: 0.10833333333333334, Precision: 0.03571428571428571, F1 Score: 0.05024509803921569, MCC: -0.021454769211573726
Average SMAPE across all features: 0.5754099585595496
Privacy Scores:
Statistical Details of Privacy Scores:
Minimum: 0.6802584155740917
Maximum: 0.9997335679086954
Mean: 0.9534050841226018
Standard Deviation: 0.05541241425324705
Average: 0.9534050841226018
Accuracy: 0.11538461538461539, Recall: 0.10833333333333334, Precision: 0.15104166666666666, F1 Score: 0.0999331550802139, MCC: -0.05578576055021753
Average SMAPE across all features: 0.5777940670516812
Privacy Scores:
Statistical Details of Privacy Scores:
Minimum: 0.7208916190381474
Maximum: 0.9991804128569163
Mean: 0.9541631281374175
Standard Deviation: 0.048681586468381034
Average: 0.9541631281374175
Accuracy: 0.07692307692307693, Recall: 0.06666666666666667, Precision: 0.028846153846153848, F1 Score: 0.03736413043478261, MCC: -0.0622762582884178
Average SMAPE across all features: 0.5737547568124467
Privacy Scores:
Statistical Details of Privacy Scores:
Minimum: 0.6802584155740917
Maximum: 0.9993726875370995
Mean: 0.9511819570908775
Standard Deviation: 0.053623307846328974
Average: 0.9511819570908775
Accuracy: 0.19230769230769232, Recall: 0.16369047619047616, Precision: 0.18619791666666666, F1 Score: 0.11656746031746032, MCC: 0.04280656505211641
Average SMAPE across all features: 0.5824925687067793
Privacy Scores:
Statistical Details of Privacy Scores:
Minimum: 0.7897174079684592
Maximum: 0.9993427998578507
Mean: 0.9566245777907129
Standard Deviation: 0.0427025483046373
Average: 0.9566245777907129
Accuracy: 0.15384615384615385, Recall: 0.13333333333333333, Precision: 0.04390681003584229, F1 Score: 0.06274131274131274, MCC: 0.023330136459589288
Average SMAPE across all features: 0.5755162964357073
Privacy Scores:
Statistical Details of Privacy Scores:
Minimum: 0.6802584155740917
Maximum: 0.9998161807813971
Mean: 0.9556278215144137
Standard Deviation: 0.05115134294131441
Average: 0.9556278215144137
Accuracy: 0.19230769230769232, Recall: 0.16666666666666666, Precision: 0.1678849902534113, F1 Score: 0.1262837837837838, MCC: 0.05535266909162728
Average SMAPE across all features: 0.5753723888217287
Privacy Scores:
Statistical Details of Privacy Scores:
Minimum: 0.7208916190381474
Maximum: 0.9993427998578507
Mean: 0.9537127096957435
Standard Deviation: 0.0482610089540977
Average: 0.9537127096957435
Accuracy: 0.057692307692307696, Recall: 0.0625, Precision: 0.015, F1 Score: 0.024193548387096774, MCC: -0.1090903224690443
Average SMAPE across all features: 0.5769231113263575
Privacy Scores:
Statistical Details of Privacy Scores:
Minimum: 0.7208916190381474
Maximum: 0.9996607788980292
Mean: 0.9533276734419679
Standard Deviation: 0.0498753993457842
Average: 0.9533276734419679
Accuracy: 0.11538461538461539, Recall: 0.1, Precision: 0.038461538461538464, F1 Score: 0.05477980665950591, MCC: -0.10232890201933018
Average SMAPE across all features: 0.5760121122769811
Privacy Scores:
Statistical Details of Privacy Scores:
Minimum: 0.6802584155740917
Maximum: 0.9997084063822298
Mean: 0.9510142632726406
Standard Deviation: 0.052377942390563766
Average: 0.9510142632726406
Accuracy: 0.17307692307692307, Recall: 0.15416666666666667, Precision: 0.05952380952380952, F1 Score: 0.08583959899749373, MCC: 0.022876711992610457
Average SMAPE across all features: 0.5856709613858316
Privacy Scores:
Statistical Details of Privacy Scores:
Minimum: 0.7721204569862199
Maximum: 0.9996332802029247
Mean: 0.9533040238793729
Standard Deviation: 0.04718405750546776
Average: 0.9533040238793729
Accuracy: 0.15384615384615385, Recall: 0.125, Precision: 0.06017369727047146, F1 Score: 0.0746180963572268, MCC: 0.04103815341400221
Average SMAPE across all features: 0.5728426398538108
Privacy Scores:
Statistical Details of Privacy Scores:
Minimum: 0.6802584155740917
Maximum: 0.9998161807813971
Mean: 0.9531220763582563
Standard Deviation: 0.053357816481735786
Average: 0.9531220763582563
Accuracy: 0.21153846153846154, Recall: 0.19583333333333333, Precision: 0.13690476190476192, F1 Score: 0.13078179989944697, MCC: 0.10154822652295312
correlated_attribute_mode JS avg:  0.0011945645105541818
independent_attribute_mode
Average SMAPE across all features: 0.532764915517212
Privacy Scores:
Statistical Details of Privacy Scores:
Minimum: 0.6832118337674148
Maximum: 0.9996402637597914
Mean: 0.9548129038622807
Standard Deviation: 0.05823455093841645
Average: 0.9548129038622807
Accuracy: 0.15384615384615385, Recall: 0.10833333333333332, Precision: 0.040232793522267205, F1 Score: 0.058611111111111114, MCC: 0.013451547177087221
Average SMAPE across all features: 0.5354267930506605
Privacy Scores:
Statistical Details of Privacy Scores:
Minimum: 0.6832118337674148
Maximum: 0.999771073232111
Mean: 0.9543380065899643
Standard Deviation: 0.05834164211912395
Average: 0.9543380065899643
Accuracy: 0.1346153846153846, Recall: 0.09583333333333333, Precision: 0.050070028011204484, F1 Score: 0.06481481481481481, MCC: 0.026749802191173042
Average SMAPE across all features: 0.5422485611765085
Privacy Scores:
Statistical Details of Privacy Scores:
Minimum: 0.6922038165204581
Maximum: 0.9998072718243874
Mean: 0.9463390905073147
Standard Deviation: 0.0625559821717192
Average: 0.9463390905073147
Accuracy: 0.11538461538461539, Recall: 0.10972222222222222, Precision: 0.05548245614035087, F1 Score: 0.06666666666666667, MCC: -0.02131516374219371
Average SMAPE across all features: 0.5506583078780354
Privacy Scores:
Statistical Details of Privacy Scores:
Minimum: 0.665685304812407
Maximum: 0.9997516275971807
Mean: 0.9527870293609662
Standard Deviation: 0.061134587281438384
Average: 0.9527870293609662
Accuracy: 0.11538461538461539, Recall: 0.09166666666666667, Precision: 0.054713804713804715, F1 Score: 0.06277056277056277, MCC: -0.007042909345235473
Average SMAPE across all features: 0.5548606391328681
Privacy Scores:
Statistical Details of Privacy Scores:
Minimum: 0.665685304812407
Maximum: 0.9996554116921766
Mean: 0.951700622641424
Standard Deviation: 0.06341819225631307
Average: 0.951700622641424
Accuracy: 0.17307692307692307, Recall: 0.12916666666666665, Precision: 0.05646929824561403, F1 Score: 0.07701149425287357, MCC: 0.05518733385072769
Average SMAPE across all features: 0.5354880681496405
Privacy Scores:
Statistical Details of Privacy Scores:
Minimum: 0.6832118337674148
Maximum: 0.999697740724747
Mean: 0.9484975439535543
Standard Deviation: 0.06316546303349031
Average: 0.9484975439535543
Accuracy: 0.1346153846153846, Recall: 0.12916666666666668, Precision: 0.03766835016835017, F1 Score: 0.05815637065637066, MCC: -0.0325113152294555
Average SMAPE across all features: 0.5345194476633918
Privacy Scores:
Statistical Details of Privacy Scores:
Minimum: 0.665685304812407
Maximum: 0.9997707748743216
Mean: 0.9543590818409625
Standard Deviation: 0.05995750598103723
Average: 0.9543590818409625
Accuracy: 0.17307692307692307, Recall: 0.12916666666666665, Precision: 0.049772727272727274, F1 Score: 0.07081653225806452, MCC: 0.04902592716782643
Average SMAPE across all features: 0.5351552969961011
Privacy Scores:
Statistical Details of Privacy Scores:
Minimum: 0.511807148143419
Maximum: 0.9997699879542438
Mean: 0.9528077922930417
Standard Deviation: 0.06585441151544612
Average: 0.9528077922930417
Accuracy: 0.11538461538461539, Recall: 0.10833333333333334, Precision: 0.04722222222222222, F1 Score: 0.06547619047619047, MCC: -0.03689521031926255
Average SMAPE across all features: 0.5379967190488105
Privacy Scores:
Statistical Details of Privacy Scores:
Minimum: 0.6748846488842388
Maximum: 0.9996554116921766
Mean: 0.9433521108267585
Standard Deviation: 0.06987189308918124
Average: 0.9433521108267585
Accuracy: 0.21153846153846154, Recall: 0.1875, Precision: 0.09525829562594268, F1 Score: 0.1259746588693957, MCC: 0.09785061917866167
Average SMAPE across all features: 0.539460735381092
Privacy Scores:
Statistical Details of Privacy Scores:
Minimum: 0.6406799425974239
Maximum: 0.9998072718243874
Mean: 0.9514610663484273
Standard Deviation: 0.06234883408642361
Average: 0.9514610663484273
Accuracy: 0.07692307692307693, Recall: 0.075, Precision: 0.020337301587301584, F1 Score: 0.030987394957983194, MCC: -0.080450847731535
Average SMAPE across all features: 0.5390107422232631
Privacy Scores:
Statistical Details of Privacy Scores:
Minimum: 0.6922038165204581
Maximum: 0.9998072718243874
Mean: 0.9519407995378346
Standard Deviation: 0.05711542096161904
Average: 0.9519407995378346
Accuracy: 0.09615384615384616, Recall: 0.09583333333333333, Precision: 0.023491379310344826, F1 Score: 0.036904761904761905, MCC: -0.06409089728548956
Average SMAPE across all features: 0.5388095463697895
Privacy Scores:
Statistical Details of Privacy Scores:
Minimum: 0.6406799425974239
Maximum: 0.9996554116921766
Mean: 0.9419948012831707
Standard Deviation: 0.07232203647209924
Average: 0.9419948012831707
Accuracy: 0.21153846153846154, Recall: 0.18452380952380953, Precision: 0.10363247863247864, F1 Score: 0.12966310005783688, MCC: 0.09009522360198328
Average SMAPE across all features: 0.5334563078030051
Privacy Scores:
Statistical Details of Privacy Scores:
Minimum: 0.665685304812407
Maximum: 0.9996554116921766
Mean: 0.9434817937801986
Standard Deviation: 0.07256084583892877
Average: 0.9434817937801986
Accuracy: 0.21153846153846154, Recall: 0.15416666666666667, Precision: 0.20512820512820512, F1 Score: 0.11717171717171718, MCC: 0.08577738849501572
Average SMAPE across all features: 0.53002646623455
Privacy Scores:
Statistical Details of Privacy Scores:
Minimum: 0.511807148143419
Maximum: 0.9996159183853915
Mean: 0.9507999560068442
Standard Deviation: 0.06954887931885914
Average: 0.9507999560068442
Accuracy: 0.1346153846153846, Recall: 0.14583333333333334, Precision: 0.041363636363636366, F1 Score: 0.06309297912713473, MCC: 0.007426324996860667
Average SMAPE across all features: 0.5398413103104015
Privacy Scores:
Statistical Details of Privacy Scores:
Minimum: 0.6922038165204581
Maximum: 0.9998072718243874
Mean: 0.945580721665
Standard Deviation: 0.06448129036577366
Average: 0.945580721665
Accuracy: 0.21153846153846154, Recall: 0.19702380952380955, Precision: 0.26492869875222813, F1 Score: 0.16292989417989417, MCC: 0.08522286893648803
Average SMAPE across all features: 0.5595290194481055
Privacy Scores:
Statistical Details of Privacy Scores:
Minimum: 0.665685304812407
Maximum: 0.9996554116921766
Mean: 0.9516033401818256
Standard Deviation: 0.06350712748050566
Average: 0.9516033401818256
Accuracy: 0.15384615384615385, Recall: 0.10833333333333332, Precision: 0.05404589371980677, F1 Score: 0.07112068965517242, MCC: 0.03345403228671155
Average SMAPE across all features: 0.5360127759052365
Privacy Scores:
Statistical Details of Privacy Scores:
Minimum: 0.6748846488842388
Maximum: 0.9996554116921766
Mean: 0.945058209974011
Standard Deviation: 0.0659685456250408
Average: 0.945058209974011
Accuracy: 0.23076923076923078, Recall: 0.21785714285714286, Precision: 0.17329545454545453, F1 Score: 0.17842580213903741, MCC: 0.10971763517662747
Average SMAPE across all features: 0.5331931691479315
Privacy Scores:
Statistical Details of Privacy Scores:
Minimum: 0.6832118337674148
Maximum: 0.9996159183853915
Mean: 0.9551226350883594
Standard Deviation: 0.05798323881133251
Average: 0.9551226350883594
Accuracy: 0.1346153846153846, Recall: 0.14583333333333334, Precision: 0.048669467787114847, F1 Score: 0.07286634460547503, MCC: 0.03709407057286413
Average SMAPE across all features: 0.5422485611765085
Privacy Scores:
Statistical Details of Privacy Scores:
Minimum: 0.6922038165204581
Maximum: 0.9998072718243874
Mean: 0.9463390905073147
Standard Deviation: 0.0625559821717192
Average: 0.9463390905073147
Accuracy: 0.11538461538461539, Recall: 0.10972222222222222, Precision: 0.05548245614035087, F1 Score: 0.06666666666666667, MCC: -0.02131516374219371
Average SMAPE across all features: 0.5342934757094039
Privacy Scores:
Statistical Details of Privacy Scores:
Minimum: 0.6832118337674148
Maximum: 0.9996402637597914
Mean: 0.9525802808447533
Standard Deviation: 0.06163585321478045
Average: 0.9525802808447533
Accuracy: 0.15384615384615385, Recall: 0.10833333333333332, Precision: 0.049019607843137254, F1 Score: 0.06732117812061711, MCC: 0.0413098590169842
independent_attribute_mode JS avg:  0.0017068815829288458
SMAPE Statistics:
#
 0,      howso_smapeList,  0.49,  0.02,   --*---            |                   ,  0.48,  0.59
#
 1,       smapeList_cube,  0.50,  0.01,      -*-            |                   ,  0.48,  0.59
 1,     smapeList_square,  0.50,  0.00,       *-            |                   ,  0.48,  0.59
#
 2,        smapeList_n12,  0.50,  0.00,        *            |                   ,  0.48,  0.59
#
 3,  DS_incorr_smapeList,  0.54,  0.01,                     |*-                 ,  0.48,  0.59
#
 4,    DS_corr_smapeList,  0.58,  0.01,                     |               *-  ,  0.48,  0.59
Privacy Score Statistics:
#
 0, DS_corr_privacy_score, -0.95,  0.00, -*                  |                   , -0.96, -0.81
#
 1, DS_incorr_privacy_score, -0.95,  0.01,  *-                 |                   , -0.96, -0.81
#
 2,  howso_privacy_score, -0.89,  0.03,                 ---*|--                 , -0.96, -0.81
#
 3, privacy_score_square, -0.86,  0.02,                     |    --*--          , -0.96, -0.81
 3,    privacy_score_n12, -0.85,  0.02,                     |     --*--         , -0.96, -0.81
#
 4,   privacy_score_cube, -0.84,  0.02,                     |       --*---      , -0.96, -0.81
JSD Statistics:
#
 0,        js_score_cube,  0.00,  0.00,   -*                |                   ,  0.00,  0.00
#
 1,      js_score_square,  0.00,  0.00,    ----*----        |                   ,  0.00,  0.00
 1,         js_score_n12,  0.00,  0.00,     ----*-----      |                   ,  0.00,  0.00
#
 2,     DS_corr_js_score,  0.00,  0.00,          -*-        |                   ,  0.00,  0.00
#
 3,       howso_js_score,  0.00,  0.00,             --*---  |                   ,  0.00,  0.00
#
 4,   DS_incorr_js_score,  0.00,  0.00,             ------*-|-                  ,  0.00,  0.00
KNN Accuracy Statistics:
#
 0,     knn_accuracy_n12, -0.15,  0.06,                     |---*----           , -0.33, -0.04
 0,  knn_accuracy_square, -0.15,  0.02,                     |---*               , -0.33, -0.04
 0,   howso_knn_accuracy, -0.15,  0.10,                   --|---*-------        , -0.33, -0.04
 0, DS_corr_knn_accuracy, -0.15,  0.06,                     |---*----           , -0.33, -0.04
 0,    knn_accuracy_cube, -0.13,  0.06,                     |-----*--           , -0.33, -0.04
 0, DS_incorr_knn_accuracy, -0.13,  0.06,                     |-----*--           , -0.33, -0.04
KNN Recall Statistics:
#
 0,       knn_recall_n12, -0.26,  0.06,             --*---- |                   , -0.38, -0.06
 0,      knn_recall_cube, -0.23,  0.16,            --------*|----------         , -0.38, -0.06
 0,     howso_knn_recall, -0.21,  0.14,               ------|-*--------         , -0.38, -0.06
 0,    knn_recall_square, -0.16,  0.13,               ------|------*--          , -0.38, -0.06
#
 1, DS_incorr_knn_recall, -0.11,  0.04,                     |        -----*     , -0.38, -0.06
 1,   DS_corr_knn_recall, -0.11,  0.05,                     |        -----*     , -0.38, -0.06
KNN Precision Statistics:
#
 0,   knn_precision_cube, -0.12,  0.12,                  ---|-----*------       , -0.33, -0.01
 0,    knn_precision_n12, -0.11,  0.07,                     |------*-           , -0.33, -0.01
 0, knn_precision_square, -0.11,  0.07,                     |  ----*----        , -0.33, -0.01
#
 1,  howso_knn_precision, -0.08,  0.10,                     |----------*--      , -0.33, -0.01
 1, DS_incorr_knn_precision, -0.05,  0.02,                     |             -*    , -0.33, -0.01
 1, DS_corr_knn_precision, -0.05,  0.10,                     |   -----------*-   , -0.33, -0.01
KNN F1 Statistics:
#
 0,           knn_f1_n12, -0.14,  0.04,                     |--*--              , -0.31, -0.02
 0,        knn_f1_square, -0.11,  0.08,                    -|------*---         , -0.31, -0.02
 0,          knn_f1_cube, -0.11,  0.09,                  ---|-------*-          , -0.31, -0.02
#
 1,         howso_knn_f1, -0.11,  0.07,                     |  -----*----       , -0.31, -0.02
#
 2,     DS_incorr_knn_f1, -0.07,  0.01,                     |           --*     , -0.31, -0.02
 2,       DS_corr_knn_f1, -0.06,  0.05,                     |        -----*-    , -0.31, -0.02
KNN MCC Statistics:
#
 0,    DS_incorr_knn_mcc, -0.03,  0.08,                   --|*-----             , -0.22,  0.13
 0,       knn_mcc_square, -0.02,  0.04,                    -|-*-                , -0.22,  0.13
 0,        howso_knn_mcc, -0.02,  0.11,                 ----|-*------           , -0.22,  0.13
 0,          knn_mcc_n12, -0.01,  0.08,                   --|--*---             , -0.22,  0.13
#
 1,         knn_mcc_cube,  0.01,  0.09,                     |----*----          , -0.22,  0.13
 1,      DS_corr_knn_mcc,  0.02,  0.10,                     |------*---         , -0.22,  0.13
