date :  22/04/2024 16:35:58
file :  ../Proj_Data/flash/SS-E.csv
repeats : 20
seed :  1234567891
rows :  756
cols :  6
names 				 ['Max_spout', 'Spliters', 'Counters', 'Throughput+', 'Latency-', 'bin_num']		d2h-
Statistics
n12
Average SMAPE across all features: 0.8896397298165429
Privacy Scores:
Statistical Details of Privacy Scores:
Minimum: 0.00039491574144987407
Maximum: 0.9999999934714747
Mean: 0.7724446616722735
Standard Deviation: 0.2911172272002399
Average: 0.7724446616722735
Accuracy: 0.23809523809523808, Recall: 0.10178571428571428, Precision: 0.06216249386352479, F1 Score: 0.07666870166870167, MCC: -0.024630541604015645
Average SMAPE across all features: 0.8754940068557495
Privacy Scores:
Statistical Details of Privacy Scores:
Minimum: 0.00045093427928732585
Maximum: 0.9999999893461309
Mean: 0.7818536016185985
Standard Deviation: 0.2828937287382058
Average: 0.7818536016185985
Accuracy: 0.25396825396825395, Recall: 0.09739010989010989, Precision: 0.05386904761904762, F1 Score: 0.06930501930501931, MCC: -0.05218823557955834
Average SMAPE across all features: 0.8776586366036881
Privacy Scores:
Statistical Details of Privacy Scores:
Minimum: 0.0
Maximum: 0.999999965328624
Mean: 0.7792073398179459
Standard Deviation: 0.28615467491319035
Average: 0.7792073398179459
Accuracy: 0.15873015873015872, Recall: 0.1541609180985827, Precision: 0.11925418569254186, F1 Score: 0.0787408173711188, MCC: 0.03600039217587017
Average SMAPE across all features: 0.9023836953432567
Privacy Scores:
Statistical Details of Privacy Scores:
Minimum: 0.0012565321325302599
Maximum: 0.9999998924585664
Mean: 0.7745776873321192
Standard Deviation: 0.2842036839199698
Average: 0.7745776873321192
Accuracy: 0.24867724867724866, Recall: 0.0898105625717566, Precision: 0.07658617424242424, F1 Score: 0.07997593867159083, MCC: -0.024548214112403616
Average SMAPE across all features: 0.886735413958017
Privacy Scores:
Statistical Details of Privacy Scores:
Minimum: 0.00035628097861401035
Maximum: 0.9999999986223113
Mean: 0.7824310664436186
Standard Deviation: 0.2906977233936995
Average: 0.7824310664436186
Accuracy: 0.30158730158730157, Recall: 0.11452558635394457, Precision: 0.0875, F1 Score: 0.08951046634870165, MCC: 0.048798675959459026
Average SMAPE across all features: 0.8720255243890876
Privacy Scores:
Statistical Details of Privacy Scores:
Minimum: 0.0
Maximum: 0.9999999940502995
Mean: 0.782824800505627
Standard Deviation: 0.28743710509560866
Average: 0.782824800505627
Accuracy: 0.2804232804232804, Recall: 0.1171129243890438, Precision: 0.0763392857142857, F1 Score: 0.08526395920463717, MCC: 0.011949175712052177
Average SMAPE across all features: 0.888980068685111
Privacy Scores:
Statistical Details of Privacy Scores:
Minimum: 0.0003825401451622219
Maximum: 0.9999999908267495
Mean: 0.7700243619937016
Standard Deviation: 0.30158494035766104
Average: 0.7700243619937016
Accuracy: 0.18518518518518517, Recall: 0.08763736263736263, Precision: 0.06224747474747475, F1 Score: 0.06847587009962479, MCC: -0.04717422494100208
Average SMAPE across all features: 0.8941323162520034
Privacy Scores:
Statistical Details of Privacy Scores:
Minimum: 0.00034238484894340103
Maximum: 0.9999999819088083
Mean: 0.7723910388726213
Standard Deviation: 0.2851066094308834
Average: 0.7723910388726213
Accuracy: 0.1111111111111111, Recall: 0.0657967032967033, Precision: 0.03680555555555555, F1 Score: 0.0431864406779661, MCC: -0.14762661319741074
Average SMAPE across all features: 0.8809511671241053
Privacy Scores:
Statistical Details of Privacy Scores:
Minimum: 0.0
Maximum: 0.9999999966933067
Mean: 0.7628153180178572
Standard Deviation: 0.29727977096908803
Average: 0.7628153180178572
Accuracy: 0.14285714285714285, Recall: 0.18368733256792957, Precision: 0.10795454545454544, F1 Score: 0.08463585316795172, MCC: 0.0050948488047255535
Average SMAPE across all features: 0.8862972528862781
Privacy Scores:
Statistical Details of Privacy Scores:
Minimum: 0.0003262603322441167
Maximum: 0.9999999946735326
Mean: 0.7674567388303211
Standard Deviation: 0.29826675709851014
Average: 0.7674567388303211
Accuracy: 0.2328042328042328, Recall: 0.11493767426603248, Precision: 0.08314791133844841, F1 Score: 0.09210588810627864, MCC: -0.05626586690346162
Average SMAPE across all features: 0.8745411471817489
Privacy Scores:
Statistical Details of Privacy Scores:
Minimum: 0.00013429439811378822
Maximum: 0.9999999926914214
Mean: 0.760364613671189
Standard Deviation: 0.30600019482650537
Average: 0.760364613671189
Accuracy: 0.164021164021164, Recall: 0.0798966946135515, Precision: 0.07778941488618908, F1 Score: 0.0739766081871345, MCC: -0.11729999859750483
Average SMAPE across all features: 0.8804763516898314
Privacy Scores:
Statistical Details of Privacy Scores:
Minimum: 0.0007960401937617068
Maximum: 0.9999999348710185
Mean: 0.7574887532476192
Standard Deviation: 0.3052335961027632
Average: 0.7574887532476192
Accuracy: 0.2857142857142857, Recall: 0.13366988586479367, Precision: 0.07451612903225806, F1 Score: 0.09130434782608696, MCC: 0.09670856156921881
Average SMAPE across all features: 0.8817206249198967
Privacy Scores:
Statistical Details of Privacy Scores:
Minimum: 0.0
Maximum: 0.9999999997024508
Mean: 0.7865517211820532
Standard Deviation: 0.2870638964683433
Average: 0.7865517211820532
Accuracy: 0.19047619047619047, Recall: 0.10557506584723442, Precision: 0.06672245891661595, F1 Score: 0.07042919266401966, MCC: 0.00447355803792684
Average SMAPE across all features: 0.8815918962714023
Privacy Scores:
Statistical Details of Privacy Scores:
Minimum: 0.0002152245139517415
Maximum: 0.9999999791013806
Mean: 0.7921216850802818
Standard Deviation: 0.27162616987104493
Average: 0.7921216850802818
Accuracy: 0.14814814814814814, Recall: 0.11265617613291012, Precision: 0.08289760348583877, F1 Score: 0.06107444403757588, MCC: 0.004736507592212507
Average SMAPE across all features: 0.8846797009325917
Privacy Scores:
Statistical Details of Privacy Scores:
Minimum: 0.0003706785710337367
Maximum: 0.9999999782389729
Mean: 0.7567876428992393
Standard Deviation: 0.30273720442451924
Average: 0.7567876428992393
Accuracy: 0.18518518518518517, Recall: 0.07984152041987863, Precision: 0.07088622162151574, F1 Score: 0.0736176702597735, MCC: -0.07313805221953988
Average SMAPE across all features: 0.8868787169542397
Privacy Scores:
Statistical Details of Privacy Scores:
Minimum: 0.006587207590240474
Maximum: 0.9999999969726183
Mean: 0.7906973464427118
Standard Deviation: 0.27101736620304184
Average: 0.7906973464427118
Accuracy: 0.18518518518518517, Recall: 0.17452574313307412, Precision: 0.21197916666666666, F1 Score: 0.13655849994710673, MCC: 0.0395681731976298
Average SMAPE across all features: 0.8955614091279763
Privacy Scores:
Statistical Details of Privacy Scores:
Minimum: 0.0010805632924948028
Maximum: 0.9999999930855787
Mean: 0.8000008043088515
Standard Deviation: 0.2743755220377969
Average: 0.8000008043088515
Accuracy: 0.2275132275132275, Recall: 0.08523351648351649, Precision: 0.05051691729323308, F1 Score: 0.06312350359138069, MCC: -0.039744738564459405
Average SMAPE across all features: 0.8813232804433457
Privacy Scores:
Statistical Details of Privacy Scores:
Minimum: 0.00016627299270144256
Maximum: 0.9999999131936623
Mean: 0.763015090470478
Standard Deviation: 0.30247131883696504
Average: 0.763015090470478
Accuracy: 0.25925925925925924, Recall: 0.10116553222896506, Precision: 0.09345238095238095, F1 Score: 0.09273030796036968, MCC: -0.06874827164286548
Average SMAPE across all features: 0.8741197610840634
Privacy Scores:
Statistical Details of Privacy Scores:
Minimum: 0.0
Maximum: 0.9999999969726183
Mean: 0.7672836987104108
Standard Deviation: 0.2913153733530538
Average: 0.7672836987104108
Accuracy: 0.328042328042328, Recall: 0.19507635143609683, Precision: 0.14831610275689222, F1 Score: 0.15044871794871795, MCC: 0.07018738080406017
Average SMAPE across all features: 0.8919882072524374
Privacy Scores:
Statistical Details of Privacy Scores:
Minimum: 0.00027864556410326063
Maximum: 0.9999998333642395
Mean: 0.7767563419071085
Standard Deviation: 0.2879152941540819
Average: 0.7767563419071085
Accuracy: 0.24338624338624337, Recall: 0.09077312612760373, Precision: 0.07068452380952381, F1 Score: 0.07560346108140226, MCC: -0.045303763648495185
n12 JS avg:  9.394948284347583e-07
cube
Average SMAPE across all features: 0.8751238673124031
Privacy Scores:
Statistical Details of Privacy Scores:
Minimum: 0.0
Maximum: 0.999999958910103
Mean: 0.7943106112170688
Standard Deviation: 0.28215032700394366
Average: 0.7943106112170688
Accuracy: 0.36507936507936506, Recall: 0.19019137505748568, Precision: 0.1717436974789916, F1 Score: 0.15793544690603517, MCC: 0.10111267154887522
Average SMAPE across all features: 0.9174127901794437
Privacy Scores:
Statistical Details of Privacy Scores:
Minimum: 0.000304765479370956
Maximum: 0.9999997775046252
Mean: 0.7767034724250266
Standard Deviation: 0.2985441697134935
Average: 0.7767034724250266
Accuracy: 0.15343915343915343, Recall: 0.05519517795637199, Precision: 0.0796957671957672, F1 Score: 0.06442577030812324, MCC: -0.03184426643257456
Average SMAPE across all features: 0.8807397385938074
Privacy Scores:
Statistical Details of Privacy Scores:
Minimum: 0.001708839142888521
Maximum: 0.9999999730430729
Mean: 0.784857103197095
Standard Deviation: 0.2881899801770132
Average: 0.784857103197095
Accuracy: 0.2751322751322751, Recall: 0.12789589142201083, Precision: 0.07908811618489037, F1 Score: 0.0941613524943472, MCC: 0.011862439888886958
Average SMAPE across all features: 0.8895497918149234
Privacy Scores:
Statistical Details of Privacy Scores:
Minimum: 0.0006474718682510435
Maximum: 0.9999999399751676
Mean: 0.7607376024243773
Standard Deviation: 0.30702629847935625
Average: 0.7607376024243773
Accuracy: 0.2698412698412698, Recall: 0.10315934065934065, Precision: 0.06129470136678525, F1 Score: 0.0768958053440812, MCC: 0.012554561641050288
Average SMAPE across all features: 0.913194816387667
Privacy Scores:
Statistical Details of Privacy Scores:
Minimum: 0.000553463656537672
Maximum: 0.9999999438256784
Mean: 0.7843772136000814
Standard Deviation: 0.2892124596237261
Average: 0.7843772136000814
Accuracy: 0.1693121693121693, Recall: 0.06050516647531573, Precision: 0.08653846153846154, F1 Score: 0.07084392879847426, MCC: -0.0232642714525747
Average SMAPE across all features: 0.8793072057537237
Privacy Scores:
Statistical Details of Privacy Scores:
Minimum: 0.0
Maximum: 0.9999999408674053
Mean: 0.7721288934513896
Standard Deviation: 0.28901732489206733
Average: 0.7721288934513896
Accuracy: 0.19576719576719576, Recall: 0.08126127603739544, Precision: 0.06433341877420824, F1 Score: 0.06900865092354454, MCC: -0.07668586970140485
Average SMAPE across all features: 0.8822832854461992
Privacy Scores:
Statistical Details of Privacy Scores:
Minimum: 0.00011488637047864907
Maximum: 0.9999999580112517
Mean: 0.7906469459557889
Standard Deviation: 0.28609975124165893
Average: 0.7906469459557889
Accuracy: 0.13227513227513227, Recall: 0.140097588978186, Precision: 0.08914262820512821, F1 Score: 0.04964851805782515, MCC: 0.012703567428739269
Average SMAPE across all features: 0.9002774413603616
Privacy Scores:
Statistical Details of Privacy Scores:
Minimum: 0.0006616830280517991
Maximum: 0.9999999141224574
Mean: 0.7729269730019113
Standard Deviation: 0.2991021189317737
Average: 0.7729269730019113
Accuracy: 0.25396825396825395, Recall: 0.09167623421354765, Precision: 0.07832417582417582, F1 Score: 0.0827991452991453, MCC: -0.027298288318530862
Average SMAPE across all features: 0.9085002621897136
Privacy Scores:
Statistical Details of Privacy Scores:
Minimum: 0.0
Maximum: 0.999999976817267
Mean: 0.7983058804332359
Standard Deviation: 0.28202215669808983
Average: 0.7983058804332359
Accuracy: 0.18518518518518517, Recall: 0.06725028702640644, Precision: 0.05344284428442844, F1 Score: 0.05440994748223664, MCC: -0.04595899814580129
Average SMAPE across all features: 0.8883266138024611
Privacy Scores:
Statistical Details of Privacy Scores:
Minimum: 0.00013933155451021612
Maximum: 0.9999996091232369
Mean: 0.7761141480979471
Standard Deviation: 0.2974264136634091
Average: 0.7761141480979471
Accuracy: 0.1746031746031746, Recall: 0.0787087912087912, Precision: 0.06263736263736264, F1 Score: 0.06722919937205651, MCC: -0.04044076556890338
Average SMAPE across all features: 0.8786853288985611
Privacy Scores:
Statistical Details of Privacy Scores:
Minimum: 0.00016019984233042115
Maximum: 0.999999984060695
Mean: 0.7776465344800844
Standard Deviation: 0.29435460995963214
Average: 0.7776465344800844
Accuracy: 0.17989417989417988, Recall: 0.1349969608968731, Precision: 0.08761124401913875, F1 Score: 0.07308037413671216, MCC: 0.005403679579046584
Average SMAPE across all features: 0.8894553848939822
Privacy Scores:
Statistical Details of Privacy Scores:
Minimum: 0.0007337147026861174
Maximum: 0.9999999012502183
Mean: 0.7834369904917511
Standard Deviation: 0.29285334017515796
Average: 0.7834369904917511
Accuracy: 0.2962962962962963, Recall: 0.12282474987698869, Precision: 0.08776631607335492, F1 Score: 0.09704776647501107, MCC: 0.04996695736275064
Average SMAPE across all features: 0.9067834975978162
Privacy Scores:
Statistical Details of Privacy Scores:
Minimum: 0.00013630683795753105
Maximum: 0.9999998857567586
Mean: 0.7749029814029572
Standard Deviation: 0.29809028341553034
Average: 0.7749029814029572
Accuracy: 0.20105820105820105, Recall: 0.0725028702640643, Precision: 0.09305555555555556, F1 Score: 0.08027184466019417, MCC: 0.013645136020437727
Average SMAPE across all features: 0.8771863981069986
Privacy Scores:
Statistical Details of Privacy Scores:
Minimum: 0.00034258435296378634
Maximum: 0.9999999859968883
Mean: 0.784608061494944
Standard Deviation: 0.2864752556072586
Average: 0.784608061494944
Accuracy: 0.2222222222222222, Recall: 0.09844288174512054, Precision: 0.07455664973780915, F1 Score: 0.07930290911942288, MCC: -0.043918865182377996
Average SMAPE across all features: 0.8847991862715607
Privacy Scores:
Statistical Details of Privacy Scores:
Minimum: 0.0002895580765194791
Maximum: 0.9999999583381727
Mean: 0.7803305851580599
Standard Deviation: 0.29233956439984704
Average: 0.7803305851580599
Accuracy: 0.24338624338624337, Recall: 0.09822453665737248, Precision: 0.09804454390451833, F1 Score: 0.09381880650449777, MCC: -0.05435307536669173
Average SMAPE across all features: 0.9112567961458008
Privacy Scores:
Statistical Details of Privacy Scores:
Minimum: 0.00031710169120852095
Maximum: 0.9999999797195521
Mean: 0.7892665665326378
Standard Deviation: 0.28444568619305705
Average: 0.7892665665326378
Accuracy: 0.13227513227513227, Recall: 0.04807692307692308, Precision: 0.033602150537634407, F1 Score: 0.03955696202531646, MCC: -0.07647866129844172
Average SMAPE across all features: 0.8842479383758431
Privacy Scores:
Statistical Details of Privacy Scores:
Minimum: 0.00024224368357073024
Maximum: 0.9999999209936755
Mean: 0.7835361532041387
Standard Deviation: 0.2892101673332298
Average: 0.7835361532041387
Accuracy: 0.164021164021164, Recall: 0.07220661800885682, Precision: 0.06828115547489413, F1 Score: 0.06595435774936655, MCC: -0.08543913627218494
Average SMAPE across all features: 0.8954789166938083
Privacy Scores:
Statistical Details of Privacy Scores:
Minimum: 0.0002888043775542103
Maximum: 0.9999998504625655
Mean: 0.7778947946138569
Standard Deviation: 0.2903629873901676
Average: 0.7778947946138569
Accuracy: 0.1693121693121693, Recall: 0.08186813186813187, Precision: 0.07116920842411038, F1 Score: 0.07007276178424549, MCC: -0.024916944190920224
Average SMAPE across all features: 0.8880109987407455
Privacy Scores:
Statistical Details of Privacy Scores:
Minimum: 0.0004405136122623714
Maximum: 0.9999999901789611
Mean: 0.7842477842008573
Standard Deviation: 0.29164339157944563
Average: 0.7842477842008573
Accuracy: 0.32275132275132273, Recall: 0.11673363949483352, Precision: 0.10188802083333334, F1 Score: 0.09353470363833058, MCC: 0.06180494629350906
Average SMAPE across all features: 0.8939387098364392
Privacy Scores:
Statistical Details of Privacy Scores:
Minimum: 0.0
Maximum: 0.9999999583381725
Mean: 0.7877859244601869
Standard Deviation: 0.287860381801109
Average: 0.7877859244601869
Accuracy: 0.24338624338624337, Recall: 0.09354395604395604, Precision: 0.05632411067193676, F1 Score: 0.068943706514864, MCC: -0.0522633078746842
cube JS avg:  7.437691117322458e-07
square
Average SMAPE across all features: 0.892151770786785
Privacy Scores:
Statistical Details of Privacy Scores:
Minimum: 0.00011622375226020401
Maximum: 0.9999999764580468
Mean: 0.7773287836139061
Standard Deviation: 0.2829559129361047
Average: 0.7773287836139061
Accuracy: 0.2698412698412698, Recall: 0.09790470723306545, Precision: 0.06553836882282041, F1 Score: 0.06994542002847651, MCC: -0.021112733581195347
Average SMAPE across all features: 0.873719732811027
Privacy Scores:
Statistical Details of Privacy Scores:
Minimum: 0.00027864556410326063
Maximum: 0.9999996773634031
Mean: 0.7626712278015866
Standard Deviation: 0.3013144650166407
Average: 0.7626712278015866
Accuracy: 0.2857142857142857, Recall: 0.11431942179857017, Precision: 0.18930817610062894, F1 Score: 0.08881361811399684, MCC: 0.04067607188394313
Average SMAPE across all features: 0.8880475060716929
Privacy Scores:
Statistical Details of Privacy Scores:
Minimum: 0.0011433895867891453
Maximum: 0.9999995877711022
Mean: 0.7785191002541317
Standard Deviation: 0.28968471474319385
Average: 0.7785191002541317
Accuracy: 0.13756613756613756, Recall: 0.0779532967032967, Precision: 0.04887820512820513, F1 Score: 0.055943396226415094, MCC: -0.08812186197861094
Average SMAPE across all features: 0.8880801869395205
Privacy Scores:
Statistical Details of Privacy Scores:
Minimum: 0.00032626026278605185
Maximum: 0.9999999740678228
Mean: 0.7882797965943209
Standard Deviation: 0.2888709357328158
Average: 0.7882797965943209
Accuracy: 0.20634920634920634, Recall: 0.07991020173855995, Precision: 0.07783882783882784, F1 Score: 0.07643364699816313, MCC: -0.018859678400840615
Average SMAPE across all features: 0.8815942298875675
Privacy Scores:
Statistical Details of Privacy Scores:
Minimum: 4.636350508668406e-05
Maximum: 0.9999997229930443
Mean: 0.7591561967526641
Standard Deviation: 0.29605235817668535
Average: 0.7591561967526641
Accuracy: 0.24338624338624337, Recall: 0.09319952435624078, Precision: 0.08127257223113965, F1 Score: 0.08279220779220779, MCC: -0.03957723383452213
Average SMAPE across all features: 0.8882654753966811
Privacy Scores:
Statistical Details of Privacy Scores:
Minimum: 0.00020610376872995801
Maximum: 0.9999998817115867
Mean: 0.7830021112600453
Standard Deviation: 0.2862131311627022
Average: 0.7830021112600453
Accuracy: 0.19047619047619047, Recall: 0.08447802197802198, Precision: 0.06221846846846847, F1 Score: 0.06945040790038644, MCC: -0.056812073172515874
Average SMAPE across all features: 0.8709929641278799
Privacy Scores:
Statistical Details of Privacy Scores:
Minimum: 0.001546143619311234
Maximum: 0.9999994012983058
Mean: 0.7811980736039603
Standard Deviation: 0.2929266574423489
Average: 0.7811980736039603
Accuracy: 0.32275132275132273, Recall: 0.15452542957481502, Precision: 0.11956018518518519, F1 Score: 0.1145995670995671, MCC: 0.09900967954574887
Average SMAPE across all features: 0.8837579922790374
Privacy Scores:
Statistical Details of Privacy Scores:
Minimum: 3.742927221053451e-05
Maximum: 0.999999966084705
Mean: 0.7747563036551305
Standard Deviation: 0.28196415530360225
Average: 0.7747563036551305
Accuracy: 0.26455026455026454, Recall: 0.10112145317369198, Precision: 0.06777971351142083, F1 Score: 0.07498907364364185, MCC: -0.03770567674893638
Average SMAPE across all features: 0.8899912864290515
Privacy Scores:
Statistical Details of Privacy Scores:
Minimum: 0.0011120069533126138
Maximum: 0.9999999973349386
Mean: 0.7835551575062951
Standard Deviation: 0.2866477163854622
Average: 0.7835551575062951
Accuracy: 0.21164021164021163, Recall: 0.09979395604395605, Precision: 0.062015888778550146, F1 Score: 0.07621527777777778, MCC: -0.050319017471363185
Average SMAPE across all features: 0.9036455263754996
Privacy Scores:
Statistical Details of Privacy Scores:
Minimum: 0.0
Maximum: 0.9999999214900643
Mean: 0.7796850895222988
Standard Deviation: 0.28826992130925083
Average: 0.7796850895222988
Accuracy: 0.05291005291005291, Recall: 0.021370141052976875, Precision: 0.08652173913043479, F1 Score: 0.02745008360738649, MCC: -0.0955558737777601
Average SMAPE across all features: 0.8949574949165006
Privacy Scores:
Statistical Details of Privacy Scores:
Minimum: 0.0
Maximum: 0.9999999692659614
Mean: 0.7864688608959394
Standard Deviation: 0.2859381867963712
Average: 0.7864688608959394
Accuracy: 0.07407407407407407, Recall: 0.04471153846153846, Precision: 0.046875, F1 Score: 0.0396505376344086, MCC: -0.08256771353561977
Average SMAPE across all features: 0.8875046946059162
Privacy Scores:
Statistical Details of Privacy Scores:
Minimum: 0.00089129978327243
Maximum: 0.9999999355239669
Mean: 0.7666304314453977
Standard Deviation: 0.2943112639277354
Average: 0.7666304314453977
Accuracy: 0.23809523809523808, Recall: 0.12465659340659341, Precision: 0.07262793176972282, F1 Score: 0.08980925468032497, MCC: 0.031328828286169466
Average SMAPE across all features: 0.8855057750846191
Privacy Scores:
Statistical Details of Privacy Scores:
Minimum: 0.0008895119293583055
Maximum: 0.9999999992055255
Mean: 0.7697674607359926
Standard Deviation: 0.29950524654083
Average: 0.7697674607359926
Accuracy: 0.20105820105820105, Recall: 0.0780445300967689, Precision: 0.07241694048922964, F1 Score: 0.06955408979358436, MCC: -0.03882252329126541
Average SMAPE across all features: 0.8731697811644006
Privacy Scores:
Statistical Details of Privacy Scores:
Minimum: 0.0
Maximum: 0.9999998407575545
Mean: 0.7633230403171596
Standard Deviation: 0.29846953033549045
Average: 0.7633230403171596
Accuracy: 0.2222222222222222, Recall: 0.15613259655182393, Precision: 0.13933150183150184, F1 Score: 0.11193341468561371, MCC: 0.022297074599558705
Average SMAPE across all features: 0.8813732868567562
Privacy Scores:
Statistical Details of Privacy Scores:
Minimum: 0.0005601517899342603
Maximum: 0.9999998241474907
Mean: 0.7741569856104873
Standard Deviation: 0.2918627569376222
Average: 0.7741569856104873
Accuracy: 0.2698412698412698, Recall: 0.1276529440708545, Precision: 0.11731703830760436, F1 Score: 0.11696620284406542, MCC: 0.0279522962845423
Average SMAPE across all features: 0.8763603945127421
Privacy Scores:
Statistical Details of Privacy Scores:
Minimum: 0.002040497390948995
Maximum: 0.999999908157588
Mean: 0.7820161789417306
Standard Deviation: 0.2824251706719542
Average: 0.7820161789417306
Accuracy: 0.21693121693121692, Recall: 0.14493838580208204, Precision: 0.10396489104116223, F1 Score: 0.08662386950904392, MCC: 0.04979977729469521
Average SMAPE across all features: 0.87538068729702
Privacy Scores:
Statistical Details of Privacy Scores:
Minimum: 7.597053308314774e-05
Maximum: 0.9999998529965567
Mean: 0.7704162068467238
Standard Deviation: 0.29425830902051264
Average: 0.7704162068467238
Accuracy: 0.32275132275132273, Recall: 0.1495578225549692, Precision: 0.14224640773936548, F1 Score: 0.11463317384370017, MCC: 0.035499271744429226
Average SMAPE across all features: 0.8779360663473554
Privacy Scores:
Statistical Details of Privacy Scores:
Minimum: 0.0003712640994227311
Maximum: 0.9999999683696614
Mean: 0.777914787663727
Standard Deviation: 0.28791652640473825
Average: 0.777914787663727
Accuracy: 0.35978835978835977, Recall: 0.1452762448262887, Precision: 0.16505681818181817, F1 Score: 0.13707768335717518, MCC: 0.0575094533515864
Average SMAPE across all features: 0.898605785595685
Privacy Scores:
Statistical Details of Privacy Scores:
Minimum: 0.0007823320415634229
Maximum: 0.9999999763322122
Mean: 0.7802654198045045
Standard Deviation: 0.2871417072015103
Average: 0.7802654198045045
Accuracy: 0.21164021164021163, Recall: 0.0790050434639987, Precision: 0.07552045640951416, F1 Score: 0.07274027443188147, MCC: -0.09389722314572974
Average SMAPE across all features: 0.8755361544346505
Privacy Scores:
Statistical Details of Privacy Scores:
Minimum: 0.0005791161287612873
Maximum: 0.9999999393798839
Mean: 0.7700971982608042
Standard Deviation: 0.288480611302877
Average: 0.7700971982608042
Accuracy: 0.2857142857142857, Recall: 0.13128280301787765, Precision: 0.10564579002079003, F1 Score: 0.11237164984336931, MCC: -0.00898646913181628
square JS avg:  1.0533222295511188e-06
howso
Average SMAPE across all features: 0.8612166137090521
Privacy Scores:
Statistical Details of Privacy Scores:
Minimum: 0.03578789393888168
Maximum: 0.9999999629133471
Mean: 0.8287589513581742
Standard Deviation: 0.22655379593087724
Average: 0.8287589513581742
Accuracy: 0.30687830687830686, Recall: 0.10970149253731343, Precision: 0.08768382352941176, F1 Score: 0.09745916515426498, MCC: -0.012503168523234926
Average SMAPE across all features: 0.8627576472011709
Privacy Scores:
Statistical Details of Privacy Scores:
Minimum: 0.046713375643308803
Maximum: 0.9999954664188885
Mean: 0.8097986535057784
Standard Deviation: 0.2384367426852514
Average: 0.8097986535057784
Accuracy: 0.2751322751322751, Recall: 0.09822043628013777, Precision: 0.0806547619047619, F1 Score: 0.08705813953488373, MCC: -0.05973587825312482
Average SMAPE across all features: 0.8663243213258971
Privacy Scores:
Statistical Details of Privacy Scores:
Minimum: 0.07081551200257324
Maximum: 0.999999832918193
Mean: 0.8258163293004276
Standard Deviation: 0.23142700618806786
Average: 0.8258163293004276
Accuracy: 0.3333333333333333, Recall: 0.11948909299655569, Precision: 0.09605654761904762, F1 Score: 0.10571473908509771, MCC: 0.028681065327478023
Average SMAPE across all features: 0.8665692547719918
Privacy Scores:
Statistical Details of Privacy Scores:
Minimum: 0.06484522514431736
Maximum: 0.9999999927811195
Mean: 0.83203051525199
Standard Deviation: 0.21572126933875624
Average: 0.83203051525199
Accuracy: 0.3439153439153439, Recall: 0.12241676234213549, Precision: 0.08831521739130435, F1 Score: 0.10159914712153517, MCC: 0.02056814287837444
Average SMAPE across all features: 0.8745677941503056
Privacy Scores:
Statistical Details of Privacy Scores:
Minimum: 0.06571889955358207
Maximum: 0.9999994390859427
Mean: 0.832585819504224
Standard Deviation: 0.22041772600097587
Average: 0.832585819504224
Accuracy: 0.2698412698412698, Recall: 0.09767508610792193, Precision: 0.06319345025053687, F1 Score: 0.07305743243243243, MCC: -0.08233893760376278
Average SMAPE across all features: 0.8781597814794302
Privacy Scores:
Statistical Details of Privacy Scores:
Minimum: 0.01841424006535601
Maximum: 0.9999999278036689
Mean: 0.8188675229666851
Standard Deviation: 0.23104609141585217
Average: 0.8188675229666851
Accuracy: 0.21693121693121692, Recall: 0.08329711333442677, Precision: 0.08104022607432668, F1 Score: 0.08105421179384222, MCC: -0.06643026119210167
Average SMAPE across all features: 0.8674003039839632
Privacy Scores:
Statistical Details of Privacy Scores:
Minimum: 0.0580132154596263
Maximum: 0.9999999121385608
Mean: 0.8193656848435886
Standard Deviation: 0.2353385533124346
Average: 0.8193656848435886
Accuracy: 0.291005291005291, Recall: 0.1259961504693726, Precision: 0.11624278499278498, F1 Score: 0.11807669249216013, MCC: 0.048204138466939904
Average SMAPE across all features: 0.8652435043958018
Privacy Scores:
Statistical Details of Privacy Scores:
Minimum: 0.019123781184404862
Maximum: 0.9999999938691029
Mean: 0.8179642809079155
Standard Deviation: 0.23287060249988664
Average: 0.8179642809079155
Accuracy: 0.3492063492063492, Recall: 0.1241102181400689, Precision: 0.09321581196581197, F1 Score: 0.10290087328130806, MCC: 0.048518703202573746
Average SMAPE across all features: 0.86976666539326
Privacy Scores:
Statistical Details of Privacy Scores:
Minimum: 0.040550312112735645
Maximum: 0.999999856778521
Mean: 0.8195005239301838
Standard Deviation: 0.22675210255446898
Average: 0.8195005239301838
Accuracy: 0.3439153439153439, Recall: 0.12373708381171067, Precision: 0.10867748279252704, F1 Score: 0.10950040128410915, MCC: 0.06727901827075648
Average SMAPE across all features: 0.8642329706476185
Privacy Scores:
Statistical Details of Privacy Scores:
Minimum: 0.010067578458915358
Maximum: 0.9999999556663264
Mean: 0.8240899198824871
Standard Deviation: 0.22255610640677248
Average: 0.8240899198824871
Accuracy: 0.31746031746031744, Recall: 0.11811643141757278, Precision: 0.0921527116374729, F1 Score: 0.09842734719760937, MCC: 0.021975459600420365
Average SMAPE across all features: 0.8739780161458132
Privacy Scores:
Statistical Details of Privacy Scores:
Minimum: 0.0473899735558693
Maximum: 0.9999997266084814
Mean: 0.8049979340255624
Standard Deviation: 0.24064024487829647
Average: 0.8049979340255624
Accuracy: 0.30687830687830686, Recall: 0.11247232245366573, Precision: 0.09939024390243903, F1 Score: 0.1028785410313896, MCC: -0.010491932462950724
Average SMAPE across all features: 0.8731758030575129
Privacy Scores:
Statistical Details of Privacy Scores:
Minimum: 0.034744386270880966
Maximum: 0.999999815189335
Mean: 0.8333265631068963
Standard Deviation: 0.22677679840628517
Average: 0.8333265631068963
Accuracy: 0.2222222222222222, Recall: 0.11074708873216335, Precision: 0.09839934593023256, F1 Score: 0.10218196477613445, MCC: -0.03264206935502822
Average SMAPE across all features: 0.8633907882893052
Privacy Scores:
Statistical Details of Privacy Scores:
Minimum: 0.034188631486823745
Maximum: 0.9999998756087207
Mean: 0.8146840594621771
Standard Deviation: 0.23154926302702852
Average: 0.8146840594621771
Accuracy: 0.2328042328042328, Recall: 0.0841561423650976, Precision: 0.07614942528735633, F1 Score: 0.07285645472061657, MCC: -0.06632769068294535
Average SMAPE across all features: 0.8704343088395332
Privacy Scores:
Statistical Details of Privacy Scores:
Minimum: 0.043878089949266307
Maximum: 0.9999999686190213
Mean: 0.8052357302759364
Standard Deviation: 0.2478698705889025
Average: 0.8052357302759364
Accuracy: 0.2698412698412698, Recall: 0.0994700262424143, Precision: 0.10554954304954305, F1 Score: 0.10187786960514233, MCC: 0.017010177991654624
Average SMAPE across all features: 0.8799022462928535
Privacy Scores:
Statistical Details of Privacy Scores:
Minimum: 0.017109562147778937
Maximum: 0.9999999908261504
Mean: 0.817668145822001
Standard Deviation: 0.23479919960849285
Average: 0.817668145822001
Accuracy: 0.30158730158730157, Recall: 0.10812284730195179, Precision: 0.09281070584262073, F1 Score: 0.09874213836477988, MCC: 0.007232135519804723
Average SMAPE across all features: 0.8874285326148915
Privacy Scores:
Statistical Details of Privacy Scores:
Minimum: 0.021393266439140197
Maximum: 0.9999979509950492
Mean: 0.8078058119978654
Standard Deviation: 0.2360746130878104
Average: 0.8078058119978654
Accuracy: 0.30687830687830686, Recall: 0.11016073478760047, Precision: 0.10021636506687648, F1 Score: 0.10433475715867743, MCC: 0.03963019612545287
Average SMAPE across all features: 0.8692088763483171
Privacy Scores:
Statistical Details of Privacy Scores:
Minimum: 0.05558374979587504
Maximum: 0.9999996695838012
Mean: 0.8123176567763128
Standard Deviation: 0.23198946971883846
Average: 0.8123176567763128
Accuracy: 0.17989417989417988, Recall: 0.08254161882893227, Precision: 0.07513401559454191, F1 Score: 0.075400521609538, MCC: -0.10759602013304377
Average SMAPE across all features: 0.8611561592381279
Privacy Scores:
Statistical Details of Privacy Scores:
Minimum: 0.02408609403962702
Maximum: 0.9999999994070632
Mean: 0.8214718171536987
Standard Deviation: 0.22114412488108748
Average: 0.8214718171536987
Accuracy: 0.2804232804232804, Recall: 0.12988843355941687, Precision: 0.1601190476190476, F1 Score: 0.14038637001684448, MCC: 0.012737658394220388
Average SMAPE across all features: 0.8826609443427844
Privacy Scores:
Statistical Details of Privacy Scores:
Minimum: 0.05203738774905034
Maximum: 0.9999999787034233
Mean: 0.8070246570673836
Standard Deviation: 0.23797614446242135
Average: 0.8070246570673836
Accuracy: 0.24867724867724866, Recall: 0.09663051500738068, Precision: 0.21573464912280702, F1 Score: 0.11097868166203106, MCC: 0.0010686955146143346
Average SMAPE across all features: 0.8761670645821248
Privacy Scores:
Statistical Details of Privacy Scores:
Minimum: 0.02781390959281366
Maximum: 0.999999948101574
Mean: 0.8109343102267702
Standard Deviation: 0.24007601683726282
Average: 0.8109343102267702
Accuracy: 0.24867724867724866, Recall: 0.08912169919632607, Precision: 0.07171277703406218, F1 Score: 0.07947488584474885, MCC: -0.0893924872803539
howso JS avg:  1.00137284667863e-06
correlated_attribute_mode
Average SMAPE across all features: 0.8940902484623763
Privacy Scores:
Statistical Details of Privacy Scores:
Minimum: 0.046875533749477394
Maximum: 0.9999999524344376
Mean: 0.8085055002897718
Standard Deviation: 0.22439216440384158
Average: 0.8085055002897718
Accuracy: 0.2222222222222222, Recall: 0.11628874856486798, Precision: 0.07815285204991088, F1 Score: 0.08088008482745325, MCC: -0.004682950787592093
Average SMAPE across all features: 0.8878205596457571
Privacy Scores:
Statistical Details of Privacy Scores:
Minimum: 0.04687782276004336
Maximum: 0.999999944705837
Mean: 0.8084446768525628
Standard Deviation: 0.22457997626728507
Average: 0.8084446768525628
Accuracy: 0.20105820105820105, Recall: 0.15892145606807592, Precision: 0.08940126604536663, F1 Score: 0.08022389733925607, MCC: 0.030820781715237406
Average SMAPE across all features: 0.8909623705587275
Privacy Scores:
Statistical Details of Privacy Scores:
Minimum: 0.046875533749477394
Maximum: 0.9999999562987385
Mean: 0.808634037569136
Standard Deviation: 0.2240686252381248
Average: 0.808634037569136
Accuracy: 0.19576719576719576, Recall: 0.11683819911431853, Precision: 0.06534090909090909, F1 Score: 0.07595323725048875, MCC: -0.05168254744650094
Average SMAPE across all features: 0.8974864295445735
Privacy Scores:
Statistical Details of Privacy Scores:
Minimum: 0.046874160289011015
Maximum: 0.9999999717559445
Mean: 0.8086604810296418
Standard Deviation: 0.22406332671523213
Average: 0.8086604810296418
Accuracy: 0.20634920634920634, Recall: 0.08764863867475808, Precision: 0.0647298104194656, F1 Score: 0.0721774658442382, MCC: -0.05238318121897857
Average SMAPE across all features: 0.8804238282745298
Privacy Scores:
Statistical Details of Privacy Scores:
Minimum: 0.046875533749477394
Maximum: 0.999999944705837
Mean: 0.808499097290577
Standard Deviation: 0.22441034374168867
Average: 0.808499097290577
Accuracy: 0.2962962962962963, Recall: 0.1101370973188357, Precision: 0.07396672495527276, F1 Score: 0.08024922553450814, MCC: 0.004081759300015591
Average SMAPE across all features: 0.8971905494474074
Privacy Scores:
Statistical Details of Privacy Scores:
Minimum: 0.046874160289011015
Maximum: 0.9999999562987385
Mean: 0.8089611295284669
Standard Deviation: 0.22340357872742134
Average: 0.8089611295284669
Accuracy: 0.25396825396825395, Recall: 0.12280219780219781, Precision: 0.07699843260188088, F1 Score: 0.09370725034199726, MCC: 0.0149925592769812
Average SMAPE across all features: 0.9085141633657137
Privacy Scores:
Statistical Details of Privacy Scores:
Minimum: 0.04687370245983364
Maximum: 0.9999999485701371
Mean: 0.808843651494811
Standard Deviation: 0.22357701973343969
Average: 0.808843651494811
Accuracy: 0.1746031746031746, Recall: 0.0731671313760866, Precision: 0.10652758298270218, F1 Score: 0.0848650065407011, MCC: 0.0031827136392654654
Average SMAPE across all features: 0.8940994183325984
Privacy Scores:
Statistical Details of Privacy Scores:
Minimum: 0.046874160289011015
Maximum: 0.9999999640273411
Mean: 0.8086522354671756
Standard Deviation: 0.22407208630332692
Average: 0.8086522354671756
Accuracy: 0.30687830687830686, Recall: 0.11153846153846154, Precision: 0.04559748427672956, F1 Score: 0.06473214285714286, MCC: 0.010705280929041659
Average SMAPE across all features: 0.8793394958689669
Privacy Scores:
Statistical Details of Privacy Scores:
Minimum: 0.046875533749477394
Maximum: 0.999999944705837
Mean: 0.808441467231673
Standard Deviation: 0.22458084448385376
Average: 0.808441467231673
Accuracy: 0.2962962962962963, Recall: 0.11822298092600991, Precision: 0.10097341882054364, F1 Score: 0.08823888848531077, MCC: -0.013334811498664957
Average SMAPE across all features: 0.9124088706550196
Privacy Scores:
Statistical Details of Privacy Scores:
Minimum: 0.046874160289011015
Maximum: 0.9999999562987385
Mean: 0.8090770790425724
Standard Deviation: 0.22325512794005203
Average: 0.8090770790425724
Accuracy: 0.17989417989417988, Recall: 0.0701226012793177, Precision: 0.07935049019607843, F1 Score: 0.07166966696669667, MCC: -0.06140183263467414
Average SMAPE across all features: 0.8830098665068813
Privacy Scores:
Statistical Details of Privacy Scores:
Minimum: 0.046875533749477394
Maximum: 0.999999944705837
Mean: 0.8084979987443729
Standard Deviation: 0.22441152420029736
Average: 0.8084979987443729
Accuracy: 0.31216931216931215, Recall: 0.1157915175254947, Precision: 0.08821625576944725, F1 Score: 0.0832438921837656, MCC: 0.012373388314135361
Average SMAPE across all features: 0.886195930052816
Privacy Scores:
Statistical Details of Privacy Scores:
Minimum: 0.046875533749477394
Maximum: 0.9999999485701371
Mean: 0.8084465280472387
Standard Deviation: 0.22457756126527523
Average: 0.8084465280472387
Accuracy: 0.2222222222222222, Recall: 0.1060241777537651, Precision: 0.09518280555237371, F1 Score: 0.0796129656507015, MCC: 0.0004316150709094028
Average SMAPE across all features: 0.884424363372861
Privacy Scores:
Statistical Details of Privacy Scores:
Minimum: 0.046875533749477394
Maximum: 0.999999944705837
Mean: 0.8084984803990635
Standard Deviation: 0.22441190265260122
Average: 0.8084984803990635
Accuracy: 0.3333333333333333, Recall: 0.12319679881137299, Precision: 0.0922553235053235, F1 Score: 0.08628557221542228, MCC: 0.046286263010822906
Average SMAPE across all features: 0.9095189837866964
Privacy Scores:
Statistical Details of Privacy Scores:
Minimum: 0.04688102718541969
Maximum: 0.9999999524344376
Mean: 0.8087254146651157
Standard Deviation: 0.22381623592956862
Average: 0.8087254146651157
Accuracy: 0.24338624338624337, Recall: 0.09019907331474497, Precision: 0.09545855379188711, F1 Score: 0.09029432434026771, MCC: -0.008686046021375423
Average SMAPE across all features: 0.8943967481183556
Privacy Scores:
Statistical Details of Privacy Scores:
Minimum: 0.04687782276004336
Maximum: 0.9999999524344376
Mean: 0.8091305939217817
Standard Deviation: 0.22320158002016613
Average: 0.8091305939217817
Accuracy: 0.21693121693121692, Recall: 0.08392857142857142, Precision: 0.05313342318059299, F1 Score: 0.06495405179615706, MCC: -0.051497708286715016
Average SMAPE across all features: 0.8966325874088786
Privacy Scores:
Statistical Details of Privacy Scores:
Minimum: 0.046874160289011015
Maximum: 0.9999999678916427
Mean: 0.808667459468151
Standard Deviation: 0.22405143018298812
Average: 0.808667459468151
Accuracy: 0.17989417989417988, Recall: 0.06769620305068066, Precision: 0.06252035002035002, F1 Score: 0.06142300167428561, MCC: -0.09158655301363929
Average SMAPE across all features: 0.9019205098360569
Privacy Scores:
Statistical Details of Privacy Scores:
Minimum: 0.046874160289011015
Maximum: 0.9999999562987385
Mean: 0.8086231671199211
Standard Deviation: 0.22408748870755926
Average: 0.8086231671199211
Accuracy: 0.24338624338624337, Recall: 0.09602775955387896, Precision: 0.07182592975206611, F1 Score: 0.07621445875302817, MCC: -0.06167847984198953
Average SMAPE across all features: 0.8998647743155228
Privacy Scores:
Statistical Details of Privacy Scores:
Minimum: 0.04687782276004336
Maximum: 0.9999999562987385
Mean: 0.8091420959337803
Standard Deviation: 0.22319184311161577
Average: 0.8091420959337803
Accuracy: 0.2328042328042328, Recall: 0.10477283910119731, Precision: 0.08563701923076923, F1 Score: 0.08527838060315798, MCC: -0.02199186057926134
Average SMAPE across all features: 0.8902342447326898
Privacy Scores:
Statistical Details of Privacy Scores:
Minimum: 0.046874160289011015
Maximum: 0.9999999562987385
Mean: 0.8087404116698638
Standard Deviation: 0.22380165792822004
Average: 0.8087404116698638
Accuracy: 0.19047619047619047, Recall: 0.09210164835164836, Precision: 0.06301358376656045, F1 Score: 0.07036713286713286, MCC: -0.05256172670468106
Average SMAPE across all features: 0.8918560144968296
Privacy Scores:
Statistical Details of Privacy Scores:
Minimum: 0.046875533749477394
Maximum: 0.9999999524344376
Mean: 0.8084985793615469
Standard Deviation: 0.2243984834366052
Average: 0.8084985793615469
Accuracy: 0.32275132275132273, Recall: 0.12152903067082171, Precision: 0.1100161543910572, F1 Score: 0.10649380908001599, MCC: 0.00895898911344848
correlated_attribute_mode JS avg:  7.191531524187764e-07
independent_attribute_mode
Average SMAPE across all features: 0.8933805474408697
Privacy Scores:
Statistical Details of Privacy Scores:
Minimum: 0.016014518643362632
Maximum: 0.9999999503289712
Mean: 0.7943957190853091
Standard Deviation: 0.23514594685080098
Average: 0.7943957190853091
Accuracy: 0.2275132275132275, Recall: 0.11555580613416434, Precision: 0.08033033033033032, F1 Score: 0.08720025184188257, MCC: -0.02963064136277333
Average SMAPE across all features: 0.8764581509862459
Privacy Scores:
Statistical Details of Privacy Scores:
Minimum: 0.018480475350844183
Maximum: 0.9999999515016057
Mean: 0.7943266929524766
Standard Deviation: 0.23531284465643018
Average: 0.7943266929524766
Accuracy: 0.2857142857142857, Recall: 0.10103329506314582, Precision: 0.06490162037037037, F1 Score: 0.07353016229457997, MCC: -0.06565200255719969
Average SMAPE across all features: 0.9250881661191257
Privacy Scores:
Statistical Details of Privacy Scores:
Minimum: 0.016014518643362632
Maximum: 0.9999999491563368
Mean: 0.7945254208987106
Standard Deviation: 0.23504099863254413
Average: 0.7945254208987106
Accuracy: 0.1164021164021164, Recall: 0.049873913400032804, Precision: 0.057342657342657345, F1 Score: 0.05242437337942956, MCC: -0.08854257942095858
Average SMAPE across all features: 0.8768857443360225
Privacy Scores:
Statistical Details of Privacy Scores:
Minimum: 0.018480475350844183
Maximum: 0.9999999509152885
Mean: 0.7943356826150116
Standard Deviation: 0.23526744264541669
Average: 0.7943356826150116
Accuracy: 0.23809523809523808, Recall: 0.10923712481548302, Precision: 0.08319212882798199, F1 Score: 0.08365943267259057, MCC: -0.02719096168761273
Average SMAPE across all features: 0.8907850805517874
Privacy Scores:
Statistical Details of Privacy Scores:
Minimum: 0.018480475350844183
Maximum: 0.9999999509152885
Mean: 0.7944640870348274
Standard Deviation: 0.23521649172037118
Average: 0.7944640870348274
Accuracy: 0.30158730158730157, Recall: 0.10881171067738232, Precision: 0.0843119266055046, F1 Score: 0.09169613910993221, MCC: 0.0005572159472898699
Average SMAPE across all features: 0.9025660077700095
Privacy Scores:
Statistical Details of Privacy Scores:
Minimum: 0.018480475350844183
Maximum: 0.9999999503289712
Mean: 0.7944633446743425
Standard Deviation: 0.2351260326613785
Average: 0.7944633446743425
Accuracy: 0.12169312169312169, Recall: 0.07934845005740528, Precision: 0.09806159420289855, F1 Score: 0.059825993152291174, MCC: 0.0003751537749258469
Average SMAPE across all features: 0.8770998248186386
Privacy Scores:
Statistical Details of Privacy Scores:
Minimum: 0.024426023532865524
Maximum: 0.9999999515016057
Mean: 0.7943652437625104
Standard Deviation: 0.23529244046838388
Average: 0.7943652437625104
Accuracy: 0.3862433862433862, Recall: 0.14785743229553588, Precision: 0.14371921182266012, F1 Score: 0.12230274442538594, MCC: 0.09050126413394854
Average SMAPE across all features: 0.8780618019020634
Privacy Scores:
Statistical Details of Privacy Scores:
Minimum: 0.016014518643362632
Maximum: 0.9999999509152885
Mean: 0.7943328694350481
Standard Deviation: 0.23528495580885367
Average: 0.7943328694350481
Accuracy: 0.25396825396825395, Recall: 0.1150063555847138, Precision: 0.08316387559808612, F1 Score: 0.09024514811031664, MCC: -0.014110439365497706
Average SMAPE across all features: 0.8771006245031486
Privacy Scores:
Statistical Details of Privacy Scores:
Minimum: 0.018480475350844183
Maximum: 0.9999999509152885
Mean: 0.7943235738559524
Standard Deviation: 0.23528415089971005
Average: 0.7943235738559524
Accuracy: 0.2698412698412698, Recall: 0.11003669837625062, Precision: 0.09887143779216462, F1 Score: 0.10020278724597662, MCC: -0.010844048079039543
Average SMAPE across all features: 0.8986101512702893
Privacy Scores:
Statistical Details of Privacy Scores:
Minimum: 0.016014518643362632
Maximum: 0.9999999503289712
Mean: 0.7944148034314158
Standard Deviation: 0.23513516262549553
Average: 0.7944148034314158
Accuracy: 0.12169312169312169, Recall: 0.06710164835164836, Precision: 0.04754273504273504, F1 Score: 0.050556731749392306, MCC: -0.10443888242014641
Average SMAPE across all features: 0.8767669336660844
Privacy Scores:
Statistical Details of Privacy Scores:
Minimum: 0.016014518643362632
Maximum: 0.9999999515016057
Mean: 0.7943241105671844
Standard Deviation: 0.2352980683559602
Average: 0.7943241105671844
Accuracy: 0.2962962962962963, Recall: 0.10828173691979662, Precision: 0.1017292490118577, F1 Score: 0.09435539015691688, MCC: -0.07398922095026472
Average SMAPE across all features: 0.9007150091571143
Privacy Scores:
Statistical Details of Privacy Scores:
Minimum: 0.018480475350844183
Maximum: 0.9999999485700197
Mean: 0.7945428447550915
Standard Deviation: 0.23506455468992882
Average: 0.7945428447550915
Accuracy: 0.15343915343915343, Recall: 0.06841786944398885, Precision: 0.06239614601200686, F1 Score: 0.06281473094032976, MCC: -0.06929967279813423
Average SMAPE across all features: 0.8990906649741277
Privacy Scores:
Statistical Details of Privacy Scores:
Minimum: 0.018480475350844183
Maximum: 0.9999999485700197
Mean: 0.7944963478721232
Standard Deviation: 0.23515176989118752
Average: 0.7944963478721232
Accuracy: 0.14814814814814814, Recall: 0.06395358372970314, Precision: 0.06368911719939116, F1 Score: 0.0581140350877193, MCC: -0.06564590237403832
Average SMAPE across all features: 0.9053228816008685
Privacy Scores:
Statistical Details of Privacy Scores:
Minimum: 0.018480475350844183
Maximum: 0.9999999485700197
Mean: 0.7944781228419363
Standard Deviation: 0.2351788224834509
Average: 0.7944781228419363
Accuracy: 0.164021164021164, Recall: 0.0748052320813515, Precision: 0.0646559700940114, F1 Score: 0.06733511586452763, MCC: -0.0655548945150384
Average SMAPE across all features: 0.8955823512400123
Privacy Scores:
Statistical Details of Privacy Scores:
Minimum: 0.018480475350844183
Maximum: 0.9999999479837028
Mean: 0.7944960583664765
Standard Deviation: 0.23521486895428306
Average: 0.7944960583664765
Accuracy: 0.2222222222222222, Recall: 0.11611653272101033, Precision: 0.08954156562724136, F1 Score: 0.09021950271950273, MCC: -0.00975880753398942
Average SMAPE across all features: 0.9015358321313071
Privacy Scores:
Statistical Details of Privacy Scores:
Minimum: 0.016014518643362632
Maximum: 0.9999999503289712
Mean: 0.7943879730302077
Standard Deviation: 0.23514118983272186
Average: 0.7943879730302077
Accuracy: 0.20634920634920634, Recall: 0.10532228965064787, Precision: 0.07735167716511, F1 Score: 0.08280893112335258, MCC: -0.04470089559633212
Average SMAPE across all features: 0.9130285177379521
Privacy Scores:
Statistical Details of Privacy Scores:
Minimum: 0.016014518643362632
Maximum: 0.9999999503289712
Mean: 0.794441446400209
Standard Deviation: 0.2351508356367426
Average: 0.794441446400209
Accuracy: 0.17989417989417988, Recall: 0.07803325405937347, Precision: 0.06664785699460357, F1 Score: 0.069980994866257, MCC: -0.049120314868978464
Average SMAPE across all features: 0.9080266867955799
Privacy Scores:
Statistical Details of Privacy Scores:
Minimum: 0.018480475350844183
Maximum: 0.9999999509152885
Mean: 0.7944636890440433
Standard Deviation: 0.23519999272982697
Average: 0.7944636890440433
Accuracy: 0.2328042328042328, Recall: 0.08375430539609645, Precision: 0.07936821880650995, F1 Score: 0.080835027100271, MCC: -0.03328795417018478
Average SMAPE across all features: 0.9207869317636326
Privacy Scores:
Statistical Details of Privacy Scores:
Minimum: 0.018480475350844183
Maximum: 0.9999999485700197
Mean: 0.794572466749997
Standard Deviation: 0.23505129771567929
Average: 0.794572466749997
Accuracy: 0.1111111111111111, Recall: 0.047491594226668855, Precision: 0.125, F1 Score: 0.06841646452395392, MCC: -0.0046797573627738774
Average SMAPE across all features: 0.8765810845019119
Privacy Scores:
Statistical Details of Privacy Scores:
Minimum: 0.018480475350844183
Maximum: 0.9999999515016057
Mean: 0.7943359735214912
Standard Deviation: 0.23530992103905154
Average: 0.7943359735214912
Accuracy: 0.31216931216931215, Recall: 0.11827532103541762, Precision: 0.09130116959064327, F1 Score: 0.08373192316740705, MCC: -0.007120025309260983
independent_attribute_mode JS avg:  8.946814715894602e-07
SMAPE Statistics:
#
 0,      howso_smapeList,  0.87,  0.01,   ---*---           |                   ,  0.86,  0.93
#
 1,        smapeList_n12,  0.88,  0.01,             --*--   |                   ,  0.86,  0.93
 1,     smapeList_square,  0.89,  0.01,          ------*--  |                   ,  0.86,  0.93
#
 2,       smapeList_cube,  0.89,  0.02,              ----*--|-------            ,  0.86,  0.93
 2,    DS_corr_smapeList,  0.89,  0.01,                 ----*---                ,  0.86,  0.93
 2,  DS_incorr_smapeList,  0.90,  0.03,          -----------|--*---             ,  0.86,  0.93
Privacy Score Statistics:
#
 0,  howso_privacy_score, -0.82,  0.01,     ----*---        |                   , -0.83, -0.76
#
 1, DS_corr_privacy_score, -0.81,  0.00,             *       |                   , -0.83, -0.76
#
 2, DS_incorr_privacy_score, -0.79,  0.00,                     *                   , -0.83, -0.76
#
 3,   privacy_score_cube, -0.78,  0.01,                     |    -*--           , -0.83, -0.76
#
 4, privacy_score_square, -0.78,  0.01,                     |      --*---       , -0.83, -0.76
 4,    privacy_score_n12, -0.77,  0.02,                     |     -----*----    , -0.83, -0.76
JSD Statistics:
#
 0,       howso_js_score,  0.00,  0.00, --------*-----------|------------       ,  0.00,  0.00
 0,        js_score_cube,  0.00,  0.00,        ---*---      |                   ,  0.00,  0.00
 0,     DS_corr_js_score,  0.00,  0.00,           *         |                   ,  0.00,  0.00
 0,   DS_incorr_js_score,  0.00,  0.00,              *      |                   ,  0.00,  0.00
#
 1,         js_score_n12,  0.00,  0.00,             --*     |                   ,  0.00,  0.00
 1,      js_score_square,  0.00,  0.00,            ----*----|---                ,  0.00,  0.00
KNN Accuracy Statistics:
#
 0,   howso_knn_accuracy, -0.28,  0.06,          ---*---    |                   , -0.39, -0.05
#
 1,     knn_accuracy_n12, -0.23,  0.09,                ----*|-----              , -0.39, -0.05
 1,  knn_accuracy_square, -0.22,  0.07,              ------*|-                  , -0.39, -0.05
 1, DS_corr_knn_accuracy, -0.22,  0.10,           ---------*|-                  , -0.39, -0.05
 1, DS_incorr_knn_accuracy, -0.22,  0.12,              ------*|-------            , -0.39, -0.05
 1,    knn_accuracy_cube, -0.20,  0.08,                -----|-*---              , -0.39, -0.05
KNN Recall Statistics:
#
 0,     howso_knn_recall, -0.11,  0.02,                  --*|-                  , -0.20, -0.02
 0,   DS_corr_knn_recall, -0.11,  0.03,                   --*---                , -0.20, -0.02
 0,       knn_recall_n12, -0.10,  0.03,                  ---|*--                , -0.20, -0.02
 0, DS_incorr_knn_recall, -0.10,  0.04,                    -|*-------           , -0.20, -0.02
 0,    knn_recall_square, -0.10,  0.05,               ------|*----              , -0.20, -0.02
 0,      knn_recall_cube, -0.09,  0.04,                   --|--*----            , -0.20, -0.02
KNN Precision Statistics:
#
 0,  howso_knn_precision, -0.09,  0.02,                     |    -*--           , -0.22, -0.03
 0, DS_incorr_knn_precision, -0.08,  0.03,                     |      --*---       , -0.22, -0.03
 0,   knn_precision_cube, -0.08,  0.03,                     |       --*--       , -0.22, -0.03
 0, DS_corr_knn_precision, -0.08,  0.03,                     |      ---*--       , -0.22, -0.03
 0, knn_precision_square, -0.08,  0.05,                     |---------*-        , -0.22, -0.03
 0,    knn_precision_n12, -0.08,  0.03,                     |       --*--       , -0.22, -0.03
KNN F1 Statistics:
#
 0,         howso_knn_f1, -0.10,  0.02,                 -*--|--                 , -0.16, -0.03
#
 1,     DS_incorr_knn_f1, -0.08,  0.03,                     |--*-----           , -0.16, -0.03
 1,       DS_corr_knn_f1, -0.08,  0.01,                     | -*--              , -0.16, -0.03
 1,           knn_f1_n12, -0.08,  0.02,                     |---*--             , -0.16, -0.03
 1,        knn_f1_square, -0.08,  0.04,               ------|---*--             , -0.16, -0.03
 1,          knn_f1_cube, -0.07,  0.02,                     |  ---*-            , -0.16, -0.03
KNN MCC Statistics:
#
 0,        howso_knn_mcc, -0.00,  0.09,             ----*---|-----              , -0.10,  0.15
 0,      DS_corr_knn_mcc,  0.01,  0.06,               ---*--|---                , -0.10,  0.15
 0,       knn_mcc_square,  0.02,  0.09,            --------*|----               , -0.10,  0.15
 0,          knn_mcc_n12,  0.02,  0.07,               ------*----               , -0.10,  0.15
 0,         knn_mcc_cube,  0.03,  0.06,               ------*---                , -0.10,  0.15
 0,    DS_incorr_knn_mcc,  0.03,  0.06,                  ---|*----              , -0.10,  0.15
