date :  22/04/2024 16:36:07
file :  ../Proj_Data/flash/SS-H.csv
repeats : 20
seed :  1234567891
rows :  259
cols :  7
names 				 ['Width', 'Complexity', 'Fifo', 'Multiplier', 'Energy-', 'Inv_runtime-', 'bin_num']		d2h-
Statistics
n12
Average SMAPE across all features: 0.5149674322260458
Privacy Scores:
Statistical Details of Privacy Scores:
Minimum: 0.232947895942357
Maximum: 1.0
Mean: 0.9131482384317593
Standard Deviation: 0.13089011112628712
Average: 0.9131482384317593
Accuracy: 0.2153846153846154, Recall: 0.12207792207792208, Precision: 0.09372966577935522, F1 Score: 0.10493197278911566, MCC: -0.04292108528001518
Average SMAPE across all features: 0.5162989553170781
Privacy Scores:
Statistical Details of Privacy Scores:
Minimum: 0.07262133175650802
Maximum: 1.0
Mean: 0.9106035299277032
Standard Deviation: 0.14456645804604193
Average: 0.9106035299277032
Accuracy: 0.18461538461538463, Recall: 0.09583333333333333, Precision: 0.08919986263736264, F1 Score: 0.0876477657330652, MCC: -0.03327568619450743
Average SMAPE across all features: 0.5130555103173496
Privacy Scores:
Statistical Details of Privacy Scores:
Minimum: 0.08537485813405891
Maximum: 1.0
Mean: 0.8609203703927657
Standard Deviation: 0.20569664463270312
Average: 0.8609203703927657
Accuracy: 0.3384615384615385, Recall: 0.18095238095238095, Precision: 0.1424894282037139, F1 Score: 0.15689491815835424, MCC: 0.09357884801437688
Average SMAPE across all features: 0.5215631860132084
Privacy Scores:
Statistical Details of Privacy Scores:
Minimum: 0.03343645943297829
Maximum: 1.0
Mean: 0.9139267409000005
Standard Deviation: 0.1564585180485629
Average: 0.9139267409000005
Accuracy: 0.15384615384615385, Recall: 0.10568181818181817, Precision: 0.11717171717171718, F1 Score: 0.09848484848484848, MCC: -0.021463155014729965
Average SMAPE across all features: 0.5177033216340108
Privacy Scores:
Statistical Details of Privacy Scores:
Minimum: 0.40888193832217123
Maximum: 1.0
Mean: 0.923220440734092
Standard Deviation: 0.10789584590196277
Average: 0.923220440734092
Accuracy: 0.23076923076923078, Recall: 0.12878787878787878, Precision: 0.0962962962962963, F1 Score: 0.10038402457757295, MCC: 0.045955953996979076
Average SMAPE across all features: 0.5147229862193224
Privacy Scores:
Statistical Details of Privacy Scores:
Minimum: 0.08620719341922198
Maximum: 1.0
Mean: 0.8756134894957845
Standard Deviation: 0.1638796062098092
Average: 0.8756134894957845
Accuracy: 0.26153846153846155, Recall: 0.13560606060606062, Precision: 0.11247086247086246, F1 Score: 0.12258862122992559, MCC: 0.03320559233196258
Average SMAPE across all features: 0.5141909573818569
Privacy Scores:
Statistical Details of Privacy Scores:
Minimum: 0.1887155155190229
Maximum: 1.0
Mean: 0.9119737374867052
Standard Deviation: 0.1394488722427209
Average: 0.9119737374867052
Accuracy: 0.26153846153846155, Recall: 0.1268939393939394, Precision: 0.09609661172161173, F1 Score: 0.10892628205128205, MCC: 0.006264228888571089
Average SMAPE across all features: 0.5165561546423203
Privacy Scores:
Statistical Details of Privacy Scores:
Minimum: 0.07262133175650802
Maximum: 1.0
Mean: 0.9098203993963879
Standard Deviation: 0.130698131378784
Average: 0.9098203993963879
Accuracy: 0.2153846153846154, Recall: 0.09924242424242424, Precision: 0.08236607142857143, F1 Score: 0.08958995679465231, MCC: -0.019324786821422607
Average SMAPE across all features: 0.517781758787009
Privacy Scores:
Statistical Details of Privacy Scores:
Minimum: 0.1041370187811446
Maximum: 1.0
Mean: 0.8777782312732101
Standard Deviation: 0.1818128321182641
Average: 0.8777782312732101
Accuracy: 0.4, Recall: 0.31471861471861473, Precision: 0.2833278849297156, F1 Score: 0.2900240362220276, MCC: 0.23663020785532626
Average SMAPE across all features: 0.5185140767362032
Privacy Scores:
Statistical Details of Privacy Scores:
Minimum: 0.09162598600990944
Maximum: 1.0
Mean: 0.9144593932350117
Standard Deviation: 0.11888292844068613
Average: 0.9144593932350117
Accuracy: 0.2, Recall: 0.11515151515151514, Precision: 0.14161931818181817, F1 Score: 0.11631322166205886, MCC: 0.016422808529875734
Average SMAPE across all features: 0.5175805795140321
Privacy Scores:
Statistical Details of Privacy Scores:
Minimum: 0.09162598600990944
Maximum: 1.0
Mean: 0.8794740662417588
Standard Deviation: 0.18699539772307358
Average: 0.8794740662417588
Accuracy: 0.24615384615384617, Recall: 0.2431818181818182, Precision: 0.25618605532398636, F1 Score: 0.19909663865546218, MCC: 0.012083922608620472
Average SMAPE across all features: 0.5147692687605971
Privacy Scores:
Statistical Details of Privacy Scores:
Minimum: 0.08537485813405891
Maximum: 1.0
Mean: 0.8959270906450224
Standard Deviation: 0.1529798712386408
Average: 0.8959270906450224
Accuracy: 0.2153846153846154, Recall: 0.13636363636363635, Precision: 0.11029411764705882, F1 Score: 0.12053571428571429, MCC: -0.029767378257022085
Average SMAPE across all features: 0.5106220093441604
Privacy Scores:
Statistical Details of Privacy Scores:
Minimum: 0.09162598600990944
Maximum: 1.0
Mean: 0.8621969963050828
Standard Deviation: 0.18803789547973185
Average: 0.8621969963050828
Accuracy: 0.18461538461538463, Recall: 0.12045454545454545, Precision: 0.09672619047619047, F1 Score: 0.10674787744555186, MCC: -0.06226736777128237
Average SMAPE across all features: 0.5157040627527284
Privacy Scores:
Statistical Details of Privacy Scores:
Minimum: 0.061051371372889664
Maximum: 1.0
Mean: 0.86711590439209
Standard Deviation: 0.19096237396141666
Average: 0.86711590439209
Accuracy: 0.3076923076923077, Recall: 0.18095238095238095, Precision: 0.16513486513486514, F1 Score: 0.15244245736049014, MCC: 0.07619592838269007
Average SMAPE across all features: 0.5148406779940617
Privacy Scores:
Statistical Details of Privacy Scores:
Minimum: 0.07262133175650802
Maximum: 1.0
Mean: 0.9015829721772629
Standard Deviation: 0.16229343239572663
Average: 0.9015829721772629
Accuracy: 0.26153846153846155, Recall: 0.13506493506493505, Precision: 0.10573870573870574, F1 Score: 0.1183556181093127, MCC: 0.010787115818003384
Average SMAPE across all features: 0.5175075840525823
Privacy Scores:
Statistical Details of Privacy Scores:
Minimum: 0.22879840138441515
Maximum: 1.0
Mean: 0.9118723293408544
Standard Deviation: 0.12471948760062714
Average: 0.9118723293408544
Accuracy: 0.16923076923076924, Recall: 0.11255411255411255, Precision: 0.09802501645819618, F1 Score: 0.09432911095472672, MCC: -0.03011465806409004
Average SMAPE across all features: 0.5176046716103622
Privacy Scores:
Statistical Details of Privacy Scores:
Minimum: 0.2557095971617566
Maximum: 1.0
Mean: 0.9123246870877215
Standard Deviation: 0.11813166356086051
Average: 0.9123246870877215
Accuracy: 0.12307692307692308, Recall: 0.08354978354978355, Precision: 0.05920550038197097, F1 Score: 0.06341991341991342, MCC: -0.12138800935181798
Average SMAPE across all features: 0.5176822145407188
Privacy Scores:
Statistical Details of Privacy Scores:
Minimum: 0.08617709295809733
Maximum: 1.0
Mean: 0.8797332030475045
Standard Deviation: 0.17520998747886968
Average: 0.8797332030475045
Accuracy: 0.23076923076923078, Recall: 0.1354978354978355, Precision: 0.10269107643057222, F1 Score: 0.11251605537319824, MCC: -0.02757417866339162
Average SMAPE across all features: 0.5219594022270767
Privacy Scores:
Statistical Details of Privacy Scores:
Minimum: 0.22879840138441515
Maximum: 1.0
Mean: 0.9073644652569849
Standard Deviation: 0.13975952633971434
Average: 0.9073644652569849
Accuracy: 0.2, Recall: 0.14412878787878788, Precision: 0.1701923076923077, F1 Score: 0.12361993577918974, MCC: 0.033901041251369536
Average SMAPE across all features: 0.5202995602409456
Privacy Scores:
Statistical Details of Privacy Scores:
Minimum: 0.27014458400109614
Maximum: 1.0
Mean: 0.9101196074629481
Standard Deviation: 0.14332441312004585
Average: 0.9101196074629481
Accuracy: 0.16923076923076924, Recall: 0.11325757575757575, Precision: 0.06534090909090909, F1 Score: 0.07331815471350356, MCC: -0.02383736610370378
n12 JS avg:  0.004973691185872485
cube
Average SMAPE across all features: 0.516439376476484
Privacy Scores:
Statistical Details of Privacy Scores:
Minimum: 0.09215635943242755
Maximum: 1.0
Mean: 0.920884143162699
Standard Deviation: 0.13563227896486166
Average: 0.920884143162699
Accuracy: 0.27692307692307694, Recall: 0.15541125541125542, Precision: 0.12217802481494165, F1 Score: 0.13462308000123127, MCC: 0.04699838192113043
Average SMAPE across all features: 0.5150266150546636
Privacy Scores:
Statistical Details of Privacy Scores:
Minimum: 0.08617709295809733
Maximum: 1.0
Mean: 0.8583604550177554
Standard Deviation: 0.19275629601660052
Average: 0.8583604550177554
Accuracy: 0.2153846153846154, Recall: 0.19090909090909092, Precision: 0.13664192949907236, F1 Score: 0.15384098303352964, MCC: -0.02643857749015131
Average SMAPE across all features: 0.5100881401136715
Privacy Scores:
Statistical Details of Privacy Scores:
Minimum: 0.061051371372889664
Maximum: 1.0
Mean: 0.9017780842017765
Standard Deviation: 0.14906203342738295
Average: 0.9017780842017765
Accuracy: 0.27692307692307694, Recall: 0.1515151515151515, Precision: 0.10877403846153846, F1 Score: 0.11879995497016774, MCC: 0.07538831801992375
Average SMAPE across all features: 0.5159458509731134
Privacy Scores:
Statistical Details of Privacy Scores:
Minimum: 0.10689893802342927
Maximum: 1.0
Mean: 0.9139519813328162
Standard Deviation: 0.14793180074465076
Average: 0.9139519813328162
Accuracy: 0.24615384615384617, Recall: 0.14155844155844158, Precision: 0.10842447026657553, F1 Score: 0.1203645094401397, MCC: 0.002296321982640847
Average SMAPE across all features: 0.5183214153540455
Privacy Scores:
Statistical Details of Privacy Scores:
Minimum: 0.10986083055285734
Maximum: 1.0
Mean: 0.9204571338211313
Standard Deviation: 0.12909318354805344
Average: 0.9204571338211313
Accuracy: 0.2923076923076923, Recall: 0.2607954545454545, Precision: 0.2800986842105263, F1 Score: 0.2264912280701754, MCC: 0.04573815735540197
Average SMAPE across all features: 0.5186793143455609
Privacy Scores:
Statistical Details of Privacy Scores:
Minimum: 0.08617709295809733
Maximum: 1.0
Mean: 0.8803052543892054
Standard Deviation: 0.16346751742796214
Average: 0.8803052543892054
Accuracy: 0.15384615384615385, Recall: 0.0875, Precision: 0.10482142857142858, F1 Score: 0.08141762452107279, MCC: -0.012397971530333913
Average SMAPE across all features: 0.514464671595546
Privacy Scores:
Statistical Details of Privacy Scores:
Minimum: 0.08537485813405891
Maximum: 1.0
Mean: 0.8742743716014487
Standard Deviation: 0.18255329195176287
Average: 0.8742743716014487
Accuracy: 0.3076923076923077, Recall: 0.1668560606060606, Precision: 0.13509615384615384, F1 Score: 0.1489781499862145, MCC: 0.07679425155473431
Average SMAPE across all features: 0.5174697975060562
Privacy Scores:
Statistical Details of Privacy Scores:
Minimum: 0.09900940472069823
Maximum: 1.0
Mean: 0.884791160669114
Standard Deviation: 0.1576399281964288
Average: 0.884791160669114
Accuracy: 0.16923076923076924, Recall: 0.08787878787878788, Precision: 0.078125, F1 Score: 0.07884191544780605, MCC: -0.037902204683539976
Average SMAPE across all features: 0.5180324819226407
Privacy Scores:
Statistical Details of Privacy Scores:
Minimum: 0.08617923596441922
Maximum: 1.0
Mean: 0.8846514352457161
Standard Deviation: 0.18129663330022847
Average: 0.8846514352457161
Accuracy: 0.23076923076923078, Recall: 0.24659090909090908, Precision: 0.12765350877192982, F1 Score: 0.14815379403794038, MCC: 0.03721112056924349
Average SMAPE across all features: 0.513894003560106
Privacy Scores:
Statistical Details of Privacy Scores:
Minimum: 0.07262133175650802
Maximum: 1.0
Mean: 0.9098176114567388
Standard Deviation: 0.13318424045747856
Average: 0.9098176114567388
Accuracy: 0.2, Recall: 0.09621212121212121, Precision: 0.08409090909090909, F1 Score: 0.08921911421911422, MCC: -0.05856774007430951
Average SMAPE across all features: 0.5336358150788305
Privacy Scores:
Statistical Details of Privacy Scores:
Minimum: 0.09162598600990944
Maximum: 1.0
Mean: 0.9262083374906701
Standard Deviation: 0.10370235047966783
Average: 0.9262083374906701
Accuracy: 0.12307692307692308, Recall: 0.06818181818181818, Precision: 0.06331168831168832, F1 Score: 0.055944055944055944, MCC: -0.03400708437838083
Average SMAPE across all features: 0.513019791031714
Privacy Scores:
Statistical Details of Privacy Scores:
Minimum: 0.061051371372889664
Maximum: 1.0
Mean: 0.8887881469929161
Standard Deviation: 0.17492587425440584
Average: 0.8887881469929161
Accuracy: 0.24615384615384617, Recall: 0.15757575757575756, Precision: 0.12665592552810598, F1 Score: 0.13159368204487154, MCC: 0.008439953939545946
Average SMAPE across all features: 0.5094484665199679
Privacy Scores:
Statistical Details of Privacy Scores:
Minimum: 0.08617709295809733
Maximum: 1.0
Mean: 0.9025553569898578
Standard Deviation: 0.1497837185672212
Average: 0.9025553569898578
Accuracy: 0.26153846153846155, Recall: 0.14431818181818182, Precision: 0.0984375, F1 Score: 0.11564516129032258, MCC: 0.00954744423446291
Average SMAPE across all features: 0.5234653229714883
Privacy Scores:
Statistical Details of Privacy Scores:
Minimum: 0.26064750371980616
Maximum: 1.0
Mean: 0.9163864125784635
Standard Deviation: 0.12198874511607295
Average: 0.9163864125784635
Accuracy: 0.15384615384615385, Recall: 0.09318181818181817, Precision: 0.10212862318840579, F1 Score: 0.07239566307072028, MCC: -0.048941727571126345
Average SMAPE across all features: 0.5142809507306045
Privacy Scores:
Statistical Details of Privacy Scores:
Minimum: 0.08617709295809733
Maximum: 1.0
Mean: 0.857806721502699
Standard Deviation: 0.18254511003780466
Average: 0.857806721502699
Accuracy: 0.24615384615384617, Recall: 0.158008658008658, Precision: 0.1232443746729461, F1 Score: 0.12811791383219953, MCC: 0.04530780187052861
Average SMAPE across all features: 0.51688634911075
Privacy Scores:
Statistical Details of Privacy Scores:
Minimum: 0.09900940472069823
Maximum: 1.0
Mean: 0.8849661645713632
Standard Deviation: 0.1617288423338451
Average: 0.8849661645713632
Accuracy: 0.27692307692307694, Recall: 0.28095238095238095, Precision: 0.15389165699724705, F1 Score: 0.18644479415593246, MCC: 0.06336784263389243
Average SMAPE across all features: 0.5262259606554377
Privacy Scores:
Statistical Details of Privacy Scores:
Minimum: 0.08617709295809733
Maximum: 1.0
Mean: 0.8918592921636583
Standard Deviation: 0.17288515630643525
Average: 0.8918592921636583
Accuracy: 0.16923076923076924, Recall: 0.14829545454545454, Precision: 0.12534722222222222, F1 Score: 0.11083959899749374, MCC: 0.03985710495166127
Average SMAPE across all features: 0.5198026860625958
Privacy Scores:
Statistical Details of Privacy Scores:
Minimum: 0.07262133175650802
Maximum: 1.0
Mean: 0.8916461878416142
Standard Deviation: 0.16923789898914066
Average: 0.8916461878416142
Accuracy: 0.23076923076923078, Recall: 0.2896103896103896, Precision: 0.17661461345671872, F1 Score: 0.20367714653428942, MCC: 0.04905957854804696
Average SMAPE across all features: 0.5166815976462209
Privacy Scores:
Statistical Details of Privacy Scores:
Minimum: 0.15169529153230657
Maximum: 1.0
Mean: 0.9129732342023832
Standard Deviation: 0.13979329348215855
Average: 0.9129732342023832
Accuracy: 0.15384615384615385, Recall: 0.07613636363636364, Precision: 0.06682330827067669, F1 Score: 0.0683083176985616, MCC: -0.099243290966233
Average SMAPE across all features: 0.5168505075196652
Privacy Scores:
Statistical Details of Privacy Scores:
Minimum: 0.07262133175650802
Maximum: 1.0
Mean: 0.8987488765190769
Standard Deviation: 0.14762068121791402
Average: 0.8987488765190769
Accuracy: 0.24615384615384617, Recall: 0.1272727272727273, Precision: 0.10726190476190475, F1 Score: 0.1116156914893617, MCC: 0.024996500694787677
cube JS avg:  0.004786816229443611
square
Average SMAPE across all features: 0.5354602306226426
Privacy Scores:
Statistical Details of Privacy Scores:
Minimum: 0.08537485813405891
Maximum: 1.0
Mean: 0.884674119354167
Standard Deviation: 0.16573579133117824
Average: 0.884674119354167
Accuracy: 0.2153846153846154, Recall: 0.3009469696969697, Precision: 0.21481259968102073, F1 Score: 0.17447908016961725, MCC: 0.11818985642927596
Average SMAPE across all features: 0.5189311519372399
Privacy Scores:
Statistical Details of Privacy Scores:
Minimum: 0.09162598600990944
Maximum: 1.0
Mean: 0.9232001682952948
Standard Deviation: 0.11934509487620704
Average: 0.9232001682952948
Accuracy: 0.23076923076923078, Recall: 0.1212121212121212, Precision: 0.09719202898550725, F1 Score: 0.10750915750915752, MCC: -0.004083648562023788
Average SMAPE across all features: 0.5173063893307223
Privacy Scores:
Statistical Details of Privacy Scores:
Minimum: 0.08617709295809733
Maximum: 1.0
Mean: 0.8824831016134791
Standard Deviation: 0.16357017503666008
Average: 0.8824831016134791
Accuracy: 0.2153846153846154, Recall: 0.12424242424242424, Precision: 0.09191176470588236, F1 Score: 0.10300618921308577, MCC: -0.008865404002915116
Average SMAPE across all features: 0.5155832377053814
Privacy Scores:
Statistical Details of Privacy Scores:
Minimum: 0.08537485813405891
Maximum: 1.0
Mean: 0.85305809062669
Standard Deviation: 0.20659867493181017
Average: 0.85305809062669
Accuracy: 0.35384615384615387, Recall: 0.19431818181818183, Precision: 0.15118589743589744, F1 Score: 0.15495974812689303, MCC: 0.18660808162795983
Average SMAPE across all features: 0.5157318890443356
Privacy Scores:
Statistical Details of Privacy Scores:
Minimum: 0.0953082988602786
Maximum: 1.0
Mean: 0.8687317595483444
Standard Deviation: 0.17521004662458595
Average: 0.8687317595483444
Accuracy: 0.26153846153846155, Recall: 0.22424242424242424, Precision: 0.12202380952380952, F1 Score: 0.14732690472945345, MCC: 0.021459147563501375
Average SMAPE across all features: 0.5239902499351438
Privacy Scores:
Statistical Details of Privacy Scores:
Minimum: 0.1417858326342258
Maximum: 1.0
Mean: 0.918999062742112
Standard Deviation: 0.11436451160293522
Average: 0.918999062742112
Accuracy: 0.16923076923076924, Recall: 0.10416666666666666, Precision: 0.16264619883040937, F1 Score: 0.10986150732694511, MCC: -0.035487319743288885
Average SMAPE across all features: 0.5182757728147516
Privacy Scores:
Statistical Details of Privacy Scores:
Minimum: 0.09162598600990944
Maximum: 1.0
Mean: 0.8799902263852236
Standard Deviation: 0.16750026464879514
Average: 0.8799902263852236
Accuracy: 0.3384615384615385, Recall: 0.212987012987013, Precision: 0.17156462585034013, F1 Score: 0.18014027316352896, MCC: 0.15487191392554667
Average SMAPE across all features: 0.5175416655139804
Privacy Scores:
Statistical Details of Privacy Scores:
Minimum: 0.23021075428234533
Maximum: 1.0
Mean: 0.875616696723875
Standard Deviation: 0.1709393700104409
Average: 0.875616696723875
Accuracy: 0.24615384615384617, Recall: 0.2356060606060606, Precision: 0.14967672413793104, F1 Score: 0.17307194616977226, MCC: 0.048112813392795786
Average SMAPE across all features: 0.5163890299638217
Privacy Scores:
Statistical Details of Privacy Scores:
Minimum: 0.1524549571858868
Maximum: 1.0
Mean: 0.9070604290887966
Standard Deviation: 0.13398274718903708
Average: 0.9070604290887966
Accuracy: 0.2153846153846154, Recall: 0.10946969696969697, Precision: 0.07779431216931217, F1 Score: 0.08925495262704565, MCC: -0.04367687258732846
Average SMAPE across all features: 0.5250895720435353
Privacy Scores:
Statistical Details of Privacy Scores:
Minimum: 0.09162598600990944
Maximum: 1.0
Mean: 0.9209330909537643
Standard Deviation: 0.12957807555155124
Average: 0.9209330909537643
Accuracy: 0.12307692307692308, Recall: 0.06796536796536796, Precision: 0.075, F1 Score: 0.06496968108845098, MCC: -0.09976767715249328
Average SMAPE across all features: 0.5145920843270126
Privacy Scores:
Statistical Details of Privacy Scores:
Minimum: 0.22980623234300931
Maximum: 1.0
Mean: 0.8827316923801903
Standard Deviation: 0.16650655707230824
Average: 0.8827316923801903
Accuracy: 0.2, Recall: 0.1285714285714286, Precision: 0.09769463340891912, F1 Score: 0.10290431962258587, MCC: -0.019038229992331304
Average SMAPE across all features: 0.5255216580338024
Privacy Scores:
Statistical Details of Privacy Scores:
Minimum: 0.08537485813405891
Maximum: 1.0
Mean: 0.8900974516449134
Standard Deviation: 0.16511450056698007
Average: 0.8900974516449134
Accuracy: 0.12307692307692308, Recall: 0.11363636363636363, Precision: 0.058667911609088075, F1 Score: 0.06800614982835239, MCC: -0.04584923908168961
Average SMAPE across all features: 0.5249760822909456
Privacy Scores:
Statistical Details of Privacy Scores:
Minimum: 0.09900940472069823
Maximum: 1.0
Mean: 0.8955088040060895
Standard Deviation: 0.15459660475237358
Average: 0.8955088040060895
Accuracy: 0.15384615384615385, Recall: 0.06818181818181818, Precision: 0.048924731182795694, F1 Score: 0.056966618287373004, MCC: -0.09037471912227099
Average SMAPE across all features: 0.5121751600490151
Privacy Scores:
Statistical Details of Privacy Scores:
Minimum: 0.07976397458889334
Maximum: 1.0
Mean: 0.8766373954587153
Standard Deviation: 0.17002936303309332
Average: 0.8766373954587153
Accuracy: 0.2153846153846154, Recall: 0.08787878787878788, Precision: 0.06458142875799922, F1 Score: 0.07437338142804292, MCC: -0.0671328013325342
Average SMAPE across all features: 0.5167771674381223
Privacy Scores:
Statistical Details of Privacy Scores:
Minimum: 0.08620719341922198
Maximum: 1.0
Mean: 0.9274905082804478
Standard Deviation: 0.12976477054261049
Average: 0.9274905082804478
Accuracy: 0.15384615384615385, Recall: 0.08961038961038961, Precision: 0.06999999999999999, F1 Score: 0.07523975588491717, MCC: -0.09409362290744663
Average SMAPE across all features: 0.516453155387214
Privacy Scores:
Statistical Details of Privacy Scores:
Minimum: 0.08620719341922198
Maximum: 1.0
Mean: 0.917283032014473
Standard Deviation: 0.1352839825153086
Average: 0.917283032014473
Accuracy: 0.18461538461538463, Recall: 0.08181818181818183, Precision: 0.0662037037037037, F1 Score: 0.07315898387326958, MCC: -0.0864995497585565
Average SMAPE across all features: 0.5352908495002214
Privacy Scores:
Statistical Details of Privacy Scores:
Minimum: 0.12177566309384516
Maximum: 1.0
Mean: 0.9106683444399973
Standard Deviation: 0.1405872755969905
Average: 0.9106683444399973
Accuracy: 0.16923076923076924, Recall: 0.26136363636363635, Precision: 0.10639197403903286, F1 Score: 0.12436773752563227, MCC: 0.053555417935823406
Average SMAPE across all features: 0.518475307749605
Privacy Scores:
Statistical Details of Privacy Scores:
Minimum: 0.07976397458889334
Maximum: 1.0
Mean: 0.8889546103296175
Standard Deviation: 0.17183637682512354
Average: 0.8889546103296175
Accuracy: 0.16923076923076924, Recall: 0.20681818181818185, Precision: 0.08919552669552669, F1 Score: 0.11237373737373738, MCC: -0.038154066506784705
Average SMAPE across all features: 0.5177773630296788
Privacy Scores:
Statistical Details of Privacy Scores:
Minimum: 0.08617709295809733
Maximum: 1.0
Mean: 0.8790611818773317
Standard Deviation: 0.17226345931300574
Average: 0.8790611818773317
Accuracy: 0.18461538461538463, Recall: 0.25627705627705627, Precision: 0.1219756278579808, F1 Score: 0.1591203282932606, MCC: -0.03518007512872191
Average SMAPE across all features: 0.5292133836399581
Privacy Scores:
Statistical Details of Privacy Scores:
Minimum: 0.2143658770390477
Maximum: 1.0
Mean: 0.9170496538274712
Standard Deviation: 0.1329799171208764
Average: 0.9170496538274712
Accuracy: 0.18461538461538463, Recall: 0.12992424242424241, Precision: 0.13556547619047618, F1 Score: 0.09482959850606909, MCC: 0.031640464442590416
square JS avg:  0.004689787616478093
howso
Average SMAPE across all features: 0.5096118514775817
Privacy Scores:
Statistical Details of Privacy Scores:
Minimum: 0.0004021547411049156
Maximum: 1.0
Mean: 0.7364677352388106
Standard Deviation: 0.3267143225654447
Average: 0.7364677352388106
Accuracy: 0.27692307692307694, Recall: 0.12424242424242424, Precision: 0.11291486291486291, F1 Score: 0.1157029177718833, MCC: 0.058050980912390804
Average SMAPE across all features: 0.5086901327735462
Privacy Scores:
Statistical Details of Privacy Scores:
Minimum: 0.0002746440917799499
Maximum: 1.0
Mean: 0.657284871136353
Standard Deviation: 0.3668308748239141
Average: 0.657284871136353
Accuracy: 0.26153846153846155, Recall: 0.24053030303030304, Precision: 0.13320799334226444, F1 Score: 0.15322107716844557, MCC: 0.06648796404790681
Average SMAPE across all features: 0.5084567776604793
Privacy Scores:
Statistical Details of Privacy Scores:
Minimum: 0.0074173262588891975
Maximum: 1.0
Mean: 0.8082027790108822
Standard Deviation: 0.26871347816346014
Average: 0.8082027790108822
Accuracy: 0.12307692307692308, Recall: 0.06753246753246754, Precision: 0.08822923108637393, F1 Score: 0.0671693897500349, MCC: -0.1224069269591797
Average SMAPE across all features: 0.5135088599909591
Privacy Scores:
Statistical Details of Privacy Scores:
Minimum: 0.0003880828301667987
Maximum: 1.0
Mean: 0.7055002344994163
Standard Deviation: 0.3526657915943423
Average: 0.7055002344994163
Accuracy: 0.27692307692307694, Recall: 0.20643939393939392, Precision: 0.14947024593763725, F1 Score: 0.16131907308377896, MCC: 0.11216263027156087
Average SMAPE across all features: 0.505844298863904
Privacy Scores:
Statistical Details of Privacy Scores:
Minimum: 0.000410434602619413
Maximum: 1.0
Mean: 0.5672882535757094
Standard Deviation: 0.4175596270763989
Average: 0.5672882535757094
Accuracy: 0.4153846153846154, Recall: 0.2621212121212121, Precision: 0.39943181818181817, F1 Score: 0.2675515110707569, MCC: 0.22088058973217464
Average SMAPE across all features: 0.5150893936707905
Privacy Scores:
Statistical Details of Privacy Scores:
Minimum: 0.0006786007252596154
Maximum: 1.0
Mean: 0.8033406049519938
Standard Deviation: 0.3018764788573541
Average: 0.8033406049519938
Accuracy: 0.23076923076923078, Recall: 0.11250000000000002, Precision: 0.09046345811051693, F1 Score: 0.09909535781628806, MCC: -0.0031725460429701713
Average SMAPE across all features: 0.5146398389440952
Privacy Scores:
Statistical Details of Privacy Scores:
Minimum: 0.0003060668313287745
Maximum: 1.0
Mean: 0.6842879522787946
Standard Deviation: 0.3830402490558545
Average: 0.6842879522787946
Accuracy: 0.23076923076923078, Recall: 0.2159090909090909, Precision: 0.1892628205128205, F1 Score: 0.18055974616329307, MCC: 0.05183264825696869
Average SMAPE across all features: 0.5140088031041266
Privacy Scores:
Statistical Details of Privacy Scores:
Minimum: 0.004044949101126194
Maximum: 1.0
Mean: 0.7934297290903656
Standard Deviation: 0.25895126967363413
Average: 0.7934297290903656
Accuracy: 0.24615384615384617, Recall: 0.12386363636363637, Precision: 0.11949013157894736, F1 Score: 0.12046070460704607, MCC: 0.05644431286405392
Average SMAPE across all features: 0.5083195433511124
Privacy Scores:
Statistical Details of Privacy Scores:
Minimum: 0.0010581984204770982
Maximum: 1.0
Mean: 0.7891454871562725
Standard Deviation: 0.2868597092451135
Average: 0.7891454871562725
Accuracy: 0.23076923076923078, Recall: 0.13484848484848486, Precision: 0.1515625, F1 Score: 0.13693019943019943, MCC: -0.029777939683026573
Average SMAPE across all features: 0.5132066956413324
Privacy Scores:
Statistical Details of Privacy Scores:
Minimum: 0.0018383194015213374
Maximum: 1.0
Mean: 0.6617367282080455
Standard Deviation: 0.379781143428308
Average: 0.6617367282080455
Accuracy: 0.3076923076923077, Recall: 0.22462121212121214, Precision: 0.23958333333333334, F1 Score: 0.21739614591147788, MCC: 0.11004281123964657
Average SMAPE across all features: 0.5096604115841384
Privacy Scores:
Statistical Details of Privacy Scores:
Minimum: 0.0005851400887807257
Maximum: 1.0
Mean: 0.740759507921236
Standard Deviation: 0.35553266583021853
Average: 0.740759507921236
Accuracy: 0.27692307692307694, Recall: 0.12159090909090911, Precision: 0.10073710073710074, F1 Score: 0.10665817233613845, MCC: 0.020440349830950617
Average SMAPE across all features: 0.5116457455499234
Privacy Scores:
Statistical Details of Privacy Scores:
Minimum: 0.000223597144627304
Maximum: 1.0
Mean: 0.7252327664200018
Standard Deviation: 0.347417512352243
Average: 0.7252327664200018
Accuracy: 0.26153846153846155, Recall: 0.24696969696969695, Precision: 0.15384615384615383, F1 Score: 0.15649661289196173, MCC: 0.08681174906316201
Average SMAPE across all features: 0.509579028975148
Privacy Scores:
Statistical Details of Privacy Scores:
Minimum: 0.0007028998473255399
Maximum: 1.0
Mean: 0.852493306937567
Standard Deviation: 0.21491769404301356
Average: 0.852493306937567
Accuracy: 0.18461538461538463, Recall: 0.09053030303030303, Precision: 0.077941715542522, F1 Score: 0.08323880927350191, MCC: -0.09306035315919807
Average SMAPE across all features: 0.5081351264826074
Privacy Scores:
Statistical Details of Privacy Scores:
Minimum: 0.0003997542145911345
Maximum: 1.0
Mean: 0.6750890500116107
Standard Deviation: 0.3714840054756186
Average: 0.6750890500116107
Accuracy: 0.3384615384615385, Recall: 0.23787878787878788, Precision: 0.19545454545454544, F1 Score: 0.20893555369361821, MCC: 0.15429831132975047
Average SMAPE across all features: 0.5086701632054434
Privacy Scores:
Statistical Details of Privacy Scores:
Minimum: 0.0009878199103713695
Maximum: 1.0
Mean: 0.7982347773117265
Standard Deviation: 0.2941549182090877
Average: 0.7982347773117265
Accuracy: 0.15384615384615385, Recall: 0.08598484848484848, Precision: 0.08588643790849673, F1 Score: 0.08289337474120081, MCC: -0.04288634998292117
Average SMAPE across all features: 0.5165613268992653
Privacy Scores:
Statistical Details of Privacy Scores:
Minimum: 0.0002777717197263488
Maximum: 1.0
Mean: 0.6665546038693638
Standard Deviation: 0.3772303654174413
Average: 0.6665546038693638
Accuracy: 0.35384615384615387, Recall: 0.3196969696969697, Precision: 0.283346394984326, F1 Score: 0.2562104562104562, MCC: 0.2303841462109416
Average SMAPE across all features: 0.5071384571534021
Privacy Scores:
Statistical Details of Privacy Scores:
Minimum: 0.0006665608436653719
Maximum: 1.0
Mean: 0.7097513413671955
Standard Deviation: 0.35608714647241957
Average: 0.7097513413671955
Accuracy: 0.2923076923076923, Recall: 0.26666666666666666, Precision: 0.15437569676700114, F1 Score: 0.18841765873015873, MCC: 0.0895554319639518
Average SMAPE across all features: 0.5095092868753598
Privacy Scores:
Statistical Details of Privacy Scores:
Minimum: 0.0008576044841602535
Maximum: 1.0
Mean: 0.7600594277440095
Standard Deviation: 0.29911690587013057
Average: 0.7600594277440095
Accuracy: 0.27692307692307694, Recall: 0.16609848484848483, Precision: 0.16889204545454545, F1 Score: 0.1592127842127842, MCC: 0.06456250353575413
Average SMAPE across all features: 0.5091185624733525
Privacy Scores:
Statistical Details of Privacy Scores:
Minimum: 0.0006707125339065563
Maximum: 1.0
Mean: 0.803206201904988
Standard Deviation: 0.27037066303673546
Average: 0.803206201904988
Accuracy: 0.23076923076923078, Recall: 0.1354978354978355, Precision: 0.11725742928750446, F1 Score: 0.12084241602444172, MCC: 0.020156917443805576
Average SMAPE across all features: 0.5097198786462195
Privacy Scores:
Statistical Details of Privacy Scores:
Minimum: 0.0005186677651795765
Maximum: 1.0
Mean: 0.7688726796948333
Standard Deviation: 0.32054046989158375
Average: 0.7688726796948333
Accuracy: 0.16923076923076924, Recall: 0.06818181818181818, Precision: 0.0703125, F1 Score: 0.06296296296296296, MCC: -0.08031100719136655
howso JS avg:  0.0002827468666334127
correlated_attribute_mode
Average SMAPE across all features: 0.5248669557604688
Privacy Scores:
Statistical Details of Privacy Scores:
Minimum: 0.025548505148702855
Maximum: 1.0
Mean: 0.8930132513559207
Standard Deviation: 0.16914577727238764
Average: 0.8930132513559207
Accuracy: 0.26153846153846155, Recall: 0.17045454545454547, Precision: 0.11228448275862069, F1 Score: 0.13423831070889894, MCC: 0.06983430118787562
Average SMAPE across all features: 0.5137915205734617
Privacy Scores:
Statistical Details of Privacy Scores:
Minimum: 0.09587948335795571
Maximum: 1.0
Mean: 0.8653495221529064
Standard Deviation: 0.15936804895921947
Average: 0.8653495221529064
Accuracy: 0.23076923076923078, Recall: 0.13419913419913418, Precision: 0.10658828748890861, F1 Score: 0.11630908773765916, MCC: 0.01584160806138763
Average SMAPE across all features: 0.5213405951306497
Privacy Scores:
Statistical Details of Privacy Scores:
Minimum: 0.07163050692810025
Maximum: 1.0
Mean: 0.890469909979999
Standard Deviation: 0.13000809478377726
Average: 0.890469909979999
Accuracy: 0.13846153846153847, Recall: 0.06780303030303031, Precision: 0.06994047619047619, F1 Score: 0.0653108773798429, MCC: -0.07883401136249023
Average SMAPE across all features: 0.5193468307225801
Privacy Scores:
Statistical Details of Privacy Scores:
Minimum: 0.030171734178620974
Maximum: 1.0
Mean: 0.8874860686869539
Standard Deviation: 0.14345021573547903
Average: 0.8874860686869539
Accuracy: 0.23076923076923078, Recall: 0.1380952380952381, Precision: 0.12127158555729985, F1 Score: 0.12161366872330327, MCC: 0.030250383848801833
Average SMAPE across all features: 0.516605419660312
Privacy Scores:
Statistical Details of Privacy Scores:
Minimum: 0.06611770800587562
Maximum: 1.0
Mean: 0.9008030811708807
Standard Deviation: 0.1307996759609286
Average: 0.9008030811708807
Accuracy: 0.13846153846153847, Recall: 0.07142857142857142, Precision: 0.0606060606060606, F1 Score: 0.06382764522299407, MCC: -0.053357445213672576
Average SMAPE across all features: 0.5124363717752397
Privacy Scores:
Statistical Details of Privacy Scores:
Minimum: 0.025548505148702855
Maximum: 1.0
Mean: 0.8568635255293023
Standard Deviation: 0.1941984714324977
Average: 0.8568635255293023
Accuracy: 0.36923076923076925, Recall: 0.29415584415584417, Precision: 0.24007936507936506, F1 Score: 0.2576779418059239, MCC: 0.1807229538307177
Average SMAPE across all features: 0.5230267421008558
Privacy Scores:
Statistical Details of Privacy Scores:
Minimum: 0.025548505148702855
Maximum: 1.0
Mean: 0.8860422766675955
Standard Deviation: 0.1585651088987095
Average: 0.8860422766675955
Accuracy: 0.27692307692307694, Recall: 0.1606060606060606, Precision: 0.13903846153846156, F1 Score: 0.1470174772036474, MCC: 0.06678962450451108
Average SMAPE across all features: 0.5153308759856435
Privacy Scores:
Statistical Details of Privacy Scores:
Minimum: 0.06611770800587562
Maximum: 1.0
Mean: 0.9028569373229165
Standard Deviation: 0.11907965758566849
Average: 0.9028569373229165
Accuracy: 0.12307692307692308, Recall: 0.06796536796536796, Precision: 0.06899115921672312, F1 Score: 0.06327423400594133, MCC: -0.10040517029723765
Average SMAPE across all features: 0.520565967265956
Privacy Scores:
Statistical Details of Privacy Scores:
Minimum: 0.31946881640230096
Maximum: 1.0
Mean: 0.9081091294415767
Standard Deviation: 0.12714290305949608
Average: 0.9081091294415767
Accuracy: 0.26153846153846155, Recall: 0.11893939393939393, Precision: 0.09778138528138527, F1 Score: 0.10524100655679602, MCC: 0.004328356660507688
Average SMAPE across all features: 0.5195047797576848
Privacy Scores:
Statistical Details of Privacy Scores:
Minimum: 0.025548505148702855
Maximum: 1.0
Mean: 0.8847811624680635
Standard Deviation: 0.1586760468654079
Average: 0.8847811624680635
Accuracy: 0.3230769230769231, Recall: 0.29924242424242425, Precision: 0.2585227272727273, F1 Score: 0.2371440801200863, MCC: 0.09061287612277091
Average SMAPE across all features: 0.5194336651487144
Privacy Scores:
Statistical Details of Privacy Scores:
Minimum: 0.06611770800587562
Maximum: 1.0
Mean: 0.898969450947006
Standard Deviation: 0.11843357679654212
Average: 0.898969450947006
Accuracy: 0.13846153846153847, Recall: 0.15887445887445886, Precision: 0.09481522338665194, F1 Score: 0.09264094143404489, MCC: -0.05434888436235226
Average SMAPE across all features: 0.5196643024055791
Privacy Scores:
Statistical Details of Privacy Scores:
Minimum: 0.030171734178620974
Maximum: 1.0
Mean: 0.8884672946737374
Standard Deviation: 0.15478595719374852
Average: 0.8884672946737374
Accuracy: 0.2153846153846154, Recall: 0.11325757575757575, Precision: 0.09465909090909091, F1 Score: 0.09685196086676198, MCC: -0.013578685877796981
Average SMAPE across all features: 0.517138453626485
Privacy Scores:
Statistical Details of Privacy Scores:
Minimum: 0.025548505148702855
Maximum: 1.0
Mean: 0.8708892537631049
Standard Deviation: 0.16439600807261615
Average: 0.8708892537631049
Accuracy: 0.18461538461538463, Recall: 0.11041666666666666, Precision: 0.1053453947368421, F1 Score: 0.10057644110275687, MCC: 0.0033132584227301047
Average SMAPE across all features: 0.5203873921523859
Privacy Scores:
Statistical Details of Privacy Scores:
Minimum: 0.025548505148702855
Maximum: 1.0
Mean: 0.9003102473466876
Standard Deviation: 0.1386778640840922
Average: 0.9003102473466876
Accuracy: 0.24615384615384617, Recall: 0.1581439393939394, Precision: 0.1287202380952381, F1 Score: 0.14068864438331805, MCC: 0.03702937230207467
Average SMAPE across all features: 0.5209559016090949
Privacy Scores:
Statistical Details of Privacy Scores:
Minimum: 0.06611770800587562
Maximum: 1.0
Mean: 0.8862731599361641
Standard Deviation: 0.13242883842647396
Average: 0.8862731599361641
Accuracy: 0.16923076923076924, Recall: 0.16174242424242424, Precision: 0.2018970189701897, F1 Score: 0.0911033411033411, MCC: 0.038183775730018694
Average SMAPE across all features: 0.5162671952893065
Privacy Scores:
Statistical Details of Privacy Scores:
Minimum: 0.07163050692810025
Maximum: 1.0
Mean: 0.9024013850863615
Standard Deviation: 0.13528231539835595
Average: 0.9024013850863615
Accuracy: 0.23076923076923078, Recall: 0.0974025974025974, Precision: 0.06912442396313365, F1 Score: 0.08086253369272237, MCC: -0.020960487132814724
Average SMAPE across all features: 0.5148613485206033
Privacy Scores:
Statistical Details of Privacy Scores:
Minimum: 0.025548505148702855
Maximum: 1.0
Mean: 0.9076713993115249
Standard Deviation: 0.14050386916889462
Average: 0.9076713993115249
Accuracy: 0.18461538461538463, Recall: 0.09307359307359307, Precision: 0.07596371882086168, F1 Score: 0.07857142857142858, MCC: -0.08234778240031823
Average SMAPE across all features: 0.5178166668175023
Privacy Scores:
Statistical Details of Privacy Scores:
Minimum: 0.23451738063506844
Maximum: 1.0
Mean: 0.9062303436092051
Standard Deviation: 0.1348908949345392
Average: 0.9062303436092051
Accuracy: 0.3076923076923077, Recall: 0.2329004329004329, Precision: 0.1887896825396825, F1 Score: 0.19982932240996756, MCC: 0.0767479773193847
Average SMAPE across all features: 0.5184467744840947
Privacy Scores:
Statistical Details of Privacy Scores:
Minimum: 0.09587948335795571
Maximum: 1.0
Mean: 0.8882863463422123
Standard Deviation: 0.14726426117635635
Average: 0.8882863463422123
Accuracy: 0.2153846153846154, Recall: 0.16174242424242424, Precision: 0.15208333333333332, F1 Score: 0.14637749771450959, MCC: -0.023986299378317304
Average SMAPE across all features: 0.5200451849943349
Privacy Scores:
Statistical Details of Privacy Scores:
Minimum: 0.06611770800587562
Maximum: 1.0
Mean: 0.9019480320747373
Standard Deviation: 0.1216874794202387
Average: 0.9019480320747373
Accuracy: 0.13846153846153847, Recall: 0.09393939393939392, Precision: 0.09999999999999999, F1 Score: 0.08075396825396826, MCC: -0.011388574373174278
correlated_attribute_mode JS avg:  0.0007995844617849302
independent_attribute_mode
Average SMAPE across all features: 0.5191412125786053
Privacy Scores:
Statistical Details of Privacy Scores:
Minimum: 0.1331565573378473
Maximum: 1.0
Mean: 0.9385390587745377
Standard Deviation: 0.11893907097520266
Average: 0.9385390587745377
Accuracy: 0.24615384615384617, Recall: 0.12337662337662338, Precision: 0.07188208616780045, F1 Score: 0.0897228144989339, MCC: -0.045422307195282244
Average SMAPE across all features: 0.5264415306267065
Privacy Scores:
Statistical Details of Privacy Scores:
Minimum: 0.1331565573378473
Maximum: 1.0
Mean: 0.8805362234607084
Standard Deviation: 0.16851733990975346
Average: 0.8805362234607084
Accuracy: 0.3230769230769231, Recall: 0.29848484848484846, Precision: 0.2538607226107226, F1 Score: 0.2217171717171717, MCC: 0.19888534044252118
Average SMAPE across all features: 0.5217778914582976
Privacy Scores:
Statistical Details of Privacy Scores:
Minimum: 0.15219488113824392
Maximum: 1.0
Mean: 0.8812514698495755
Standard Deviation: 0.1737923359453875
Average: 0.8812514698495755
Accuracy: 0.3230769230769231, Recall: 0.2608225108225108, Precision: 0.23371675943104514, F1 Score: 0.24013693744329948, MCC: 0.1258138111216344
Average SMAPE across all features: 0.5197065057607254
Privacy Scores:
Statistical Details of Privacy Scores:
Minimum: 0.10610340485433041
Maximum: 1.0
Mean: 0.9110061991750958
Standard Deviation: 0.13122601649769616
Average: 0.9110061991750958
Accuracy: 0.12307692307692308, Recall: 0.09090909090909091, Precision: 0.02564102564102564, F1 Score: 0.04, MCC: -0.0687155809450756
Average SMAPE across all features: 0.5135422800550874
Privacy Scores:
Statistical Details of Privacy Scores:
Minimum: 0.10610340485433041
Maximum: 1.0
Mean: 0.9073480304547478
Standard Deviation: 0.12796200859462428
Average: 0.9073480304547478
Accuracy: 0.03076923076923077, Recall: 0.01948051948051948, Precision: 0.016017316017316017, F1 Score: 0.01638001638001638, MCC: -0.1766842158210064
Average SMAPE across all features: 0.5150946993681239
Privacy Scores:
Statistical Details of Privacy Scores:
Minimum: 0.15219488113824392
Maximum: 1.0
Mean: 0.9020866561891638
Standard Deviation: 0.14525787495784367
Average: 0.9020866561891638
Accuracy: 0.15384615384615385, Recall: 0.07272727272727272, Precision: 0.05516194331983806, F1 Score: 0.06097560975609756, MCC: -0.0920757177491546
Average SMAPE across all features: 0.5189296557521316
Privacy Scores:
Statistical Details of Privacy Scores:
Minimum: 0.1331565573378473
Maximum: 1.0
Mean: 0.9258884219629577
Standard Deviation: 0.11862962031223047
Average: 0.9258884219629577
Accuracy: 0.23076923076923078, Recall: 0.0974025974025974, Precision: 0.047619047619047616, F1 Score: 0.06396588486140725, MCC: -0.029308506338783475
Average SMAPE across all features: 0.5191417998851627
Privacy Scores:
Statistical Details of Privacy Scores:
Minimum: 0.1331565573378473
Maximum: 1.0
Mean: 0.8660007671505943
Standard Deviation: 0.18910080353057765
Average: 0.8660007671505943
Accuracy: 0.23076923076923078, Recall: 0.24653679653679655, Precision: 0.18095238095238095, F1 Score: 0.19258537132291284, MCC: 0.031108946690558397
Average SMAPE across all features: 0.5141685225377622
Privacy Scores:
Statistical Details of Privacy Scores:
Minimum: 0.1331565573378473
Maximum: 1.0
Mean: 0.9108198603080421
Standard Deviation: 0.13788419595801188
Average: 0.9108198603080421
Accuracy: 0.2, Recall: 0.14285714285714285, Precision: 0.08409090909090909, F1 Score: 0.08505220269926153, MCC: 0.02950425677900402
Average SMAPE across all features: 0.5177079504960695
Privacy Scores:
Statistical Details of Privacy Scores:
Minimum: 0.10610340485433041
Maximum: 1.0
Mean: 0.8644605372739901
Standard Deviation: 0.18783321015022864
Average: 0.8644605372739901
Accuracy: 0.23076923076923078, Recall: 0.11818181818181818, Precision: 0.11035714285714285, F1 Score: 0.10505514705882353, MCC: 0.033490950526379314
Average SMAPE across all features: 0.5179684999647182
Privacy Scores:
Statistical Details of Privacy Scores:
Minimum: 0.15219488113824392
Maximum: 1.0
Mean: 0.914949874659584
Standard Deviation: 0.10466713524286239
Average: 0.914949874659584
Accuracy: 0.13846153846153847, Recall: 0.11255411255411255, Precision: 0.08394383394383395, F1 Score: 0.09255377826806398, MCC: -0.05430490568382909
Average SMAPE across all features: 0.5169388037179399
Privacy Scores:
Statistical Details of Privacy Scores:
Minimum: 0.10610340485433041
Maximum: 1.0
Mean: 0.9030028781007717
Standard Deviation: 0.14225426807343683
Average: 0.9030028781007717
Accuracy: 0.12307692307692308, Recall: 0.08522727272727272, Precision: 0.03345959595959596, F1 Score: 0.04602272727272727, MCC: -0.08754570986260339
Average SMAPE across all features: 0.526301667536717
Privacy Scores:
Statistical Details of Privacy Scores:
Minimum: 0.1331565573378473
Maximum: 1.0
Mean: 0.9353878466111061
Standard Deviation: 0.09686567062139571
Average: 0.9353878466111061
Accuracy: 0.2, Recall: 0.09090909090909091, Precision: 0.07065217391304347, F1 Score: 0.07761437908496732, MCC: 0.014495695603603649
Average SMAPE across all features: 0.5123998714428147
Privacy Scores:
Statistical Details of Privacy Scores:
Minimum: 0.15219488113824392
Maximum: 1.0
Mean: 0.89943132595027
Standard Deviation: 0.15362275995022104
Average: 0.89943132595027
Accuracy: 0.2153846153846154, Recall: 0.10643939393939394, Precision: 0.08115079365079364, F1 Score: 0.0851388888888889, MCC: -0.036014452888317144
Average SMAPE across all features: 0.5220221163577962
Privacy Scores:
Statistical Details of Privacy Scores:
Minimum: 0.1331565573378473
Maximum: 1.0
Mean: 0.8904668036879777
Standard Deviation: 0.15307435108891013
Average: 0.8904668036879777
Accuracy: 0.24615384615384617, Recall: 0.13333333333333333, Precision: 0.08956339712918661, F1 Score: 0.09781247433686457, MCC: 0.026759190110418715
Average SMAPE across all features: 0.5176808038374501
Privacy Scores:
Statistical Details of Privacy Scores:
Minimum: 0.1331565573378473
Maximum: 1.0
Mean: 0.9239472000915776
Standard Deviation: 0.11407543346079387
Average: 0.9239472000915776
Accuracy: 0.23076923076923078, Recall: 0.11688311688311688, Precision: 0.07755102040816328, F1 Score: 0.09271978021978022, MCC: 0.018762778117528012
Average SMAPE across all features: 0.5237190456096773
Privacy Scores:
Statistical Details of Privacy Scores:
Minimum: 0.1331565573378473
Maximum: 1.0
Mean: 0.8675947983816714
Standard Deviation: 0.18597773759838382
Average: 0.8675947983816714
Accuracy: 0.24615384615384617, Recall: 0.21298701298701297, Precision: 0.11412459720730397, F1 Score: 0.13600327348984706, MCC: 0.06576352155601743
Average SMAPE across all features: 0.52511061448214
Privacy Scores:
Statistical Details of Privacy Scores:
Minimum: 0.10610340485433041
Maximum: 1.0
Mean: 0.8653368222399013
Standard Deviation: 0.17877411868869691
Average: 0.8653368222399013
Accuracy: 0.26153846153846155, Recall: 0.1446969696969697, Precision: 0.09847797393169444, F1 Score: 0.10839587242026266, MCC: 0.06445882483436825
Average SMAPE across all features: 0.5139713740701829
Privacy Scores:
Statistical Details of Privacy Scores:
Minimum: 0.16542346991681986
Maximum: 1.0
Mean: 0.905624310507747
Standard Deviation: 0.15045505653265126
Average: 0.905624310507747
Accuracy: 0.07692307692307693, Recall: 0.09318181818181819, Precision: 0.06517094017094016, F1 Score: 0.075, MCC: -0.15872597689415366
Average SMAPE across all features: 0.5174964795021467
Privacy Scores:
Statistical Details of Privacy Scores:
Minimum: 0.10610340485433041
Maximum: 1.0
Mean: 0.8654680639534074
Standard Deviation: 0.178118362183774
Average: 0.8654680639534074
Accuracy: 0.2923076923076923, Recall: 0.15189393939393941, Precision: 0.15062927663734116, F1 Score: 0.1404033945594048, MCC: 0.11105467653434646
independent_attribute_mode JS avg:  0.0072308904662098826
SMAPE Statistics:
#
 0,      howso_smapeList,  0.51,  0.00,    --*----          |                   ,  0.51,  0.54
#
 1,       smapeList_cube,  0.52,  0.00,            ---*--   |                   ,  0.51,  0.54
 1,        smapeList_n12,  0.52,  0.00,             ---*    |                   ,  0.51,  0.54
#
 2,     smapeList_square,  0.52,  0.01,               --*---|----               ,  0.51,  0.54
 2,  DS_incorr_smapeList,  0.52,  0.01,               ---*--|                   ,  0.51,  0.54
 2,    DS_corr_smapeList,  0.52,  0.00,               ----* |                   ,  0.51,  0.54
Privacy Score Statistics:
#
 0,    privacy_score_n12, -0.91,  0.03,   -*--              |                   , -0.94, -0.57
 0, DS_incorr_privacy_score, -0.90,  0.04,   -*---             |                   , -0.94, -0.57
 0,   privacy_score_cube, -0.89,  0.03,   ---*              |                   , -0.94, -0.57
 0, DS_corr_privacy_score, -0.89,  0.02,    --*              |                   , -0.94, -0.57
 0, privacy_score_square, -0.89,  0.04,   ---*              |                   , -0.94, -0.57
#
 1,  howso_privacy_score, -0.74,  0.12,                -----|*------            , -0.94, -0.57
JSD Statistics:
#
 0,       howso_js_score,  0.00,  0.00, -*                  |                   ,  0.00,  0.01
#
 1,     DS_corr_js_score,  0.00,  0.00,   -*                |                   ,  0.00,  0.01
#
 2,      js_score_square,  0.00,  0.00,                     | -*--              ,  0.00,  0.01
#
 3,        js_score_cube,  0.00,  0.00,                     |  -*--             ,  0.00,  0.01
#
 4,         js_score_n12,  0.01,  0.00,                     |  --*--            ,  0.00,  0.01
#
 5,   DS_incorr_js_score,  0.01,  0.00,                     |              --*- ,  0.00,  0.01
KNN Accuracy Statistics:
#
 0,   howso_knn_accuracy, -0.26,  0.05,               --*-- |                   , -0.42, -0.03
#
 1,    knn_accuracy_cube, -0.23,  0.09,                 ---*|----               , -0.42, -0.03
 1, DS_incorr_knn_accuracy, -0.23,  0.11,                  --*|-------            , -0.42, -0.03
 1,     knn_accuracy_n12, -0.22,  0.08,                 ----*---                , -0.42, -0.03
 1, DS_corr_knn_accuracy, -0.22,  0.12,                 ----*-------            , -0.42, -0.03
 1,  knn_accuracy_square, -0.18,  0.05,                     |---*               , -0.42, -0.03
KNN Recall Statistics:
#
 0,      knn_recall_cube, -0.15,  0.07,                     |-*-------          , -0.32, -0.02
 0,     howso_knn_recall, -0.14,  0.13,           ----------|---*--             , -0.32, -0.02
 0,   DS_corr_knn_recall, -0.13,  0.07,                     |---*-----          , -0.32, -0.02
 0,       knn_recall_n12, -0.13,  0.02,                     |   -*-             , -0.32, -0.02
 0,    knn_recall_square, -0.12,  0.12,               ------|-----*---          , -0.32, -0.02
 0, DS_incorr_knn_recall, -0.12,  0.05,                     |  ----*--          , -0.32, -0.02
KNN Precision Statistics:
#
 0,  howso_knn_precision, -0.13,  0.08,                     |   ---*----        , -0.40, -0.02
 0,   knn_precision_cube, -0.11,  0.03,                     |       --*         , -0.40, -0.02
 0, DS_corr_knn_precision, -0.11,  0.06,                     |      ---*--       , -0.40, -0.02
 0,    knn_precision_n12, -0.10,  0.05,                     |     ----*         , -0.40, -0.02
 0, knn_precision_square, -0.10,  0.07,                     |      ----*--      , -0.40, -0.02
 0, DS_incorr_knn_precision, -0.08,  0.06,                     |         ---*-     , -0.40, -0.02
KNN F1 Statistics:
#
 0,         howso_knn_f1, -0.14,  0.08,                 ----|-*----             , -0.29, -0.02
 0,          knn_f1_cube, -0.12,  0.07,                     |----*----          , -0.29, -0.02
 0,           knn_f1_n12, -0.11,  0.03,                     |   --*-            , -0.29, -0.02
 0,        knn_f1_square, -0.10,  0.07,                     |------*---         , -0.29, -0.02
 0,       DS_corr_knn_f1, -0.10,  0.06,                     |------*--          , -0.29, -0.02
 0,     DS_incorr_knn_f1, -0.09,  0.04,                     |     ---*---       , -0.29, -0.02
KNN MCC Statistics:
#
 0,        howso_knn_mcc, -0.06,  0.12,               ---*--|----               , -0.24,  0.18
 0,    DS_incorr_knn_mcc, -0.01,  0.10,                    -|*-------           , -0.24,  0.18
 0,         knn_mcc_cube, -0.01,  0.08,                   --|*----              , -0.24,  0.18
 0,      DS_corr_knn_mcc, -0.00,  0.09,                    -|-*-----            , -0.24,  0.18
 0,          knn_mcc_n12,  0.02,  0.06,                    -|---*               , -0.24,  0.18
 0,       knn_mcc_square,  0.04,  0.10,                    -|-----*--           , -0.24,  0.18
