date :  22/04/2024 16:35:32
file :  ../Proj_Data/Dtlz/dtlz5.csv
repeats : 20
seed :  1234567891
rows :  1000
cols :  14
names 				 ['X0', 'X1', 'X2', 'X3', 'X4', 'X5', 'X6', 'X7', 'X8', 'X9', 'Y0-', 'Y1-', 'Y2-', 'bin_num']		d2h-
Statistics
n12
Average SMAPE across all features: 0.6714217644289506
Privacy Scores:
Statistical Details of Privacy Scores:
Minimum: 0.2507760956605045
Maximum: 0.9999883257161385
Mean: 0.8589098308793154
Standard Deviation: 0.15716478658759578
Average: 0.8589098308793154
Accuracy: 0.248, Recall: 0.09184587167084193, Precision: 0.09055998992686026, F1 Score: 0.08832061071694255, MCC: -0.04715470409832533
Average SMAPE across all features: 0.6727183060779937
Privacy Scores:
Statistical Details of Privacy Scores:
Minimum: 0.08575587983008115
Maximum: 0.9999531177872799
Mean: 0.8469585780740283
Standard Deviation: 0.16213597578399958
Average: 0.8469585780740283
Accuracy: 0.264, Recall: 0.143413754830155, Precision: 0.1370642994039721, F1 Score: 0.13334425363869742, MCC: 0.01791131984459866
Average SMAPE across all features: 0.6725399539521495
Privacy Scores:
Statistical Details of Privacy Scores:
Minimum: 0.2143564376938663
Maximum: 0.999849700143882
Mean: 0.8639561437975979
Standard Deviation: 0.15605862573449691
Average: 0.8639561437975979
Accuracy: 0.204, Recall: 0.11755995329407089, Precision: 0.16103490044666516, F1 Score: 0.12824347369801917, MCC: -0.043792456221427835
Average SMAPE across all features: 0.6724478218636547
Privacy Scores:
Statistical Details of Privacy Scores:
Minimum: 0.08973711899615605
Maximum: 0.9999956601793247
Mean: 0.8468371092428325
Standard Deviation: 0.1644465852679067
Average: 0.8468371092428325
Accuracy: 0.28, Recall: 0.17199516118658129, Precision: 0.14716162326999765, F1 Score: 0.12778880739394743, MCC: 0.04648925877041712
Average SMAPE across all features: 0.6705241852336041
Privacy Scores:
Statistical Details of Privacy Scores:
Minimum: 0.24128963499527442
Maximum: 0.9999985462487739
Mean: 0.8691151520479894
Standard Deviation: 0.15349657176691442
Average: 0.8691151520479894
Accuracy: 0.32, Recall: 0.1195437595964027, Precision: 0.07507311066646144, F1 Score: 0.09201767126603728, MCC: 0.028045933726236948
Average SMAPE across all features: 0.6737005007270644
Privacy Scores:
Statistical Details of Privacy Scores:
Minimum: 0.12504182476402523
Maximum: 0.999999199833456
Mean: 0.8509365891718282
Standard Deviation: 0.16581804597282493
Average: 0.8509365891718282
Accuracy: 0.324, Recall: 0.19633910120772427, Precision: 0.1553558163720101, F1 Score: 0.15873617351449862, MCC: 0.09522687320019571
Average SMAPE across all features: 0.6723486791257491
Privacy Scores:
Statistical Details of Privacy Scores:
Minimum: 0.21040812222182115
Maximum: 0.9999758346291249
Mean: 0.8514627754216437
Standard Deviation: 0.16014277036634883
Average: 0.8514627754216437
Accuracy: 0.316, Recall: 0.18637471612789375, Precision: 0.1530454576808995, F1 Score: 0.14765040428131807, MCC: 0.06904580960717795
Average SMAPE across all features: 0.673267870228398
Privacy Scores:
Statistical Details of Privacy Scores:
Minimum: 0.28130882128033247
Maximum: 0.9995573703196168
Mean: 0.8770301887867858
Standard Deviation: 0.14875115311750614
Average: 0.8770301887867858
Accuracy: 0.216, Recall: 0.13025792161913888, Precision: 0.15734415734415735, F1 Score: 0.09518521262104358, MCC: -0.04008803863593855
Average SMAPE across all features: 0.6737407405143037
Privacy Scores:
Statistical Details of Privacy Scores:
Minimum: 0.20296279921790572
Maximum: 0.999969950527606
Mean: 0.8641268004709364
Standard Deviation: 0.15344558666041344
Average: 0.8641268004709364
Accuracy: 0.224, Recall: 0.20325634496418715, Precision: 0.13455144769772318, F1 Score: 0.13868293120605557, MCC: 0.03322615329329409
Average SMAPE across all features: 0.6715739349403681
Privacy Scores:
Statistical Details of Privacy Scores:
Minimum: 0.20295824908759033
Maximum: 0.9999608385872842
Mean: 0.8560037387196427
Standard Deviation: 0.15710031557248913
Average: 0.8560037387196427
Accuracy: 0.244, Recall: 0.16289970924239747, Precision: 0.15772308923569428, F1 Score: 0.13640623396194432, MCC: 0.002634304518403209
Average SMAPE across all features: 0.6737474621219252
Privacy Scores:
Statistical Details of Privacy Scores:
Minimum: 0.2574836852547039
Maximum: 0.9997517712735594
Mean: 0.8576359881321594
Standard Deviation: 0.15447205002395656
Average: 0.8576359881321594
Accuracy: 0.32, Recall: 0.20300916801765326, Precision: 0.18372227902305566, F1 Score: 0.16788143828960153, MCC: 0.12726215318661965
Average SMAPE across all features: 0.6734439742618209
Privacy Scores:
Statistical Details of Privacy Scores:
Minimum: 0.17754466018354284
Maximum: 0.9999441628418935
Mean: 0.851412548715068
Standard Deviation: 0.16400618936169495
Average: 0.851412548715068
Accuracy: 0.24, Recall: 0.15444209338876913, Precision: 0.13701496002584188, F1 Score: 0.12669955076160394, MCC: 0.012904874476849631
Average SMAPE across all features: 0.6720665300122606
Privacy Scores:
Statistical Details of Privacy Scores:
Minimum: 0.1484196723372099
Maximum: 0.9999710289466686
Mean: 0.8628619421035701
Standard Deviation: 0.15522753673779421
Average: 0.8628619421035701
Accuracy: 0.28, Recall: 0.209651198076349, Precision: 0.21572187022321793, F1 Score: 0.16807964427012045, MCC: 0.09734862529252712
Average SMAPE across all features: 0.6715858004127484
Privacy Scores:
Statistical Details of Privacy Scores:
Minimum: 0.22722125263766693
Maximum: 0.9999009638920558
Mean: 0.8783657205521446
Standard Deviation: 0.1373870038057416
Average: 0.8783657205521446
Accuracy: 0.208, Recall: 0.15020978086805079, Precision: 0.1409792085848424, F1 Score: 0.12475944223843384, MCC: -0.0559571884935358
Average SMAPE across all features: 0.6716077733088047
Privacy Scores:
Statistical Details of Privacy Scores:
Minimum: 0.21788148704804108
Maximum: 0.9999746344993569
Mean: 0.8724468502836961
Standard Deviation: 0.15017134262150086
Average: 0.8724468502836961
Accuracy: 0.236, Recall: 0.1666871444898713, Precision: 0.15252029354678792, F1 Score: 0.14439025067596495, MCC: 0.008911045986034842
Average SMAPE across all features: 0.6726253694509017
Privacy Scores:
Statistical Details of Privacy Scores:
Minimum: 0.24033296454967187
Maximum: 0.9998276378233973
Mean: 0.8650431423581331
Standard Deviation: 0.1559201295134426
Average: 0.8650431423581331
Accuracy: 0.264, Recall: 0.1869678171080256, Precision: 0.17983297154968594, F1 Score: 0.14285961839299352, MCC: 0.0451146161800017
Average SMAPE across all features: 0.6723252631740847
Privacy Scores:
Statistical Details of Privacy Scores:
Minimum: 0.17217272359727376
Maximum: 0.999993820294247
Mean: 0.865203182725738
Standard Deviation: 0.15642567043320046
Average: 0.865203182725738
Accuracy: 0.224, Recall: 0.13489408704916492, Precision: 0.08278018278018277, F1 Score: 0.09505140933712362, MCC: -0.032973607646024784
Average SMAPE across all features: 0.674061526441951
Privacy Scores:
Statistical Details of Privacy Scores:
Minimum: 0.2191968626205315
Maximum: 0.9999629192301771
Mean: 0.8695582005241987
Standard Deviation: 0.15031476845920017
Average: 0.8695582005241987
Accuracy: 0.228, Recall: 0.18764482218927445, Precision: 0.1603679647157908, F1 Score: 0.15329781400908163, MCC: 0.01745931084949762
Average SMAPE across all features: 0.6717218103061667
Privacy Scores:
Statistical Details of Privacy Scores:
Minimum: 0.11240797125543697
Maximum: 0.9999154358867666
Mean: 0.8615240927723582
Standard Deviation: 0.15834925700286787
Average: 0.8615240927723582
Accuracy: 0.248, Recall: 0.11750078750286551, Precision: 0.11693847282976379, F1 Score: 0.11451324595917037, MCC: -0.03122371956292168
Average SMAPE across all features: 0.6729608305423966
Privacy Scores:
Statistical Details of Privacy Scores:
Minimum: 0.1999141677723083
Maximum: 0.9998271208869036
Mean: 0.876622481059653
Standard Deviation: 0.14589024812393678
Average: 0.876622481059653
Accuracy: 0.24, Recall: 0.17367798471832138, Precision: 0.1703983066980725, F1 Score: 0.14615669183932048, MCC: 0.04101554379536856
n12 JS avg:  0.0015784302059979852
cube
Average SMAPE across all features: 0.6720934768568155
Privacy Scores:
Statistical Details of Privacy Scores:
Minimum: 0.21403524096396026
Maximum: 0.9999288230079003
Mean: 0.8773579145677826
Standard Deviation: 0.14373835457499687
Average: 0.8773579145677826
Accuracy: 0.224, Recall: 0.1392494726616937, Precision: 0.1656015037593985, F1 Score: 0.10458682624324499, MCC: -0.0029425990260465414
Average SMAPE across all features: 0.6716267901906606
Privacy Scores:
Statistical Details of Privacy Scores:
Minimum: 0.2379678867484052
Maximum: 0.9999467761983161
Mean: 0.8659854860788768
Standard Deviation: 0.15529885513507066
Average: 0.8659854860788768
Accuracy: 0.296, Recall: 0.1358774864062987, Precision: 0.119757326007326, F1 Score: 0.10886097662858873, MCC: 0.0357850037121795
Average SMAPE across all features: 0.671729173606259
Privacy Scores:
Statistical Details of Privacy Scores:
Minimum: 0.23843527996345765
Maximum: 0.9998921052779527
Mean: 0.8632737327146722
Standard Deviation: 0.14754328951777626
Average: 0.8632737327146722
Accuracy: 0.304, Recall: 0.2031891392222605, Precision: 0.189246243424141, F1 Score: 0.18981465931632044, MCC: 0.07415076411779829
Average SMAPE across all features: 0.6722665233680128
Privacy Scores:
Statistical Details of Privacy Scores:
Minimum: 0.2217671328133962
Maximum: 0.9998994121427099
Mean: 0.8572469118827891
Standard Deviation: 0.15449492175608429
Average: 0.8572469118827891
Accuracy: 0.256, Recall: 0.17781526089846242, Precision: 0.1724704618689581, F1 Score: 0.15299514439049325, MCC: 0.004061265806377632
Average SMAPE across all features: 0.6713255192477293
Privacy Scores:
Statistical Details of Privacy Scores:
Minimum: 0.3192203701324341
Maximum: 0.9999925012406061
Mean: 0.8627845510025359
Standard Deviation: 0.14830700658352408
Average: 0.8627845510025359
Accuracy: 0.184, Recall: 0.09723021636125849, Precision: 0.09991717598674817, F1 Score: 0.09604439604439606, MCC: -0.08552967314889919
Average SMAPE across all features: 0.6730914587095264
Privacy Scores:
Statistical Details of Privacy Scores:
Minimum: 0.23261364151680888
Maximum: 0.9999339675905644
Mean: 0.8557672551055532
Standard Deviation: 0.15865552615203096
Average: 0.8557672551055532
Accuracy: 0.276, Recall: 0.22838613863019028, Precision: 0.2525510204081633, F1 Score: 0.13024632351816492, MCC: 0.07089659522056989
Average SMAPE across all features: 0.6717512261342538
Privacy Scores:
Statistical Details of Privacy Scores:
Minimum: 0.1687983310476195
Maximum: 0.9999298842881518
Mean: 0.8471047910504106
Standard Deviation: 0.163045078177025
Average: 0.8471047910504106
Accuracy: 0.232, Recall: 0.21602522977766858, Precision: 0.22364211333949882, F1 Score: 0.21156403032591384, MCC: -0.0142782088316
Average SMAPE across all features: 0.6717423011803876
Privacy Scores:
Statistical Details of Privacy Scores:
Minimum: 0.21409066654699027
Maximum: 0.9998833026300479
Mean: 0.8697437194719284
Standard Deviation: 0.14796456951198889
Average: 0.8697437194719284
Accuracy: 0.288, Recall: 0.20150549108019009, Precision: 0.18285195434105847, F1 Score: 0.1485097475978935, MCC: 0.10296075395878986
Average SMAPE across all features: 0.6720755125677944
Privacy Scores:
Statistical Details of Privacy Scores:
Minimum: 0.23984698409726263
Maximum: 0.9999875610490486
Mean: 0.8598230775721916
Standard Deviation: 0.1537948783717047
Average: 0.8598230775721916
Accuracy: 0.272, Recall: 0.22487680321663997, Precision: 0.3022345301757067, F1 Score: 0.17151918130179, MCC: 0.06489484892965978
Average SMAPE across all features: 0.670856575671939
Privacy Scores:
Statistical Details of Privacy Scores:
Minimum: 0.2319854498060508
Maximum: 0.999751758621291
Mean: 0.858248652985661
Standard Deviation: 0.15720941861184048
Average: 0.858248652985661
Accuracy: 0.26, Recall: 0.19193588819603294, Precision: 0.14343845259577986, F1 Score: 0.14545749859509657, MCC: 0.0042720342281917165
Average SMAPE across all features: 0.6705932732822862
Privacy Scores:
Statistical Details of Privacy Scores:
Minimum: 0.2693677418207645
Maximum: 0.9999883716101413
Mean: 0.8692379407822499
Standard Deviation: 0.15049835707489542
Average: 0.8692379407822499
Accuracy: 0.268, Recall: 0.1475780369986163, Precision: 0.14852607709750568, F1 Score: 0.14154070548523554, MCC: 0.030806982127204677
Average SMAPE across all features: 0.6722351868389453
Privacy Scores:
Statistical Details of Privacy Scores:
Minimum: 0.23731194075685574
Maximum: 0.9999225376850955
Mean: 0.8756045267604116
Standard Deviation: 0.14620675416673834
Average: 0.8756045267604116
Accuracy: 0.224, Recall: 0.11944563096708649, Precision: 0.12922112261086346, F1 Score: 0.10741318487316723, MCC: -0.014691439291362093
Average SMAPE across all features: 0.670889783399177
Privacy Scores:
Statistical Details of Privacy Scores:
Minimum: 0.23270945341736124
Maximum: 0.999891920012672
Mean: 0.8569658917391271
Standard Deviation: 0.15814801988668306
Average: 0.8569658917391271
Accuracy: 0.192, Recall: 0.13168676516911934, Precision: 0.12443750374906615, F1 Score: 0.1242484286909374, MCC: -0.09044621372218674
Average SMAPE across all features: 0.6722587044942008
Privacy Scores:
Statistical Details of Privacy Scores:
Minimum: 0.2300372856793509
Maximum: 0.9999694419141876
Mean: 0.8303867729028487
Standard Deviation: 0.1766879135780277
Average: 0.8303867729028487
Accuracy: 0.324, Recall: 0.27327689425362045, Precision: 0.3303331798826382, F1 Score: 0.20973488305954144, MCC: 0.13188121840729727
Average SMAPE across all features: 0.6715903399943172
Privacy Scores:
Statistical Details of Privacy Scores:
Minimum: 0.20328151132053343
Maximum: 0.9998641524904824
Mean: 0.852093023066184
Standard Deviation: 0.16140519664941794
Average: 0.852093023066184
Accuracy: 0.264, Recall: 0.15143350259834715, Precision: 0.14369711386362635, F1 Score: 0.13837458387610363, MCC: 0.014956775720390074
Average SMAPE across all features: 0.6716293853344394
Privacy Scores:
Statistical Details of Privacy Scores:
Minimum: 0.039621715725891654
Maximum: 0.9998943154122953
Mean: 0.8628417257814204
Standard Deviation: 0.15860323346241242
Average: 0.8628417257814204
Accuracy: 0.244, Recall: 0.1759295832254468, Precision: 0.17998969197186515, F1 Score: 0.16132378848882448, MCC: 0.0037604924463813592
Average SMAPE across all features: 0.671754762185296
Privacy Scores:
Statistical Details of Privacy Scores:
Minimum: 0.27559698466121235
Maximum: 0.9998891183772538
Mean: 0.868085469503746
Standard Deviation: 0.15400174527936925
Average: 0.868085469503746
Accuracy: 0.236, Recall: 0.15804151748091438, Precision: 0.17033450420547194, F1 Score: 0.13423132112826083, MCC: 0.05531219037840813
Average SMAPE across all features: 0.6714055580273999
Privacy Scores:
Statistical Details of Privacy Scores:
Minimum: 0.2954464266113733
Maximum: 0.9999830088740529
Mean: 0.8625527455643608
Standard Deviation: 0.15034712703799472
Average: 0.8625527455643608
Accuracy: 0.236, Recall: 0.24598352923326083, Precision: 0.2962537462537463, F1 Score: 0.22941816778874866, MCC: 0.036614154288118664
Average SMAPE across all features: 0.672551249671122
Privacy Scores:
Statistical Details of Privacy Scores:
Minimum: 0.1930909031480989
Maximum: 0.9999063806319853
Mean: 0.8576335400461232
Standard Deviation: 0.15857720570140812
Average: 0.8576335400461232
Accuracy: 0.256, Recall: 0.16791086622016765, Precision: 0.15739221364221365, F1 Score: 0.14505967608633527, MCC: 0.03587871328610227
Average SMAPE across all features: 0.6711081100734175
Privacy Scores:
Statistical Details of Privacy Scores:
Minimum: 0.25043597843152116
Maximum: 0.9999180419931182
Mean: 0.8702000062010846
Standard Deviation: 0.15342688940126556
Average: 0.8702000062010846
Accuracy: 0.22, Recall: 0.11785083458811539, Precision: 0.09541188738269031, F1 Score: 0.09127515320092137, MCC: -0.043133700687748945
cube JS avg:  0.001800674280373483
square
Average SMAPE across all features: 0.6714397878407312
Privacy Scores:
Statistical Details of Privacy Scores:
Minimum: 0.2450767568306442
Maximum: 0.9997792141462339
Mean: 0.860372096606922
Standard Deviation: 0.15649330338618211
Average: 0.860372096606922
Accuracy: 0.248, Recall: 0.11668689710677219, Precision: 0.11936709362338653, F1 Score: 0.11225745504563052, MCC: -0.035542906089572786
Average SMAPE across all features: 0.6727112253892243
Privacy Scores:
Statistical Details of Privacy Scores:
Minimum: 0.2673359962090041
Maximum: 0.9997258916485686
Mean: 0.8673076940364779
Standard Deviation: 0.1487252218393422
Average: 0.8673076940364779
Accuracy: 0.312, Recall: 0.2185817279544551, Precision: 0.2942101589126596, F1 Score: 0.1748988706524298, MCC: 0.12481233275801369
Average SMAPE across all features: 0.6720047449506783
Privacy Scores:
Statistical Details of Privacy Scores:
Minimum: 0.21687137214888288
Maximum: 0.9999955320259923
Mean: 0.8611675625623388
Standard Deviation: 0.15577814178929736
Average: 0.8611675625623388
Accuracy: 0.2, Recall: 0.1401583993983643, Precision: 0.07866702236450138, F1 Score: 0.08415170796161764, MCC: -0.03472807212698204
Average SMAPE across all features: 0.6731155419059056
Privacy Scores:
Statistical Details of Privacy Scores:
Minimum: 0.2747045586892552
Maximum: 0.9999094073393363
Mean: 0.8717230481614369
Standard Deviation: 0.14716044567578124
Average: 0.8717230481614369
Accuracy: 0.216, Recall: 0.1200055413814202, Precision: 0.12351074961368105, F1 Score: 0.11315890384213366, MCC: -0.04042644010185601
Average SMAPE across all features: 0.671187344002116
Privacy Scores:
Statistical Details of Privacy Scores:
Minimum: 0.2648671576624267
Maximum: 0.9998702319080833
Mean: 0.8602594430226433
Standard Deviation: 0.1526952230668922
Average: 0.8602594430226433
Accuracy: 0.248, Recall: 0.2313287605941812, Precision: 0.14365597181974352, F1 Score: 0.15514125985824098, MCC: 0.03351733011628019
Average SMAPE across all features: 0.6742889953464428
Privacy Scores:
Statistical Details of Privacy Scores:
Minimum: 0.21425868277607174
Maximum: 0.9999798801146501
Mean: 0.8482825336171305
Standard Deviation: 0.16925096716217816
Average: 0.8482825336171305
Accuracy: 0.22, Recall: 0.26922682061591796, Precision: 0.17456448113711018, F1 Score: 0.1874742847664572, MCC: 0.020702904519830458
Average SMAPE across all features: 0.6753630068978276
Privacy Scores:
Statistical Details of Privacy Scores:
Minimum: 0.17249178907154566
Maximum: 0.9999704505390236
Mean: 0.8773625931968446
Standard Deviation: 0.13749415353652134
Average: 0.8773625931968446
Accuracy: 0.16, Recall: 0.21161109067909958, Precision: 0.12382561132561132, F1 Score: 0.1106751191149156, MCC: -0.04334978582570192
Average SMAPE across all features: 0.6743084450914613
Privacy Scores:
Statistical Details of Privacy Scores:
Minimum: 0.2693705884171213
Maximum: 0.9999886153623858
Mean: 0.8603423688842052
Standard Deviation: 0.1524335825946352
Average: 0.8603423688842052
Accuracy: 0.24, Recall: 0.19250404471367055, Precision: 0.16612867082791896, F1 Score: 0.1615707130092088, MCC: 0.014889996002383365
Average SMAPE across all features: 0.6734167863502993
Privacy Scores:
Statistical Details of Privacy Scores:
Minimum: 0.1331435645443638
Maximum: 0.9999334593349904
Mean: 0.8395778351076746
Standard Deviation: 0.1702934237355858
Average: 0.8395778351076746
Accuracy: 0.308, Recall: 0.2058577844039799, Precision: 0.19250237340299453, F1 Score: 0.16961685285302086, MCC: 0.11967795257231607
Average SMAPE across all features: 0.6729595666760936
Privacy Scores:
Statistical Details of Privacy Scores:
Minimum: 0.1745970663123542
Maximum: 0.9999758716367906
Mean: 0.8761086708540938
Standard Deviation: 0.14830810314568654
Average: 0.8761086708540938
Accuracy: 0.212, Recall: 0.12659046717473657, Precision: 0.12043650793650794, F1 Score: 0.10366994481401194, MCC: -0.01241999361747167
Average SMAPE across all features: 0.672521268253121
Privacy Scores:
Statistical Details of Privacy Scores:
Minimum: 0.23211872808405934
Maximum: 0.9999761517521047
Mean: 0.8690259697885053
Standard Deviation: 0.15457096299537812
Average: 0.8690259697885053
Accuracy: 0.244, Recall: 0.1312276633676756, Precision: 0.1330165227376412, F1 Score: 0.11441239080937575, MCC: -0.003416147669190714
Average SMAPE across all features: 0.6740797676032639
Privacy Scores:
Statistical Details of Privacy Scores:
Minimum: 0.21571714159406113
Maximum: 0.9999930790596397
Mean: 0.871079620935526
Standard Deviation: 0.14806715227684789
Average: 0.871079620935526
Accuracy: 0.184, Recall: 0.1325676551545567, Precision: 0.13267271531254013, F1 Score: 0.10439834140007694, MCC: -0.0069238319415482995
Average SMAPE across all features: 0.6717063525800482
Privacy Scores:
Statistical Details of Privacy Scores:
Minimum: 0.209131008477681
Maximum: 0.9999510523162516
Mean: 0.8424692154069258
Standard Deviation: 0.166494896272993
Average: 0.8424692154069258
Accuracy: 0.316, Recall: 0.23176456715379148, Precision: 0.22460883933600448, F1 Score: 0.2099337418653781, MCC: 0.1045431294445659
Average SMAPE across all features: 0.6721743478189367
Privacy Scores:
Statistical Details of Privacy Scores:
Minimum: 0.19019987968315918
Maximum: 0.999907301388171
Mean: 0.8600454306579722
Standard Deviation: 0.14752051404275962
Average: 0.8600454306579722
Accuracy: 0.292, Recall: 0.15415883974028072, Precision: 0.14449391877963305, F1 Score: 0.1429304783614223, MCC: 0.034787098185381345
Average SMAPE across all features: 0.6737113150905137
Privacy Scores:
Statistical Details of Privacy Scores:
Minimum: 0.19846220427108685
Maximum: 0.9998465144881187
Mean: 0.8699478210383149
Standard Deviation: 0.14650415822713825
Average: 0.8699478210383149
Accuracy: 0.248, Recall: 0.21572136087092045, Precision: 0.20333405685789976, F1 Score: 0.17002314824073372, MCC: 0.07877727620158405
Average SMAPE across all features: 0.6740299746707078
Privacy Scores:
Statistical Details of Privacy Scores:
Minimum: 0.21329271392795188
Maximum: 0.9998838310427316
Mean: 0.8773962320787245
Standard Deviation: 0.14922243717089514
Average: 0.8773962320787245
Accuracy: 0.204, Recall: 0.11019803841694606, Precision: 0.13540029692319092, F1 Score: 0.10805331163919944, MCC: -0.0050983097709188345
Average SMAPE across all features: 0.6720189746821317
Privacy Scores:
Statistical Details of Privacy Scores:
Minimum: 0.20092491631756793
Maximum: 0.9999666347975866
Mean: 0.8528703017957907
Standard Deviation: 0.16494037939434597
Average: 0.8528703017957907
Accuracy: 0.304, Recall: 0.1855189767575332, Precision: 0.23627328211549958, F1 Score: 0.18549298341228898, MCC: 0.07990583735967674
Average SMAPE across all features: 0.6701264102838426
Privacy Scores:
Statistical Details of Privacy Scores:
Minimum: 0.24545591505520314
Maximum: 0.9999787587769321
Mean: 0.8609561724209877
Standard Deviation: 0.15721564046413358
Average: 0.8609561724209877
Accuracy: 0.28, Recall: 0.12069172025259463, Precision: 0.14462081128747795, F1 Score: 0.10252801199790097, MCC: 0.014702985979683735
Average SMAPE across all features: 0.6736205294541189
Privacy Scores:
Statistical Details of Privacy Scores:
Minimum: 0.278728525020786
Maximum: 0.9998165898916733
Mean: 0.8613840928938061
Standard Deviation: 0.1536100081165481
Average: 0.8613840928938061
Accuracy: 0.276, Recall: 0.1545929970792302, Precision: 0.15493764106957508, F1 Score: 0.14737275183103882, MCC: 0.04380952157347546
Average SMAPE across all features: 0.6729877944472208
Privacy Scores:
Statistical Details of Privacy Scores:
Minimum: 0.28760269315107906
Maximum: 0.999862531125674
Mean: 0.8720151917985371
Standard Deviation: 0.1457303296785919
Average: 0.8720151917985371
Accuracy: 0.284, Recall: 0.18048679221633818, Precision: 0.09849750494098121, F1 Score: 0.11810681281915071, MCC: 0.054775886187688326
square JS avg:  0.0018434041135269059
howso
Average SMAPE across all features: 0.6922314512080854
Privacy Scores:
Statistical Details of Privacy Scores:
Minimum: 0.5109407917485649
Maximum: 0.9999693311253747
Mean: 0.9101325732058138
Standard Deviation: 0.0835072665309253
Average: 0.9101325732058138
Accuracy: 0.312, Recall: 0.14309957829427705, Precision: 0.15118794249229034, F1 Score: 0.1383750627797356, MCC: 0.004163804999719206
Average SMAPE across all features: 0.6911418811282449
Privacy Scores:
Statistical Details of Privacy Scores:
Minimum: 0.5060097012242352
Maximum: 0.9999087969669382
Mean: 0.9099258475567615
Standard Deviation: 0.08646916614796368
Average: 0.9099258475567615
Accuracy: 0.284, Recall: 0.14839873042993532, Precision: 0.12121380722408921, F1 Score: 0.12280413677872844, MCC: -0.017152623812670173
Average SMAPE across all features: 0.6869726844571322
Privacy Scores:
Statistical Details of Privacy Scores:
Minimum: 0.4439002880596252
Maximum: 0.9999553190953523
Mean: 0.8998377222560653
Standard Deviation: 0.09013286801208627
Average: 0.8998377222560653
Accuracy: 0.316, Recall: 0.16152467151647487, Precision: 0.1495415557527359, F1 Score: 0.15063976637369667, MCC: 0.039259154993547284
Average SMAPE across all features: 0.69155037646393
Privacy Scores:
Statistical Details of Privacy Scores:
Minimum: 0.47332767141694837
Maximum: 0.9999985331892092
Mean: 0.9039236873031938
Standard Deviation: 0.08445844091517683
Average: 0.9039236873031938
Accuracy: 0.352, Recall: 0.1578271187950134, Precision: 0.15462018140589567, F1 Score: 0.15075034827725148, MCC: 0.055807246179267876
Average SMAPE across all features: 0.6934594786418521
Privacy Scores:
Statistical Details of Privacy Scores:
Minimum: 0.38539933750052807
Maximum: 0.9998120933566645
Mean: 0.9041514354049754
Standard Deviation: 0.09028109180437453
Average: 0.9041514354049754
Accuracy: 0.308, Recall: 0.14372257139888545, Precision: 0.1408173778046069, F1 Score: 0.14137449851735567, MCC: 0.014106485105653597
Average SMAPE across all features: 0.6937336581526894
Privacy Scores:
Statistical Details of Privacy Scores:
Minimum: 0.5341941817415129
Maximum: 0.9999698890458417
Mean: 0.9179865219304746
Standard Deviation: 0.07527558007483422
Average: 0.9179865219304746
Accuracy: 0.232, Recall: 0.11467938325744169, Precision: 0.11510823180843302, F1 Score: 0.11020216657197755, MCC: -0.03926663997687282
Average SMAPE across all features: 0.694843108419735
Privacy Scores:
Statistical Details of Privacy Scores:
Minimum: 0.45606036184543813
Maximum: 0.9999669974851807
Mean: 0.9065520593309924
Standard Deviation: 0.08659304162664828
Average: 0.9065520593309924
Accuracy: 0.3, Recall: 0.1251473990965569, Precision: 0.11951548451548452, F1 Score: 0.11635941970104786, MCC: -0.016856017121102827
Average SMAPE across all features: 0.6873344329542381
Privacy Scores:
Statistical Details of Privacy Scores:
Minimum: 0.4608066893301065
Maximum: 0.9998899344667918
Mean: 0.9063425025716808
Standard Deviation: 0.0895304891695636
Average: 0.9063425025716808
Accuracy: 0.292, Recall: 0.14285466902615168, Precision: 0.11203917050691245, F1 Score: 0.11820010055304173, MCC: -0.01439966016039184
Average SMAPE across all features: 0.6909125019136819
Privacy Scores:
Statistical Details of Privacy Scores:
Minimum: 0.4445154531606384
Maximum: 0.9997948246618631
Mean: 0.9116839513960597
Standard Deviation: 0.08402369214015168
Average: 0.9116839513960597
Accuracy: 0.284, Recall: 0.17035934044367335, Precision: 0.16580896059906555, F1 Score: 0.15484785311974253, MCC: 0.02913912597799332
Average SMAPE across all features: 0.6924183015233765
Privacy Scores:
Statistical Details of Privacy Scores:
Minimum: 0.5570369992562211
Maximum: 0.9999405484084273
Mean: 0.9013724667323295
Standard Deviation: 0.08637056428560369
Average: 0.9013724667323295
Accuracy: 0.348, Recall: 0.19181384586713549, Precision: 0.18820848875894747, F1 Score: 0.1894285091950225, MCC: 0.07917334595829718
Average SMAPE across all features: 0.6909049585057399
Privacy Scores:
Statistical Details of Privacy Scores:
Minimum: 0.48638500178112454
Maximum: 0.9999652808555677
Mean: 0.9085275176267857
Standard Deviation: 0.08381112291517508
Average: 0.9085275176267857
Accuracy: 0.288, Recall: 0.13053663991081013, Precision: 0.11972948150622024, F1 Score: 0.12363337559945879, MCC: -0.019323781959787713
Average SMAPE across all features: 0.6901377037654534
Privacy Scores:
Statistical Details of Privacy Scores:
Minimum: 0.5461937444945562
Maximum: 0.9999918130983685
Mean: 0.9163795829785579
Standard Deviation: 0.07596430035091908
Average: 0.9163795829785579
Accuracy: 0.296, Recall: 0.12326769984843662, Precision: 0.11510990230202053, F1 Score: 0.11204145813960778, MCC: -0.035249441587378194
Average SMAPE across all features: 0.6909066775274246
Privacy Scores:
Statistical Details of Privacy Scores:
Minimum: 0.5313640170418474
Maximum: 0.9995228768038386
Mean: 0.9054179907417643
Standard Deviation: 0.08810483735329958
Average: 0.9054179907417643
Accuracy: 0.284, Recall: 0.13539483167229324, Precision: 0.13173858318703233, F1 Score: 0.12247533023979089, MCC: -0.01959658135832118
Average SMAPE across all features: 0.693590136131933
Privacy Scores:
Statistical Details of Privacy Scores:
Minimum: 0.46387752524986686
Maximum: 0.9999516942691945
Mean: 0.8963779597368879
Standard Deviation: 0.09413762700640835
Average: 0.8963779597368879
Accuracy: 0.396, Recall: 0.20015642857967464, Precision: 0.20551383156034317, F1 Score: 0.19845653236767188, MCC: 0.13079542176904338
Average SMAPE across all features: 0.6918030168287327
Privacy Scores:
Statistical Details of Privacy Scores:
Minimum: 0.47703279198100546
Maximum: 0.9997227642043014
Mean: 0.9012637405169778
Standard Deviation: 0.08607932499745068
Average: 0.9012637405169778
Accuracy: 0.316, Recall: 0.14159878749297022, Precision: 0.1322446210505912, F1 Score: 0.1328798185941043, MCC: 0.015494852983736894
Average SMAPE across all features: 0.6941183952339491
Privacy Scores:
Statistical Details of Privacy Scores:
Minimum: 0.4485270955761628
Maximum: 0.9999922715660472
Mean: 0.9019248819486937
Standard Deviation: 0.09381735119331654
Average: 0.9019248819486937
Accuracy: 0.324, Recall: 0.16760369887209797, Precision: 0.1639838231943495, F1 Score: 0.15452331538197164, MCC: 0.05493390215913473
Average SMAPE across all features: 0.6903902894435567
Privacy Scores:
Statistical Details of Privacy Scores:
Minimum: 0.5122623653245681
Maximum: 0.9999586399350385
Mean: 0.9045380688455258
Standard Deviation: 0.08457480435555784
Average: 0.9045380688455258
Accuracy: 0.34, Recall: 0.17477657183098128, Precision: 0.1784950739593873, F1 Score: 0.16906902621188338, MCC: 0.09432779567436478
Average SMAPE across all features: 0.6886556147470841
Privacy Scores:
Statistical Details of Privacy Scores:
Minimum: 0.48172315398889926
Maximum: 0.9999821276874407
Mean: 0.9091567281141734
Standard Deviation: 0.08588747080661883
Average: 0.9091567281141734
Accuracy: 0.288, Recall: 0.15300603449839775, Precision: 0.14668629808927672, F1 Score: 0.12501603334936667, MCC: 0.005704608087825329
Average SMAPE across all features: 0.6892597742912236
Privacy Scores:
Statistical Details of Privacy Scores:
Minimum: 0.5419930628518647
Maximum: 0.9999745372902115
Mean: 0.9056590873274529
Standard Deviation: 0.08447391435611072
Average: 0.9056590873274529
Accuracy: 0.268, Recall: 0.12502453215732906, Precision: 0.1083693092621664, F1 Score: 0.10882392539375108, MCC: -0.039778410013786104
Average SMAPE across all features: 0.6913267682554444
Privacy Scores:
Statistical Details of Privacy Scores:
Minimum: 0.41332713369252333
Maximum: 0.9999720319630463
Mean: 0.9044685784833919
Standard Deviation: 0.09374836730818784
Average: 0.9044685784833919
Accuracy: 0.304, Recall: 0.1515922400869469, Precision: 0.14388234027285482, F1 Score: 0.14299145299145297, MCC: 0.04039575583496843
howso JS avg:  0.000864115275801806
correlated_attribute_mode
Average SMAPE across all features: 0.7294146028159513
Privacy Scores:
Statistical Details of Privacy Scores:
Minimum: 0.6041472638828287
Maximum: 0.9999562973980114
Mean: 0.9452217987106046
Standard Deviation: 0.05291595747959603
Average: 0.9452217987106046
Accuracy: 0.3, Recall: 0.1267230232853465, Precision: 0.11952232231031856, F1 Score: 0.1151241336172843, MCC: 0.004645698714438548
Average SMAPE across all features: 0.7287952975831182
Privacy Scores:
Statistical Details of Privacy Scores:
Minimum: 0.5975784347671724
Maximum: 0.9999562973980114
Mean: 0.9459067798992067
Standard Deviation: 0.05452976475930999
Average: 0.9459067798992067
Accuracy: 0.324, Recall: 0.16015087070604786, Precision: 0.13988524702810418, F1 Score: 0.13862631118172375, MCC: 0.037684628186300265
Average SMAPE across all features: 0.7293446533472004
Privacy Scores:
Statistical Details of Privacy Scores:
Minimum: 0.47070854523128575
Maximum: 0.9999937421302051
Mean: 0.9448065035149221
Standard Deviation: 0.05455654233608833
Average: 0.9448065035149221
Accuracy: 0.236, Recall: 0.11145474456045794, Precision: 0.11955976122642789, F1 Score: 0.10327207509763688, MCC: -0.06568032386262776
Average SMAPE across all features: 0.7285411247265915
Privacy Scores:
Statistical Details of Privacy Scores:
Minimum: 0.47070854523128575
Maximum: 0.9999257907236682
Mean: 0.9481742734010296
Standard Deviation: 0.052463048386201604
Average: 0.9481742734010296
Accuracy: 0.228, Recall: 0.09707106656749354, Precision: 0.09780802242529962, F1 Score: 0.09722023058666554, MCC: -0.07799832018904591
Average SMAPE across all features: 0.727972119723675
Privacy Scores:
Statistical Details of Privacy Scores:
Minimum: 0.47070854523128575
Maximum: 0.9999257907236682
Mean: 0.9453124596893324
Standard Deviation: 0.05431462013160193
Average: 0.9453124596893324
Accuracy: 0.296, Recall: 0.13372911880490873, Precision: 0.1298863298863299, F1 Score: 0.12926123194523323, MCC: -0.0381522937989038
Average SMAPE across all features: 0.7283553197054267
Privacy Scores:
Statistical Details of Privacy Scores:
Minimum: 0.5975784347671724
Maximum: 0.9999327773098283
Mean: 0.9446588955089588
Standard Deviation: 0.055975589413032795
Average: 0.9446588955089588
Accuracy: 0.344, Recall: 0.15632344185755023, Precision: 0.145596750496932, F1 Score: 0.14947073087089655, MCC: 0.06339005934303893
Average SMAPE across all features: 0.7277246603663757
Privacy Scores:
Statistical Details of Privacy Scores:
Minimum: 0.5938257458080166
Maximum: 0.9999562973980114
Mean: 0.9426085100266289
Standard Deviation: 0.05599755011869981
Average: 0.9426085100266289
Accuracy: 0.316, Recall: 0.14087189348673285, Precision: 0.14299639104468076, F1 Score: 0.1352450706883315, MCC: -0.01718339349143416
Average SMAPE across all features: 0.7275541109475314
Privacy Scores:
Statistical Details of Privacy Scores:
Minimum: 0.5975784347671724
Maximum: 0.9999562973980114
Mean: 0.9454467976301232
Standard Deviation: 0.0538282229061455
Average: 0.9454467976301232
Accuracy: 0.36, Recall: 0.15513641528695613, Precision: 0.17044887208384574, F1 Score: 0.13516317380877907, MCC: 0.04560637655227417
Average SMAPE across all features: 0.7289900308427044
Privacy Scores:
Statistical Details of Privacy Scores:
Minimum: 0.6041472638828287
Maximum: 0.9999562973980114
Mean: 0.9439536201562041
Standard Deviation: 0.05247548662639875
Average: 0.9439536201562041
Accuracy: 0.336, Recall: 0.18000666285146955, Precision: 0.17747934858579478, F1 Score: 0.16840742505880119, MCC: 0.07279572229340589
Average SMAPE across all features: 0.7288139165958463
Privacy Scores:
Statistical Details of Privacy Scores:
Minimum: 0.5975784347671724
Maximum: 0.9999562973980114
Mean: 0.945657016203158
Standard Deviation: 0.0545807532569654
Average: 0.945657016203158
Accuracy: 0.308, Recall: 0.17437168815876056, Precision: 0.17182326395904896, F1 Score: 0.15627334934265627, MCC: 0.0499702817111809
Average SMAPE across all features: 0.7278204297113134
Privacy Scores:
Statistical Details of Privacy Scores:
Minimum: 0.47070854523128575
Maximum: 0.9999327773098283
Mean: 0.9459618892182404
Standard Deviation: 0.0538471460561157
Average: 0.9459618892182404
Accuracy: 0.324, Recall: 0.14965151967437787, Precision: 0.13143436536189312, F1 Score: 0.13417050957835408, MCC: 0.03262398502531515
Average SMAPE across all features: 0.7288410748930888
Privacy Scores:
Statistical Details of Privacy Scores:
Minimum: 0.47070854523128575
Maximum: 0.9999327773098283
Mean: 0.9423162129661848
Standard Deviation: 0.060319559627890394
Average: 0.9423162129661848
Accuracy: 0.308, Recall: 0.15832930648621993, Precision: 0.13541622099573583, F1 Score: 0.1417935512763099, MCC: 0.018177897715110414
Average SMAPE across all features: 0.7277873715733784
Privacy Scores:
Statistical Details of Privacy Scores:
Minimum: 0.47070854523128575
Maximum: 0.9999562973980114
Mean: 0.944735465339043
Standard Deviation: 0.05676738382409193
Average: 0.944735465339043
Accuracy: 0.28, Recall: 0.12868992507590538, Precision: 0.11107186464329322, F1 Score: 0.11438529678146192, MCC: -0.03698708491036617
Average SMAPE across all features: 0.7278696347887519
Privacy Scores:
Statistical Details of Privacy Scores:
Minimum: 0.5891319269138714
Maximum: 0.9999234812269925
Mean: 0.9398248320751633
Standard Deviation: 0.05836655501090545
Average: 0.9398248320751633
Accuracy: 0.332, Recall: 0.15034130621574773, Precision: 0.14266724677879145, F1 Score: 0.13902659836582207, MCC: 0.006137743244452695
Average SMAPE across all features: 0.7277059171429042
Privacy Scores:
Statistical Details of Privacy Scores:
Minimum: 0.5975784347671724
Maximum: 0.9999562973980114
Mean: 0.9472465483275933
Standard Deviation: 0.05135090256421459
Average: 0.9472465483275933
Accuracy: 0.34, Recall: 0.14660994447074033, Precision: 0.1353079733767621, F1 Score: 0.13600461328766644, MCC: 0.0023475258464846394
Average SMAPE across all features: 0.7286610559699558
Privacy Scores:
Statistical Details of Privacy Scores:
Minimum: 0.47070854523128575
Maximum: 0.999858421518354
Mean: 0.9428278159259672
Standard Deviation: 0.05680623844870842
Average: 0.9428278159259672
Accuracy: 0.32, Recall: 0.14824267292490934, Precision: 0.1400341513123468, F1 Score: 0.13276445293836597, MCC: 0.028341447784620537
Average SMAPE across all features: 0.7280638790452982
Privacy Scores:
Statistical Details of Privacy Scores:
Minimum: 0.6041472638828287
Maximum: 0.9999562973980114
Mean: 0.9432768412318964
Standard Deviation: 0.0570091320452077
Average: 0.9432768412318964
Accuracy: 0.308, Recall: 0.15105335723603813, Precision: 0.14393559522759627, F1 Score: 0.14685361965007582, MCC: 0.006656219055194164
Average SMAPE across all features: 0.7272922697339366
Privacy Scores:
Statistical Details of Privacy Scores:
Minimum: 0.47070854523128575
Maximum: 0.9999153465797784
Mean: 0.9470782800590843
Standard Deviation: 0.05279817280848659
Average: 0.9470782800590843
Accuracy: 0.288, Recall: 0.1305626151362174, Precision: 0.1587181449392409, F1 Score: 0.12334471201866726, MCC: -0.023908554673313917
Average SMAPE across all features: 0.727765868577184
Privacy Scores:
Statistical Details of Privacy Scores:
Minimum: 0.5975784347671724
Maximum: 0.999858421518354
Mean: 0.9436651539541572
Standard Deviation: 0.05363304372213921
Average: 0.9436651539541572
Accuracy: 0.332, Recall: 0.16149457323941574, Precision: 0.270335596606783, F1 Score: 0.15560365120787312, MCC: 0.007718431341156899
Average SMAPE across all features: 0.7274775270330255
Privacy Scores:
Statistical Details of Privacy Scores:
Minimum: 0.5975784347671724
Maximum: 0.9999937421302051
Mean: 0.9456952633207397
Standard Deviation: 0.05322879677496632
Average: 0.9456952633207397
Accuracy: 0.368, Recall: 0.16005274207673165, Precision: 0.14658075418404382, F1 Score: 0.14914410208527856, MCC: 0.06054071726370743
correlated_attribute_mode JS avg:  0.003816112585097462
independent_attribute_mode
Average SMAPE across all features: 0.7109490120029973
Privacy Scores:
Statistical Details of Privacy Scores:
Minimum: 0.533388816319065
Maximum: 0.9999870554040848
Mean: 0.9403760736492844
Standard Deviation: 0.056563355744846416
Average: 0.9403760736492844
Accuracy: 0.324, Recall: 0.19310765947551484, Precision: 0.20729923361502306, F1 Score: 0.17566388054503504, MCC: 0.0667631326270314
Average SMAPE across all features: 0.7105683302197021
Privacy Scores:
Statistical Details of Privacy Scores:
Minimum: 0.6365113694285599
Maximum: 0.9999729759262208
Mean: 0.9456554182525938
Standard Deviation: 0.05465991769013597
Average: 0.9456554182525938
Accuracy: 0.28, Recall: 0.10448498343357845, Precision: 0.10359495740043591, F1 Score: 0.10388888888888889, MCC: -0.007967530467515591
Average SMAPE across all features: 0.7103899260500787
Privacy Scores:
Statistical Details of Privacy Scores:
Minimum: 0.519693684024409
Maximum: 0.9999870554040848
Mean: 0.9386054646233895
Standard Deviation: 0.05967358091424026
Average: 0.9386054646233895
Accuracy: 0.284, Recall: 0.14495536384281607, Precision: 0.11240762604398968, F1 Score: 0.111858589134199, MCC: -0.005813762045804549
Average SMAPE across all features: 0.7103163411754423
Privacy Scores:
Statistical Details of Privacy Scores:
Minimum: 0.6074403539855088
Maximum: 0.9999870554040848
Mean: 0.9444312983983555
Standard Deviation: 0.0548956350276069
Average: 0.9444312983983555
Accuracy: 0.264, Recall: 0.10753825779627836, Precision: 0.1038961038961039, F1 Score: 0.10315243211236473, MCC: -0.03888499195642049
Average SMAPE across all features: 0.7110135393708704
Privacy Scores:
Statistical Details of Privacy Scores:
Minimum: 0.6074403539855088
Maximum: 0.9999870554040848
Mean: 0.9453682578922005
Standard Deviation: 0.05164137882203106
Average: 0.9453682578922005
Accuracy: 0.276, Recall: 0.1383704380494997, Precision: 0.14513387846721182, F1 Score: 0.12865662774447048, MCC: 0.006509510200174168
Average SMAPE across all features: 0.7100503512090546
Privacy Scores:
Statistical Details of Privacy Scores:
Minimum: 0.533388816319065
Maximum: 0.9999736928127914
Mean: 0.9387761432487268
Standard Deviation: 0.0578343909523323
Average: 0.9387761432487268
Accuracy: 0.308, Recall: 0.14335355827603666, Precision: 0.1389376824913044, F1 Score: 0.12958048193126598, MCC: 0.021564110739333012
Average SMAPE across all features: 0.7099321080561914
Privacy Scores:
Statistical Details of Privacy Scores:
Minimum: 0.6486276831027472
Maximum: 0.9999870554040848
Mean: 0.9419285692340184
Standard Deviation: 0.05476359696885893
Average: 0.9419285692340184
Accuracy: 0.272, Recall: 0.12132904096169354, Precision: 0.11376930334177467, F1 Score: 0.09603383652210538, MCC: -0.04618276660047526
Average SMAPE across all features: 0.7110695418787076
Privacy Scores:
Statistical Details of Privacy Scores:
Minimum: 0.6074403539855088
Maximum: 0.9999870554040848
Mean: 0.9377693288276413
Standard Deviation: 0.05888916430594664
Average: 0.9377693288276413
Accuracy: 0.324, Recall: 0.17209687171702012, Precision: 0.18122664700098326, F1 Score: 0.14996029546085354, MCC: 0.08614566630666506
Average SMAPE across all features: 0.7100926826839409
Privacy Scores:
Statistical Details of Privacy Scores:
Minimum: 0.533388816319065
Maximum: 0.9999870554040848
Mean: 0.9384471032180279
Standard Deviation: 0.05998919333245462
Average: 0.9384471032180279
Accuracy: 0.376, Recall: 0.17060816661086806, Precision: 0.16195725322350535, F1 Score: 0.16413935437188573, MCC: 0.09843980454452379
Average SMAPE across all features: 0.7112306472423746
Privacy Scores:
Statistical Details of Privacy Scores:
Minimum: 0.534173631471407
Maximum: 0.9999729759262208
Mean: 0.9401820836962811
Standard Deviation: 0.05965450120183872
Average: 0.9401820836962811
Accuracy: 0.24, Recall: 0.10407912053659044, Precision: 0.19153655750190401, F1 Score: 0.08248883884477104, MCC: -0.03077223322926868
Average SMAPE across all features: 0.7100847324682246
Privacy Scores:
Statistical Details of Privacy Scores:
Minimum: 0.519693684024409
Maximum: 0.9999870554040848
Mean: 0.9396610547217251
Standard Deviation: 0.062131231813348814
Average: 0.9396610547217251
Accuracy: 0.32, Recall: 0.13809800741159764, Precision: 0.1319996963659802, F1 Score: 0.1314286330411824, MCC: 0.03063003101851823
Average SMAPE across all features: 0.711132757294241
Privacy Scores:
Statistical Details of Privacy Scores:
Minimum: 0.534173631471407
Maximum: 0.9999736928127914
Mean: 0.9443957468179449
Standard Deviation: 0.05394191577682789
Average: 0.9443957468179449
Accuracy: 0.192, Recall: 0.0860138666473158, Precision: 0.08090701092220849, F1 Score: 0.08033749082905355, MCC: -0.10451658487911325
Average SMAPE across all features: 0.7100203583043065
Privacy Scores:
Statistical Details of Privacy Scores:
Minimum: 0.6570559084277833
Maximum: 0.9999049094557574
Mean: 0.9407368273717689
Standard Deviation: 0.05578243099652742
Average: 0.9407368273717689
Accuracy: 0.316, Recall: 0.1515922400869469, Precision: 0.14599792908616438, F1 Score: 0.14703735418021133, MCC: 0.030619453738296824
Average SMAPE across all features: 0.7103819327354622
Privacy Scores:
Statistical Details of Privacy Scores:
Minimum: 0.670275915789278
Maximum: 0.9999616350688361
Mean: 0.9452489960431649
Standard Deviation: 0.05164012801251726
Average: 0.9452489960431649
Accuracy: 0.304, Recall: 0.14563319353439533, Precision: 0.13805475548816953, F1 Score: 0.14059246954595792, MCC: -0.0006498520188785858
Average SMAPE across all features: 0.7110991312124028
Privacy Scores:
Statistical Details of Privacy Scores:
Minimum: 0.519693684024409
Maximum: 0.9999870554040848
Mean: 0.9397950232826396
Standard Deviation: 0.05926963249587764
Average: 0.9397950232826396
Accuracy: 0.22, Recall: 0.10176876854342479, Precision: 0.09858393128941073, F1 Score: 0.09790577262674234, MCC: -0.056726138926720925
Average SMAPE across all features: 0.7095983683538091
Privacy Scores:
Statistical Details of Privacy Scores:
Minimum: 0.6365113694285599
Maximum: 0.9999736928127914
Mean: 0.9400797874208158
Standard Deviation: 0.058394693739172554
Average: 0.9400797874208158
Accuracy: 0.276, Recall: 0.20635255060221294, Precision: 0.17292994272807935, F1 Score: 0.1674461469999098, MCC: -0.029580440441493123
Average SMAPE across all features: 0.7104867456138676
Privacy Scores:
Statistical Details of Privacy Scores:
Minimum: 0.6074403539855088
Maximum: 0.9999870554040848
Mean: 0.9413852281212961
Standard Deviation: 0.05712755738179136
Average: 0.9413852281212961
Accuracy: 0.324, Recall: 0.16864044020997876, Precision: 0.17904345844849276, F1 Score: 0.139607192127747, MCC: 0.07523295316716047
Average SMAPE across all features: 0.7111483559217934
Privacy Scores:
Statistical Details of Privacy Scores:
Minimum: 0.534173631471407
Maximum: 0.9999870554040848
Mean: 0.9393752212138287
Standard Deviation: 0.05848658635110203
Average: 0.9393752212138287
Accuracy: 0.344, Recall: 0.17944386630097947, Precision: 0.17217242562864682, F1 Score: 0.1719609029113005, MCC: 0.08481045681502257
Average SMAPE across all features: 0.7108598816563817
Privacy Scores:
Statistical Details of Privacy Scores:
Minimum: 0.533388816319065
Maximum: 0.9999870554040848
Mean: 0.9409549254707608
Standard Deviation: 0.05908449511281604
Average: 0.9409549254707608
Accuracy: 0.216, Recall: 0.1363909609514024, Precision: 0.12577711114681742, F1 Score: 0.12081620932552609, MCC: -0.046929888594169904
Average SMAPE across all features: 0.7109070225305882
Privacy Scores:
Statistical Details of Privacy Scores:
Minimum: 0.519693684024409
Maximum: 0.9999729759262208
Mean: 0.9425453444569502
Standard Deviation: 0.05673043438065335
Average: 0.9425453444569502
Accuracy: 0.26, Recall: 0.13278741380760523, Precision: 0.13638884237521018, F1 Score: 0.13256462984723855, MCC: -0.002188592811096438
independent_attribute_mode JS avg:  0.0021200037723641562
SMAPE Statistics:
#
 0,       smapeList_cube,  0.67,  0.00, -*                  |                   ,  0.67,  0.73
#
 1,        smapeList_n12,  0.67,  0.00,  *                  |                   ,  0.67,  0.73
#
 2,     smapeList_square,  0.67,  0.00,  *                  |                   ,  0.67,  0.73
#
 3,      howso_smapeList,  0.69,  0.00,              -*     |                   ,  0.67,  0.73
#
 4,  DS_incorr_smapeList,  0.71,  0.00,                     |     -*            ,  0.67,  0.73
#
 5,    DS_corr_smapeList,  0.73,  0.00,                     |                 -*,  0.67,  0.73
Privacy Score Statistics:
#
 0, DS_corr_privacy_score, -0.94,  0.00, -*                  |                   , -0.95, -0.83
#
 1, DS_incorr_privacy_score, -0.94,  0.00,  -*                 |                   , -0.95, -0.83
#
 2,  howso_privacy_score, -0.91,  0.01,              -*     |                   , -0.95, -0.83
#
 3,    privacy_score_n12, -0.86,  0.02,                     |     --*---        , -0.95, -0.83
 3,   privacy_score_cube, -0.86,  0.01,                     |      --*          , -0.95, -0.83
 3, privacy_score_square, -0.86,  0.01,                     |     ---*          , -0.95, -0.83
JSD Statistics:
#
 0,       howso_js_score,  0.00,  0.00,  --*-               |                   ,  0.00,  0.01
#
 1,      js_score_square,  0.00,  0.00,     -*--            |                   ,  0.00,  0.01
 1,         js_score_n12,  0.00,  0.00,     ---*-           |                   ,  0.00,  0.01
 1,        js_score_cube,  0.00,  0.00,       -*--          |                   ,  0.00,  0.01
#
 2,   DS_incorr_js_score,  0.00,  0.00,        --*--        |                   ,  0.00,  0.01
#
 3,     DS_corr_js_score,  0.00,  0.00,                  --*|-                  ,  0.00,  0.01
KNN Accuracy Statistics:
#
 0, DS_corr_knn_accuracy, -0.32,  0.04,           ---*--    |                   , -0.40, -0.16
 0,   howso_knn_accuracy, -0.30,  0.03,              ---*-  |                   , -0.40, -0.16
 0, DS_incorr_knn_accuracy, -0.28,  0.06,             -------*|--                 , -0.40, -0.16
#
 1,    knn_accuracy_cube, -0.26,  0.05,                     |--*-----           , -0.40, -0.16
 1,  knn_accuracy_square, -0.25,  0.07,                   --|----*-----         , -0.40, -0.16
 1,     knn_accuracy_n12, -0.24,  0.06,                    -|----*---           , -0.40, -0.16
KNN Recall Statistics:
#
 0,      knn_recall_cube, -0.17,  0.07,               ------|-*------           , -0.27, -0.09
 0,       knn_recall_n12, -0.16,  0.06,                   --|--*------          , -0.27, -0.09
 0,    knn_recall_square, -0.15,  0.09,              -------|----*-----         , -0.27, -0.09
#
 1,   DS_corr_knn_recall, -0.15,  0.03,                     |   --*---          , -0.27, -0.09
 1,     howso_knn_recall, -0.14,  0.03,                     |  ----*--          , -0.27, -0.09
 1, DS_incorr_knn_recall, -0.14,  0.06,                     | ------*------     , -0.27, -0.09
KNN Precision Statistics:
#
 0,   knn_precision_cube, -0.17,  0.06,                     | ---*-----         , -0.33, -0.08
 0,    knn_precision_n12, -0.15,  0.03,                     |     -*--          , -0.33, -0.08
 0, knn_precision_square, -0.14,  0.05,                     |   -----*--        , -0.33, -0.08
 0,  howso_knn_precision, -0.14,  0.04,                     |      --*---       , -0.33, -0.08
 0, DS_corr_knn_precision, -0.14,  0.02,                     |       -*-         , -0.33, -0.08
 0, DS_incorr_knn_precision, -0.14,  0.06,                     |   ------*---      , -0.33, -0.08
KNN F1 Statistics:
#
 0,          knn_f1_cube, -0.14,  0.05,                   --|--*--------        , -0.23, -0.08
 0,       DS_corr_knn_f1, -0.14,  0.02,                     | ---*--            , -0.23, -0.08
 0,           knn_f1_n12, -0.13,  0.03,                     | ---*----          , -0.23, -0.08
 0,         howso_knn_f1, -0.13,  0.03,                     |----*---           , -0.23, -0.08
 0,     DS_incorr_knn_f1, -0.13,  0.04,                     | ----*------       , -0.23, -0.08
 0,        knn_f1_square, -0.12,  0.06,                 ----|--------*--        , -0.23, -0.08
KNN MCC Statistics:
#
 0,          knn_mcc_n12, -0.02,  0.08,               -----*|------             , -0.13,  0.10
 0,         knn_mcc_cube, -0.01,  0.07,             -------*|---                , -0.13,  0.10
 0,       knn_mcc_square, -0.01,  0.07,              ------*|---                , -0.13,  0.10
 0,      DS_corr_knn_mcc, -0.01,  0.06,                -----|*----              , -0.13,  0.10
 0,        howso_knn_mcc, -0.01,  0.06,                -----|*---               , -0.13,  0.10
 0,    DS_incorr_knn_mcc,  0.00,  0.07,                  ---|-*-----            , -0.13,  0.10
